<?xml version="1.0" encoding="UTF-8"?>
<coverage generated="1761674701215" clover="3.2.0">
  <project timestamp="1761674701215" name="All files">
    <metrics statements="1256" coveredstatements="832" conditionals="803" coveredconditionals="561" methods="202" coveredmethods="139" elements="2261" coveredelements="1532" complexity="0" loc="1256" ncloc="1256" packages="7" files="18" classes="18"/>
    <package name="config">
      <metrics statements="21" coveredstatements="7" conditionals="19" coveredconditionals="0" methods="7" coveredmethods="0"/>
      <file name="tiers.js" path="/Users/jcoleman-mbp/Developer/projects/codescribe-ai/server/src/config/tiers.js">
        <metrics statements="21" coveredstatements="7" conditionals="19" coveredconditionals="0" methods="7" coveredmethods="0"/>
        <line num="13" count="2" type="stmt"/>
        <line num="221" count="2" type="stmt"/>
        <line num="256" count="2" type="cond" truecount="0" falsecount="1"/>
        <line num="257" count="0" type="cond" truecount="0" falsecount="2"/>
        <line num="263" count="2" type="cond" truecount="0" falsecount="1"/>
        <line num="264" count="0" type="stmt"/>
        <line num="265" count="0" type="cond" truecount="0" falsecount="2"/>
        <line num="271" count="2" type="stmt"/>
        <line num="272" count="0" type="stmt"/>
        <line num="273" count="0" type="stmt"/>
        <line num="280" count="2" type="stmt"/>
        <line num="281" count="0" type="stmt"/>
        <line num="282" count="0" type="stmt"/>
        <line num="283" count="0" type="stmt"/>
        <line num="286" count="0" type="stmt"/>
        <line num="287" count="0" type="stmt"/>
        <line num="290" count="0" type="stmt"/>
        <line num="300" count="2" type="stmt"/>
        <line num="301" count="0" type="stmt"/>
        <line num="302" count="0" type="stmt"/>
        <line num="310" count="0" type="stmt"/>
      </file>
    </package>
    <package name="db">
      <metrics statements="170" coveredstatements="0" conditionals="46" coveredconditionals="0" methods="25" coveredmethods="0"/>
      <file name="migrate.js" path="/Users/jcoleman-mbp/Developer/projects/codescribe-ai/server/src/db/migrate.js">
        <metrics statements="146" coveredstatements="0" conditionals="38" coveredconditionals="0" methods="24" coveredmethods="0"/>
        <line num="26" count="0" type="stmt"/>
        <line num="27" count="0" type="stmt"/>
        <line num="28" count="0" type="stmt"/>
        <line num="34" count="0" type="stmt"/>
        <line num="43" count="0" type="stmt"/>
        <line num="44" count="0" type="cond" truecount="0" falsecount="2"/>
        <line num="45" count="0" type="stmt"/>
        <line num="48" count="0" type="stmt"/>
        <line num="49" count="0" type="stmt"/>
        <line num="50" count="0" type="stmt"/>
        <line num="52" count="0" type="stmt"/>
        <line num="55" count="0" type="stmt"/>
        <line num="62" count="0" type="stmt"/>
        <line num="63" count="0" type="stmt"/>
        <line num="64" count="0" type="stmt"/>
        <line num="66" count="0" type="stmt"/>
        <line num="68" count="0" type="stmt"/>
        <line num="69" count="0" type="stmt"/>
        <line num="70" count="0" type="stmt"/>
        <line num="71" count="0" type="stmt"/>
        <line num="73" count="0" type="stmt"/>
        <line num="85" count="0" type="stmt"/>
        <line num="87" count="0" type="cond" truecount="0" falsecount="2"/>
        <line num="88" count="0" type="stmt"/>
        <line num="89" count="0" type="stmt"/>
        <line num="91" count="0" type="stmt"/>
        <line num="100" count="0" type="stmt"/>
        <line num="102" count="0" type="stmt"/>
        <line num="103" count="0" type="stmt"/>
        <line num="104" count="0" type="stmt"/>
        <line num="107" count="0" type="cond" truecount="0" falsecount="2"/>
        <line num="108" count="0" type="stmt"/>
        <line num="118" count="0" type="stmt"/>
        <line num="120" count="0" type="stmt"/>
        <line num="129" count="0" type="stmt"/>
        <line num="130" count="0" type="stmt"/>
        <line num="135" count="0" type="stmt"/>
        <line num="138" count="0" type="cond" truecount="0" falsecount="2"/>
        <line num="139" count="0" type="stmt"/>
        <line num="141" count="0" type="stmt"/>
        <line num="149" count="0" type="stmt"/>
        <line num="151" count="0" type="stmt"/>
        <line num="152" count="0" type="stmt"/>
        <line num="154" count="0" type="stmt"/>
        <line num="157" count="0" type="stmt"/>
        <line num="159" count="0" type="stmt"/>
        <line num="162" count="0" type="stmt"/>
        <line num="168" count="0" type="stmt"/>
        <line num="170" count="0" type="stmt"/>
        <line num="172" count="0" type="stmt"/>
        <line num="175" count="0" type="stmt"/>
        <line num="176" count="0" type="stmt"/>
        <line num="178" count="0" type="stmt"/>
        <line num="186" count="0" type="stmt"/>
        <line num="187" count="0" type="stmt"/>
        <line num="189" count="0" type="stmt"/>
        <line num="191" count="0" type="stmt"/>
        <line num="192" count="0" type="stmt"/>
        <line num="194" count="0" type="cond" truecount="0" falsecount="2"/>
        <line num="195" count="0" type="stmt"/>
        <line num="196" count="0" type="stmt"/>
        <line num="199" count="0" type="cond" truecount="0" falsecount="2"/>
        <line num="200" count="0" type="stmt"/>
        <line num="209" count="0" type="stmt"/>
        <line num="216" count="0" type="stmt"/>
        <line num="218" count="0" type="stmt"/>
        <line num="219" count="0" type="stmt"/>
        <line num="220" count="0" type="stmt"/>
        <line num="222" count="0" type="stmt"/>
        <line num="224" count="0" type="stmt"/>
        <line num="227" count="0" type="stmt"/>
        <line num="228" count="0" type="cond" truecount="0" falsecount="2"/>
        <line num="229" count="0" type="stmt"/>
        <line num="230" count="0" type="cond" truecount="0" falsecount="3"/>
        <line num="233" count="0" type="cond" truecount="0" falsecount="2"/>
        <line num="234" count="0" type="stmt"/>
        <line num="235" count="0" type="stmt"/>
        <line num="236" count="0" type="stmt"/>
        <line num="237" count="0" type="stmt"/>
        <line num="239" count="0" type="stmt"/>
        <line num="241" count="0" type="stmt"/>
        <line num="245" count="0" type="cond" truecount="0" falsecount="2"/>
        <line num="246" count="0" type="stmt"/>
        <line num="247" count="0" type="stmt"/>
        <line num="248" count="0" type="stmt"/>
        <line num="250" count="0" type="stmt"/>
        <line num="252" count="0" type="stmt"/>
        <line num="256" count="0" type="stmt"/>
        <line num="257" count="0" type="cond" truecount="0" falsecount="2"/>
        <line num="258" count="0" type="stmt"/>
        <line num="259" count="0" type="stmt"/>
        <line num="260" count="0" type="stmt"/>
        <line num="268" count="0" type="stmt"/>
        <line num="271" count="0" type="stmt"/>
        <line num="274" count="0" type="stmt"/>
        <line num="276" count="0" type="cond" truecount="0" falsecount="2"/>
        <line num="277" count="0" type="stmt"/>
        <line num="278" count="0" type="stmt"/>
        <line num="282" count="0" type="stmt"/>
        <line num="283" count="0" type="stmt"/>
        <line num="286" count="0" type="stmt"/>
        <line num="287" count="0" type="cond" truecount="0" falsecount="2"/>
        <line num="288" count="0" type="stmt"/>
        <line num="289" count="0" type="stmt"/>
        <line num="290" count="0" type="stmt"/>
        <line num="294" count="0" type="stmt"/>
        <line num="296" count="0" type="cond" truecount="0" falsecount="2"/>
        <line num="297" count="0" type="stmt"/>
        <line num="298" count="0" type="stmt"/>
        <line num="301" count="0" type="stmt"/>
        <line num="302" count="0" type="stmt"/>
        <line num="303" count="0" type="stmt"/>
        <line num="306" count="0" type="stmt"/>
        <line num="307" count="0" type="stmt"/>
        <line num="309" count="0" type="stmt"/>
        <line num="310" count="0" type="stmt"/>
        <line num="311" count="0" type="stmt"/>
        <line num="312" count="0" type="stmt"/>
        <line num="313" count="0" type="stmt"/>
        <line num="315" count="0" type="stmt"/>
        <line num="316" count="0" type="stmt"/>
        <line num="317" count="0" type="stmt"/>
        <line num="321" count="0" type="stmt"/>
        <line num="328" count="0" type="stmt"/>
        <line num="330" count="0" type="stmt"/>
        <line num="331" count="0" type="cond" truecount="0" falsecount="3"/>
        <line num="333" count="0" type="stmt"/>
        <line num="334" count="0" type="stmt"/>
        <line num="337" count="0" type="stmt"/>
        <line num="338" count="0" type="stmt"/>
        <line num="339" count="0" type="stmt"/>
        <line num="340" count="0" type="cond" truecount="0" falsecount="2"/>
        <line num="341" count="0" type="stmt"/>
        <line num="343" count="0" type="stmt"/>
        <line num="344" count="0" type="stmt"/>
        <line num="345" count="0" type="stmt"/>
        <line num="347" count="0" type="stmt"/>
        <line num="350" count="0" type="stmt"/>
        <line num="351" count="0" type="stmt"/>
        <line num="354" count="0" type="stmt"/>
        <line num="356" count="0" type="stmt"/>
        <line num="357" count="0" type="cond" truecount="0" falsecount="2"/>
        <line num="358" count="0" type="stmt"/>
        <line num="360" count="0" type="stmt"/>
        <line num="365" count="0" type="cond" truecount="0" falsecount="2"/>
        <line num="366" count="0" type="stmt"/>
      </file>
      <file name="runMigration.js" path="/Users/jcoleman-mbp/Developer/projects/codescribe-ai/server/src/db/runMigration.js">
        <metrics statements="24" coveredstatements="0" conditionals="8" coveredconditionals="0" methods="1" coveredmethods="0"/>
        <line num="13" count="0" type="stmt"/>
        <line num="15" count="0" type="stmt"/>
        <line num="16" count="0" type="stmt"/>
        <line num="17" count="0" type="stmt"/>
        <line num="20" count="0" type="stmt"/>
        <line num="25" count="0" type="stmt"/>
        <line num="26" count="0" type="stmt"/>
        <line num="29" count="0" type="stmt"/>
        <line num="30" count="0" type="stmt"/>
        <line num="33" count="0" type="stmt"/>
        <line num="35" count="0" type="stmt"/>
        <line num="38" count="0" type="cond" truecount="0" falsecount="4"/>
        <line num="39" count="0" type="stmt"/>
        <line num="40" count="0" type="stmt"/>
        <line num="44" count="0" type="stmt"/>
        <line num="45" count="0" type="stmt"/>
        <line num="46" count="0" type="stmt"/>
        <line num="48" count="0" type="stmt"/>
        <line num="53" count="0" type="cond" truecount="0" falsecount="2"/>
        <line num="56" count="0" type="cond" truecount="0" falsecount="2"/>
        <line num="57" count="0" type="stmt"/>
        <line num="58" count="0" type="stmt"/>
        <line num="59" count="0" type="stmt"/>
        <line num="62" count="0" type="stmt"/>
      </file>
    </package>
    <package name="db.__tests__.helpers">
      <metrics statements="114" coveredstatements="0" conditionals="28" coveredconditionals="0" methods="18" coveredmethods="0"/>
      <file name="jest-setup.js" path="/Users/jcoleman-mbp/Developer/projects/codescribe-ai/server/src/db/__tests__/helpers/jest-setup.js">
        <metrics statements="12" coveredstatements="0" conditionals="0" coveredconditionals="0" methods="2" coveredmethods="0"/>
        <line num="6" count="0" type="stmt"/>
        <line num="9" count="0" type="stmt"/>
        <line num="10" count="0" type="stmt"/>
        <line num="12" count="0" type="stmt"/>
        <line num="14" count="0" type="stmt"/>
        <line num="17" count="0" type="stmt"/>
        <line num="19" count="0" type="stmt"/>
        <line num="21" count="0" type="stmt"/>
        <line num="22" count="0" type="stmt"/>
        <line num="27" count="0" type="stmt"/>
        <line num="28" count="0" type="stmt"/>
        <line num="29" count="0" type="stmt"/>
      </file>
      <file name="load-env.js" path="/Users/jcoleman-mbp/Developer/projects/codescribe-ai/server/src/db/__tests__/helpers/load-env.js">
        <metrics statements="6" coveredstatements="0" conditionals="2" coveredconditionals="0" methods="0" coveredmethods="0"/>
        <line num="6" count="0" type="stmt"/>
        <line num="7" count="0" type="stmt"/>
        <line num="10" count="0" type="stmt"/>
        <line num="11" count="0" type="stmt"/>
        <line num="13" count="0" type="stmt"/>
        <line num="14" count="0" type="cond" truecount="0" falsecount="2"/>
      </file>
      <file name="setup.js" path="/Users/jcoleman-mbp/Developer/projects/codescribe-ai/server/src/db/__tests__/helpers/setup.js">
        <metrics statements="96" coveredstatements="0" conditionals="26" coveredconditionals="0" methods="16" coveredmethods="0"/>
        <line num="8" count="0" type="stmt"/>
        <line num="9" count="0" type="stmt"/>
        <line num="10" count="0" type="stmt"/>
        <line num="12" count="0" type="stmt"/>
        <line num="15" count="0" type="stmt"/>
        <line num="24" count="0" type="stmt"/>
        <line num="25" count="0" type="stmt"/>
        <line num="26" count="0" type="stmt"/>
        <line num="27" count="0" type="stmt"/>
        <line num="29" count="0" type="stmt"/>
        <line num="37" count="0" type="stmt"/>
        <line num="38" count="0" type="stmt"/>
        <line num="40" count="0" type="stmt"/>
        <line num="41" count="0" type="stmt"/>
        <line num="42" count="0" type="cond" truecount="0" falsecount="2"/>
        <line num="43" count="0" type="stmt"/>
        <line num="44" count="0" type="stmt"/>
        <line num="49" count="0" type="stmt"/>
        <line num="54" count="0" type="stmt"/>
        <line num="55" count="0" type="stmt"/>
        <line num="56" count="0" type="stmt"/>
        <line num="57" count="0" type="stmt"/>
        <line num="58" count="0" type="stmt"/>
        <line num="60" count="0" type="cond" truecount="0" falsecount="2"/>
        <line num="61" count="0" type="stmt"/>
        <line num="63" count="0" type="stmt"/>
        <line num="72" count="0" type="stmt"/>
        <line num="74" count="0" type="stmt"/>
        <line num="76" count="0" type="stmt"/>
        <line num="80" count="0" type="cond" truecount="0" falsecount="2"/>
        <line num="81" count="0" type="stmt"/>
        <line num="82" count="0" type="stmt"/>
        <line num="83" count="0" type="stmt"/>
        <line num="87" count="0" type="stmt"/>
        <line num="88" count="0" type="stmt"/>
        <line num="91" count="0" type="stmt"/>
        <line num="93" count="0" type="stmt"/>
        <line num="95" count="0" type="stmt"/>
        <line num="96" count="0" type="stmt"/>
        <line num="104" count="0" type="stmt"/>
        <line num="106" count="0" type="stmt"/>
        <line num="107" count="0" type="stmt"/>
        <line num="108" count="0" type="stmt"/>
        <line num="110" count="0" type="stmt"/>
        <line num="111" count="0" type="stmt"/>
        <line num="119" count="0" type="stmt"/>
        <line num="121" count="0" type="stmt"/>
        <line num="123" count="0" type="stmt"/>
        <line num="131" count="0" type="stmt"/>
        <line num="132" count="0" type="stmt"/>
        <line num="135" count="0" type="stmt"/>
        <line num="137" count="0" type="stmt"/>
        <line num="138" count="0" type="stmt"/>
        <line num="146" count="0" type="stmt"/>
        <line num="148" count="0" type="stmt"/>
        <line num="149" count="0" type="stmt"/>
        <line num="150" count="0" type="stmt"/>
        <line num="151" count="0" type="stmt"/>
        <line num="154" count="0" type="stmt"/>
        <line num="166" count="0" type="stmt"/>
        <line num="167" count="0" type="stmt"/>
        <line num="168" count="0" type="stmt"/>
        <line num="169" count="0" type="cond" truecount="0" falsecount="2"/>
        <line num="173" count="0" type="stmt"/>
        <line num="174" count="0" type="stmt"/>
        <line num="177" count="0" type="stmt"/>
        <line num="178" count="0" type="stmt"/>
        <line num="180" count="0" type="cond" truecount="0" falsecount="2"/>
        <line num="181" count="0" type="stmt"/>
        <line num="184" count="0" type="stmt"/>
        <line num="185" count="0" type="stmt"/>
        <line num="188" count="0" type="stmt"/>
        <line num="189" count="0" type="stmt"/>
        <line num="192" count="0" type="stmt"/>
        <line num="195" count="0" type="stmt"/>
        <line num="198" count="0" type="stmt"/>
        <line num="199" count="0" type="stmt"/>
        <line num="204" count="0" type="stmt"/>
        <line num="207" count="0" type="stmt"/>
        <line num="212" count="0" type="stmt"/>
        <line num="215" count="0" type="stmt"/>
        <line num="217" count="0" type="stmt"/>
        <line num="218" count="0" type="stmt"/>
        <line num="226" count="0" type="cond" truecount="0" falsecount="2"/>
        <line num="227" count="0" type="cond" truecount="0" falsecount="2"/>
        <line num="228" count="0" type="cond" truecount="0" falsecount="2"/>
        <line num="230" count="0" type="stmt"/>
        <line num="235" count="0" type="stmt"/>
        <line num="242" count="0" type="cond" truecount="0" falsecount="2"/>
        <line num="243" count="0" type="cond" truecount="0" falsecount="2"/>
        <line num="244" count="0" type="cond" truecount="0" falsecount="2"/>
        <line num="246" count="0" type="stmt"/>
        <line num="251" count="0" type="stmt"/>
        <line num="258" count="0" type="stmt"/>
        <line num="266" count="0" type="stmt"/>
        <line num="270" count="0" type="stmt"/>
      </file>
    </package>
    <package name="middleware">
      <metrics statements="114" coveredstatements="114" conditionals="99" coveredconditionals="97" methods="21" coveredmethods="21"/>
      <file name="auth.js" path="/Users/jcoleman-mbp/Developer/projects/codescribe-ai/server/src/middleware/auth.js">
        <metrics statements="71" coveredstatements="71" conditionals="68" coveredconditionals="66" methods="11" coveredmethods="11"/>
        <line num="16" count="5" type="stmt"/>
        <line num="18" count="19" type="stmt"/>
        <line num="20" count="19" type="cond" truecount="2" falsecount="0"/>
        <line num="21" count="14" type="stmt"/>
        <line num="22" count="14" type="cond" truecount="2" falsecount="0"/>
        <line num="23" count="6" type="stmt"/>
        <line num="30" count="8" type="stmt"/>
        <line num="31" count="8" type="stmt"/>
        <line num="35" count="5" type="cond" truecount="4" falsecount="0"/>
        <line num="36" count="1" type="stmt"/>
        <line num="40" count="4" type="stmt"/>
        <line num="52" count="5" type="stmt"/>
        <line num="53" count="5" type="stmt"/>
        <line num="55" count="5" type="cond" truecount="2" falsecount="0"/>
        <line num="56" count="3" type="stmt"/>
        <line num="57" count="3" type="cond" truecount="4" falsecount="0"/>
        <line num="58" count="1" type="stmt"/>
        <line num="60" count="3" type="stmt"/>
        <line num="62" count="2" type="cond" truecount="4" falsecount="0"/>
        <line num="64" count="1" type="stmt"/>
        <line num="67" count="1" type="stmt"/>
        <line num="77" count="5" type="stmt"/>
        <line num="78" count="21" type="stmt"/>
        <line num="79" count="21" type="stmt"/>
        <line num="81" count="21" type="cond" truecount="2" falsecount="0"/>
        <line num="82" count="1" type="stmt"/>
        <line num="85" count="20" type="stmt"/>
        <line num="86" count="20" type="cond" truecount="4" falsecount="0"/>
        <line num="87" count="1" type="stmt"/>
        <line num="93" count="19" type="stmt"/>
        <line num="95" count="19" type="cond" truecount="2" falsecount="0"/>
        <line num="96" count="7" type="stmt"/>
        <line num="104" count="12" type="stmt"/>
        <line num="114" count="5" type="stmt"/>
        <line num="115" count="27" type="stmt"/>
        <line num="116" count="83" type="stmt"/>
        <line num="118" count="83" type="stmt"/>
        <line num="119" count="130" type="stmt"/>
        <line num="122" count="130" type="cond" truecount="5" falsecount="0"/>
        <line num="123" count="9" type="stmt"/>
        <line num="124" count="9" type="stmt"/>
        <line num="128" count="121" type="cond" truecount="4" falsecount="0"/>
        <line num="129" count="1" type="stmt"/>
        <line num="133" count="120" type="cond" truecount="2" falsecount="0"/>
        <line num="134" count="49" type="stmt"/>
        <line num="135" count="49" type="cond" truecount="2" falsecount="0"/>
        <line num="136" count="5" type="stmt"/>
        <line num="141" count="120" type="cond" truecount="2" falsecount="0"/>
        <line num="142" count="37" type="cond" truecount="3" falsecount="1"/>
        <line num="143" count="4" type="cond" truecount="1" falsecount="1"/>
        <line num="148" count="120" type="cond" truecount="4" falsecount="0"/>
        <line num="149" count="9" type="stmt"/>
        <line num="153" count="120" type="cond" truecount="4" falsecount="0"/>
        <line num="154" count="1" type="stmt"/>
        <line num="158" count="120" type="cond" truecount="2" falsecount="0"/>
        <line num="159" count="2" type="stmt"/>
        <line num="160" count="2" type="cond" truecount="2" falsecount="0"/>
        <line num="161" count="1" type="stmt"/>
        <line num="166" count="83" type="cond" truecount="2" falsecount="0"/>
        <line num="167" count="23" type="stmt"/>
        <line num="174" count="60" type="stmt"/>
        <line num="183" count="24" type="stmt"/>
        <line num="185" count="24" type="cond" truecount="2" falsecount="0"/>
        <line num="186" count="7" type="stmt"/>
        <line num="190" count="17" type="cond" truecount="2" falsecount="0"/>
        <line num="191" count="15" type="stmt"/>
        <line num="195" count="2" type="stmt"/>
        <line num="206" count="23" type="stmt"/>
        <line num="221" count="27" type="cond" truecount="2" falsecount="0"/>
        <line num="223" count="25" type="stmt"/>
        <line num="224" count="25" type="stmt"/>
      </file>
      <file name="tierGate.js" path="/Users/jcoleman-mbp/Developer/projects/codescribe-ai/server/src/middleware/tierGate.js">
        <metrics statements="43" coveredstatements="43" conditionals="31" coveredconditionals="31" methods="10" coveredmethods="10"/>
        <line num="28" count="1" type="stmt"/>
        <line num="29" count="3" type="stmt"/>
        <line num="32" count="3" type="cond" truecount="2" falsecount="0"/>
        <line num="35" count="3" type="cond" truecount="2" falsecount="0"/>
        <line num="36" count="1" type="stmt"/>
        <line num="38" count="1" type="stmt"/>
        <line num="50" count="2" type="stmt"/>
        <line num="65" count="1" type="stmt"/>
        <line num="66" count="5" type="stmt"/>
        <line num="67" count="5" type="cond" truecount="2" falsecount="0"/>
        <line num="68" count="5" type="stmt"/>
        <line num="69" count="5" type="cond" truecount="2" falsecount="0"/>
        <line num="72" count="5" type="stmt"/>
        <line num="75" count="5" type="cond" truecount="3" falsecount="0"/>
        <line num="78" count="5" type="stmt"/>
        <line num="84" count="5" type="cond" truecount="2" falsecount="0"/>
        <line num="85" count="1" type="stmt"/>
        <line num="86" count="1" type="stmt"/>
        <line num="88" count="1" type="stmt"/>
        <line num="110" count="4" type="stmt"/>
        <line num="115" count="4" type="stmt"/>
        <line num="131" count="1" type="stmt"/>
        <line num="132" count="4" type="stmt"/>
        <line num="134" count="4" type="stmt"/>
        <line num="135" count="4" type="cond" truecount="2" falsecount="0"/>
        <line num="136" count="4" type="stmt"/>
        <line num="137" count="4" type="stmt"/>
        <line num="139" count="4" type="cond" truecount="2" falsecount="0"/>
        <line num="140" count="2" type="stmt"/>
        <line num="149" count="2" type="stmt"/>
        <line num="161" count="1" type="stmt"/>
        <line num="162" count="3" type="stmt"/>
        <line num="163" count="3" type="cond" truecount="2" falsecount="0"/>
        <line num="164" count="3" type="stmt"/>
        <line num="165" count="3" type="cond" truecount="2" falsecount="0"/>
        <line num="166" count="3" type="stmt"/>
        <line num="167" count="3" type="stmt"/>
        <line num="170" count="3" type="stmt"/>
        <line num="182" count="3" type="stmt"/>
        <line num="196" count="3" type="stmt"/>
        <line num="207" count="1" type="cond" truecount="1" falsecount="0"/>
        <line num="208" count="2" type="stmt"/>
        <line num="210" count="2" type="stmt"/>
      </file>
    </package>
    <package name="models">
      <metrics statements="104" coveredstatements="99" conditionals="48" coveredconditionals="48" methods="21" coveredmethods="20"/>
      <file name="Usage.js" path="/Users/jcoleman-mbp/Developer/projects/codescribe-ai/server/src/models/Usage.js">
        <metrics statements="67" coveredstatements="67" conditionals="35" coveredconditionals="35" methods="9" coveredmethods="9"/>
        <line num="62" count="8" type="stmt"/>
        <line num="63" count="8" type="stmt"/>
        <line num="64" count="8" type="stmt"/>
        <line num="67" count="8" type="cond" truecount="2" falsecount="0"/>
        <line num="70" count="8" type="cond" truecount="2" falsecount="0"/>
        <line num="72" count="2" type="stmt"/>
        <line num="73" count="2" type="stmt"/>
        <line num="86" count="6" type="stmt"/>
        <line num="99" count="7" type="cond" truecount="2" falsecount="0"/>
        <line num="101" count="1" type="stmt"/>
        <line num="109" count="6" type="stmt"/>
        <line num="110" count="6" type="stmt"/>
        <line num="111" count="6" type="stmt"/>
        <line num="114" count="6" type="cond" truecount="2" falsecount="0"/>
        <line num="116" count="2" type="stmt"/>
        <line num="117" count="2" type="stmt"/>
        <line num="125" count="4" type="stmt"/>
        <line num="145" count="6" type="stmt"/>
        <line num="146" count="6" type="stmt"/>
        <line num="147" count="6" type="stmt"/>
        <line num="150" count="6" type="cond" truecount="2" falsecount="0"/>
        <line num="153" count="6" type="cond" truecount="2" falsecount="0"/>
        <line num="155" count="2" type="stmt"/>
        <line num="156" count="2" type="stmt"/>
        <line num="185" count="4" type="stmt"/>
        <line num="214" count="6" type="stmt"/>
        <line num="216" count="6" type="stmt"/>
        <line num="235" count="5" type="stmt"/>
        <line num="236" count="5" type="stmt"/>
        <line num="237" count="5" type="stmt"/>
        <line num="240" count="5" type="cond" truecount="2" falsecount="0"/>
        <line num="243" count="5" type="cond" truecount="2" falsecount="0"/>
        <line num="245" count="1" type="stmt"/>
        <line num="246" count="1" type="stmt"/>
        <line num="263" count="4" type="stmt"/>
        <line num="280" count="5" type="cond" truecount="2" falsecount="0"/>
        <line num="282" count="1" type="stmt"/>
        <line num="290" count="4" type="stmt"/>
        <line num="292" count="4" type="stmt"/>
        <line num="312" count="3" type="stmt"/>
        <line num="313" count="3" type="stmt"/>
        <line num="314" count="3" type="stmt"/>
        <line num="317" count="3" type="cond" truecount="2" falsecount="0"/>
        <line num="320" count="3" type="cond" truecount="2" falsecount="0"/>
        <line num="322" count="1" type="stmt"/>
        <line num="323" count="1" type="stmt"/>
        <line num="353" count="2" type="stmt"/>
        <line num="383" count="3" type="stmt"/>
        <line num="385" count="3" type="stmt"/>
        <line num="404" count="2" type="stmt"/>
        <line num="420" count="2" type="stmt"/>
        <line num="440" count="2" type="stmt"/>
        <line num="445" count="2" type="stmt"/>
        <line num="456" count="2" type="stmt"/>
        <line num="467" count="2" type="stmt"/>
        <line num="469" count="2" type="stmt"/>
        <line num="490" count="13" type="stmt"/>
        <line num="491" count="13" type="stmt"/>
        <line num="492" count="13" type="stmt"/>
        <line num="495" count="13" type="stmt"/>
        <line num="506" count="4" type="cond" truecount="2" falsecount="0"/>
        <line num="508" count="1" type="stmt"/>
        <line num="514" count="3" type="stmt"/>
        <line num="517" count="3" type="stmt"/>
        <line num="546" count="3" type="stmt"/>
        <line num="552" count="3" type="stmt"/>
        <line num="554" count="3" type="stmt"/>
      </file>
      <file name="User.js" path="/Users/jcoleman-mbp/Developer/projects/codescribe-ai/server/src/models/User.js">
        <metrics statements="37" coveredstatements="32" conditionals="13" coveredconditionals="13" methods="12" coveredmethods="11"/>
        <line num="9" count="5" type="stmt"/>
        <line num="32" count="0" type="stmt"/>
        <line num="50" count="0" type="stmt"/>
        <line num="51" count="0" type="stmt"/>
        <line num="52" count="0" type="stmt"/>
        <line num="53" count="0" type="stmt"/>
        <line num="64" count="8" type="stmt"/>
        <line num="66" count="8" type="stmt"/>
        <line num="72" count="7" type="stmt"/>
        <line num="83" count="5" type="stmt"/>
        <line num="89" count="5" type="cond" truecount="2" falsecount="0"/>
        <line num="90" count="2" type="stmt"/>
        <line num="94" count="3" type="stmt"/>
        <line num="100" count="3" type="cond" truecount="2" falsecount="0"/>
        <line num="102" count="1" type="stmt"/>
        <line num="108" count="1" type="stmt"/>
        <line num="112" count="2" type="stmt"/>
        <line num="118" count="2" type="stmt"/>
        <line num="127" count="3" type="stmt"/>
        <line num="133" count="3" type="cond" truecount="2" falsecount="0"/>
        <line num="142" count="6" type="stmt"/>
        <line num="148" count="5" type="cond" truecount="2" falsecount="0"/>
        <line num="158" count="7" type="cond" truecount="2" falsecount="0"/>
        <line num="159" count="5" type="stmt"/>
        <line num="169" count="6" type="stmt"/>
        <line num="176" count="6" type="stmt"/>
        <line num="185" count="4" type="stmt"/>
        <line num="190" count="3" type="stmt"/>
        <line num="201" count="3" type="stmt"/>
        <line num="210" count="3" type="stmt"/>
        <line num="219" count="4" type="stmt"/>
        <line num="226" count="4" type="cond" truecount="2" falsecount="0"/>
        <line num="236" count="4" type="stmt"/>
        <line num="238" count="4" type="stmt"/>
        <line num="246" count="3" type="stmt"/>
        <line num="255" count="4" type="stmt"/>
        <line num="264" count="3" type="stmt"/>
      </file>
    </package>
    <package name="routes">
      <metrics statements="293" coveredstatements="193" conditionals="190" coveredconditionals="104" methods="41" coveredmethods="32"/>
      <file name="api.js" path="/Users/jcoleman-mbp/Developer/projects/codescribe-ai/server/src/routes/api.js">
        <metrics statements="108" coveredstatements="34" conditionals="86" coveredconditionals="30" methods="12" coveredmethods="4"/>
        <line num="11" count="1" type="stmt"/>
        <line num="15" count="0" type="cond" truecount="0" falsecount="2"/>
        <line num="16" count="0" type="stmt"/>
        <line num="17" count="0" type="stmt"/>
        <line num="18" count="0" type="stmt"/>
        <line num="19" count="0" type="stmt"/>
        <line num="23" count="1" type="stmt"/>
        <line num="24" count="0" type="stmt"/>
        <line num="25" count="0" type="stmt"/>
        <line num="27" count="0" type="cond" truecount="0" falsecount="4"/>
        <line num="28" count="0" type="stmt"/>
        <line num="34" count="0" type="cond" truecount="0" falsecount="2"/>
        <line num="35" count="0" type="stmt"/>
        <line num="41" count="0" type="stmt"/>
        <line num="48" count="0" type="cond" truecount="0" falsecount="5"/>
        <line num="49" count="0" type="stmt"/>
        <line num="50" count="0" type="stmt"/>
        <line num="51" count="0" type="cond" truecount="0" falsecount="2"/>
        <line num="54" count="0" type="stmt"/>
        <line num="57" count="0" type="stmt"/>
        <line num="59" count="0" type="stmt"/>
        <line num="60" count="0" type="stmt"/>
        <line num="68" count="1" type="stmt"/>
        <line num="69" count="0" type="stmt"/>
        <line num="70" count="0" type="stmt"/>
        <line num="72" count="0" type="cond" truecount="0" falsecount="4"/>
        <line num="73" count="0" type="stmt"/>
        <line num="79" count="0" type="cond" truecount="0" falsecount="2"/>
        <line num="80" count="0" type="stmt"/>
        <line num="87" count="0" type="stmt"/>
        <line num="88" count="0" type="stmt"/>
        <line num="89" count="0" type="stmt"/>
        <line num="90" count="0" type="stmt"/>
        <line num="92" count="0" type="stmt"/>
        <line num="94" count="0" type="stmt"/>
        <line num="99" count="0" type="stmt"/>
        <line num="107" count="0" type="cond" truecount="0" falsecount="5"/>
        <line num="108" count="0" type="stmt"/>
        <line num="109" count="0" type="stmt"/>
        <line num="110" count="0" type="cond" truecount="0" falsecount="2"/>
        <line num="113" count="0" type="stmt"/>
        <line num="116" count="0" type="stmt"/>
        <line num="122" count="0" type="stmt"/>
        <line num="124" count="0" type="stmt"/>
        <line num="125" count="0" type="stmt"/>
        <line num="129" count="0" type="stmt"/>
        <line num="133" count="1" type="stmt"/>
        <line num="139" count="0" type="stmt"/>
        <line num="151" count="0" type="stmt"/>
        <line num="153" count="0" type="cond" truecount="0" falsecount="2"/>
        <line num="154" count="0" type="stmt"/>
        <line num="156" count="0" type="stmt"/>
        <line num="161" count="1" type="stmt"/>
        <line num="162" count="0" type="stmt"/>
        <line num="163" count="0" type="stmt"/>
        <line num="165" count="0" type="cond" truecount="0" falsecount="2"/>
        <line num="166" count="0" type="cond" truecount="0" falsecount="2"/>
        <line num="167" count="0" type="cond" truecount="0" falsecount="2"/>
        <line num="168" count="0" type="stmt"/>
        <line num="174" count="0" type="stmt"/>
        <line num="181" count="0" type="stmt"/>
        <line num="188" count="0" type="cond" truecount="0" falsecount="2"/>
        <line num="189" count="0" type="stmt"/>
        <line num="197" count="0" type="cond" truecount="0" falsecount="2"/>
        <line num="198" count="0" type="stmt"/>
        <line num="206" count="0" type="stmt"/>
        <line num="209" count="0" type="cond" truecount="0" falsecount="2"/>
        <line num="210" count="0" type="stmt"/>
        <line num="218" count="0" type="cond" truecount="0" falsecount="2"/>
        <line num="219" count="0" type="stmt"/>
        <line num="226" count="0" type="stmt"/>
        <line num="238" count="0" type="stmt"/>
        <line num="248" count="1" type="stmt"/>
        <line num="249" count="2" type="stmt"/>
        <line num="250" count="2" type="stmt"/>
        <line num="251" count="2" type="cond" truecount="1" falsecount="1"/>
        <line num="254" count="2" type="stmt"/>
        <line num="257" count="2" type="stmt"/>
        <line num="258" count="2" type="stmt"/>
        <line num="259" count="2" type="stmt"/>
        <line num="262" count="2" type="stmt"/>
        <line num="263" count="2" type="stmt"/>
        <line num="264" count="2" type="stmt"/>
        <line num="265" count="2" type="stmt"/>
        <line num="267" count="2" type="stmt"/>
        <line num="269" count="2" type="stmt"/>
        <line num="287" count="0" type="stmt"/>
        <line num="288" count="0" type="stmt"/>
        <line num="296" count="1" type="stmt"/>
        <line num="297" count="2" type="stmt"/>
        <line num="298" count="2" type="cond" truecount="1" falsecount="1"/>
        <line num="299" count="2" type="stmt"/>
        <line num="302" count="2" type="stmt"/>
        <line num="327" count="2" type="stmt"/>
        <line num="334" count="2" type="stmt"/>
        <line num="342" count="0" type="stmt"/>
        <line num="343" count="0" type="stmt"/>
        <line num="351" count="1" type="stmt"/>
        <line num="352" count="4" type="stmt"/>
        <line num="353" count="4" type="stmt"/>
        <line num="354" count="20" type="stmt"/>
        <line num="355" count="20" type="stmt"/>
        <line num="357" count="20" type="stmt"/>
        <line num="406" count="4" type="stmt"/>
        <line num="408" count="0" type="stmt"/>
        <line num="409" count="0" type="stmt"/>
        <line num="416" count="1" type="stmt"/>
        <line num="417" count="0" type="stmt"/>
      </file>
      <file name="auth.js" path="/Users/jcoleman-mbp/Developer/projects/codescribe-ai/server/src/routes/auth.js">
        <metrics statements="127" coveredstatements="101" conditionals="70" coveredconditionals="43" methods="14" coveredmethods="13"/>
        <line num="21" count="4" type="stmt"/>
        <line num="26" count="4" type="stmt"/>
        <line num="33" count="9" type="stmt"/>
        <line num="34" count="9" type="stmt"/>
        <line num="37" count="9" type="stmt"/>
        <line num="38" count="8" type="cond" truecount="2" falsecount="0"/>
        <line num="39" count="1" type="stmt"/>
        <line num="46" count="7" type="stmt"/>
        <line num="49" count="7" type="cond" truecount="1" falsecount="2"/>
        <line num="50" count="7" type="cond" truecount="3" falsecount="1"/>
        <line num="51" count="7" type="stmt"/>
        <line num="52" count="7" type="stmt"/>
        <line num="53" count="0" type="stmt"/>
        <line num="56" count="7" type="stmt"/>
        <line num="61" count="7" type="stmt"/>
        <line num="64" count="7" type="stmt"/>
        <line num="65" count="7" type="cond" truecount="1" falsecount="1"/>
        <line num="66" count="0" type="stmt"/>
        <line num="70" count="7" type="stmt"/>
        <line num="78" count="1" type="stmt"/>
        <line num="79" count="1" type="stmt"/>
        <line num="90" count="4" type="stmt"/>
        <line num="98" count="4" type="stmt"/>
        <line num="99" count="4" type="cond" truecount="1" falsecount="1"/>
        <line num="100" count="0" type="stmt"/>
        <line num="101" count="0" type="stmt"/>
        <line num="107" count="4" type="cond" truecount="2" falsecount="0"/>
        <line num="108" count="2" type="stmt"/>
        <line num="115" count="2" type="cond" truecount="1" falsecount="2"/>
        <line num="116" count="2" type="cond" truecount="3" falsecount="1"/>
        <line num="117" count="2" type="stmt"/>
        <line num="118" count="2" type="stmt"/>
        <line num="119" count="0" type="stmt"/>
        <line num="122" count="2" type="stmt"/>
        <line num="127" count="2" type="stmt"/>
        <line num="130" count="2" type="stmt"/>
        <line num="131" count="2" type="cond" truecount="1" falsecount="1"/>
        <line num="132" count="0" type="stmt"/>
        <line num="136" count="2" type="stmt"/>
        <line num="150" count="4" type="stmt"/>
        <line num="156" count="1" type="cond" truecount="1" falsecount="1"/>
        <line num="157" count="1" type="stmt"/>
        <line num="158" count="1" type="cond" truecount="1" falsecount="1"/>
        <line num="159" count="0" type="stmt"/>
        <line num="166" count="1" type="cond" truecount="4" falsecount="1"/>
        <line num="167" count="1" type="stmt"/>
        <line num="168" count="1" type="cond" truecount="1" falsecount="1"/>
        <line num="170" count="1" type="cond" truecount="1" falsecount="1"/>
        <line num="171" count="0" type="stmt"/>
        <line num="177" count="1" type="stmt"/>
        <line num="186" count="4" type="stmt"/>
        <line num="187" count="4" type="stmt"/>
        <line num="189" count="4" type="stmt"/>
        <line num="191" count="4" type="cond" truecount="2" falsecount="0"/>
        <line num="192" count="1" type="stmt"/>
        <line num="198" count="3" type="stmt"/>
        <line num="203" count="0" type="stmt"/>
        <line num="204" count="0" type="stmt"/>
        <line num="214" count="4" type="stmt"/>
        <line num="224" count="4" type="stmt"/>
        <line num="230" count="0" type="stmt"/>
        <line num="232" count="0" type="stmt"/>
        <line num="234" count="0" type="cond" truecount="0" falsecount="2"/>
        <line num="235" count="0" type="stmt"/>
        <line num="239" count="0" type="cond" truecount="0" falsecount="3"/>
        <line num="240" count="0" type="cond" truecount="0" falsecount="4"/>
        <line num="241" count="0" type="stmt"/>
        <line num="242" count="0" type="stmt"/>
        <line num="243" count="0" type="stmt"/>
        <line num="246" count="0" type="stmt"/>
        <line num="251" count="0" type="stmt"/>
        <line num="255" count="0" type="cond" truecount="0" falsecount="2"/>
        <line num="256" count="0" type="stmt"/>
        <line num="258" count="0" type="stmt"/>
        <line num="259" count="0" type="stmt"/>
        <line num="269" count="4" type="stmt"/>
        <line num="272" count="4" type="stmt"/>
        <line num="273" count="4" type="stmt"/>
        <line num="281" count="26" type="stmt"/>
        <line num="282" count="26" type="stmt"/>
        <line num="285" count="26" type="cond" truecount="4" falsecount="0"/>
        <line num="286" count="22" type="stmt"/>
        <line num="290" count="22" type="stmt"/>
        <line num="294" count="4" type="cond" truecount="2" falsecount="0"/>
        <line num="295" count="3" type="stmt"/>
        <line num="296" count="3" type="stmt"/>
        <line num="300" count="1" type="stmt"/>
        <line num="308" count="41" type="cond" truecount="1" falsecount="1"/>
        <line num="309" count="0" type="stmt"/>
        <line num="311" count="41" type="stmt"/>
        <line num="318" count="4" type="stmt"/>
        <line num="324" count="26" type="stmt"/>
        <line num="325" count="26" type="stmt"/>
        <line num="328" count="26" type="cond" truecount="2" falsecount="0"/>
        <line num="329" count="1" type="stmt"/>
        <line num="336" count="25" type="stmt"/>
        <line num="340" count="23" type="stmt"/>
        <line num="343" count="23" type="cond" truecount="2" falsecount="0"/>
        <line num="344" count="5" type="stmt"/>
        <line num="352" count="18" type="cond" truecount="2" falsecount="0"/>
        <line num="353" count="3" type="stmt"/>
        <line num="357" count="18" type="stmt"/>
        <line num="360" count="18" type="stmt"/>
        <line num="363" count="18" type="stmt"/>
        <line num="366" count="18" type="stmt"/>
        <line num="367" count="18" type="stmt"/>
        <line num="371" count="15" type="stmt"/>
        <line num="373" count="3" type="stmt"/>
        <line num="377" count="18" type="stmt"/>
        <line num="382" count="2" type="stmt"/>
        <line num="384" count="2" type="stmt"/>
        <line num="395" count="4" type="stmt"/>
        <line num="402" count="18" type="stmt"/>
        <line num="403" count="18" type="stmt"/>
        <line num="406" count="18" type="stmt"/>
        <line num="408" count="16" type="cond" truecount="2" falsecount="0"/>
        <line num="409" count="5" type="stmt"/>
        <line num="418" count="11" type="cond" truecount="2" falsecount="0"/>
        <line num="419" count="2" type="stmt"/>
        <line num="421" count="9" type="stmt"/>
        <line num="425" count="11" type="stmt"/>
        <line num="428" count="10" type="stmt"/>
        <line num="431" count="10" type="stmt"/>
        <line num="433" count="10" type="stmt"/>
        <line num="435" count="10" type="stmt"/>
        <line num="442" count="3" type="stmt"/>
        <line num="443" count="3" type="stmt"/>
      </file>
      <file name="migrate.js" path="/Users/jcoleman-mbp/Developer/projects/codescribe-ai/server/src/routes/migrate.js">
        <metrics statements="58" coveredstatements="58" conditionals="34" coveredconditionals="31" methods="15" coveredmethods="15"/>
        <line num="3" count="1" type="stmt"/>
        <line num="10" count="18" type="stmt"/>
        <line num="11" count="18" type="stmt"/>
        <line num="13" count="18" type="cond" truecount="2" falsecount="0"/>
        <line num="14" count="1" type="stmt"/>
        <line num="21" count="17" type="cond" truecount="4" falsecount="0"/>
        <line num="22" count="3" type="stmt"/>
        <line num="29" count="14" type="stmt"/>
        <line num="31" count="14" type="cond" truecount="2" falsecount="0"/>
        <line num="32" count="1" type="stmt"/>
        <line num="39" count="13" type="stmt"/>
        <line num="46" count="1" type="stmt"/>
        <line num="47" count="11" type="stmt"/>
        <line num="48" count="11" type="stmt"/>
        <line num="49" count="11" type="stmt"/>
        <line num="52" count="11" type="stmt"/>
        <line num="53" count="8" type="stmt"/>
        <line num="56" count="8" type="stmt"/>
        <line num="57" count="8" type="stmt"/>
        <line num="60" count="15" type="stmt"/>
        <line num="61" count="21" type="stmt"/>
        <line num="63" count="8" type="stmt"/>
        <line num="64" count="36" type="stmt"/>
        <line num="65" count="21" type="stmt"/>
        <line num="74" count="8" type="stmt"/>
        <line num="89" count="3" type="stmt"/>
        <line num="90" count="3" type="stmt"/>
        <line num="104" count="1" type="stmt"/>
        <line num="105" count="13" type="stmt"/>
        <line num="106" count="13" type="stmt"/>
        <line num="107" count="13" type="stmt"/>
        <line num="108" count="13" type="cond" truecount="1" falsecount="1"/>
        <line num="111" count="13" type="cond" truecount="2" falsecount="0"/>
        <line num="112" count="4" type="stmt"/>
        <line num="113" count="4" type="stmt"/>
        <line num="114" count="4" type="stmt"/>
        <line num="115" count="4" type="stmt"/>
        <line num="117" count="8" type="stmt"/>
        <line num="118" count="12" type="stmt"/>
        <line num="120" count="4" type="stmt"/>
        <line num="121" count="20" type="stmt"/>
        <line num="122" count="12" type="stmt"/>
        <line num="132" count="4" type="stmt"/>
        <line num="145" count="9" type="stmt"/>
        <line num="148" count="9" type="stmt"/>
        <line num="149" count="9" type="stmt"/>
        <line num="150" count="13" type="stmt"/>
        <line num="151" count="21" type="stmt"/>
        <line num="153" count="7" type="cond" truecount="2" falsecount="0"/>
        <line num="154" count="1" type="stmt"/>
        <line num="164" count="6" type="stmt"/>
        <line num="167" count="5" type="stmt"/>
        <line num="168" count="5" type="stmt"/>
        <line num="169" count="13" type="stmt"/>
        <line num="172" count="5" type="stmt"/>
        <line num="177" count="5" type="stmt"/>
        <line num="184" count="3" type="stmt"/>
        <line num="185" count="3" type="stmt"/>
      </file>
    </package>
    <package name="services">
      <metrics statements="440" coveredstatements="419" conditionals="373" coveredconditionals="312" methods="69" coveredmethods="66"/>
      <file name="claudeClient.js" path="/Users/jcoleman-mbp/Developer/projects/codescribe-ai/server/src/services/claudeClient.js">
        <metrics statements="44" coveredstatements="36" conditionals="29" coveredconditionals="8" methods="6" coveredmethods="6"/>
        <line num="5" count="27" type="stmt"/>
        <line num="8" count="27" type="stmt"/>
        <line num="9" count="27" type="stmt"/>
        <line num="19" count="5" type="cond" truecount="1" falsecount="1"/>
        <line num="20" count="5" type="stmt"/>
        <line num="23" count="5" type="stmt"/>
        <line num="24" count="5" type="cond" truecount="1" falsecount="1"/>
        <line num="25" count="0" type="stmt"/>
        <line num="28" count="0" type="cond" truecount="0" falsecount="5"/>
        <line num="29" count="0" type="stmt"/>
        <line num="36" count="0" type="cond" truecount="0" falsecount="2"/>
        <line num="37" count="0" type="stmt"/>
        <line num="47" count="5" type="stmt"/>
        <line num="51" count="0" type="cond" truecount="0" falsecount="4"/>
        <line num="52" count="0" type="stmt"/>
        <line num="58" count="0" type="stmt"/>
        <line num="67" count="14" type="stmt"/>
        <line num="69" count="14" type="stmt"/>
        <line num="70" count="25" type="stmt"/>
        <line num="71" count="25" type="stmt"/>
        <line num="77" count="13" type="stmt"/>
        <line num="79" count="15" type="stmt"/>
        <line num="80" count="15" type="cond" truecount="2" falsecount="0"/>
        <line num="82" count="4" type="stmt"/>
        <line num="85" count="4" type="stmt"/>
        <line num="86" count="4" type="stmt"/>
        <line num="88" count="4" type="stmt"/>
        <line num="89" count="4" type="stmt"/>
        <line num="93" count="11" type="stmt"/>
        <line num="105" count="6" type="stmt"/>
        <line num="106" count="6" type="stmt"/>
        <line num="113" count="6" type="stmt"/>
        <line num="115" count="6" type="stmt"/>
        <line num="116" count="21" type="cond" truecount="4" falsecount="0"/>
        <line num="118" count="18" type="stmt"/>
        <line num="119" count="18" type="stmt"/>
        <line num="120" count="18" type="stmt"/>
        <line num="124" count="5" type="stmt"/>
        <line num="127" count="1" type="stmt"/>
        <line num="130" count="1" type="stmt"/>
        <line num="131" count="1" type="stmt"/>
        <line num="133" count="1" type="stmt"/>
        <line num="134" count="1" type="stmt"/>
        <line num="139" count="4" type="stmt"/>
      </file>
      <file name="codeParser.js" path="/Users/jcoleman-mbp/Developer/projects/codescribe-ai/server/src/services/codeParser.js">
        <metrics statements="239" coveredstatements="227" conditionals="238" coveredconditionals="202" methods="41" coveredmethods="38"/>
        <line num="11" count="61" type="cond" truecount="4" falsecount="0"/>
        <line num="12" count="4" type="stmt"/>
        <line num="15" count="57" type="stmt"/>
        <line num="17" count="57" type="stmt"/>
        <line num="28" count="55" type="stmt"/>
        <line num="41" count="55" type="stmt"/>
        <line num="44" count="55" type="stmt"/>
        <line num="47" count="55" type="stmt"/>
        <line num="50" count="55" type="stmt"/>
        <line num="52" count="55" type="stmt"/>
        <line num="56" count="2" type="stmt"/>
        <line num="65" count="2" type="cond" truecount="1" falsecount="1"/>
        <line num="66" count="2" type="stmt"/>
        <line num="67" count="2" type="stmt"/>
        <line num="68" count="2" type="stmt"/>
        <line num="69" count="2" type="stmt"/>
        <line num="71" count="2" type="stmt"/>
        <line num="72" count="2" type="stmt"/>
        <line num="73" count="6" type="stmt"/>
        <line num="74" count="6" type="cond" truecount="2" falsecount="0"/>
        <line num="75" count="6" type="stmt"/>
        <line num="79" count="2" type="cond" truecount="1" falsecount="1"/>
        <line num="80" count="2" type="stmt"/>
        <line num="81" count="2" type="stmt"/>
        <line num="85" count="2" type="stmt"/>
        <line num="89" count="2" type="cond" truecount="1" falsecount="1"/>
        <line num="90" count="2" type="stmt"/>
        <line num="94" count="2" type="stmt"/>
        <line num="104" count="7061" type="cond" truecount="3" falsecount="1"/>
        <line num="107" count="7061" type="cond" truecount="9" falsecount="0"/>
        <line num="110" count="79" type="stmt"/>
        <line num="112" count="147" type="stmt"/>
        <line num="117" count="79" type="stmt"/>
        <line num="123" count="142" type="stmt"/>
        <line num="125" count="142" type="cond" truecount="2" falsecount="0"/>
        <line num="127" count="8" type="stmt"/>
        <line num="128" count="134" type="cond" truecount="2" falsecount="0"/>
        <line num="130" count="4" type="cond" truecount="1" falsecount="1"/>
        <line num="131" count="130" type="cond" truecount="2" falsecount="0"/>
        <line num="133" count="1" type="cond" truecount="1" falsecount="1"/>
        <line num="134" count="1" type="stmt"/>
        <line num="135" count="0" type="cond" truecount="0" falsecount="2"/>
        <line num="136" count="0" type="stmt"/>
        <line num="140" count="142" type="stmt"/>
        <line num="142" count="164" type="stmt"/>
        <line num="147" count="142" type="stmt"/>
        <line num="151" count="20" type="stmt"/>
        <line num="156" count="20" type="stmt"/>
        <line num="160" count="46" type="cond" truecount="2" falsecount="0"/>
        <line num="162" count="41" type="cond" truecount="2" falsecount="0"/>
        <line num="164" count="41" type="cond" truecount="1" falsecount="1"/>
        <line num="165" count="41" type="stmt"/>
        <line num="172" count="46" type="cond" truecount="1" falsecount="1"/>
        <line num="174" count="46" type="stmt"/>
        <line num="175" count="10" type="stmt"/>
        <line num="183" count="46" type="stmt"/>
        <line num="187" count="13" type="cond" truecount="2" falsecount="1"/>
        <line num="190" count="13" type="stmt"/>
        <line num="194" count="13" type="stmt"/>
        <line num="198" count="2" type="stmt"/>
        <line num="203" count="2" type="stmt"/>
        <line num="207" count="39" type="stmt"/>
        <line num="212" count="39" type="stmt"/>
        <line num="213" count="39" type="cond" truecount="2" falsecount="0"/>
        <line num="215" count="31" type="stmt"/>
        <line num="220" count="8" type="cond" truecount="2" falsecount="0"/>
        <line num="222" count="1" type="stmt"/>
        <line num="227" count="7" type="cond" truecount="1" falsecount="1"/>
        <line num="229" count="7" type="stmt"/>
        <line num="238" count="39" type="cond" truecount="2" falsecount="0"/>
        <line num="239" count="3" type="stmt"/>
        <line num="244" count="39" type="stmt"/>
        <line num="245" count="39" type="stmt"/>
        <line num="249" count="133" type="stmt"/>
        <line num="250" count="133" type="stmt"/>
        <line num="252" count="133" type="stmt"/>
        <line num="256" count="7061" type="stmt"/>
        <line num="257" count="49840" type="cond" truecount="4" falsecount="0"/>
        <line num="258" count="35829" type="stmt"/>
        <line num="260" count="35829" type="cond" truecount="2" falsecount="0"/>
        <line num="262" count="1531" type="stmt"/>
        <line num="263" count="2196" type="cond" truecount="3" falsecount="1"/>
        <line num="264" count="2196" type="stmt"/>
        <line num="265" count="2196" type="stmt"/>
        <line num="268" count="34298" type="cond" truecount="4" falsecount="0"/>
        <line num="270" count="4810" type="stmt"/>
        <line num="271" count="4810" type="stmt"/>
        <line num="282" count="465" type="cond" truecount="2" falsecount="0"/>
        <line num="283" count="430" type="stmt"/>
        <line num="284" count="35" type="cond" truecount="2" falsecount="0"/>
        <line num="286" count="28" type="stmt"/>
        <line num="287" count="7" type="cond" truecount="2" falsecount="0"/>
        <line num="289" count="2" type="stmt"/>
        <line num="290" count="5" type="cond" truecount="2" falsecount="0"/>
        <line num="292" count="3" type="stmt"/>
        <line num="293" count="2" type="cond" truecount="1" falsecount="1"/>
        <line num="295" count="2" type="stmt"/>
        <line num="297" count="0" type="stmt"/>
        <line num="307" count="201" type="cond" truecount="1" falsecount="1"/>
        <line num="309" count="201" type="cond" truecount="2" falsecount="0"/>
        <line num="311" count="167" type="stmt"/>
        <line num="312" count="34" type="cond" truecount="2" falsecount="0"/>
        <line num="314" count="15" type="stmt"/>
        <line num="315" count="47" type="cond" truecount="2" falsecount="0"/>
        <line num="316" count="45" type="stmt"/>
        <line num="317" count="2" type="cond" truecount="1" falsecount="1"/>
        <line num="319" count="2" type="stmt"/>
        <line num="322" count="19" type="cond" truecount="2" falsecount="0"/>
        <line num="324" count="2" type="stmt"/>
        <line num="325" count="5" type="cond" truecount="1" falsecount="1"/>
        <line num="326" count="5" type="stmt"/>
        <line num="329" count="17" type="cond" truecount="2" falsecount="0"/>
        <line num="331" count="16" type="stmt"/>
        <line num="341" count="20" type="stmt"/>
        <line num="342" count="20" type="stmt"/>
        <line num="344" count="20" type="stmt"/>
        <line num="345" count="116" type="cond" truecount="2" falsecount="0"/>
        <line num="346" count="104" type="stmt"/>
        <line num="352" count="124" type="stmt"/>
        <line num="357" count="104" type="cond" truecount="4" falsecount="0"/>
        <line num="358" count="2" type="stmt"/>
        <line num="361" count="104" type="stmt"/>
        <line num="362" count="12" type="cond" truecount="1" falsecount="1"/>
        <line num="364" count="12" type="stmt"/>
        <line num="374" count="20" type="stmt"/>
        <line num="384" count="55" type="stmt"/>
        <line num="390" count="55" type="cond" truecount="2" falsecount="0"/>
        <line num="391" count="33" type="cond" truecount="2" falsecount="0"/>
        <line num="392" count="2" type="stmt"/>
        <line num="402" count="55" type="stmt"/>
        <line num="405" count="7061" type="cond" truecount="3" falsecount="1"/>
        <line num="408" count="7061" type="cond" truecount="10" falsecount="0"/>
        <line num="417" count="147" type="stmt"/>
        <line num="418" count="147" type="stmt"/>
        <line num="422" count="7" type="cond" truecount="2" falsecount="0"/>
        <line num="423" count="5" type="stmt"/>
        <line num="425" count="7" type="stmt"/>
        <line num="429" count="21" type="cond" truecount="3" falsecount="1"/>
        <line num="430" count="21" type="stmt"/>
        <line num="432" count="21" type="stmt"/>
        <line num="436" count="7061" type="stmt"/>
        <line num="437" count="49840" type="cond" truecount="4" falsecount="0"/>
        <line num="438" count="35829" type="stmt"/>
        <line num="440" count="35829" type="cond" truecount="2" falsecount="0"/>
        <line num="441" count="2196" type="stmt"/>
        <line num="442" count="34298" type="cond" truecount="4" falsecount="0"/>
        <line num="443" count="4810" type="stmt"/>
        <line num="448" count="55" type="stmt"/>
        <line num="449" count="55" type="stmt"/>
        <line num="460" count="55" type="stmt"/>
        <line num="463" count="55" type="stmt"/>
        <line num="464" count="2175" type="stmt"/>
        <line num="465" count="2175" type="cond" truecount="4" falsecount="0"/>
        <line num="471" count="55" type="stmt"/>
        <line num="472" count="2175" type="stmt"/>
        <line num="473" count="2175" type="cond" truecount="3" falsecount="0"/>
        <line num="478" count="2175" type="stmt"/>
        <line num="481" count="55" type="stmt"/>
        <line num="482" count="55" type="stmt"/>
        <line num="483" count="55" type="stmt"/>
        <line num="485" count="55" type="stmt"/>
        <line num="486" count="221" type="cond" truecount="1" falsecount="1"/>
        <line num="489" count="221" type="stmt"/>
        <line num="490" count="221" type="stmt"/>
        <line num="491" count="221" type="stmt"/>
        <line num="495" count="55" type="cond" truecount="2" falsecount="0"/>
        <line num="499" count="55" type="cond" truecount="2" falsecount="0"/>
        <line num="504" count="55" type="stmt"/>
        <line num="507" count="55" type="stmt"/>
        <line num="508" count="221" type="cond" truecount="2" falsecount="0"/>
        <line num="509" count="55" type="cond" truecount="2" falsecount="0"/>
        <line num="515" count="55" type="cond" truecount="2" falsecount="0"/>
        <line num="516" count="55" type="stmt"/>
        <line num="517" count="55" type="stmt"/>
        <line num="521" count="55" type="stmt"/>
        <line num="554" count="55" type="stmt"/>
        <line num="557" count="7061" type="cond" truecount="3" falsecount="1"/>
        <line num="560" count="7061" type="cond" truecount="2" falsecount="0"/>
        <line num="561" count="155" type="stmt"/>
        <line num="565" count="7061" type="stmt"/>
        <line num="580" count="7061" type="cond" truecount="2" falsecount="0"/>
        <line num="583" count="7061" type="stmt"/>
        <line num="584" count="49840" type="cond" truecount="4" falsecount="0"/>
        <line num="585" count="35829" type="stmt"/>
        <line num="587" count="35829" type="cond" truecount="2" falsecount="0"/>
        <line num="588" count="2196" type="stmt"/>
        <line num="589" count="34298" type="cond" truecount="4" falsecount="0"/>
        <line num="590" count="4810" type="stmt"/>
        <line num="595" count="55" type="stmt"/>
        <line num="596" count="55" type="stmt"/>
        <line num="607" count="6" type="stmt"/>
        <line num="609" count="6" type="stmt"/>
        <line num="642" count="6" type="stmt"/>
        <line num="644" count="6" type="cond" truecount="4" falsecount="0"/>
        <line num="646" count="2" type="stmt"/>
        <line num="664" count="2" type="stmt"/>
        <line num="666" count="30" type="stmt"/>
        <line num="667" count="3" type="stmt"/>
        <line num="669" count="3" type="cond" truecount="4" falsecount="0"/>
        <line num="670" count="2" type="stmt"/>
        <line num="675" count="4" type="cond" truecount="2" falsecount="0"/>
        <line num="677" count="2" type="stmt"/>
        <line num="682" count="2" type="stmt"/>
        <line num="684" count="4" type="stmt"/>
        <line num="685" count="2" type="stmt"/>
        <line num="690" count="6" type="stmt"/>
        <line num="700" count="6" type="stmt"/>
        <line num="702" count="6" type="cond" truecount="4" falsecount="0"/>
        <line num="704" count="2" type="stmt"/>
        <line num="706" count="2" type="stmt"/>
        <line num="707" count="0" type="stmt"/>
        <line num="709" count="4" type="cond" truecount="2" falsecount="0"/>
        <line num="711" count="2" type="stmt"/>
        <line num="713" count="2" type="stmt"/>
        <line num="714" count="1" type="stmt"/>
        <line num="718" count="6" type="stmt"/>
        <line num="728" count="6" type="stmt"/>
        <line num="730" count="6" type="cond" truecount="4" falsecount="0"/>
        <line num="732" count="2" type="stmt"/>
        <line num="738" count="2" type="stmt"/>
        <line num="740" count="6" type="stmt"/>
        <line num="741" count="0" type="cond" truecount="0" falsecount="2"/>
        <line num="743" count="0" type="stmt"/>
        <line num="744" count="0" type="stmt"/>
        <line num="746" count="0" type="stmt"/>
        <line num="752" count="6" type="stmt"/>
        <line num="762" count="6" type="stmt"/>
        <line num="764" count="6" type="cond" truecount="4" falsecount="0"/>
        <line num="766" count="2" type="stmt"/>
        <line num="768" count="2" type="stmt"/>
        <line num="769" count="0" type="stmt"/>
        <line num="771" count="0" type="cond" truecount="0" falsecount="2"/>
        <line num="774" count="4" type="cond" truecount="2" falsecount="0"/>
        <line num="776" count="2" type="stmt"/>
        <line num="781" count="2" type="stmt"/>
        <line num="783" count="4" type="stmt"/>
        <line num="784" count="0" type="stmt"/>
        <line num="786" count="0" type="cond" truecount="0" falsecount="2"/>
        <line num="792" count="6" type="stmt"/>
      </file>
      <file name="docGenerator.js" path="/Users/jcoleman-mbp/Developer/projects/codescribe-ai/server/src/services/docGenerator.js">
        <metrics statements="13" coveredstatements="13" conditionals="17" coveredconditionals="17" methods="3" coveredmethods="3"/>
        <line num="18" count="31" type="stmt"/>
        <line num="21" count="31" type="stmt"/>
        <line num="24" count="30" type="stmt"/>
        <line num="28" count="30" type="cond" truecount="4" falsecount="0"/>
        <line num="29" count="4" type="stmt"/>
        <line num="34" count="26" type="stmt"/>
        <line num="38" count="29" type="stmt"/>
        <line num="40" count="28" type="stmt"/>
        <line num="63" count="105" type="cond" truecount="2" falsecount="0"/>
        <line num="64" count="179" type="cond" truecount="2" falsecount="0"/>
        <line num="67" count="105" type="stmt"/>
        <line num="75" count="105" type="stmt"/>
        <line num="324" count="105" type="cond" truecount="2" falsecount="0"/>
      </file>
      <file name="emailService.js" path="/Users/jcoleman-mbp/Developer/projects/codescribe-ai/server/src/services/emailService.js">
        <metrics statements="31" coveredstatements="30" conditionals="12" coveredconditionals="10" methods="5" coveredmethods="5"/>
        <line num="14" count="5" type="stmt"/>
        <line num="17" count="28" type="cond" truecount="2" falsecount="0"/>
        <line num="18" count="1" type="stmt"/>
        <line num="20" count="27" type="cond" truecount="1" falsecount="1"/>
        <line num="21" count="27" type="stmt"/>
        <line num="23" count="27" type="stmt"/>
        <line num="28" count="27" type="stmt"/>
        <line num="32" count="5" type="cond" truecount="2" falsecount="0"/>
        <line num="33" count="5" type="cond" truecount="2" falsecount="0"/>
        <line num="40" count="27" type="stmt"/>
        <line num="60" count="18" type="stmt"/>
        <line num="61" count="18" type="cond" truecount="2" falsecount="0"/>
        <line num="62" count="1" type="stmt"/>
        <line num="65" count="17" type="stmt"/>
        <line num="67" count="17" type="stmt"/>
        <line num="68" count="17" type="stmt"/>
        <line num="129" count="15" type="stmt"/>
        <line num="130" count="15" type="stmt"/>
        <line num="132" count="2" type="stmt"/>
        <line num="133" count="2" type="stmt"/>
        <line num="138" count="2" type="stmt"/>
        <line num="150" count="10" type="stmt"/>
        <line num="151" count="10" type="cond" truecount="1" falsecount="1"/>
        <line num="152" count="0" type="stmt"/>
        <line num="155" count="10" type="stmt"/>
        <line num="157" count="10" type="stmt"/>
        <line num="158" count="10" type="stmt"/>
        <line num="219" count="8" type="stmt"/>
        <line num="220" count="8" type="stmt"/>
        <line num="222" count="2" type="stmt"/>
        <line num="223" count="2" type="stmt"/>
      </file>
      <file name="qualityScorer.js" path="/Users/jcoleman-mbp/Developer/projects/codescribe-ai/server/src/services/qualityScorer.js">
        <metrics statements="113" coveredstatements="113" conditionals="77" coveredconditionals="75" methods="14" coveredmethods="14"/>
        <line num="2" count="45" type="stmt"/>
        <line num="3" count="45" type="stmt"/>
        <line num="7" count="45" type="stmt"/>
        <line num="12" count="45" type="stmt"/>
        <line num="13" count="45" type="cond" truecount="2" falsecount="0"/>
        <line num="15" count="45" type="cond" truecount="2" falsecount="0"/>
        <line num="16" count="18" type="stmt"/>
        <line num="17" count="18" type="stmt"/>
        <line num="24" count="27" type="stmt"/>
        <line num="34" count="45" type="stmt"/>
        <line num="38" count="45" type="cond" truecount="2" falsecount="0"/>
        <line num="39" count="16" type="stmt"/>
        <line num="40" count="16" type="stmt"/>
        <line num="47" count="29" type="stmt"/>
        <line num="57" count="45" type="stmt"/>
        <line num="58" count="45" type="stmt"/>
        <line num="59" count="45" type="stmt"/>
        <line num="60" count="45" type="stmt"/>
        <line num="62" count="45" type="cond" truecount="2" falsecount="0"/>
        <line num="63" count="9" type="stmt"/>
        <line num="64" count="9" type="stmt"/>
        <line num="65" count="9" type="stmt"/>
        <line num="66" count="36" type="cond" truecount="2" falsecount="0"/>
        <line num="67" count="2" type="stmt"/>
        <line num="68" count="2" type="stmt"/>
        <line num="69" count="2" type="stmt"/>
        <line num="70" count="34" type="cond" truecount="2" falsecount="0"/>
        <line num="71" count="6" type="stmt"/>
        <line num="72" count="6" type="stmt"/>
        <line num="73" count="6" type="stmt"/>
        <line num="76" count="45" type="stmt"/>
        <line num="77" count="45" type="stmt"/>
        <line num="87" count="45" type="stmt"/>
        <line num="89" count="45" type="cond" truecount="1" falsecount="1"/>
        <line num="93" count="45" type="stmt"/>
        <line num="94" count="45" type="stmt"/>
        <line num="96" count="45" type="stmt"/>
        <line num="97" count="45" type="stmt"/>
        <line num="99" count="45" type="cond" truecount="2" falsecount="0"/>
        <line num="100" count="9" type="stmt"/>
        <line num="101" count="9" type="stmt"/>
        <line num="102" count="36" type="cond" truecount="2" falsecount="0"/>
        <line num="103" count="7" type="stmt"/>
        <line num="104" count="7" type="stmt"/>
        <line num="107" count="45" type="stmt"/>
        <line num="118" count="45" type="stmt"/>
        <line num="119" count="45" type="stmt"/>
        <line num="120" count="45" type="cond" truecount="2" falsecount="0"/>
        <line num="122" count="45" type="stmt"/>
        <line num="123" count="45" type="stmt"/>
        <line num="124" count="45" type="stmt"/>
        <line num="126" count="45" type="cond" truecount="5" falsecount="0"/>
        <line num="127" count="8" type="stmt"/>
        <line num="128" count="8" type="stmt"/>
        <line num="129" count="8" type="stmt"/>
        <line num="130" count="37" type="cond" truecount="2" falsecount="0"/>
        <line num="131" count="11" type="stmt"/>
        <line num="132" count="11" type="stmt"/>
        <line num="133" count="11" type="stmt"/>
        <line num="134" count="26" type="cond" truecount="2" falsecount="0"/>
        <line num="135" count="19" type="stmt"/>
        <line num="136" count="19" type="stmt"/>
        <line num="137" count="19" type="stmt"/>
        <line num="140" count="45" type="stmt"/>
        <line num="141" count="45" type="stmt"/>
        <line num="153" count="45" type="stmt"/>
        <line num="155" count="45" type="stmt"/>
        <line num="168" count="90" type="stmt"/>
        <line num="169" count="90" type="stmt"/>
        <line num="170" count="342" type="stmt"/>
        <line num="171" count="342" type="cond" truecount="3" falsecount="0"/>
        <line num="181" count="45" type="stmt"/>
        <line num="182" count="45" type="cond" truecount="2" falsecount="0"/>
        <line num="189" count="45" type="stmt"/>
        <line num="190" count="45" type="cond" truecount="2" falsecount="0"/>
        <line num="197" count="45" type="stmt"/>
        <line num="198" count="45" type="stmt"/>
        <line num="199" count="45" type="stmt"/>
        <line num="202" count="45" type="cond" truecount="4" falsecount="0"/>
        <line num="203" count="25" type="stmt"/>
        <line num="204" count="65" type="stmt"/>
        <line num="206" count="65" type="cond" truecount="4" falsecount="0"/>
        <line num="207" count="50" type="stmt"/>
        <line num="208" count="50" type="cond" truecount="2" falsecount="0"/>
        <line num="209" count="26" type="stmt"/>
        <line num="216" count="45" type="cond" truecount="4" falsecount="0"/>
        <line num="217" count="3" type="stmt"/>
        <line num="218" count="3" type="cond" truecount="3" falsecount="1"/>
        <line num="219" count="3" type="stmt"/>
        <line num="220" count="14" type="stmt"/>
        <line num="223" count="14" type="stmt"/>
        <line num="224" count="14" type="cond" truecount="2" falsecount="0"/>
        <line num="225" count="9" type="stmt"/>
        <line num="233" count="45" type="cond" truecount="2" falsecount="0"/>
        <line num="234" count="20" type="stmt"/>
        <line num="237" count="25" type="stmt"/>
        <line num="244" count="45" type="cond" truecount="2" falsecount="0"/>
        <line num="245" count="39" type="cond" truecount="2" falsecount="0"/>
        <line num="246" count="37" type="cond" truecount="2" falsecount="0"/>
        <line num="247" count="34" type="cond" truecount="2" falsecount="0"/>
        <line num="248" count="32" type="stmt"/>
        <line num="255" count="45" type="stmt"/>
        <line num="256" count="45" type="stmt"/>
        <line num="258" count="45" type="stmt"/>
        <line num="259" count="225" type="cond" truecount="2" falsecount="0"/>
        <line num="260" count="80" type="stmt"/>
        <line num="261" count="145" type="cond" truecount="2" falsecount="0"/>
        <line num="262" count="100" type="stmt"/>
        <line num="266" count="45" type="stmt"/>
        <line num="277" count="45" type="stmt"/>
        <line num="278" count="225" type="stmt"/>
        <line num="279" count="177" type="cond" truecount="4" falsecount="0"/>
        <line num="281" count="45" type="cond" truecount="2" falsecount="0"/>
      </file>
    </package>
  </project>
</coverage>
