{"/Users/jcoleman-mbp/Developer/projects/codescribe-ai/server/src/services/claudeClient.js": {"path":"/Users/jcoleman-mbp/Developer/projects/codescribe-ai/server/src/services/claudeClient.js","statementMap":{"0":{"start":{"line":5,"column":4},"end":{"line":7,"column":7}},"1":{"start":{"line":8,"column":4},"end":{"line":8,"column":44}},"2":{"start":{"line":9,"column":4},"end":{"line":9,"column":24}},"3":{"start":{"line":18,"column":18},"end":{"line":18,"column":19}},"4":{"start":{"line":20,"column":4},"end":{"line":36,"column":5}},"5":{"start":{"line":21,"column":6},"end":{"line":35,"column":7}},"6":{"start":{"line":22,"column":25},"end":{"line":26,"column":10}},"7":{"start":{"line":28,"column":8},"end":{"line":28,"column":40}},"8":{"start":{"line":30,"column":8},"end":{"line":30,"column":18}},"9":{"start":{"line":31,"column":8},"end":{"line":31,"column":53}},"10":{"start":{"line":31,"column":41},"end":{"line":31,"column":53}},"11":{"start":{"line":34,"column":8},"end":{"line":34,"column":54}},"12":{"start":{"line":46,"column":19},"end":{"line":51,"column":6}},"13":{"start":{"line":53,"column":19},"end":{"line":53,"column":21}},"14":{"start":{"line":55,"column":4},"end":{"line":62,"column":5}},"15":{"start":{"line":56,"column":6},"end":{"line":61,"column":7}},"16":{"start":{"line":58,"column":22},"end":{"line":58,"column":38}},"17":{"start":{"line":59,"column":8},"end":{"line":59,"column":26}},"18":{"start":{"line":60,"column":8},"end":{"line":60,"column":23}},"19":{"start":{"line":64,"column":4},"end":{"line":64,"column":20}},"20":{"start":{"line":68,"column":4},"end":{"line":68,"column":59}},"21":{"start":{"line":68,"column":34},"end":{"line":68,"column":57}}},"fnMap":{"0":{"name":"(anonymous_0)","decl":{"start":{"line":4,"column":2},"end":{"line":4,"column":3}},"loc":{"start":{"line":4,"column":16},"end":{"line":10,"column":3}},"line":4},"1":{"name":"(anonymous_1)","decl":{"start":{"line":17,"column":2},"end":{"line":17,"column":3}},"loc":{"start":{"line":17,"column":25},"end":{"line":37,"column":3}},"line":17},"2":{"name":"(anonymous_2)","decl":{"start":{"line":45,"column":2},"end":{"line":45,"column":3}},"loc":{"start":{"line":45,"column":47},"end":{"line":65,"column":3}},"line":45},"3":{"name":"(anonymous_3)","decl":{"start":{"line":67,"column":2},"end":{"line":67,"column":3}},"loc":{"start":{"line":67,"column":12},"end":{"line":69,"column":3}},"line":67},"4":{"name":"(anonymous_4)","decl":{"start":{"line":68,"column":23},"end":{"line":68,"column":24}},"loc":{"start":{"line":68,"column":34},"end":{"line":68,"column":57}},"line":68}},"branchMap":{"0":{"loc":{"start":{"line":31,"column":8},"end":{"line":31,"column":53}},"type":"if","locations":[{"start":{"line":31,"column":8},"end":{"line":31,"column":53}},{"start":{},"end":{}}],"line":31},"1":{"loc":{"start":{"line":56,"column":6},"end":{"line":61,"column":7}},"type":"if","locations":[{"start":{"line":56,"column":6},"end":{"line":61,"column":7}},{"start":{},"end":{}}],"line":56},"2":{"loc":{"start":{"line":56,"column":10},"end":{"line":57,"column":43}},"type":"binary-expr","locations":[{"start":{"line":56,"column":10},"end":{"line":56,"column":46}},{"start":{"line":57,"column":10},"end":{"line":57,"column":43}}],"line":56}},"s":{"0":26,"1":26,"2":26,"3":14,"4":14,"5":25,"6":25,"7":13,"8":15,"9":15,"10":4,"11":11,"12":6,"13":6,"14":6,"15":21,"16":18,"17":18,"18":18,"19":5,"20":4,"21":4},"f":{"0":26,"1":14,"2":6,"3":4,"4":4},"b":{"0":[4,11],"1":[18,3],"2":[21,18]},"_coverageSchema":"1a1c01bbd47fc00a2c39e90264f33305004495a9","hash":"73db5cb50201829e8731b4fe6939e1ba17d66718"}
,"/Users/jcoleman-mbp/Developer/projects/codescribe-ai/server/src/services/codeParser.js": {"path":"/Users/jcoleman-mbp/Developer/projects/codescribe-ai/server/src/services/codeParser.js","statementMap":{"0":{"start":{"line":11,"column":2},"end":{"line":13,"column":3}},"1":{"start":{"line":12,"column":4},"end":{"line":12,"column":41}},"2":{"start":{"line":15,"column":2},"end":{"line":95,"column":3}},"3":{"start":{"line":17,"column":16},"end":{"line":25,"column":6}},"4":{"start":{"line":28,"column":21},"end":{"line":38,"column":5}},"5":{"start":{"line":41,"column":4},"end":{"line":41,"column":27}},"6":{"start":{"line":44,"column":4},"end":{"line":44,"column":71}},"7":{"start":{"line":47,"column":4},"end":{"line":47,"column":56}},"8":{"start":{"line":50,"column":4},"end":{"line":50,"column":61}},"9":{"start":{"line":52,"column":4},"end":{"line":52,"column":20}},"10":{"start":{"line":56,"column":4},"end":{"line":62,"column":7}},"11":{"start":{"line":65,"column":4},"end":{"line":83,"column":5}},"12":{"start":{"line":66,"column":20},"end":{"line":66,"column":36}},"13":{"start":{"line":67,"column":24},"end":{"line":67,"column":42}},"14":{"start":{"line":68,"column":27},"end":{"line":68,"column":53}},"15":{"start":{"line":69,"column":25},"end":{"line":69,"column":62}},"16":{"start":{"line":71,"column":6},"end":{"line":71,"column":40}},"17":{"start":{"line":72,"column":6},"end":{"line":76,"column":7}},"18":{"start":{"line":72,"column":19},"end":{"line":72,"column":31}},"19":{"start":{"line":73,"column":24},"end":{"line":73,"column":54}},"20":{"start":{"line":74,"column":23},"end":{"line":74,"column":56}},"21":{"start":{"line":75,"column":8},"end":{"line":75,"column":59}},"22":{"start":{"line":79,"column":6},"end":{"line":82,"column":7}},"23":{"start":{"line":80,"column":24},"end":{"line":80,"column":63}},"24":{"start":{"line":81,"column":8},"end":{"line":81,"column":31}},"25":{"start":{"line":85,"column":4},"end":{"line":85,"column":59}},"26":{"start":{"line":89,"column":4},"end":{"line":91,"column":5}},"27":{"start":{"line":90,"column":6},"end":{"line":90,"column":27}},"28":{"start":{"line":94,"column":4},"end":{"line":94,"column":41}},"29":{"start":{"line":104,"column":2},"end":{"line":104,"column":48}},"30":{"start":{"line":104,"column":41},"end":{"line":104,"column":48}},"31":{"start":{"line":107,"column":2},"end":{"line":253,"column":3}},"32":{"start":{"line":110,"column":6},"end":{"line":116,"column":9}},"33":{"start":{"line":112,"column":37},"end":{"line":112,"column":56}},"34":{"start":{"line":117,"column":6},"end":{"line":117,"column":12}},"35":{"start":{"line":123,"column":25},"end":{"line":123,"column":36}},"36":{"start":{"line":125,"column":6},"end":{"line":138,"column":7}},"37":{"start":{"line":127,"column":8},"end":{"line":127,"column":43}},"38":{"start":{"line":128,"column":13},"end":{"line":138,"column":7}},"39":{"start":{"line":130,"column":8},"end":{"line":130,"column":69}},"40":{"start":{"line":131,"column":13},"end":{"line":138,"column":7}},"41":{"start":{"line":133,"column":8},"end":{"line":137,"column":9}},"42":{"start":{"line":134,"column":10},"end":{"line":134,"column":56}},"43":{"start":{"line":135,"column":15},"end":{"line":137,"column":9}},"44":{"start":{"line":136,"column":10},"end":{"line":136,"column":47}},"45":{"start":{"line":140,"column":6},"end":{"line":146,"column":9}},"46":{"start":{"line":142,"column":37},"end":{"line":142,"column":56}},"47":{"start":{"line":147,"column":6},"end":{"line":147,"column":12}},"48":{"start":{"line":151,"column":6},"end":{"line":155,"column":9}},"49":{"start":{"line":156,"column":6},"end":{"line":156,"column":12}},"50":{"start":{"line":160,"column":6},"end":{"line":171,"column":7}},"51":{"start":{"line":162,"column":21},"end":{"line":163,"column":65}},"52":{"start":{"line":164,"column":8},"end":{"line":170,"column":9}},"53":{"start":{"line":165,"column":10},"end":{"line":169,"column":13}},"54":{"start":{"line":172,"column":6},"end":{"line":182,"column":7}},"55":{"start":{"line":174,"column":8},"end":{"line":181,"column":11}},"56":{"start":{"line":175,"column":10},"end":{"line":180,"column":13}},"57":{"start":{"line":183,"column":6},"end":{"line":183,"column":12}},"58":{"start":{"line":187,"column":26},"end":{"line":189,"column":35}},"59":{"start":{"line":190,"column":6},"end":{"line":193,"column":9}},"60":{"start":{"line":194,"column":6},"end":{"line":194,"column":12}},"61":{"start":{"line":198,"column":6},"end":{"line":202,"column":9}},"62":{"start":{"line":203,"column":6},"end":{"line":203,"column":12}},"63":{"start":{"line":207,"column":25},"end":{"line":210,"column":7}},"64":{"start":{"line":212,"column":6},"end":{"line":235,"column":9}},"65":{"start":{"line":213,"column":8},"end":{"line":234,"column":9}},"66":{"start":{"line":215,"column":10},"end":{"line":219,"column":13}},"67":{"start":{"line":220,"column":15},"end":{"line":234,"column":9}},"68":{"start":{"line":222,"column":10},"end":{"line":226,"column":13}},"69":{"start":{"line":227,"column":15},"end":{"line":234,"column":9}},"70":{"start":{"line":229,"column":10},"end":{"line":233,"column":13}},"71":{"start":{"line":238,"column":6},"end":{"line":242,"column":7}},"72":{"start":{"line":239,"column":8},"end":{"line":241,"column":11}},"73":{"start":{"line":244,"column":6},"end":{"line":244,"column":40}},"74":{"start":{"line":245,"column":6},"end":{"line":245,"column":12}},"75":{"start":{"line":249,"column":6},"end":{"line":251,"column":9}},"76":{"start":{"line":250,"column":8},"end":{"line":250,"column":58}},"77":{"start":{"line":252,"column":6},"end":{"line":252,"column":12}},"78":{"start":{"line":256,"column":2},"end":{"line":273,"column":3}},"79":{"start":{"line":257,"column":4},"end":{"line":257,"column":52}},"80":{"start":{"line":257,"column":43},"end":{"line":257,"column":52}},"81":{"start":{"line":258,"column":18},"end":{"line":258,"column":27}},"82":{"start":{"line":260,"column":4},"end":{"line":272,"column":5}},"83":{"start":{"line":262,"column":6},"end":{"line":267,"column":9}},"84":{"start":{"line":263,"column":8},"end":{"line":266,"column":9}},"85":{"start":{"line":264,"column":10},"end":{"line":264,"column":26}},"86":{"start":{"line":265,"column":10},"end":{"line":265,"column":31}},"87":{"start":{"line":268,"column":11},"end":{"line":272,"column":5}},"88":{"start":{"line":270,"column":6},"end":{"line":270,"column":26}},"89":{"start":{"line":271,"column":6},"end":{"line":271,"column":31}},"90":{"start":{"line":282,"column":2},"end":{"line":296,"column":3}},"91":{"start":{"line":283,"column":4},"end":{"line":283,"column":22}},"92":{"start":{"line":284,"column":9},"end":{"line":296,"column":3}},"93":{"start":{"line":286,"column":4},"end":{"line":286,"column":40}},"94":{"start":{"line":287,"column":9},"end":{"line":296,"column":3}},"95":{"start":{"line":289,"column":4},"end":{"line":289,"column":52}},"96":{"start":{"line":290,"column":9},"end":{"line":296,"column":3}},"97":{"start":{"line":292,"column":4},"end":{"line":292,"column":30}},"98":{"start":{"line":293,"column":9},"end":{"line":296,"column":3}},"99":{"start":{"line":295,"column":4},"end":{"line":295,"column":30}},"100":{"start":{"line":297,"column":2},"end":{"line":297,"column":19}},"101":{"start":{"line":307,"column":2},"end":{"line":307,"column":20}},"102":{"start":{"line":307,"column":13},"end":{"line":307,"column":20}},"103":{"start":{"line":309,"column":2},"end":{"line":332,"column":3}},"104":{"start":{"line":311,"column":4},"end":{"line":311,"column":30}},"105":{"start":{"line":312,"column":9},"end":{"line":332,"column":3}},"106":{"start":{"line":314,"column":4},"end":{"line":321,"column":7}},"107":{"start":{"line":315,"column":6},"end":{"line":320,"column":7}},"108":{"start":{"line":316,"column":8},"end":{"line":316,"column":52}},"109":{"start":{"line":317,"column":13},"end":{"line":320,"column":7}},"110":{"start":{"line":319,"column":8},"end":{"line":319,"column":55}},"111":{"start":{"line":322,"column":9},"end":{"line":332,"column":3}},"112":{"start":{"line":324,"column":4},"end":{"line":328,"column":7}},"113":{"start":{"line":325,"column":6},"end":{"line":327,"column":7}},"114":{"start":{"line":326,"column":8},"end":{"line":326,"column":46}},"115":{"start":{"line":329,"column":9},"end":{"line":332,"column":3}},"116":{"start":{"line":331,"column":4},"end":{"line":331,"column":47}},"117":{"start":{"line":341,"column":18},"end":{"line":341,"column":20}},"118":{"start":{"line":342,"column":15},"end":{"line":342,"column":34}},"119":{"start":{"line":344,"column":2},"end":{"line":372,"column":5}},"120":{"start":{"line":345,"column":4},"end":{"line":371,"column":5}},"121":{"start":{"line":346,"column":25},"end":{"line":354,"column":7}},"122":{"start":{"line":352,"column":43},"end":{"line":352,"column":62}},"123":{"start":{"line":357,"column":6},"end":{"line":359,"column":7}},"124":{"start":{"line":358,"column":8},"end":{"line":358,"column":80}},"125":{"start":{"line":361,"column":6},"end":{"line":361,"column":31}},"126":{"start":{"line":362,"column":11},"end":{"line":371,"column":5}},"127":{"start":{"line":364,"column":6},"end":{"line":370,"column":9}},"128":{"start":{"line":374,"column":2},"end":{"line":374,"column":17}},"129":{"start":{"line":384,"column":4},"end":{"line":388,"column":39}},"130":{"start":{"line":390,"column":2},"end":{"line":390,"column":34}},"131":{"start":{"line":390,"column":18},"end":{"line":390,"column":34}},"132":{"start":{"line":391,"column":2},"end":{"line":391,"column":34}},"133":{"start":{"line":391,"column":18},"end":{"line":391,"column":34}},"134":{"start":{"line":392,"column":2},"end":{"line":392,"column":19}},"135":{"start":{"line":402,"column":19},"end":{"line":402,"column":20}},"136":{"start":{"line":405,"column":4},"end":{"line":405,"column":50}},"137":{"start":{"line":405,"column":43},"end":{"line":405,"column":50}},"138":{"start":{"line":408,"column":4},"end":{"line":433,"column":5}},"139":{"start":{"line":417,"column":8},"end":{"line":417,"column":21}},"140":{"start":{"line":418,"column":8},"end":{"line":418,"column":14}},"141":{"start":{"line":422,"column":8},"end":{"line":424,"column":9}},"142":{"start":{"line":423,"column":10},"end":{"line":423,"column":23}},"143":{"start":{"line":425,"column":8},"end":{"line":425,"column":14}},"144":{"start":{"line":429,"column":8},"end":{"line":431,"column":9}},"145":{"start":{"line":430,"column":10},"end":{"line":430,"column":23}},"146":{"start":{"line":432,"column":8},"end":{"line":432,"column":14}},"147":{"start":{"line":436,"column":4},"end":{"line":445,"column":5}},"148":{"start":{"line":437,"column":6},"end":{"line":437,"column":54}},"149":{"start":{"line":437,"column":45},"end":{"line":437,"column":54}},"150":{"start":{"line":438,"column":20},"end":{"line":438,"column":29}},"151":{"start":{"line":440,"column":6},"end":{"line":444,"column":7}},"152":{"start":{"line":441,"column":8},"end":{"line":441,"column":47}},"153":{"start":{"line":441,"column":27},"end":{"line":441,"column":45}},"154":{"start":{"line":442,"column":13},"end":{"line":444,"column":7}},"155":{"start":{"line":443,"column":8},"end":{"line":443,"column":31}},"156":{"start":{"line":448,"column":2},"end":{"line":448,"column":23}},"157":{"start":{"line":449,"column":2},"end":{"line":449,"column":20}},"158":{"start":{"line":460,"column":16},"end":{"line":460,"column":32}},"159":{"start":{"line":463,"column":20},"end":{"line":469,"column":11}},"160":{"start":{"line":464,"column":20},"end":{"line":464,"column":31}},"161":{"start":{"line":465,"column":4},"end":{"line":468,"column":36}},"162":{"start":{"line":471,"column":23},"end":{"line":476,"column":11}},"163":{"start":{"line":472,"column":20},"end":{"line":472,"column":31}},"164":{"start":{"line":473,"column":4},"end":{"line":475,"column":35}},"165":{"start":{"line":478,"column":21},"end":{"line":478,"column":74}},"166":{"start":{"line":478,"column":42},"end":{"line":478,"column":66}},"167":{"start":{"line":481,"column":26},"end":{"line":481,"column":28}},"168":{"start":{"line":482,"column":27},"end":{"line":482,"column":28}},"169":{"start":{"line":483,"column":24},"end":{"line":483,"column":25}},"170":{"start":{"line":485,"column":2},"end":{"line":493,"column":5}},"171":{"start":{"line":486,"column":4},"end":{"line":492,"column":5}},"172":{"start":{"line":489,"column":30},"end":{"line":489,"column":32}},"173":{"start":{"line":490,"column":6},"end":{"line":490,"column":44}},"174":{"start":{"line":491,"column":6},"end":{"line":491,"column":44}},"175":{"start":{"line":495,"column":28},"end":{"line":497,"column":7}},"176":{"start":{"line":499,"column":28},"end":{"line":501,"column":7}},"177":{"start":{"line":504,"column":2},"end":{"line":504,"column":50}},"178":{"start":{"line":507,"column":22},"end":{"line":508,"column":40}},"179":{"start":{"line":508,"column":4},"end":{"line":508,"column":36}},"180":{"start":{"line":509,"column":31},"end":{"line":511,"column":7}},"181":{"start":{"line":515,"column":14},"end":{"line":515,"column":28}},"182":{"start":{"line":516,"column":13},"end":{"line":516,"column":42}},"183":{"start":{"line":517,"column":31},"end":{"line":519,"column":4}},"184":{"start":{"line":521,"column":2},"end":{"line":545,"column":4}},"185":{"start":{"line":554,"column":17},"end":{"line":554,"column":18}},"186":{"start":{"line":557,"column":4},"end":{"line":557,"column":50}},"187":{"start":{"line":557,"column":43},"end":{"line":557,"column":50}},"188":{"start":{"line":560,"column":4},"end":{"line":562,"column":5}},"189":{"start":{"line":561,"column":6},"end":{"line":561,"column":23}},"190":{"start":{"line":565,"column":25},"end":{"line":578,"column":5}},"191":{"start":{"line":580,"column":22},"end":{"line":580,"column":74}},"192":{"start":{"line":583,"column":4},"end":{"line":592,"column":5}},"193":{"start":{"line":584,"column":6},"end":{"line":584,"column":54}},"194":{"start":{"line":584,"column":45},"end":{"line":584,"column":54}},"195":{"start":{"line":585,"column":20},"end":{"line":585,"column":29}},"196":{"start":{"line":587,"column":6},"end":{"line":591,"column":7}},"197":{"start":{"line":588,"column":8},"end":{"line":588,"column":51}},"198":{"start":{"line":588,"column":27},"end":{"line":588,"column":49}},"199":{"start":{"line":589,"column":13},"end":{"line":591,"column":7}},"200":{"start":{"line":590,"column":8},"end":{"line":590,"column":35}},"201":{"start":{"line":595,"column":2},"end":{"line":595,"column":16}},"202":{"start":{"line":596,"column":2},"end":{"line":596,"column":18}},"203":{"start":{"line":607,"column":16},"end":{"line":607,"column":32}},"204":{"start":{"line":609,"column":2},"end":{"line":632,"column":4}},"205":{"start":{"line":642,"column":20},"end":{"line":642,"column":22}},"206":{"start":{"line":644,"column":2},"end":{"line":688,"column":3}},"207":{"start":{"line":646,"column":21},"end":{"line":662,"column":5}},"208":{"start":{"line":664,"column":4},"end":{"line":673,"column":7}},"209":{"start":{"line":666,"column":6},"end":{"line":672,"column":7}},"210":{"start":{"line":667,"column":25},"end":{"line":667,"column":33}},"211":{"start":{"line":669,"column":8},"end":{"line":671,"column":9}},"212":{"start":{"line":669,"column":45},"end":{"line":669,"column":64}},"213":{"start":{"line":670,"column":10},"end":{"line":670,"column":57}},"214":{"start":{"line":675,"column":9},"end":{"line":688,"column":3}},"215":{"start":{"line":677,"column":21},"end":{"line":680,"column":5}},"216":{"start":{"line":682,"column":4},"end":{"line":687,"column":7}},"217":{"start":{"line":684,"column":6},"end":{"line":686,"column":7}},"218":{"start":{"line":685,"column":8},"end":{"line":685,"column":55}},"219":{"start":{"line":690,"column":2},"end":{"line":690,"column":19}},"220":{"start":{"line":700,"column":18},"end":{"line":700,"column":20}},"221":{"start":{"line":702,"column":2},"end":{"line":716,"column":3}},"222":{"start":{"line":704,"column":20},"end":{"line":704,"column":36}},"223":{"start":{"line":706,"column":4},"end":{"line":708,"column":5}},"224":{"start":{"line":707,"column":6},"end":{"line":707,"column":52}},"225":{"start":{"line":709,"column":9},"end":{"line":716,"column":3}},"226":{"start":{"line":711,"column":20},"end":{"line":711,"column":40}},"227":{"start":{"line":713,"column":4},"end":{"line":715,"column":5}},"228":{"start":{"line":714,"column":6},"end":{"line":714,"column":52}},"229":{"start":{"line":718,"column":2},"end":{"line":718,"column":17}},"230":{"start":{"line":728,"column":18},"end":{"line":728,"column":20}},"231":{"start":{"line":730,"column":2},"end":{"line":750,"column":3}},"232":{"start":{"line":732,"column":21},"end":{"line":736,"column":5}},"233":{"start":{"line":738,"column":4},"end":{"line":749,"column":7}},"234":{"start":{"line":740,"column":6},"end":{"line":748,"column":7}},"235":{"start":{"line":741,"column":8},"end":{"line":747,"column":9}},"236":{"start":{"line":743,"column":24},"end":{"line":743,"column":83}},"237":{"start":{"line":743,"column":53},"end":{"line":743,"column":82}},"238":{"start":{"line":744,"column":10},"end":{"line":744,"column":33}},"239":{"start":{"line":746,"column":10},"end":{"line":746,"column":33}},"240":{"start":{"line":752,"column":2},"end":{"line":752,"column":17}},"241":{"start":{"line":762,"column":18},"end":{"line":762,"column":20}},"242":{"start":{"line":764,"column":2},"end":{"line":790,"column":3}},"243":{"start":{"line":766,"column":20},"end":{"line":766,"column":77}},"244":{"start":{"line":768,"column":4},"end":{"line":773,"column":5}},"245":{"start":{"line":769,"column":6},"end":{"line":772,"column":9}},"246":{"start":{"line":771,"column":73},"end":{"line":771,"column":81}},"247":{"start":{"line":774,"column":9},"end":{"line":790,"column":3}},"248":{"start":{"line":776,"column":21},"end":{"line":779,"column":5}},"249":{"start":{"line":781,"column":4},"end":{"line":789,"column":7}},"250":{"start":{"line":783,"column":6},"end":{"line":788,"column":7}},"251":{"start":{"line":784,"column":8},"end":{"line":787,"column":11}},"252":{"start":{"line":786,"column":62},"end":{"line":786,"column":70}},"253":{"start":{"line":792,"column":2},"end":{"line":792,"column":17}}},"fnMap":{"0":{"name":"parseCode","decl":{"start":{"line":9,"column":22},"end":{"line":9,"column":31}},"loc":{"start":{"line":9,"column":48},"end":{"line":96,"column":1}},"line":9},"1":{"name":"walkAST","decl":{"start":{"line":103,"column":9},"end":{"line":103,"column":16}},"loc":{"start":{"line":103,"column":33},"end":{"line":274,"column":1}},"line":103},"2":{"name":"(anonymous_2)","decl":{"start":{"line":112,"column":32},"end":{"line":112,"column":33}},"loc":{"start":{"line":112,"column":37},"end":{"line":112,"column":56}},"line":112},"3":{"name":"(anonymous_3)","decl":{"start":{"line":142,"column":32},"end":{"line":142,"column":33}},"loc":{"start":{"line":142,"column":37},"end":{"line":142,"column":56}},"line":142},"4":{"name":"(anonymous_4)","decl":{"start":{"line":174,"column":32},"end":{"line":174,"column":33}},"loc":{"start":{"line":174,"column":40},"end":{"line":181,"column":9}},"line":174},"5":{"name":"(anonymous_5)","decl":{"start":{"line":212,"column":30},"end":{"line":212,"column":31}},"loc":{"start":{"line":212,"column":38},"end":{"line":235,"column":7}},"line":212},"6":{"name":"(anonymous_6)","decl":{"start":{"line":249,"column":32},"end":{"line":249,"column":33}},"loc":{"start":{"line":249,"column":40},"end":{"line":251,"column":7}},"line":249},"7":{"name":"(anonymous_7)","decl":{"start":{"line":262,"column":20},"end":{"line":262,"column":21}},"loc":{"start":{"line":262,"column":25},"end":{"line":267,"column":7}},"line":262},"8":{"name":"extractParamName","decl":{"start":{"line":281,"column":9},"end":{"line":281,"column":25}},"loc":{"start":{"line":281,"column":33},"end":{"line":298,"column":1}},"line":281},"9":{"name":"extractVariableNames","decl":{"start":{"line":306,"column":9},"end":{"line":306,"column":29}},"loc":{"start":{"line":306,"column":47},"end":{"line":333,"column":1}},"line":306},"10":{"name":"(anonymous_10)","decl":{"start":{"line":314,"column":28},"end":{"line":314,"column":29}},"loc":{"start":{"line":314,"column":36},"end":{"line":321,"column":5}},"line":314},"11":{"name":"(anonymous_11)","decl":{"start":{"line":324,"column":26},"end":{"line":324,"column":27}},"loc":{"start":{"line":324,"column":34},"end":{"line":328,"column":5}},"line":324},"12":{"name":"extractClassMethods","decl":{"start":{"line":340,"column":9},"end":{"line":340,"column":28}},"loc":{"start":{"line":340,"column":40},"end":{"line":375,"column":1}},"line":340},"13":{"name":"(anonymous_13)","decl":{"start":{"line":344,"column":15},"end":{"line":344,"column":16}},"loc":{"start":{"line":344,"column":23},"end":{"line":372,"column":3}},"line":344},"14":{"name":"(anonymous_14)","decl":{"start":{"line":352,"column":38},"end":{"line":352,"column":39}},"loc":{"start":{"line":352,"column":43},"end":{"line":352,"column":62}},"line":352},"15":{"name":"calculateComplexity","decl":{"start":{"line":382,"column":9},"end":{"line":382,"column":28}},"loc":{"start":{"line":382,"column":39},"end":{"line":393,"column":1}},"line":382},"16":{"name":"calculateCyclomaticComplexity","decl":{"start":{"line":401,"column":9},"end":{"line":401,"column":38}},"loc":{"start":{"line":401,"column":44},"end":{"line":450,"column":1}},"line":401},"17":{"name":"countComplexity","decl":{"start":{"line":404,"column":11},"end":{"line":404,"column":26}},"loc":{"start":{"line":404,"column":33},"end":{"line":446,"column":3}},"line":404},"18":{"name":"(anonymous_18)","decl":{"start":{"line":441,"column":22},"end":{"line":441,"column":23}},"loc":{"start":{"line":441,"column":27},"end":{"line":441,"column":45}},"line":441},"19":{"name":"calculateMetrics","decl":{"start":{"line":459,"column":9},"end":{"line":459,"column":25}},"loc":{"start":{"line":459,"column":47},"end":{"line":546,"column":1}},"line":459},"20":{"name":"(anonymous_20)","decl":{"start":{"line":463,"column":33},"end":{"line":463,"column":34}},"loc":{"start":{"line":463,"column":41},"end":{"line":469,"column":3}},"line":463},"21":{"name":"(anonymous_21)","decl":{"start":{"line":471,"column":36},"end":{"line":471,"column":37}},"loc":{"start":{"line":471,"column":44},"end":{"line":476,"column":3}},"line":471},"22":{"name":"(anonymous_22)","decl":{"start":{"line":478,"column":34},"end":{"line":478,"column":35}},"loc":{"start":{"line":478,"column":42},"end":{"line":478,"column":66}},"line":478},"23":{"name":"(anonymous_23)","decl":{"start":{"line":485,"column":29},"end":{"line":485,"column":30}},"loc":{"start":{"line":485,"column":37},"end":{"line":493,"column":3}},"line":485},"24":{"name":"(anonymous_24)","decl":{"start":{"line":507,"column":48},"end":{"line":507,"column":49}},"loc":{"start":{"line":508,"column":4},"end":{"line":508,"column":36}},"line":508},"25":{"name":"calculateMaxNestingDepth","decl":{"start":{"line":553,"column":9},"end":{"line":553,"column":33}},"loc":{"start":{"line":553,"column":39},"end":{"line":597,"column":1}},"line":553},"26":{"name":"traverse","decl":{"start":{"line":556,"column":11},"end":{"line":556,"column":19}},"loc":{"start":{"line":556,"column":37},"end":{"line":593,"column":3}},"line":556},"27":{"name":"(anonymous_27)","decl":{"start":{"line":588,"column":22},"end":{"line":588,"column":23}},"loc":{"start":{"line":588,"column":27},"end":{"line":588,"column":49}},"line":588},"28":{"name":"basicAnalysis","decl":{"start":{"line":606,"column":9},"end":{"line":606,"column":22}},"loc":{"start":{"line":606,"column":39},"end":{"line":633,"column":1}},"line":606},"29":{"name":"detectFunctions","decl":{"start":{"line":641,"column":9},"end":{"line":641,"column":24}},"loc":{"start":{"line":641,"column":41},"end":{"line":691,"column":1}},"line":641},"30":{"name":"(anonymous_30)","decl":{"start":{"line":664,"column":21},"end":{"line":664,"column":22}},"loc":{"start":{"line":664,"column":32},"end":{"line":673,"column":5}},"line":664},"31":{"name":"(anonymous_31)","decl":{"start":{"line":669,"column":40},"end":{"line":669,"column":41}},"loc":{"start":{"line":669,"column":45},"end":{"line":669,"column":64}},"line":669},"32":{"name":"(anonymous_32)","decl":{"start":{"line":682,"column":21},"end":{"line":682,"column":22}},"loc":{"start":{"line":682,"column":32},"end":{"line":687,"column":5}},"line":682},"33":{"name":"detectClasses","decl":{"start":{"line":699,"column":9},"end":{"line":699,"column":22}},"loc":{"start":{"line":699,"column":39},"end":{"line":719,"column":1}},"line":699},"34":{"name":"extractBasicExports","decl":{"start":{"line":727,"column":9},"end":{"line":727,"column":28}},"loc":{"start":{"line":727,"column":45},"end":{"line":753,"column":1}},"line":727},"35":{"name":"(anonymous_35)","decl":{"start":{"line":738,"column":21},"end":{"line":738,"column":22}},"loc":{"start":{"line":738,"column":32},"end":{"line":749,"column":5}},"line":738},"36":{"name":"(anonymous_36)","decl":{"start":{"line":743,"column":48},"end":{"line":743,"column":49}},"loc":{"start":{"line":743,"column":53},"end":{"line":743,"column":82}},"line":743},"37":{"name":"extractBasicImports","decl":{"start":{"line":761,"column":9},"end":{"line":761,"column":28}},"loc":{"start":{"line":761,"column":45},"end":{"line":793,"column":1}},"line":761},"38":{"name":"(anonymous_38)","decl":{"start":{"line":771,"column":68},"end":{"line":771,"column":69}},"loc":{"start":{"line":771,"column":73},"end":{"line":771,"column":81}},"line":771},"39":{"name":"(anonymous_39)","decl":{"start":{"line":781,"column":21},"end":{"line":781,"column":22}},"loc":{"start":{"line":781,"column":32},"end":{"line":789,"column":5}},"line":781},"40":{"name":"(anonymous_40)","decl":{"start":{"line":786,"column":57},"end":{"line":786,"column":58}},"loc":{"start":{"line":786,"column":62},"end":{"line":786,"column":70}},"line":786}},"branchMap":{"0":{"loc":{"start":{"line":11,"column":2},"end":{"line":13,"column":3}},"type":"if","locations":[{"start":{"line":11,"column":2},"end":{"line":13,"column":3}},{"start":{},"end":{}}],"line":11},"1":{"loc":{"start":{"line":11,"column":6},"end":{"line":11,"column":60}},"type":"binary-expr","locations":[{"start":{"line":11,"column":6},"end":{"line":11,"column":31}},{"start":{"line":11,"column":35},"end":{"line":11,"column":60}}],"line":11},"2":{"loc":{"start":{"line":65,"column":4},"end":{"line":83,"column":5}},"type":"if","locations":[{"start":{"line":65,"column":4},"end":{"line":83,"column":5}},{"start":{},"end":{}}],"line":65},"3":{"loc":{"start":{"line":74,"column":23},"end":{"line":74,"column":56}},"type":"cond-expr","locations":[{"start":{"line":74,"column":41},"end":{"line":74,"column":47}},{"start":{"line":74,"column":50},"end":{"line":74,"column":56}}],"line":74},"4":{"loc":{"start":{"line":79,"column":6},"end":{"line":82,"column":7}},"type":"if","locations":[{"start":{"line":79,"column":6},"end":{"line":82,"column":7}},{"start":{},"end":{}}],"line":79},"5":{"loc":{"start":{"line":89,"column":4},"end":{"line":91,"column":5}},"type":"if","locations":[{"start":{"line":89,"column":4},"end":{"line":91,"column":5}},{"start":{},"end":{}}],"line":89},"6":{"loc":{"start":{"line":104,"column":2},"end":{"line":104,"column":48}},"type":"if","locations":[{"start":{"line":104,"column":2},"end":{"line":104,"column":48}},{"start":{},"end":{}}],"line":104},"7":{"loc":{"start":{"line":104,"column":6},"end":{"line":104,"column":39}},"type":"binary-expr","locations":[{"start":{"line":104,"column":6},"end":{"line":104,"column":11}},{"start":{"line":104,"column":15},"end":{"line":104,"column":39}}],"line":104},"8":{"loc":{"start":{"line":107,"column":2},"end":{"line":253,"column":3}},"type":"switch","locations":[{"start":{"line":108,"column":4},"end":{"line":117,"column":12}},{"start":{"line":119,"column":4},"end":{"line":119,"column":35}},{"start":{"line":120,"column":4},"end":{"line":147,"column":12}},{"start":{"line":149,"column":4},"end":{"line":156,"column":12}},{"start":{"line":158,"column":4},"end":{"line":183,"column":12}},{"start":{"line":185,"column":4},"end":{"line":194,"column":12}},{"start":{"line":196,"column":4},"end":{"line":203,"column":12}},{"start":{"line":205,"column":4},"end":{"line":245,"column":12}},{"start":{"line":247,"column":4},"end":{"line":252,"column":12}}],"line":107},"9":{"loc":{"start":{"line":111,"column":14},"end":{"line":111,"column":42}},"type":"binary-expr","locations":[{"start":{"line":111,"column":14},"end":{"line":111,"column":27}},{"start":{"line":111,"column":31},"end":{"line":111,"column":42}}],"line":111},"10":{"loc":{"start":{"line":125,"column":6},"end":{"line":138,"column":7}},"type":"if","locations":[{"start":{"line":125,"column":6},"end":{"line":138,"column":7}},{"start":{"line":128,"column":13},"end":{"line":138,"column":7}}],"line":125},"11":{"loc":{"start":{"line":128,"column":13},"end":{"line":138,"column":7}},"type":"if","locations":[{"start":{"line":128,"column":13},"end":{"line":138,"column":7}},{"start":{"line":131,"column":13},"end":{"line":138,"column":7}}],"line":128},"12":{"loc":{"start":{"line":130,"column":23},"end":{"line":130,"column":68}},"type":"binary-expr","locations":[{"start":{"line":130,"column":23},"end":{"line":130,"column":43}},{"start":{"line":130,"column":47},"end":{"line":130,"column":68}}],"line":130},"13":{"loc":{"start":{"line":131,"column":13},"end":{"line":138,"column":7}},"type":"if","locations":[{"start":{"line":131,"column":13},"end":{"line":138,"column":7}},{"start":{},"end":{}}],"line":131},"14":{"loc":{"start":{"line":133,"column":8},"end":{"line":137,"column":9}},"type":"if","locations":[{"start":{"line":133,"column":8},"end":{"line":137,"column":9}},{"start":{"line":135,"column":15},"end":{"line":137,"column":9}}],"line":133},"15":{"loc":{"start":{"line":135,"column":15},"end":{"line":137,"column":9}},"type":"if","locations":[{"start":{"line":135,"column":15},"end":{"line":137,"column":9}},{"start":{},"end":{}}],"line":135},"16":{"loc":{"start":{"line":144,"column":14},"end":{"line":144,"column":78}},"type":"cond-expr","locations":[{"start":{"line":144,"column":56},"end":{"line":144,"column":63}},{"start":{"line":144,"column":66},"end":{"line":144,"column":78}}],"line":144},"17":{"loc":{"start":{"line":152,"column":14},"end":{"line":152,"column":42}},"type":"binary-expr","locations":[{"start":{"line":152,"column":14},"end":{"line":152,"column":27}},{"start":{"line":152,"column":31},"end":{"line":152,"column":42}}],"line":152},"18":{"loc":{"start":{"line":160,"column":6},"end":{"line":171,"column":7}},"type":"if","locations":[{"start":{"line":160,"column":6},"end":{"line":171,"column":7}},{"start":{},"end":{}}],"line":160},"19":{"loc":{"start":{"line":162,"column":21},"end":{"line":163,"column":65}},"type":"binary-expr","locations":[{"start":{"line":162,"column":21},"end":{"line":162,"column":46}},{"start":{"line":163,"column":21},"end":{"line":163,"column":65}}],"line":162},"20":{"loc":{"start":{"line":164,"column":8},"end":{"line":170,"column":9}},"type":"if","locations":[{"start":{"line":164,"column":8},"end":{"line":170,"column":9}},{"start":{},"end":{}}],"line":164},"21":{"loc":{"start":{"line":168,"column":20},"end":{"line":168,"column":46}},"type":"binary-expr","locations":[{"start":{"line":168,"column":20},"end":{"line":168,"column":38}},{"start":{"line":168,"column":42},"end":{"line":168,"column":46}}],"line":168},"22":{"loc":{"start":{"line":172,"column":6},"end":{"line":182,"column":7}},"type":"if","locations":[{"start":{"line":172,"column":6},"end":{"line":182,"column":7}},{"start":{},"end":{}}],"line":172},"23":{"loc":{"start":{"line":178,"column":18},"end":{"line":178,"column":78}},"type":"cond-expr","locations":[{"start":{"line":178,"column":59},"end":{"line":178,"column":68}},{"start":{"line":178,"column":71},"end":{"line":178,"column":78}}],"line":178},"24":{"loc":{"start":{"line":179,"column":20},"end":{"line":179,"column":46}},"type":"binary-expr","locations":[{"start":{"line":179,"column":20},"end":{"line":179,"column":38}},{"start":{"line":179,"column":42},"end":{"line":179,"column":46}}],"line":179},"25":{"loc":{"start":{"line":187,"column":26},"end":{"line":189,"column":35}},"type":"binary-expr","locations":[{"start":{"line":187,"column":26},"end":{"line":187,"column":52}},{"start":{"line":188,"column":26},"end":{"line":188,"column":48}},{"start":{"line":189,"column":26},"end":{"line":189,"column":35}}],"line":187},"26":{"loc":{"start":{"line":199,"column":14},"end":{"line":199,"column":40}},"type":"binary-expr","locations":[{"start":{"line":199,"column":14},"end":{"line":199,"column":33}},{"start":{"line":199,"column":37},"end":{"line":199,"column":40}}],"line":199},"27":{"loc":{"start":{"line":213,"column":8},"end":{"line":234,"column":9}},"type":"if","locations":[{"start":{"line":213,"column":8},"end":{"line":234,"column":9}},{"start":{"line":220,"column":15},"end":{"line":234,"column":9}}],"line":213},"28":{"loc":{"start":{"line":220,"column":15},"end":{"line":234,"column":9}},"type":"if","locations":[{"start":{"line":220,"column":15},"end":{"line":234,"column":9}},{"start":{"line":227,"column":15},"end":{"line":234,"column":9}}],"line":220},"29":{"loc":{"start":{"line":227,"column":15},"end":{"line":234,"column":9}},"type":"if","locations":[{"start":{"line":227,"column":15},"end":{"line":234,"column":9}},{"start":{},"end":{}}],"line":227},"30":{"loc":{"start":{"line":232,"column":18},"end":{"line":232,"column":78}},"type":"cond-expr","locations":[{"start":{"line":232,"column":59},"end":{"line":232,"column":68}},{"start":{"line":232,"column":71},"end":{"line":232,"column":78}}],"line":232},"31":{"loc":{"start":{"line":238,"column":6},"end":{"line":242,"column":7}},"type":"if","locations":[{"start":{"line":238,"column":6},"end":{"line":242,"column":7}},{"start":{},"end":{}}],"line":238},"32":{"loc":{"start":{"line":257,"column":4},"end":{"line":257,"column":52}},"type":"if","locations":[{"start":{"line":257,"column":4},"end":{"line":257,"column":52}},{"start":{},"end":{}}],"line":257},"33":{"loc":{"start":{"line":257,"column":8},"end":{"line":257,"column":41}},"type":"binary-expr","locations":[{"start":{"line":257,"column":8},"end":{"line":257,"column":24}},{"start":{"line":257,"column":28},"end":{"line":257,"column":41}}],"line":257},"34":{"loc":{"start":{"line":260,"column":4},"end":{"line":272,"column":5}},"type":"if","locations":[{"start":{"line":260,"column":4},"end":{"line":272,"column":5}},{"start":{"line":268,"column":11},"end":{"line":272,"column":5}}],"line":260},"35":{"loc":{"start":{"line":263,"column":8},"end":{"line":266,"column":9}},"type":"if","locations":[{"start":{"line":263,"column":8},"end":{"line":266,"column":9}},{"start":{},"end":{}}],"line":263},"36":{"loc":{"start":{"line":263,"column":12},"end":{"line":263,"column":38}},"type":"binary-expr","locations":[{"start":{"line":263,"column":12},"end":{"line":263,"column":13}},{"start":{"line":263,"column":17},"end":{"line":263,"column":38}}],"line":263},"37":{"loc":{"start":{"line":268,"column":11},"end":{"line":272,"column":5}},"type":"if","locations":[{"start":{"line":268,"column":11},"end":{"line":272,"column":5}},{"start":{},"end":{}}],"line":268},"38":{"loc":{"start":{"line":268,"column":15},"end":{"line":268,"column":49}},"type":"binary-expr","locations":[{"start":{"line":268,"column":15},"end":{"line":268,"column":20}},{"start":{"line":268,"column":24},"end":{"line":268,"column":49}}],"line":268},"39":{"loc":{"start":{"line":282,"column":2},"end":{"line":296,"column":3}},"type":"if","locations":[{"start":{"line":282,"column":2},"end":{"line":296,"column":3}},{"start":{"line":284,"column":9},"end":{"line":296,"column":3}}],"line":282},"40":{"loc":{"start":{"line":284,"column":9},"end":{"line":296,"column":3}},"type":"if","locations":[{"start":{"line":284,"column":9},"end":{"line":296,"column":3}},{"start":{"line":287,"column":9},"end":{"line":296,"column":3}}],"line":284},"41":{"loc":{"start":{"line":287,"column":9},"end":{"line":296,"column":3}},"type":"if","locations":[{"start":{"line":287,"column":9},"end":{"line":296,"column":3}},{"start":{"line":290,"column":9},"end":{"line":296,"column":3}}],"line":287},"42":{"loc":{"start":{"line":290,"column":9},"end":{"line":296,"column":3}},"type":"if","locations":[{"start":{"line":290,"column":9},"end":{"line":296,"column":3}},{"start":{"line":293,"column":9},"end":{"line":296,"column":3}}],"line":290},"43":{"loc":{"start":{"line":293,"column":9},"end":{"line":296,"column":3}},"type":"if","locations":[{"start":{"line":293,"column":9},"end":{"line":296,"column":3}},{"start":{},"end":{}}],"line":293},"44":{"loc":{"start":{"line":307,"column":2},"end":{"line":307,"column":20}},"type":"if","locations":[{"start":{"line":307,"column":2},"end":{"line":307,"column":20}},{"start":{},"end":{}}],"line":307},"45":{"loc":{"start":{"line":309,"column":2},"end":{"line":332,"column":3}},"type":"if","locations":[{"start":{"line":309,"column":2},"end":{"line":332,"column":3}},{"start":{"line":312,"column":9},"end":{"line":332,"column":3}}],"line":309},"46":{"loc":{"start":{"line":312,"column":9},"end":{"line":332,"column":3}},"type":"if","locations":[{"start":{"line":312,"column":9},"end":{"line":332,"column":3}},{"start":{"line":322,"column":9},"end":{"line":332,"column":3}}],"line":312},"47":{"loc":{"start":{"line":315,"column":6},"end":{"line":320,"column":7}},"type":"if","locations":[{"start":{"line":315,"column":6},"end":{"line":320,"column":7}},{"start":{"line":317,"column":13},"end":{"line":320,"column":7}}],"line":315},"48":{"loc":{"start":{"line":317,"column":13},"end":{"line":320,"column":7}},"type":"if","locations":[{"start":{"line":317,"column":13},"end":{"line":320,"column":7}},{"start":{},"end":{}}],"line":317},"49":{"loc":{"start":{"line":322,"column":9},"end":{"line":332,"column":3}},"type":"if","locations":[{"start":{"line":322,"column":9},"end":{"line":332,"column":3}},{"start":{"line":329,"column":9},"end":{"line":332,"column":3}}],"line":322},"50":{"loc":{"start":{"line":325,"column":6},"end":{"line":327,"column":7}},"type":"if","locations":[{"start":{"line":325,"column":6},"end":{"line":327,"column":7}},{"start":{},"end":{}}],"line":325},"51":{"loc":{"start":{"line":329,"column":9},"end":{"line":332,"column":3}},"type":"if","locations":[{"start":{"line":329,"column":9},"end":{"line":332,"column":3}},{"start":{},"end":{}}],"line":329},"52":{"loc":{"start":{"line":345,"column":4},"end":{"line":371,"column":5}},"type":"if","locations":[{"start":{"line":345,"column":4},"end":{"line":371,"column":5}},{"start":{"line":362,"column":11},"end":{"line":371,"column":5}}],"line":345},"53":{"loc":{"start":{"line":347,"column":14},"end":{"line":347,"column":78}},"type":"cond-expr","locations":[{"start":{"line":347,"column":30},"end":{"line":347,"column":42}},{"start":{"line":347,"column":46},"end":{"line":347,"column":77}}],"line":347},"54":{"loc":{"start":{"line":347,"column":46},"end":{"line":347,"column":77}},"type":"binary-expr","locations":[{"start":{"line":347,"column":46},"end":{"line":347,"column":59}},{"start":{"line":347,"column":63},"end":{"line":347,"column":77}}],"line":347},"55":{"loc":{"start":{"line":357,"column":6},"end":{"line":359,"column":7}},"type":"if","locations":[{"start":{"line":357,"column":6},"end":{"line":359,"column":7}},{"start":{},"end":{}}],"line":357},"56":{"loc":{"start":{"line":357,"column":10},"end":{"line":357,"column":63}},"type":"binary-expr","locations":[{"start":{"line":357,"column":10},"end":{"line":357,"column":23}},{"start":{"line":357,"column":27},"end":{"line":357,"column":63}}],"line":357},"57":{"loc":{"start":{"line":362,"column":11},"end":{"line":371,"column":5}},"type":"if","locations":[{"start":{"line":362,"column":11},"end":{"line":371,"column":5}},{"start":{},"end":{}}],"line":362},"58":{"loc":{"start":{"line":365,"column":14},"end":{"line":365,"column":78}},"type":"cond-expr","locations":[{"start":{"line":365,"column":30},"end":{"line":365,"column":42}},{"start":{"line":365,"column":46},"end":{"line":365,"column":77}}],"line":365},"59":{"loc":{"start":{"line":365,"column":46},"end":{"line":365,"column":77}},"type":"binary-expr","locations":[{"start":{"line":365,"column":46},"end":{"line":365,"column":59}},{"start":{"line":365,"column":63},"end":{"line":365,"column":77}}],"line":365},"60":{"loc":{"start":{"line":390,"column":2},"end":{"line":390,"column":34}},"type":"if","locations":[{"start":{"line":390,"column":2},"end":{"line":390,"column":34}},{"start":{},"end":{}}],"line":390},"61":{"loc":{"start":{"line":391,"column":2},"end":{"line":391,"column":34}},"type":"if","locations":[{"start":{"line":391,"column":2},"end":{"line":391,"column":34}},{"start":{},"end":{}}],"line":391},"62":{"loc":{"start":{"line":405,"column":4},"end":{"line":405,"column":50}},"type":"if","locations":[{"start":{"line":405,"column":4},"end":{"line":405,"column":50}},{"start":{},"end":{}}],"line":405},"63":{"loc":{"start":{"line":405,"column":8},"end":{"line":405,"column":41}},"type":"binary-expr","locations":[{"start":{"line":405,"column":8},"end":{"line":405,"column":13}},{"start":{"line":405,"column":17},"end":{"line":405,"column":41}}],"line":405},"64":{"loc":{"start":{"line":408,"column":4},"end":{"line":433,"column":5}},"type":"switch","locations":[{"start":{"line":409,"column":6},"end":{"line":409,"column":25}},{"start":{"line":410,"column":6},"end":{"line":410,"column":35}},{"start":{"line":411,"column":6},"end":{"line":411,"column":26}},{"start":{"line":412,"column":6},"end":{"line":412,"column":28}},{"start":{"line":413,"column":6},"end":{"line":413,"column":28}},{"start":{"line":414,"column":6},"end":{"line":414,"column":28}},{"start":{"line":415,"column":6},"end":{"line":415,"column":30}},{"start":{"line":416,"column":6},"end":{"line":418,"column":14}},{"start":{"line":420,"column":6},"end":{"line":425,"column":14}},{"start":{"line":427,"column":6},"end":{"line":432,"column":14}}],"line":408},"65":{"loc":{"start":{"line":422,"column":8},"end":{"line":424,"column":9}},"type":"if","locations":[{"start":{"line":422,"column":8},"end":{"line":424,"column":9}},{"start":{},"end":{}}],"line":422},"66":{"loc":{"start":{"line":429,"column":8},"end":{"line":431,"column":9}},"type":"if","locations":[{"start":{"line":429,"column":8},"end":{"line":431,"column":9}},{"start":{},"end":{}}],"line":429},"67":{"loc":{"start":{"line":429,"column":12},"end":{"line":429,"column":60}},"type":"binary-expr","locations":[{"start":{"line":429,"column":12},"end":{"line":429,"column":34}},{"start":{"line":429,"column":38},"end":{"line":429,"column":60}}],"line":429},"68":{"loc":{"start":{"line":437,"column":6},"end":{"line":437,"column":54}},"type":"if","locations":[{"start":{"line":437,"column":6},"end":{"line":437,"column":54}},{"start":{},"end":{}}],"line":437},"69":{"loc":{"start":{"line":437,"column":10},"end":{"line":437,"column":43}},"type":"binary-expr","locations":[{"start":{"line":437,"column":10},"end":{"line":437,"column":26}},{"start":{"line":437,"column":30},"end":{"line":437,"column":43}}],"line":437},"70":{"loc":{"start":{"line":440,"column":6},"end":{"line":444,"column":7}},"type":"if","locations":[{"start":{"line":440,"column":6},"end":{"line":444,"column":7}},{"start":{"line":442,"column":13},"end":{"line":444,"column":7}}],"line":440},"71":{"loc":{"start":{"line":442,"column":13},"end":{"line":444,"column":7}},"type":"if","locations":[{"start":{"line":442,"column":13},"end":{"line":444,"column":7}},{"start":{},"end":{}}],"line":442},"72":{"loc":{"start":{"line":442,"column":17},"end":{"line":442,"column":51}},"type":"binary-expr","locations":[{"start":{"line":442,"column":17},"end":{"line":442,"column":22}},{"start":{"line":442,"column":26},"end":{"line":442,"column":51}}],"line":442},"73":{"loc":{"start":{"line":465,"column":11},"end":{"line":468,"column":35}},"type":"binary-expr","locations":[{"start":{"line":465,"column":11},"end":{"line":465,"column":29}},{"start":{"line":466,"column":11},"end":{"line":466,"column":36}},{"start":{"line":467,"column":11},"end":{"line":467,"column":36}},{"start":{"line":468,"column":11},"end":{"line":468,"column":35}}],"line":465},"74":{"loc":{"start":{"line":473,"column":11},"end":{"line":475,"column":34}},"type":"binary-expr","locations":[{"start":{"line":473,"column":11},"end":{"line":473,"column":35}},{"start":{"line":474,"column":11},"end":{"line":474,"column":35}},{"start":{"line":475,"column":11},"end":{"line":475,"column":34}}],"line":473},"75":{"loc":{"start":{"line":486,"column":4},"end":{"line":492,"column":5}},"type":"if","locations":[{"start":{"line":486,"column":4},"end":{"line":492,"column":5}},{"start":{},"end":{}}],"line":486},"76":{"loc":{"start":{"line":495,"column":28},"end":{"line":497,"column":7}},"type":"cond-expr","locations":[{"start":{"line":496,"column":6},"end":{"line":496,"column":49}},{"start":{"line":497,"column":6},"end":{"line":497,"column":7}}],"line":495},"77":{"loc":{"start":{"line":499,"column":28},"end":{"line":501,"column":7}},"type":"cond-expr","locations":[{"start":{"line":500,"column":6},"end":{"line":500,"column":34}},{"start":{"line":501,"column":6},"end":{"line":501,"column":7}}],"line":499},"78":{"loc":{"start":{"line":508,"column":11},"end":{"line":508,"column":35}},"type":"binary-expr","locations":[{"start":{"line":508,"column":11},"end":{"line":508,"column":30}},{"start":{"line":508,"column":34},"end":{"line":508,"column":35}}],"line":508},"79":{"loc":{"start":{"line":509,"column":31},"end":{"line":511,"column":7}},"type":"cond-expr","locations":[{"start":{"line":510,"column":6},"end":{"line":510,"column":45}},{"start":{"line":511,"column":6},"end":{"line":511,"column":7}}],"line":509},"80":{"loc":{"start":{"line":515,"column":14},"end":{"line":515,"column":28}},"type":"binary-expr","locations":[{"start":{"line":515,"column":14},"end":{"line":515,"column":23}},{"start":{"line":515,"column":27},"end":{"line":515,"column":28}}],"line":515},"81":{"loc":{"start":{"line":527,"column":18},"end":{"line":527,"column":87}},"type":"cond-expr","locations":[{"start":{"line":527,"column":37},"end":{"line":527,"column":83}},{"start":{"line":527,"column":86},"end":{"line":527,"column":87}}],"line":527},"82":{"loc":{"start":{"line":556,"column":26},"end":{"line":556,"column":35}},"type":"default-arg","locations":[{"start":{"line":556,"column":34},"end":{"line":556,"column":35}}],"line":556},"83":{"loc":{"start":{"line":557,"column":4},"end":{"line":557,"column":50}},"type":"if","locations":[{"start":{"line":557,"column":4},"end":{"line":557,"column":50}},{"start":{},"end":{}}],"line":557},"84":{"loc":{"start":{"line":557,"column":8},"end":{"line":557,"column":41}},"type":"binary-expr","locations":[{"start":{"line":557,"column":8},"end":{"line":557,"column":13}},{"start":{"line":557,"column":17},"end":{"line":557,"column":41}}],"line":557},"85":{"loc":{"start":{"line":560,"column":4},"end":{"line":562,"column":5}},"type":"if","locations":[{"start":{"line":560,"column":4},"end":{"line":562,"column":5}},{"start":{},"end":{}}],"line":560},"86":{"loc":{"start":{"line":580,"column":22},"end":{"line":580,"column":74}},"type":"cond-expr","locations":[{"start":{"line":580,"column":57},"end":{"line":580,"column":66}},{"start":{"line":580,"column":69},"end":{"line":580,"column":74}}],"line":580},"87":{"loc":{"start":{"line":584,"column":6},"end":{"line":584,"column":54}},"type":"if","locations":[{"start":{"line":584,"column":6},"end":{"line":584,"column":54}},{"start":{},"end":{}}],"line":584},"88":{"loc":{"start":{"line":584,"column":10},"end":{"line":584,"column":43}},"type":"binary-expr","locations":[{"start":{"line":584,"column":10},"end":{"line":584,"column":26}},{"start":{"line":584,"column":30},"end":{"line":584,"column":43}}],"line":584},"89":{"loc":{"start":{"line":587,"column":6},"end":{"line":591,"column":7}},"type":"if","locations":[{"start":{"line":587,"column":6},"end":{"line":591,"column":7}},{"start":{"line":589,"column":13},"end":{"line":591,"column":7}}],"line":587},"90":{"loc":{"start":{"line":589,"column":13},"end":{"line":591,"column":7}},"type":"if","locations":[{"start":{"line":589,"column":13},"end":{"line":591,"column":7}},{"start":{},"end":{}}],"line":589},"91":{"loc":{"start":{"line":589,"column":17},"end":{"line":589,"column":51}},"type":"binary-expr","locations":[{"start":{"line":589,"column":17},"end":{"line":589,"column":22}},{"start":{"line":589,"column":26},"end":{"line":589,"column":51}}],"line":589},"92":{"loc":{"start":{"line":630,"column":16},"end":{"line":631,"column":55}},"type":"cond-expr","locations":[{"start":{"line":630,"column":37},"end":{"line":630,"column":46}},{"start":{"line":631,"column":16},"end":{"line":631,"column":55}}],"line":630},"93":{"loc":{"start":{"line":631,"column":16},"end":{"line":631,"column":55}},"type":"cond-expr","locations":[{"start":{"line":631,"column":36},"end":{"line":631,"column":44}},{"start":{"line":631,"column":47},"end":{"line":631,"column":55}}],"line":631},"94":{"loc":{"start":{"line":644,"column":2},"end":{"line":688,"column":3}},"type":"if","locations":[{"start":{"line":644,"column":2},"end":{"line":688,"column":3}},{"start":{"line":675,"column":9},"end":{"line":688,"column":3}}],"line":644},"95":{"loc":{"start":{"line":644,"column":6},"end":{"line":644,"column":60}},"type":"binary-expr","locations":[{"start":{"line":644,"column":6},"end":{"line":644,"column":31}},{"start":{"line":644,"column":35},"end":{"line":644,"column":60}}],"line":644},"96":{"loc":{"start":{"line":669,"column":8},"end":{"line":671,"column":9}},"type":"if","locations":[{"start":{"line":669,"column":8},"end":{"line":671,"column":9}},{"start":{},"end":{}}],"line":669},"97":{"loc":{"start":{"line":669,"column":12},"end":{"line":669,"column":65}},"type":"binary-expr","locations":[{"start":{"line":669,"column":12},"end":{"line":669,"column":20}},{"start":{"line":669,"column":24},"end":{"line":669,"column":65}}],"line":669},"98":{"loc":{"start":{"line":675,"column":9},"end":{"line":688,"column":3}},"type":"if","locations":[{"start":{"line":675,"column":9},"end":{"line":688,"column":3}},{"start":{},"end":{}}],"line":675},"99":{"loc":{"start":{"line":702,"column":2},"end":{"line":716,"column":3}},"type":"if","locations":[{"start":{"line":702,"column":2},"end":{"line":716,"column":3}},{"start":{"line":709,"column":9},"end":{"line":716,"column":3}}],"line":702},"100":{"loc":{"start":{"line":702,"column":6},"end":{"line":702,"column":60}},"type":"binary-expr","locations":[{"start":{"line":702,"column":6},"end":{"line":702,"column":31}},{"start":{"line":702,"column":35},"end":{"line":702,"column":60}}],"line":702},"101":{"loc":{"start":{"line":709,"column":9},"end":{"line":716,"column":3}},"type":"if","locations":[{"start":{"line":709,"column":9},"end":{"line":716,"column":3}},{"start":{},"end":{}}],"line":709},"102":{"loc":{"start":{"line":730,"column":2},"end":{"line":750,"column":3}},"type":"if","locations":[{"start":{"line":730,"column":2},"end":{"line":750,"column":3}},{"start":{},"end":{}}],"line":730},"103":{"loc":{"start":{"line":730,"column":6},"end":{"line":730,"column":60}},"type":"binary-expr","locations":[{"start":{"line":730,"column":6},"end":{"line":730,"column":31}},{"start":{"line":730,"column":35},"end":{"line":730,"column":60}}],"line":730},"104":{"loc":{"start":{"line":741,"column":8},"end":{"line":747,"column":9}},"type":"if","locations":[{"start":{"line":741,"column":8},"end":{"line":747,"column":9}},{"start":{"line":745,"column":15},"end":{"line":747,"column":9}}],"line":741},"105":{"loc":{"start":{"line":764,"column":2},"end":{"line":790,"column":3}},"type":"if","locations":[{"start":{"line":764,"column":2},"end":{"line":790,"column":3}},{"start":{"line":774,"column":9},"end":{"line":790,"column":3}}],"line":764},"106":{"loc":{"start":{"line":764,"column":6},"end":{"line":764,"column":60}},"type":"binary-expr","locations":[{"start":{"line":764,"column":6},"end":{"line":764,"column":31}},{"start":{"line":764,"column":35},"end":{"line":764,"column":60}}],"line":764},"107":{"loc":{"start":{"line":771,"column":20},"end":{"line":771,"column":82}},"type":"cond-expr","locations":[{"start":{"line":771,"column":31},"end":{"line":771,"column":41}},{"start":{"line":771,"column":44},"end":{"line":771,"column":82}}],"line":771},"108":{"loc":{"start":{"line":774,"column":9},"end":{"line":790,"column":3}},"type":"if","locations":[{"start":{"line":774,"column":9},"end":{"line":790,"column":3}},{"start":{},"end":{}}],"line":774},"109":{"loc":{"start":{"line":786,"column":22},"end":{"line":786,"column":76}},"type":"cond-expr","locations":[{"start":{"line":786,"column":33},"end":{"line":786,"column":71}},{"start":{"line":786,"column":74},"end":{"line":786,"column":76}}],"line":786}},"s":{"0":61,"1":4,"2":57,"3":57,"4":55,"5":55,"6":55,"7":55,"8":55,"9":55,"10":2,"11":2,"12":2,"13":2,"14":2,"15":2,"16":2,"17":2,"18":2,"19":6,"20":6,"21":6,"22":2,"23":2,"24":2,"25":2,"26":2,"27":2,"28":2,"29":7061,"30":0,"31":7061,"32":79,"33":147,"34":79,"35":142,"36":142,"37":8,"38":134,"39":4,"40":130,"41":1,"42":1,"43":0,"44":0,"45":142,"46":164,"47":142,"48":20,"49":20,"50":46,"51":41,"52":41,"53":41,"54":46,"55":46,"56":10,"57":46,"58":13,"59":13,"60":13,"61":2,"62":2,"63":39,"64":39,"65":39,"66":31,"67":8,"68":1,"69":7,"70":7,"71":39,"72":3,"73":39,"74":39,"75":133,"76":133,"77":133,"78":7061,"79":49840,"80":14011,"81":35829,"82":35829,"83":1531,"84":2196,"85":2196,"86":2196,"87":34298,"88":4810,"89":4810,"90":465,"91":430,"92":35,"93":28,"94":7,"95":2,"96":5,"97":3,"98":2,"99":2,"100":0,"101":201,"102":0,"103":201,"104":167,"105":34,"106":15,"107":47,"108":45,"109":2,"110":2,"111":19,"112":2,"113":5,"114":5,"115":17,"116":16,"117":20,"118":20,"119":20,"120":116,"121":104,"122":124,"123":104,"124":2,"125":104,"126":12,"127":12,"128":20,"129":55,"130":55,"131":22,"132":33,"133":31,"134":2,"135":55,"136":7061,"137":0,"138":7061,"139":147,"140":147,"141":7,"142":5,"143":7,"144":21,"145":21,"146":21,"147":7061,"148":49840,"149":14011,"150":35829,"151":35829,"152":1531,"153":2196,"154":34298,"155":4810,"156":55,"157":55,"158":55,"159":55,"160":2175,"161":2175,"162":55,"163":2175,"164":2175,"165":55,"166":2175,"167":55,"168":55,"169":55,"170":55,"171":221,"172":221,"173":221,"174":221,"175":55,"176":55,"177":55,"178":55,"179":221,"180":55,"181":55,"182":55,"183":55,"184":55,"185":55,"186":7061,"187":0,"188":7061,"189":155,"190":7061,"191":7061,"192":7061,"193":49840,"194":14011,"195":35829,"196":35829,"197":1531,"198":2196,"199":34298,"200":4810,"201":55,"202":55,"203":6,"204":6,"205":6,"206":6,"207":2,"208":2,"209":30,"210":3,"211":3,"212":1,"213":2,"214":4,"215":2,"216":2,"217":4,"218":2,"219":6,"220":6,"221":6,"222":2,"223":2,"224":0,"225":4,"226":2,"227":2,"228":1,"229":6,"230":6,"231":6,"232":2,"233":2,"234":6,"235":0,"236":0,"237":0,"238":0,"239":0,"240":6,"241":6,"242":6,"243":2,"244":2,"245":0,"246":0,"247":4,"248":2,"249":2,"250":4,"251":0,"252":0,"253":6},"f":{"0":61,"1":7061,"2":147,"3":164,"4":10,"5":39,"6":133,"7":2196,"8":465,"9":201,"10":47,"11":5,"12":20,"13":116,"14":124,"15":55,"16":55,"17":7061,"18":2196,"19":55,"20":2175,"21":2175,"22":2175,"23":221,"24":221,"25":55,"26":7061,"27":2196,"28":6,"29":6,"30":30,"31":1,"32":4,"33":6,"34":6,"35":6,"36":0,"37":6,"38":0,"39":4,"40":0},"b":{"0":[4,57],"1":[61,5],"2":[2,0],"3":[2,4],"4":[2,0],"5":[2,0],"6":[0,7061],"7":[7061,7061],"8":[79,30,142,20,46,13,2,39,133],"9":[79,0],"10":[8,134],"11":[4,130],"12":[4,0],"13":[1,129],"14":[1,0],"15":[0,0],"16":[30,112],"17":[20,0],"18":[41,5],"19":[41,3],"20":[41,0],"21":[41,41],"22":[46,0],"23":[1,9],"24":[10,10],"25":[13,12,0],"26":[2,1],"27":[31,8],"28":[1,7],"29":[7,0],"30":[1,6],"31":[3,36],"32":[14011,35829],"33":[49840,42834],"34":[1531,34298],"35":[2196,0],"36":[2196,2196],"37":[4810,29488],"38":[34298,30484],"39":[430,35],"40":[28,7],"41":[2,5],"42":[3,2],"43":[2,0],"44":[0,201],"45":[167,34],"46":[15,19],"47":[45,2],"48":[2,0],"49":[2,17],"50":[5,0],"51":[16,1],"52":[104,12],"53":[3,101],"54":[101,0],"55":[2,102],"56":[104,3],"57":[12,0],"58":[0,12],"59":[12,0],"60":[22,33],"61":[31,2],"62":[0,7061],"63":[7061,7061],"64":[112,119,121,121,121,123,123,147,7,21],"65":[5,2],"66":[21,0],"67":[21,16],"68":[14011,35829],"69":[49840,42834],"70":[1531,34298],"71":[4810,29488],"72":[34298,30484],"73":[2175,1707,1639,1601],"74":[2175,2107,2069],"75":[221,0],"76":[48,7],"77":[48,7],"78":[221,42],"79":[48,7],"80":[55,4],"81":[55,0],"82":[55],"83":[0,7061],"84":[7061,7061],"85":[155,6906],"86":[706,6355],"87":[14011,35829],"88":[49840,42834],"89":[1531,34298],"90":[4810,29488],"91":[34298,30484],"92":[0,6],"93":[0,6],"94":[2,4],"95":[6,4],"96":[2,1],"97":[3,3],"98":[2,2],"99":[2,4],"100":[6,4],"101":[2,2],"102":[2,4],"103":[6,4],"104":[0,0],"105":[2,4],"106":[6,4],"107":[0,0],"108":[2,2],"109":[0,0]},"_coverageSchema":"1a1c01bbd47fc00a2c39e90264f33305004495a9","hash":"1e189430e0e4eaff498fade5c1f85db974f8af6f"}
,"/Users/jcoleman-mbp/Developer/projects/codescribe-ai/server/src/services/docGenerator.js": {"path":"/Users/jcoleman-mbp/Developer/projects/codescribe-ai/server/src/services/docGenerator.js","statementMap":{"0":{"start":{"line":18,"column":8},"end":{"line":18,"column":15}},"1":{"start":{"line":21,"column":21},"end":{"line":21,"column":52}},"2":{"start":{"line":24,"column":19},"end":{"line":24,"column":70}},"3":{"start":{"line":28,"column":4},"end":{"line":35,"column":5}},"4":{"start":{"line":29,"column":6},"end":{"line":32,"column":8}},"5":{"start":{"line":34,"column":6},"end":{"line":34,"column":58}},"6":{"start":{"line":38,"column":25},"end":{"line":38,"column":71}},"7":{"start":{"line":40,"column":4},"end":{"line":50,"column":6}},"8":{"start":{"line":63,"column":23},"end":{"line":65,"column":14}},"9":{"start":{"line":64,"column":34},"end":{"line":64,"column":68}},"10":{"start":{"line":67,"column":24},"end":{"line":73,"column":1}},"11":{"start":{"line":75,"column":20},"end":{"line":158,"column":5}},"12":{"start":{"line":160,"column":4},"end":{"line":160,"column":46}}},"fnMap":{"0":{"name":"(anonymous_0)","decl":{"start":{"line":12,"column":2},"end":{"line":12,"column":3}},"loc":{"start":{"line":12,"column":50},"end":{"line":51,"column":3}},"line":12},"1":{"name":"(anonymous_1)","decl":{"start":{"line":61,"column":2},"end":{"line":61,"column":3}},"loc":{"start":{"line":61,"column":49},"end":{"line":161,"column":3}},"line":61},"2":{"name":"(anonymous_2)","decl":{"start":{"line":64,"column":29},"end":{"line":64,"column":30}},"loc":{"start":{"line":64,"column":34},"end":{"line":64,"column":68}},"line":64}},"branchMap":{"0":{"loc":{"start":{"line":12,"column":36},"end":{"line":12,"column":48}},"type":"default-arg","locations":[{"start":{"line":12,"column":46},"end":{"line":12,"column":48}}],"line":12},"1":{"loc":{"start":{"line":14,"column":6},"end":{"line":14,"column":24}},"type":"default-arg","locations":[{"start":{"line":14,"column":16},"end":{"line":14,"column":24}}],"line":14},"2":{"loc":{"start":{"line":15,"column":6},"end":{"line":15,"column":29}},"type":"default-arg","locations":[{"start":{"line":15,"column":17},"end":{"line":15,"column":29}}],"line":15},"3":{"loc":{"start":{"line":16,"column":6},"end":{"line":16,"column":23}},"type":"default-arg","locations":[{"start":{"line":16,"column":18},"end":{"line":16,"column":23}}],"line":16},"4":{"loc":{"start":{"line":17,"column":6},"end":{"line":17,"column":20}},"type":"default-arg","locations":[{"start":{"line":17,"column":16},"end":{"line":17,"column":20}}],"line":17},"5":{"loc":{"start":{"line":28,"column":4},"end":{"line":35,"column":5}},"type":"if","locations":[{"start":{"line":28,"column":4},"end":{"line":35,"column":5}},{"start":{"line":33,"column":11},"end":{"line":35,"column":5}}],"line":28},"6":{"loc":{"start":{"line":28,"column":8},"end":{"line":28,"column":28}},"type":"binary-expr","locations":[{"start":{"line":28,"column":8},"end":{"line":28,"column":17}},{"start":{"line":28,"column":21},"end":{"line":28,"column":28}}],"line":28},"7":{"loc":{"start":{"line":63,"column":23},"end":{"line":65,"column":14}},"type":"cond-expr","locations":[{"start":{"line":64,"column":8},"end":{"line":64,"column":80}},{"start":{"line":65,"column":8},"end":{"line":65,"column":14}}],"line":63},"8":{"loc":{"start":{"line":64,"column":34},"end":{"line":64,"column":68}},"type":"cond-expr","locations":[{"start":{"line":64,"column":58},"end":{"line":64,"column":59}},{"start":{"line":64,"column":62},"end":{"line":64,"column":68}}],"line":64},"9":{"loc":{"start":{"line":72,"column":14},"end":{"line":72,"column":46}},"type":"binary-expr","locations":[{"start":{"line":72,"column":14},"end":{"line":72,"column":33}},{"start":{"line":72,"column":37},"end":{"line":72,"column":46}}],"line":72},"10":{"loc":{"start":{"line":160,"column":11},"end":{"line":160,"column":45}},"type":"binary-expr","locations":[{"start":{"line":160,"column":11},"end":{"line":160,"column":27}},{"start":{"line":160,"column":31},"end":{"line":160,"column":45}}],"line":160}},"s":{"0":22,"1":22,"2":21,"3":21,"4":3,"5":18,"6":20,"7":19,"8":58,"9":85,"10":58,"11":58,"12":58},"f":{"0":22,"1":58,"2":85},"b":{"0":[10],"1":[14],"2":[19],"3":[18],"4":[19],"5":[3,18],"6":[21,4],"7":[48,10],"8":[34,51],"9":[58,2],"10":[58,2]},"_coverageSchema":"1a1c01bbd47fc00a2c39e90264f33305004495a9","hash":"796d17e7478e30f88b2d25423a8de13f90363cb3"}
,"/Users/jcoleman-mbp/Developer/projects/codescribe-ai/server/src/services/qualityScorer.js": {"path":"/Users/jcoleman-mbp/Developer/projects/codescribe-ai/server/src/services/qualityScorer.js","statementMap":{"0":{"start":{"line":2,"column":14},"end":{"line":2,"column":15}},"1":{"start":{"line":3,"column":20},"end":{"line":3,"column":22}},"2":{"start":{"line":7,"column":29},"end":{"line":9,"column":4}},"3":{"start":{"line":12,"column":35},"end":{"line":12,"column":80}},"4":{"start":{"line":13,"column":22},"end":{"line":13,"column":68}},"5":{"start":{"line":15,"column":2},"end":{"line":29,"column":3}},"6":{"start":{"line":16,"column":4},"end":{"line":16,"column":16}},"7":{"start":{"line":17,"column":4},"end":{"line":21,"column":6}},"8":{"start":{"line":23,"column":4},"end":{"line":28,"column":6}},"9":{"start":{"line":32,"column":26},"end":{"line":34,"column":4}},"10":{"start":{"line":36,"column":2},"end":{"line":50,"column":3}},"11":{"start":{"line":37,"column":4},"end":{"line":37,"column":16}},"12":{"start":{"line":38,"column":4},"end":{"line":42,"column":6}},"13":{"start":{"line":44,"column":4},"end":{"line":49,"column":6}},"14":{"start":{"line":53,"column":23},"end":{"line":53,"column":53}},"15":{"start":{"line":54,"column":22},"end":{"line":54,"column":23}},"16":{"start":{"line":55,"column":22},"end":{"line":55,"column":31}},"17":{"start":{"line":56,"column":26},"end":{"line":56,"column":63}},"18":{"start":{"line":58,"column":2},"end":{"line":70,"column":3}},"19":{"start":{"line":59,"column":4},"end":{"line":59,"column":23}},"20":{"start":{"line":60,"column":4},"end":{"line":60,"column":31}},"21":{"start":{"line":61,"column":4},"end":{"line":61,"column":29}},"22":{"start":{"line":62,"column":9},"end":{"line":70,"column":3}},"23":{"start":{"line":63,"column":4},"end":{"line":63,"column":23}},"24":{"start":{"line":64,"column":4},"end":{"line":64,"column":30}},"25":{"start":{"line":65,"column":4},"end":{"line":65,"column":53}},"26":{"start":{"line":66,"column":9},"end":{"line":70,"column":3}},"27":{"start":{"line":67,"column":4},"end":{"line":67,"column":23}},"28":{"start":{"line":68,"column":4},"end":{"line":68,"column":30}},"29":{"start":{"line":69,"column":4},"end":{"line":69,"column":69}},"30":{"start":{"line":72,"column":2},"end":{"line":72,"column":25}},"31":{"start":{"line":73,"column":2},"end":{"line":79,"column":4}},"32":{"start":{"line":82,"column":47},"end":{"line":82,"column":93}},"33":{"start":{"line":84,"column":24},"end":{"line":86,"column":7}},"34":{"start":{"line":88,"column":20},"end":{"line":88,"column":50}},"35":{"start":{"line":89,"column":2},"end":{"line":89,"column":21}},"36":{"start":{"line":91,"column":18},"end":{"line":91,"column":28}},"37":{"start":{"line":92,"column":22},"end":{"line":92,"column":26}},"38":{"start":{"line":94,"column":2},"end":{"line":100,"column":3}},"39":{"start":{"line":95,"column":4},"end":{"line":95,"column":26}},"40":{"start":{"line":96,"column":4},"end":{"line":96,"column":95}},"41":{"start":{"line":97,"column":9},"end":{"line":100,"column":3}},"42":{"start":{"line":98,"column":4},"end":{"line":98,"column":26}},"43":{"start":{"line":99,"column":4},"end":{"line":99,"column":99}},"44":{"start":{"line":102,"column":2},"end":{"line":109,"column":4}},"45":{"start":{"line":112,"column":22},"end":{"line":112,"column":49}},"46":{"start":{"line":113,"column":24},"end":{"line":113,"column":40}},"47":{"start":{"line":114,"column":26},"end":{"line":114,"column":86}},"48":{"start":{"line":116,"column":24},"end":{"line":116,"column":25}},"49":{"start":{"line":117,"column":24},"end":{"line":117,"column":33}},"50":{"start":{"line":118,"column":28},"end":{"line":118,"column":64}},"51":{"start":{"line":120,"column":2},"end":{"line":132,"column":3}},"52":{"start":{"line":121,"column":4},"end":{"line":121,"column":25}},"53":{"start":{"line":122,"column":4},"end":{"line":122,"column":33}},"54":{"start":{"line":123,"column":4},"end":{"line":123,"column":31}},"55":{"start":{"line":124,"column":9},"end":{"line":132,"column":3}},"56":{"start":{"line":125,"column":4},"end":{"line":125,"column":25}},"57":{"start":{"line":126,"column":4},"end":{"line":126,"column":32}},"58":{"start":{"line":127,"column":4},"end":{"line":127,"column":77}},"59":{"start":{"line":128,"column":9},"end":{"line":132,"column":3}},"60":{"start":{"line":129,"column":4},"end":{"line":129,"column":24}},"61":{"start":{"line":130,"column":4},"end":{"line":130,"column":32}},"62":{"start":{"line":131,"column":4},"end":{"line":131,"column":79}},"63":{"start":{"line":134,"column":2},"end":{"line":134,"column":27}},"64":{"start":{"line":135,"column":2},"end":{"line":143,"column":4}},"65":{"start":{"line":146,"column":16},"end":{"line":146,"column":31}},"66":{"start":{"line":148,"column":2},"end":{"line":153,"column":4}},"67":{"start":{"line":160,"column":19},"end":{"line":160,"column":36}},"68":{"start":{"line":161,"column":2},"end":{"line":166,"column":5}},"69":{"start":{"line":162,"column":25},"end":{"line":162,"column":46}},"70":{"start":{"line":163,"column":4},"end":{"line":165,"column":51}},"71":{"start":{"line":173,"column":18},"end":{"line":173,"column":35}},"72":{"start":{"line":174,"column":2},"end":{"line":174,"column":42}},"73":{"start":{"line":181,"column":18},"end":{"line":181,"column":46}},"74":{"start":{"line":182,"column":2},"end":{"line":182,"column":38}},"75":{"start":{"line":189,"column":19},"end":{"line":189,"column":36}},"76":{"start":{"line":190,"column":14},"end":{"line":190,"column":15}},"77":{"start":{"line":191,"column":24},"end":{"line":191,"column":25}},"78":{"start":{"line":194,"column":2},"end":{"line":205,"column":3}},"79":{"start":{"line":195,"column":4},"end":{"line":204,"column":7}},"80":{"start":{"line":196,"column":23},"end":{"line":196,"column":46}},"81":{"start":{"line":198,"column":6},"end":{"line":203,"column":7}},"82":{"start":{"line":199,"column":8},"end":{"line":199,"column":26}},"83":{"start":{"line":200,"column":8},"end":{"line":202,"column":9}},"84":{"start":{"line":201,"column":10},"end":{"line":201,"column":18}},"85":{"start":{"line":208,"column":2},"end":{"line":222,"column":3}},"86":{"start":{"line":209,"column":4},"end":{"line":221,"column":7}},"87":{"start":{"line":210,"column":6},"end":{"line":220,"column":7}},"88":{"start":{"line":211,"column":8},"end":{"line":219,"column":11}},"89":{"start":{"line":212,"column":29},"end":{"line":212,"column":54}},"90":{"start":{"line":215,"column":10},"end":{"line":215,"column":28}},"91":{"start":{"line":216,"column":10},"end":{"line":218,"column":11}},"92":{"start":{"line":217,"column":12},"end":{"line":217,"column":20}},"93":{"start":{"line":225,"column":2},"end":{"line":227,"column":3}},"94":{"start":{"line":226,"column":4},"end":{"line":226,"column":54}},"95":{"start":{"line":229,"column":2},"end":{"line":229,"column":70}},"96":{"start":{"line":236,"column":2},"end":{"line":236,"column":30}},"97":{"start":{"line":236,"column":19},"end":{"line":236,"column":30}},"98":{"start":{"line":237,"column":2},"end":{"line":237,"column":30}},"99":{"start":{"line":237,"column":19},"end":{"line":237,"column":30}},"100":{"start":{"line":238,"column":2},"end":{"line":238,"column":30}},"101":{"start":{"line":238,"column":19},"end":{"line":238,"column":30}},"102":{"start":{"line":239,"column":2},"end":{"line":239,"column":30}},"103":{"start":{"line":239,"column":19},"end":{"line":239,"column":30}},"104":{"start":{"line":240,"column":2},"end":{"line":240,"column":13}},"105":{"start":{"line":247,"column":19},"end":{"line":247,"column":21}},"106":{"start":{"line":248,"column":18},"end":{"line":248,"column":20}},"107":{"start":{"line":250,"column":2},"end":{"line":256,"column":3}},"108":{"start":{"line":251,"column":4},"end":{"line":255,"column":5}},"109":{"start":{"line":252,"column":6},"end":{"line":252,"column":25}},"110":{"start":{"line":253,"column":11},"end":{"line":255,"column":5}},"111":{"start":{"line":254,"column":6},"end":{"line":254,"column":24}},"112":{"start":{"line":258,"column":2},"end":{"line":262,"column":4}},"113":{"start":{"line":269,"column":22},"end":{"line":271,"column":54}},"114":{"start":{"line":270,"column":20},"end":{"line":270,"column":35}},"115":{"start":{"line":271,"column":20},"end":{"line":271,"column":53}},"116":{"start":{"line":273,"column":2},"end":{"line":273,"column":67}}},"fnMap":{"0":{"name":"calculateQualityScore","decl":{"start":{"line":1,"column":16},"end":{"line":1,"column":37}},"loc":{"start":{"line":1,"column":67},"end":{"line":154,"column":1}},"line":1},"1":{"name":"hasSection","decl":{"start":{"line":159,"column":9},"end":{"line":159,"column":19}},"loc":{"start":{"line":159,"column":35},"end":{"line":167,"column":1}},"line":159},"2":{"name":"(anonymous_2)","decl":{"start":{"line":161,"column":23},"end":{"line":161,"column":24}},"loc":{"start":{"line":161,"column":34},"end":{"line":166,"column":3}},"line":161},"3":{"name":"countCodeBlocks","decl":{"start":{"line":172,"column":9},"end":{"line":172,"column":24}},"loc":{"start":{"line":172,"column":30},"end":{"line":175,"column":1}},"line":172},"4":{"name":"countHeaders","decl":{"start":{"line":180,"column":9},"end":{"line":180,"column":21}},"loc":{"start":{"line":180,"column":27},"end":{"line":183,"column":1}},"line":180},"5":{"name":"countFunctionDocs","decl":{"start":{"line":188,"column":9},"end":{"line":188,"column":26}},"loc":{"start":{"line":188,"column":42},"end":{"line":230,"column":1}},"line":188},"6":{"name":"(anonymous_6)","decl":{"start":{"line":195,"column":31},"end":{"line":195,"column":32}},"loc":{"start":{"line":195,"column":39},"end":{"line":204,"column":5}},"line":195},"7":{"name":"(anonymous_7)","decl":{"start":{"line":209,"column":29},"end":{"line":209,"column":30}},"loc":{"start":{"line":209,"column":36},"end":{"line":221,"column":5}},"line":209},"8":{"name":"(anonymous_8)","decl":{"start":{"line":211,"column":28},"end":{"line":211,"column":29}},"loc":{"start":{"line":211,"column":38},"end":{"line":219,"column":9}},"line":211},"9":{"name":"getGrade","decl":{"start":{"line":235,"column":9},"end":{"line":235,"column":17}},"loc":{"start":{"line":235,"column":25},"end":{"line":241,"column":1}},"line":235},"10":{"name":"generateSummary","decl":{"start":{"line":246,"column":9},"end":{"line":246,"column":24}},"loc":{"start":{"line":246,"column":43},"end":{"line":263,"column":1}},"line":246},"11":{"name":"getTopSuggestion","decl":{"start":{"line":268,"column":9},"end":{"line":268,"column":25}},"loc":{"start":{"line":268,"column":37},"end":{"line":274,"column":1}},"line":268},"12":{"name":"(anonymous_12)","decl":{"start":{"line":270,"column":12},"end":{"line":270,"column":13}},"loc":{"start":{"line":270,"column":20},"end":{"line":270,"column":35}},"line":270},"13":{"name":"(anonymous_13)","decl":{"start":{"line":271,"column":10},"end":{"line":271,"column":11}},"loc":{"start":{"line":271,"column":20},"end":{"line":271,"column":53}},"line":271}},"branchMap":{"0":{"loc":{"start":{"line":13,"column":22},"end":{"line":13,"column":68}},"type":"binary-expr","locations":[{"start":{"line":13,"column":22},"end":{"line":13,"column":40}},{"start":{"line":13,"column":44},"end":{"line":13,"column":68}}],"line":13},"1":{"loc":{"start":{"line":15,"column":2},"end":{"line":29,"column":3}},"type":"if","locations":[{"start":{"line":15,"column":2},"end":{"line":29,"column":3}},{"start":{"line":22,"column":9},"end":{"line":29,"column":3}}],"line":15},"2":{"loc":{"start":{"line":36,"column":2},"end":{"line":50,"column":3}},"type":"if","locations":[{"start":{"line":36,"column":2},"end":{"line":50,"column":3}},{"start":{"line":43,"column":9},"end":{"line":50,"column":3}}],"line":36},"3":{"loc":{"start":{"line":58,"column":2},"end":{"line":70,"column":3}},"type":"if","locations":[{"start":{"line":58,"column":2},"end":{"line":70,"column":3}},{"start":{"line":62,"column":9},"end":{"line":70,"column":3}}],"line":58},"4":{"loc":{"start":{"line":62,"column":9},"end":{"line":70,"column":3}},"type":"if","locations":[{"start":{"line":62,"column":9},"end":{"line":70,"column":3}},{"start":{"line":66,"column":9},"end":{"line":70,"column":3}}],"line":62},"5":{"loc":{"start":{"line":66,"column":9},"end":{"line":70,"column":3}},"type":"if","locations":[{"start":{"line":66,"column":9},"end":{"line":70,"column":3}},{"start":{},"end":{}}],"line":66},"6":{"loc":{"start":{"line":84,"column":24},"end":{"line":86,"column":7}},"type":"cond-expr","locations":[{"start":{"line":85,"column":6},"end":{"line":85,"column":39}},{"start":{"line":86,"column":6},"end":{"line":86,"column":7}}],"line":84},"7":{"loc":{"start":{"line":94,"column":2},"end":{"line":100,"column":3}},"type":"if","locations":[{"start":{"line":94,"column":2},"end":{"line":100,"column":3}},{"start":{"line":97,"column":9},"end":{"line":100,"column":3}}],"line":94},"8":{"loc":{"start":{"line":97,"column":9},"end":{"line":100,"column":3}},"type":"if","locations":[{"start":{"line":97,"column":9},"end":{"line":100,"column":3}},{"start":{},"end":{}}],"line":97},"9":{"loc":{"start":{"line":114,"column":26},"end":{"line":114,"column":86}},"type":"binary-expr","locations":[{"start":{"line":114,"column":26},"end":{"line":114,"column":54}},{"start":{"line":114,"column":58},"end":{"line":114,"column":86}}],"line":114},"10":{"loc":{"start":{"line":120,"column":2},"end":{"line":132,"column":3}},"type":"if","locations":[{"start":{"line":120,"column":2},"end":{"line":132,"column":3}},{"start":{"line":124,"column":9},"end":{"line":132,"column":3}}],"line":120},"11":{"loc":{"start":{"line":120,"column":6},"end":{"line":120,"column":58}},"type":"binary-expr","locations":[{"start":{"line":120,"column":6},"end":{"line":120,"column":22}},{"start":{"line":120,"column":26},"end":{"line":120,"column":39}},{"start":{"line":120,"column":43},"end":{"line":120,"column":58}}],"line":120},"12":{"loc":{"start":{"line":124,"column":9},"end":{"line":132,"column":3}},"type":"if","locations":[{"start":{"line":124,"column":9},"end":{"line":132,"column":3}},{"start":{"line":128,"column":9},"end":{"line":132,"column":3}}],"line":124},"13":{"loc":{"start":{"line":128,"column":9},"end":{"line":132,"column":3}},"type":"if","locations":[{"start":{"line":128,"column":9},"end":{"line":132,"column":3}},{"start":{},"end":{}}],"line":128},"14":{"loc":{"start":{"line":163,"column":11},"end":{"line":165,"column":50}},"type":"binary-expr","locations":[{"start":{"line":163,"column":11},"end":{"line":163,"column":42}},{"start":{"line":164,"column":11},"end":{"line":164,"column":49}},{"start":{"line":165,"column":11},"end":{"line":165,"column":50}}],"line":163},"15":{"loc":{"start":{"line":174,"column":9},"end":{"line":174,"column":41}},"type":"cond-expr","locations":[{"start":{"line":174,"column":19},"end":{"line":174,"column":37}},{"start":{"line":174,"column":40},"end":{"line":174,"column":41}}],"line":174},"16":{"loc":{"start":{"line":182,"column":9},"end":{"line":182,"column":37}},"type":"cond-expr","locations":[{"start":{"line":182,"column":19},"end":{"line":182,"column":33}},{"start":{"line":182,"column":36},"end":{"line":182,"column":37}}],"line":182},"17":{"loc":{"start":{"line":194,"column":2},"end":{"line":205,"column":3}},"type":"if","locations":[{"start":{"line":194,"column":2},"end":{"line":205,"column":3}},{"start":{},"end":{}}],"line":194},"18":{"loc":{"start":{"line":194,"column":6},"end":{"line":194,"column":57}},"type":"binary-expr","locations":[{"start":{"line":194,"column":6},"end":{"line":194,"column":24}},{"start":{"line":194,"column":28},"end":{"line":194,"column":57}}],"line":194},"19":{"loc":{"start":{"line":198,"column":6},"end":{"line":203,"column":7}},"type":"if","locations":[{"start":{"line":198,"column":6},"end":{"line":203,"column":7}},{"start":{},"end":{}}],"line":198},"20":{"loc":{"start":{"line":198,"column":10},"end":{"line":198,"column":53}},"type":"binary-expr","locations":[{"start":{"line":198,"column":10},"end":{"line":198,"column":34}},{"start":{"line":198,"column":38},"end":{"line":198,"column":53}}],"line":198},"21":{"loc":{"start":{"line":200,"column":8},"end":{"line":202,"column":9}},"type":"if","locations":[{"start":{"line":200,"column":8},"end":{"line":202,"column":9}},{"start":{},"end":{}}],"line":200},"22":{"loc":{"start":{"line":208,"column":2},"end":{"line":222,"column":3}},"type":"if","locations":[{"start":{"line":208,"column":2},"end":{"line":222,"column":3}},{"start":{},"end":{}}],"line":208},"23":{"loc":{"start":{"line":208,"column":6},"end":{"line":208,"column":53}},"type":"binary-expr","locations":[{"start":{"line":208,"column":6},"end":{"line":208,"column":22}},{"start":{"line":208,"column":26},"end":{"line":208,"column":53}}],"line":208},"24":{"loc":{"start":{"line":210,"column":6},"end":{"line":220,"column":7}},"type":"if","locations":[{"start":{"line":210,"column":6},"end":{"line":220,"column":7}},{"start":{},"end":{}}],"line":210},"25":{"loc":{"start":{"line":210,"column":10},"end":{"line":210,"column":47}},"type":"binary-expr","locations":[{"start":{"line":210,"column":10},"end":{"line":210,"column":21}},{"start":{"line":210,"column":25},"end":{"line":210,"column":47}}],"line":210},"26":{"loc":{"start":{"line":216,"column":10},"end":{"line":218,"column":11}},"type":"if","locations":[{"start":{"line":216,"column":10},"end":{"line":218,"column":11}},{"start":{},"end":{}}],"line":216},"27":{"loc":{"start":{"line":225,"column":2},"end":{"line":227,"column":3}},"type":"if","locations":[{"start":{"line":225,"column":2},"end":{"line":227,"column":3}},{"start":{},"end":{}}],"line":225},"28":{"loc":{"start":{"line":236,"column":2},"end":{"line":236,"column":30}},"type":"if","locations":[{"start":{"line":236,"column":2},"end":{"line":236,"column":30}},{"start":{},"end":{}}],"line":236},"29":{"loc":{"start":{"line":237,"column":2},"end":{"line":237,"column":30}},"type":"if","locations":[{"start":{"line":237,"column":2},"end":{"line":237,"column":30}},{"start":{},"end":{}}],"line":237},"30":{"loc":{"start":{"line":238,"column":2},"end":{"line":238,"column":30}},"type":"if","locations":[{"start":{"line":238,"column":2},"end":{"line":238,"column":30}},{"start":{},"end":{}}],"line":238},"31":{"loc":{"start":{"line":239,"column":2},"end":{"line":239,"column":30}},"type":"if","locations":[{"start":{"line":239,"column":2},"end":{"line":239,"column":30}},{"start":{},"end":{}}],"line":239},"32":{"loc":{"start":{"line":251,"column":4},"end":{"line":255,"column":5}},"type":"if","locations":[{"start":{"line":251,"column":4},"end":{"line":255,"column":5}},{"start":{"line":253,"column":11},"end":{"line":255,"column":5}}],"line":251},"33":{"loc":{"start":{"line":253,"column":11},"end":{"line":255,"column":5}},"type":"if","locations":[{"start":{"line":253,"column":11},"end":{"line":255,"column":5}},{"start":{},"end":{}}],"line":253},"34":{"loc":{"start":{"line":271,"column":21},"end":{"line":271,"column":34}},"type":"binary-expr","locations":[{"start":{"line":271,"column":21},"end":{"line":271,"column":29}},{"start":{"line":271,"column":33},"end":{"line":271,"column":34}}],"line":271},"35":{"loc":{"start":{"line":271,"column":39},"end":{"line":271,"column":52}},"type":"binary-expr","locations":[{"start":{"line":271,"column":39},"end":{"line":271,"column":47}},{"start":{"line":271,"column":51},"end":{"line":271,"column":52}}],"line":271},"36":{"loc":{"start":{"line":273,"column":9},"end":{"line":273,"column":66}},"type":"binary-expr","locations":[{"start":{"line":273,"column":9},"end":{"line":273,"column":35}},{"start":{"line":273,"column":39},"end":{"line":273,"column":66}}],"line":273}},"s":{"0":45,"1":45,"2":45,"3":45,"4":45,"5":45,"6":18,"7":18,"8":27,"9":45,"10":45,"11":16,"12":16,"13":29,"14":45,"15":45,"16":45,"17":45,"18":45,"19":9,"20":9,"21":9,"22":36,"23":2,"24":2,"25":2,"26":34,"27":6,"28":6,"29":6,"30":45,"31":45,"32":45,"33":45,"34":45,"35":45,"36":45,"37":45,"38":45,"39":9,"40":9,"41":36,"42":7,"43":7,"44":45,"45":45,"46":45,"47":45,"48":45,"49":45,"50":45,"51":45,"52":8,"53":8,"54":8,"55":37,"56":11,"57":11,"58":11,"59":26,"60":19,"61":19,"62":19,"63":45,"64":45,"65":45,"66":45,"67":90,"68":90,"69":342,"70":342,"71":45,"72":45,"73":45,"74":45,"75":45,"76":45,"77":45,"78":45,"79":25,"80":65,"81":65,"82":50,"83":50,"84":26,"85":45,"86":3,"87":3,"88":3,"89":14,"90":14,"91":14,"92":9,"93":45,"94":20,"95":25,"96":45,"97":6,"98":39,"99":2,"100":37,"101":3,"102":34,"103":2,"104":32,"105":45,"106":45,"107":45,"108":225,"109":80,"110":145,"111":100,"112":45,"113":45,"114":225,"115":177,"116":45},"f":{"0":45,"1":90,"2":342,"3":45,"4":45,"5":45,"6":65,"7":3,"8":14,"9":45,"10":45,"11":45,"12":225,"13":177},"b":{"0":[45,33],"1":[18,27],"2":[16,29],"3":[9,36],"4":[2,34],"5":[6,28],"6":[45,0],"7":[9,36],"8":[7,29],"9":[45,34],"10":[8,37],"11":[45,18,13],"12":[11,26],"13":[19,7],"14":[342,314,314],"15":[17,28],"16":[38,7],"17":[25,20],"18":[45,43],"19":[50,15],"20":[65,50],"21":[26,24],"22":[3,42],"23":[45,10],"24":[3,0],"25":[3,3],"26":[9,5],"27":[20,25],"28":[6,39],"29":[2,37],"30":[3,34],"31":[2,32],"32":[80,145],"33":[100,45],"34":[177,156],"35":[177,66],"36":[45,5]},"_coverageSchema":"1a1c01bbd47fc00a2c39e90264f33305004495a9","hash":"086d5c561c88860faf5f988d9161d0e50e7df6c0"}
}
