{"/Users/jcoleman-mbp/Developer/projects/codescribe-ai/server/src/middleware/auth.js": {"path":"/Users/jcoleman-mbp/Developer/projects/codescribe-ai/server/src/middleware/auth.js","statementMap":{"0":{"start":{"line":16,"column":20},"end":{"line":57,"column":1}},"1":{"start":{"line":17,"column":16},"end":{"line":17,"column":43}},"2":{"start":{"line":19,"column":2},"end":{"line":24,"column":3}},"3":{"start":{"line":20,"column":4},"end":{"line":23,"column":7}},"4":{"start":{"line":26,"column":2},"end":{"line":56,"column":3}},"5":{"start":{"line":28,"column":20},"end":{"line":28,"column":61}},"6":{"start":{"line":31,"column":17},"end":{"line":31,"column":49}},"7":{"start":{"line":33,"column":4},"end":{"line":38,"column":5}},"8":{"start":{"line":34,"column":6},"end":{"line":37,"column":9}},"9":{"start":{"line":40,"column":4},"end":{"line":40,"column":20}},"10":{"start":{"line":41,"column":4},"end":{"line":41,"column":18}},"11":{"start":{"line":44,"column":4},"end":{"line":49,"column":5}},"12":{"start":{"line":45,"column":6},"end":{"line":48,"column":9}},"13":{"start":{"line":51,"column":4},"end":{"line":51,"column":61}},"14":{"start":{"line":52,"column":4},"end":{"line":55,"column":7}},"15":{"start":{"line":64,"column":21},"end":{"line":92,"column":1}},"16":{"start":{"line":65,"column":16},"end":{"line":65,"column":43}},"17":{"start":{"line":67,"column":2},"end":{"line":70,"column":3}},"18":{"start":{"line":69,"column":4},"end":{"line":69,"column":18}},"19":{"start":{"line":72,"column":2},"end":{"line":89,"column":3}},"20":{"start":{"line":74,"column":20},"end":{"line":74,"column":61}},"21":{"start":{"line":76,"column":4},"end":{"line":83,"column":5}},"22":{"start":{"line":78,"column":19},"end":{"line":78,"column":51}},"23":{"start":{"line":80,"column":6},"end":{"line":82,"column":7}},"24":{"start":{"line":81,"column":8},"end":{"line":81,"column":24}},"25":{"start":{"line":86,"column":4},"end":{"line":88,"column":5}},"26":{"start":{"line":87,"column":6},"end":{"line":87,"column":68}},"27":{"start":{"line":91,"column":2},"end":{"line":91,"column":16}},"28":{"start":{"line":100,"column":20},"end":{"line":129,"column":1}},"29":{"start":{"line":101,"column":24},"end":{"line":101,"column":61}},"30":{"start":{"line":102,"column":24},"end":{"line":102,"column":59}},"31":{"start":{"line":104,"column":2},"end":{"line":106,"column":3}},"32":{"start":{"line":105,"column":4},"end":{"line":105,"column":53}},"33":{"start":{"line":108,"column":2},"end":{"line":128,"column":4}},"34":{"start":{"line":109,"column":4},"end":{"line":114,"column":5}},"35":{"start":{"line":110,"column":6},"end":{"line":113,"column":9}},"36":{"start":{"line":116,"column":26},"end":{"line":116,"column":62}},"37":{"start":{"line":118,"column":4},"end":{"line":125,"column":5}},"38":{"start":{"line":119,"column":6},"end":{"line":124,"column":9}},"39":{"start":{"line":127,"column":4},"end":{"line":127,"column":11}},"40":{"start":{"line":137,"column":21},"end":{"line":199,"column":1}},"41":{"start":{"line":138,"column":2},"end":{"line":198,"column":4}},"42":{"start":{"line":139,"column":19},"end":{"line":139,"column":21}},"43":{"start":{"line":141,"column":4},"end":{"line":187,"column":5}},"44":{"start":{"line":142,"column":20},"end":{"line":142,"column":35}},"45":{"start":{"line":145,"column":6},"end":{"line":148,"column":7}},"46":{"start":{"line":146,"column":8},"end":{"line":146,"column":47}},"47":{"start":{"line":147,"column":8},"end":{"line":147,"column":17}},"48":{"start":{"line":151,"column":6},"end":{"line":153,"column":7}},"49":{"start":{"line":152,"column":8},"end":{"line":152,"column":17}},"50":{"start":{"line":156,"column":6},"end":{"line":161,"column":7}},"51":{"start":{"line":157,"column":27},"end":{"line":157,"column":55}},"52":{"start":{"line":158,"column":8},"end":{"line":160,"column":9}},"53":{"start":{"line":159,"column":10},"end":{"line":159,"column":49}},"54":{"start":{"line":164,"column":6},"end":{"line":168,"column":7}},"55":{"start":{"line":165,"column":8},"end":{"line":167,"column":9}},"56":{"start":{"line":166,"column":10},"end":{"line":166,"column":93}},"57":{"start":{"line":171,"column":6},"end":{"line":173,"column":7}},"58":{"start":{"line":172,"column":8},"end":{"line":172,"column":86}},"59":{"start":{"line":176,"column":6},"end":{"line":178,"column":7}},"60":{"start":{"line":177,"column":8},"end":{"line":177,"column":85}},"61":{"start":{"line":181,"column":6},"end":{"line":186,"column":7}},"62":{"start":{"line":182,"column":28},"end":{"line":182,"column":51}},"63":{"start":{"line":183,"column":8},"end":{"line":185,"column":9}},"64":{"start":{"line":184,"column":10},"end":{"line":184,"column":38}},"65":{"start":{"line":189,"column":4},"end":{"line":195,"column":5}},"66":{"start":{"line":190,"column":6},"end":{"line":194,"column":9}},"67":{"start":{"line":197,"column":4},"end":{"line":197,"column":11}},"68":{"start":{"line":206,"column":21},"end":{"line":206,"column":46}},"69":{"start":{"line":208,"column":2},"end":{"line":210,"column":3}},"70":{"start":{"line":209,"column":4},"end":{"line":209,"column":16}},"71":{"start":{"line":213,"column":2},"end":{"line":215,"column":3}},"72":{"start":{"line":214,"column":4},"end":{"line":214,"column":35}},"73":{"start":{"line":218,"column":2},"end":{"line":218,"column":20}},"74":{"start":{"line":229,"column":2},"end":{"line":233,"column":4}},"75":{"start":{"line":241,"column":29},"end":{"line":272,"column":1}},"76":{"start":{"line":242,"column":2},"end":{"line":247,"column":3}},"77":{"start":{"line":243,"column":4},"end":{"line":246,"column":7}},"78":{"start":{"line":250,"column":15},"end":{"line":250,"column":58}},"79":{"start":{"line":251,"column":15},"end":{"line":251,"column":47}},"80":{"start":{"line":253,"column":2},"end":{"line":258,"column":3}},"81":{"start":{"line":254,"column":4},"end":{"line":257,"column":7}},"82":{"start":{"line":260,"column":2},"end":{"line":267,"column":3}},"83":{"start":{"line":261,"column":4},"end":{"line":266,"column":7}},"84":{"start":{"line":270,"column":2},"end":{"line":270,"column":18}},"85":{"start":{"line":271,"column":2},"end":{"line":271,"column":9}},"86":{"start":{"line":282,"column":2},"end":{"line":282,"column":25}},"87":{"start":{"line":282,"column":13},"end":{"line":282,"column":25}},"88":{"start":{"line":284,"column":41},"end":{"line":284,"column":45}},"89":{"start":{"line":285,"column":2},"end":{"line":285,"column":18}}},"fnMap":{"0":{"name":"(anonymous_0)","decl":{"start":{"line":16,"column":20},"end":{"line":16,"column":21}},"loc":{"start":{"line":16,"column":46},"end":{"line":57,"column":1}},"line":16},"1":{"name":"(anonymous_1)","decl":{"start":{"line":64,"column":21},"end":{"line":64,"column":22}},"loc":{"start":{"line":64,"column":47},"end":{"line":92,"column":1}},"line":64},"2":{"name":"(anonymous_2)","decl":{"start":{"line":100,"column":20},"end":{"line":100,"column":21}},"loc":{"start":{"line":100,"column":38},"end":{"line":129,"column":1}},"line":100},"3":{"name":"(anonymous_3)","decl":{"start":{"line":108,"column":9},"end":{"line":108,"column":10}},"loc":{"start":{"line":108,"column":29},"end":{"line":128,"column":3}},"line":108},"4":{"name":"(anonymous_4)","decl":{"start":{"line":137,"column":21},"end":{"line":137,"column":22}},"loc":{"start":{"line":137,"column":33},"end":{"line":199,"column":1}},"line":137},"5":{"name":"(anonymous_5)","decl":{"start":{"line":138,"column":9},"end":{"line":138,"column":10}},"loc":{"start":{"line":138,"column":29},"end":{"line":198,"column":3}},"line":138},"6":{"name":"extractTokenFromHeader","decl":{"start":{"line":205,"column":9},"end":{"line":205,"column":31}},"loc":{"start":{"line":205,"column":37},"end":{"line":219,"column":1}},"line":205},"7":{"name":"generateToken","decl":{"start":{"line":228,"column":9},"end":{"line":228,"column":22}},"loc":{"start":{"line":228,"column":47},"end":{"line":234,"column":1}},"line":228},"8":{"name":"(anonymous_8)","decl":{"start":{"line":241,"column":29},"end":{"line":241,"column":30}},"loc":{"start":{"line":241,"column":55},"end":{"line":272,"column":1}},"line":241},"9":{"name":"sanitizeUser","decl":{"start":{"line":281,"column":9},"end":{"line":281,"column":21}},"loc":{"start":{"line":281,"column":28},"end":{"line":286,"column":1}},"line":281}},"branchMap":{"0":{"loc":{"start":{"line":19,"column":2},"end":{"line":24,"column":3}},"type":"if","locations":[{"start":{"line":19,"column":2},"end":{"line":24,"column":3}},{"start":{},"end":{}}],"line":19},"1":{"loc":{"start":{"line":33,"column":4},"end":{"line":38,"column":5}},"type":"if","locations":[{"start":{"line":33,"column":4},"end":{"line":38,"column":5}},{"start":{},"end":{}}],"line":33},"2":{"loc":{"start":{"line":44,"column":4},"end":{"line":49,"column":5}},"type":"if","locations":[{"start":{"line":44,"column":4},"end":{"line":49,"column":5}},{"start":{},"end":{}}],"line":44},"3":{"loc":{"start":{"line":44,"column":8},"end":{"line":44,"column":80}},"type":"binary-expr","locations":[{"start":{"line":44,"column":8},"end":{"line":44,"column":42}},{"start":{"line":44,"column":46},"end":{"line":44,"column":80}}],"line":44},"4":{"loc":{"start":{"line":67,"column":2},"end":{"line":70,"column":3}},"type":"if","locations":[{"start":{"line":67,"column":2},"end":{"line":70,"column":3}},{"start":{},"end":{}}],"line":67},"5":{"loc":{"start":{"line":76,"column":4},"end":{"line":83,"column":5}},"type":"if","locations":[{"start":{"line":76,"column":4},"end":{"line":83,"column":5}},{"start":{},"end":{}}],"line":76},"6":{"loc":{"start":{"line":80,"column":6},"end":{"line":82,"column":7}},"type":"if","locations":[{"start":{"line":80,"column":6},"end":{"line":82,"column":7}},{"start":{},"end":{}}],"line":80},"7":{"loc":{"start":{"line":86,"column":4},"end":{"line":88,"column":5}},"type":"if","locations":[{"start":{"line":86,"column":4},"end":{"line":88,"column":5}},{"start":{},"end":{}}],"line":86},"8":{"loc":{"start":{"line":104,"column":2},"end":{"line":106,"column":3}},"type":"if","locations":[{"start":{"line":104,"column":2},"end":{"line":106,"column":3}},{"start":{},"end":{}}],"line":104},"9":{"loc":{"start":{"line":109,"column":4},"end":{"line":114,"column":5}},"type":"if","locations":[{"start":{"line":109,"column":4},"end":{"line":114,"column":5}},{"start":{},"end":{}}],"line":109},"10":{"loc":{"start":{"line":109,"column":8},"end":{"line":109,"column":35}},"type":"binary-expr","locations":[{"start":{"line":109,"column":8},"end":{"line":109,"column":17}},{"start":{"line":109,"column":21},"end":{"line":109,"column":35}}],"line":109},"11":{"loc":{"start":{"line":118,"column":4},"end":{"line":125,"column":5}},"type":"if","locations":[{"start":{"line":118,"column":4},"end":{"line":125,"column":5}},{"start":{},"end":{}}],"line":118},"12":{"loc":{"start":{"line":145,"column":6},"end":{"line":148,"column":7}},"type":"if","locations":[{"start":{"line":145,"column":6},"end":{"line":148,"column":7}},{"start":{},"end":{}}],"line":145},"13":{"loc":{"start":{"line":145,"column":10},"end":{"line":145,"column":63}},"type":"binary-expr","locations":[{"start":{"line":145,"column":10},"end":{"line":145,"column":28}},{"start":{"line":145,"column":33},"end":{"line":145,"column":39}},{"start":{"line":145,"column":43},"end":{"line":145,"column":62}}],"line":145},"14":{"loc":{"start":{"line":151,"column":6},"end":{"line":153,"column":7}},"type":"if","locations":[{"start":{"line":151,"column":6},"end":{"line":153,"column":7}},{"start":{},"end":{}}],"line":151},"15":{"loc":{"start":{"line":151,"column":10},"end":{"line":151,"column":39}},"type":"binary-expr","locations":[{"start":{"line":151,"column":10},"end":{"line":151,"column":29}},{"start":{"line":151,"column":33},"end":{"line":151,"column":39}}],"line":151},"16":{"loc":{"start":{"line":156,"column":6},"end":{"line":161,"column":7}},"type":"if","locations":[{"start":{"line":156,"column":6},"end":{"line":161,"column":7}},{"start":{},"end":{}}],"line":156},"17":{"loc":{"start":{"line":158,"column":8},"end":{"line":160,"column":9}},"type":"if","locations":[{"start":{"line":158,"column":8},"end":{"line":160,"column":9}},{"start":{},"end":{}}],"line":158},"18":{"loc":{"start":{"line":164,"column":6},"end":{"line":168,"column":7}},"type":"if","locations":[{"start":{"line":164,"column":6},"end":{"line":168,"column":7}},{"start":{},"end":{}}],"line":164},"19":{"loc":{"start":{"line":165,"column":8},"end":{"line":167,"column":9}},"type":"if","locations":[{"start":{"line":165,"column":8},"end":{"line":167,"column":9}},{"start":{},"end":{}}],"line":165},"20":{"loc":{"start":{"line":165,"column":28},"end":{"line":165,"column":52}},"type":"binary-expr","locations":[{"start":{"line":165,"column":28},"end":{"line":165,"column":47}},{"start":{"line":165,"column":51},"end":{"line":165,"column":52}}],"line":165},"21":{"loc":{"start":{"line":166,"column":55},"end":{"line":166,"column":79}},"type":"binary-expr","locations":[{"start":{"line":166,"column":55},"end":{"line":166,"column":74}},{"start":{"line":166,"column":78},"end":{"line":166,"column":79}}],"line":166},"22":{"loc":{"start":{"line":171,"column":6},"end":{"line":173,"column":7}},"type":"if","locations":[{"start":{"line":171,"column":6},"end":{"line":173,"column":7}},{"start":{},"end":{}}],"line":171},"23":{"loc":{"start":{"line":171,"column":10},"end":{"line":171,"column":67}},"type":"binary-expr","locations":[{"start":{"line":171,"column":10},"end":{"line":171,"column":29}},{"start":{"line":171,"column":33},"end":{"line":171,"column":67}}],"line":171},"24":{"loc":{"start":{"line":176,"column":6},"end":{"line":178,"column":7}},"type":"if","locations":[{"start":{"line":176,"column":6},"end":{"line":178,"column":7}},{"start":{},"end":{}}],"line":176},"25":{"loc":{"start":{"line":176,"column":10},"end":{"line":176,"column":67}},"type":"binary-expr","locations":[{"start":{"line":176,"column":10},"end":{"line":176,"column":29}},{"start":{"line":176,"column":33},"end":{"line":176,"column":67}}],"line":176},"26":{"loc":{"start":{"line":181,"column":6},"end":{"line":186,"column":7}},"type":"if","locations":[{"start":{"line":181,"column":6},"end":{"line":186,"column":7}},{"start":{},"end":{}}],"line":181},"27":{"loc":{"start":{"line":183,"column":8},"end":{"line":185,"column":9}},"type":"if","locations":[{"start":{"line":183,"column":8},"end":{"line":185,"column":9}},{"start":{},"end":{}}],"line":183},"28":{"loc":{"start":{"line":189,"column":4},"end":{"line":195,"column":5}},"type":"if","locations":[{"start":{"line":189,"column":4},"end":{"line":195,"column":5}},{"start":{},"end":{}}],"line":189},"29":{"loc":{"start":{"line":208,"column":2},"end":{"line":210,"column":3}},"type":"if","locations":[{"start":{"line":208,"column":2},"end":{"line":210,"column":3}},{"start":{},"end":{}}],"line":208},"30":{"loc":{"start":{"line":213,"column":2},"end":{"line":215,"column":3}},"type":"if","locations":[{"start":{"line":213,"column":2},"end":{"line":215,"column":3}},{"start":{},"end":{}}],"line":213},"31":{"loc":{"start":{"line":228,"column":29},"end":{"line":228,"column":45}},"type":"default-arg","locations":[{"start":{"line":228,"column":41},"end":{"line":228,"column":45}}],"line":228},"32":{"loc":{"start":{"line":242,"column":2},"end":{"line":247,"column":3}},"type":"if","locations":[{"start":{"line":242,"column":2},"end":{"line":247,"column":3}},{"start":{},"end":{}}],"line":242},"33":{"loc":{"start":{"line":242,"column":6},"end":{"line":242,"column":31}},"type":"binary-expr","locations":[{"start":{"line":242,"column":6},"end":{"line":242,"column":15}},{"start":{"line":242,"column":19},"end":{"line":242,"column":31}}],"line":242},"34":{"loc":{"start":{"line":253,"column":2},"end":{"line":258,"column":3}},"type":"if","locations":[{"start":{"line":253,"column":2},"end":{"line":258,"column":3}},{"start":{},"end":{}}],"line":253},"35":{"loc":{"start":{"line":260,"column":2},"end":{"line":267,"column":3}},"type":"if","locations":[{"start":{"line":260,"column":2},"end":{"line":267,"column":3}},{"start":{},"end":{}}],"line":260},"36":{"loc":{"start":{"line":282,"column":2},"end":{"line":282,"column":25}},"type":"if","locations":[{"start":{"line":282,"column":2},"end":{"line":282,"column":25}},{"start":{},"end":{}}],"line":282}},"s":{"0":8,"1":63,"2":63,"3":11,"4":52,"5":52,"6":46,"7":46,"8":2,"9":44,"10":44,"11":6,"12":6,"13":0,"14":0,"15":8,"16":4,"17":4,"18":1,"19":3,"20":3,"21":1,"22":1,"23":1,"24":1,"25":2,"26":0,"27":3,"28":8,"29":21,"30":21,"31":21,"32":1,"33":20,"34":20,"35":1,"36":19,"37":19,"38":7,"39":12,"40":8,"41":41,"42":104,"43":104,"44":151,"45":151,"46":9,"47":9,"48":142,"49":22,"50":120,"51":49,"52":49,"53":5,"54":120,"55":37,"56":4,"57":120,"58":9,"59":120,"60":1,"61":120,"62":2,"63":2,"64":1,"65":104,"66":23,"67":81,"68":67,"69":67,"70":12,"71":55,"72":53,"73":2,"74":29,"75":8,"76":17,"77":2,"78":15,"79":15,"80":15,"81":0,"82":15,"83":0,"84":15,"85":15,"86":33,"87":2,"88":31,"89":31},"f":{"0":63,"1":4,"2":21,"3":20,"4":41,"5":104,"6":67,"7":29,"8":17,"9":33},"b":{"0":[11,52],"1":[2,44],"2":[6,0],"3":[6,2],"4":[1,3],"5":[1,0],"6":[1,0],"7":[0,2],"8":[1,20],"9":[1,19],"10":[20,19],"11":[7,12],"12":[9,142],"13":[151,128,120],"14":[22,120],"15":[142,23],"16":[49,71],"17":[5,44],"18":[37,83],"19":[4,33],"20":[37,0],"21":[4,0],"22":[9,111],"23":[120,63],"24":[1,119],"25":[120,1],"26":[2,118],"27":[1,1],"28":[23,81],"29":[12,55],"30":[53,2],"31":[28],"32":[2,15],"33":[17,16],"34":[0,15],"35":[0,15],"36":[2,31]},"_coverageSchema":"1a1c01bbd47fc00a2c39e90264f33305004495a9","hash":"8f4b040909f1cf1c51a393c75a66467de1d02dd3"}
,"/Users/jcoleman-mbp/Developer/projects/codescribe-ai/server/src/middleware/errorHandler.js": {"path":"/Users/jcoleman-mbp/Developer/projects/codescribe-ai/server/src/middleware/errorHandler.js","statementMap":{"0":{"start":{"line":2,"column":2},"end":{"line":2,"column":31}},"1":{"start":{"line":5,"column":2},"end":{"line":10,"column":3}},"2":{"start":{"line":6,"column":4},"end":{"line":9,"column":7}},"3":{"start":{"line":13,"column":2},"end":{"line":19,"column":3}},"4":{"start":{"line":14,"column":4},"end":{"line":18,"column":7}},"5":{"start":{"line":22,"column":2},"end":{"line":28,"column":3}},"6":{"start":{"line":23,"column":4},"end":{"line":27,"column":7}},"7":{"start":{"line":31,"column":2},"end":{"line":36,"column":3}},"8":{"start":{"line":32,"column":4},"end":{"line":35,"column":7}},"9":{"start":{"line":39,"column":2},"end":{"line":44,"column":3}},"10":{"start":{"line":40,"column":4},"end":{"line":43,"column":7}},"11":{"start":{"line":47,"column":2},"end":{"line":50,"column":5}}},"fnMap":{"0":{"name":"errorHandler","decl":{"start":{"line":1,"column":24},"end":{"line":1,"column":36}},"loc":{"start":{"line":1,"column":58},"end":{"line":51,"column":1}},"line":1}},"branchMap":{"0":{"loc":{"start":{"line":5,"column":2},"end":{"line":10,"column":3}},"type":"if","locations":[{"start":{"line":5,"column":2},"end":{"line":10,"column":3}},{"start":{},"end":{}}],"line":5},"1":{"loc":{"start":{"line":13,"column":2},"end":{"line":19,"column":3}},"type":"if","locations":[{"start":{"line":13,"column":2},"end":{"line":19,"column":3}},{"start":{},"end":{}}],"line":13},"2":{"loc":{"start":{"line":22,"column":2},"end":{"line":28,"column":3}},"type":"if","locations":[{"start":{"line":22,"column":2},"end":{"line":28,"column":3}},{"start":{},"end":{}}],"line":22},"3":{"loc":{"start":{"line":31,"column":2},"end":{"line":36,"column":3}},"type":"if","locations":[{"start":{"line":31,"column":2},"end":{"line":36,"column":3}},{"start":{},"end":{}}],"line":31},"4":{"loc":{"start":{"line":39,"column":2},"end":{"line":44,"column":3}},"type":"if","locations":[{"start":{"line":39,"column":2},"end":{"line":44,"column":3}},{"start":{},"end":{}}],"line":39}},"s":{"0":20,"1":20,"2":1,"3":19,"4":3,"5":16,"6":3,"7":13,"8":4,"9":9,"10":4,"11":5},"f":{"0":20},"b":{"0":[1,19],"1":[3,16],"2":[3,13],"3":[4,9],"4":[4,5]},"_coverageSchema":"1a1c01bbd47fc00a2c39e90264f33305004495a9","hash":"54195fc01ad8a6f7869be8422b1ab62a614beb43"}
,"/Users/jcoleman-mbp/Developer/projects/codescribe-ai/server/src/middleware/rateLimitBypass.js": {"path":"/Users/jcoleman-mbp/Developer/projects/codescribe-ai/server/src/middleware/rateLimitBypass.js","statementMap":{"0":{"start":{"line":26,"column":31},"end":{"line":35,"column":1}},"1":{"start":{"line":28,"column":2},"end":{"line":31,"column":3}},"2":{"start":{"line":30,"column":4},"end":{"line":30,"column":18}},"3":{"start":{"line":34,"column":2},"end":{"line":34,"column":16}}},"fnMap":{"0":{"name":"(anonymous_0)","decl":{"start":{"line":26,"column":31},"end":{"line":26,"column":32}},"loc":{"start":{"line":26,"column":51},"end":{"line":35,"column":1}},"line":26}},"branchMap":{"0":{"loc":{"start":{"line":28,"column":2},"end":{"line":31,"column":3}},"type":"if","locations":[{"start":{"line":28,"column":2},"end":{"line":31,"column":3}},{"start":{},"end":{}}],"line":28},"1":{"loc":{"start":{"line":28,"column":6},"end":{"line":28,"column":52}},"type":"binary-expr","locations":[{"start":{"line":28,"column":6},"end":{"line":28,"column":14}},{"start":{"line":28,"column":18},"end":{"line":28,"column":52}}],"line":28}},"s":{"0":2,"1":12,"2":5,"3":7},"f":{"0":12},"b":{"0":[5,7],"1":[12,10]},"_coverageSchema":"1a1c01bbd47fc00a2c39e90264f33305004495a9","hash":"166376d4641574f9a27030916e79eacb80eb7e2d"}
,"/Users/jcoleman-mbp/Developer/projects/codescribe-ai/server/src/middleware/rateLimiter.js": {"path":"/Users/jcoleman-mbp/Developer/projects/codescribe-ai/server/src/middleware/rateLimiter.js","statementMap":{"0":{"start":{"line":10,"column":28},"end":{"line":12,"column":1}},"1":{"start":{"line":11,"column":2},"end":{"line":11,"column":56}},"2":{"start":{"line":15,"column":26},"end":{"line":33,"column":2}},"3":{"start":{"line":27,"column":4},"end":{"line":31,"column":7}},"4":{"start":{"line":36,"column":33},"end":{"line":54,"column":2}},"5":{"start":{"line":48,"column":4},"end":{"line":52,"column":7}}},"fnMap":{"0":{"name":"(anonymous_0)","decl":{"start":{"line":10,"column":28},"end":{"line":10,"column":29}},"loc":{"start":{"line":10,"column":37},"end":{"line":12,"column":1}},"line":10},"1":{"name":"(anonymous_1)","decl":{"start":{"line":26,"column":11},"end":{"line":26,"column":12}},"loc":{"start":{"line":26,"column":25},"end":{"line":32,"column":3}},"line":26},"2":{"name":"(anonymous_2)","decl":{"start":{"line":47,"column":11},"end":{"line":47,"column":12}},"loc":{"start":{"line":47,"column":25},"end":{"line":53,"column":3}},"line":47}},"branchMap":{"0":{"loc":{"start":{"line":11,"column":9},"end":{"line":11,"column":55}},"type":"binary-expr","locations":[{"start":{"line":11,"column":9},"end":{"line":11,"column":17}},{"start":{"line":11,"column":21},"end":{"line":11,"column":55}}],"line":11},"1":{"loc":{"start":{"line":16,"column":12},"end":{"line":16,"column":67}},"type":"binary-expr","locations":[{"start":{"line":16,"column":12},"end":{"line":16,"column":54}},{"start":{"line":16,"column":58},"end":{"line":16,"column":67}}],"line":16},"2":{"loc":{"start":{"line":17,"column":7},"end":{"line":17,"column":49}},"type":"binary-expr","locations":[{"start":{"line":17,"column":7},"end":{"line":17,"column":43}},{"start":{"line":17,"column":47},"end":{"line":17,"column":49}}],"line":17},"3":{"loc":{"start":{"line":38,"column":7},"end":{"line":38,"column":57}},"type":"binary-expr","locations":[{"start":{"line":38,"column":7},"end":{"line":38,"column":50}},{"start":{"line":38,"column":54},"end":{"line":38,"column":57}}],"line":38}},"s":{"0":1,"1":0,"2":1,"3":0,"4":1,"5":0},"f":{"0":0,"1":0,"2":0},"b":{"0":[0,0],"1":[1,0],"2":[1,0],"3":[1,0]},"_coverageSchema":"1a1c01bbd47fc00a2c39e90264f33305004495a9","hash":"ebb7e95ebdc6a8a7e1c4b3e49b6ae286a58e8026"}
,"/Users/jcoleman-mbp/Developer/projects/codescribe-ai/server/src/middleware/requireTermsAcceptance.js": {"path":"/Users/jcoleman-mbp/Developer/projects/codescribe-ai/server/src/middleware/requireTermsAcceptance.js","statementMap":{"0":{"start":{"line":30,"column":2},"end":{"line":32,"column":3}},"1":{"start":{"line":31,"column":4},"end":{"line":31,"column":18}},"2":{"start":{"line":34,"column":23},"end":{"line":34,"column":55}},"3":{"start":{"line":37,"column":2},"end":{"line":51,"column":3}},"4":{"start":{"line":38,"column":4},"end":{"line":50,"column":7}},"5":{"start":{"line":54,"column":2},"end":{"line":54,"column":9}},"6":{"start":{"line":66,"column":2},"end":{"line":68,"column":3}},"7":{"start":{"line":67,"column":4},"end":{"line":67,"column":18}},"8":{"start":{"line":70,"column":23},"end":{"line":70,"column":55}},"9":{"start":{"line":72,"column":2},"end":{"line":79,"column":3}},"10":{"start":{"line":74,"column":4},"end":{"line":74,"column":59}},"11":{"start":{"line":75,"column":4},"end":{"line":78,"column":8}},"12":{"start":{"line":81,"column":2},"end":{"line":81,"column":9}}},"fnMap":{"0":{"name":"requireTermsAcceptance","decl":{"start":{"line":28,"column":16},"end":{"line":28,"column":38}},"loc":{"start":{"line":28,"column":55},"end":{"line":55,"column":1}},"line":28},"1":{"name":"warnTermsAcceptance","decl":{"start":{"line":65,"column":16},"end":{"line":65,"column":35}},"loc":{"start":{"line":65,"column":52},"end":{"line":82,"column":1}},"line":65}},"branchMap":{"0":{"loc":{"start":{"line":30,"column":2},"end":{"line":32,"column":3}},"type":"if","locations":[{"start":{"line":30,"column":2},"end":{"line":32,"column":3}},{"start":{},"end":{}}],"line":30},"1":{"loc":{"start":{"line":37,"column":2},"end":{"line":51,"column":3}},"type":"if","locations":[{"start":{"line":37,"column":2},"end":{"line":51,"column":3}},{"start":{},"end":{}}],"line":37},"2":{"loc":{"start":{"line":42,"column":15},"end":{"line":42,"column":69}},"type":"cond-expr","locations":[{"start":{"line":42,"column":41},"end":{"line":42,"column":62}},{"start":{"line":42,"column":65},"end":{"line":42,"column":69}}],"line":42},"3":{"loc":{"start":{"line":43,"column":17},"end":{"line":43,"column":75}},"type":"cond-expr","locations":[{"start":{"line":43,"column":45},"end":{"line":43,"column":68}},{"start":{"line":43,"column":71},"end":{"line":43,"column":75}}],"line":43},"4":{"loc":{"start":{"line":66,"column":2},"end":{"line":68,"column":3}},"type":"if","locations":[{"start":{"line":66,"column":2},"end":{"line":68,"column":3}},{"start":{},"end":{}}],"line":66},"5":{"loc":{"start":{"line":72,"column":2},"end":{"line":79,"column":3}},"type":"if","locations":[{"start":{"line":72,"column":2},"end":{"line":79,"column":3}},{"start":{},"end":{}}],"line":72}},"s":{"0":16,"1":2,"2":14,"3":14,"4":13,"5":1,"6":6,"7":1,"8":5,"9":5,"10":4,"11":4,"12":5},"f":{"0":16,"1":6},"b":{"0":[2,14],"1":[13,1],"2":[10,3],"3":[10,3],"4":[1,5],"5":[4,1]},"_coverageSchema":"1a1c01bbd47fc00a2c39e90264f33305004495a9","hash":"148f6b759b8854335d9ab682298a61e1640df4f4"}
,"/Users/jcoleman-mbp/Developer/projects/codescribe-ai/server/src/middleware/securityHeaders.js": {"path":"/Users/jcoleman-mbp/Developer/projects/codescribe-ai/server/src/middleware/securityHeaders.js","statementMap":{"0":{"start":{"line":27,"column":2},"end":{"line":27,"column":43}},"1":{"start":{"line":30,"column":2},"end":{"line":30,"column":53}},"2":{"start":{"line":34,"column":2},"end":{"line":34,"column":53}},"3":{"start":{"line":38,"column":2},"end":{"line":38,"column":70}},"4":{"start":{"line":42,"column":2},"end":{"line":45,"column":4}},"5":{"start":{"line":47,"column":2},"end":{"line":47,"column":9}},"6":{"start":{"line":64,"column":2},"end":{"line":64,"column":34}}},"fnMap":{"0":{"name":"securityHeaders","decl":{"start":{"line":24,"column":16},"end":{"line":24,"column":31}},"loc":{"start":{"line":24,"column":48},"end":{"line":48,"column":1}},"line":24},"1":{"name":"strictSecurityHeaders","decl":{"start":{"line":62,"column":16},"end":{"line":62,"column":37}},"loc":{"start":{"line":62,"column":54},"end":{"line":72,"column":1}},"line":62}},"branchMap":{},"s":{"0":19,"1":19,"2":19,"3":19,"4":19,"5":19,"6":3},"f":{"0":19,"1":3},"b":{},"_coverageSchema":"1a1c01bbd47fc00a2c39e90264f33305004495a9","hash":"8277023a7cc8dc10ffc673d97624cef838ea179e"}
,"/Users/jcoleman-mbp/Developer/projects/codescribe-ai/server/src/middleware/tierGate.js": {"path":"/Users/jcoleman-mbp/Developer/projects/codescribe-ai/server/src/middleware/tierGate.js","statementMap":{"0":{"start":{"line":29,"column":30},"end":{"line":53,"column":1}},"1":{"start":{"line":30,"column":2},"end":{"line":52,"column":4}},"2":{"start":{"line":33,"column":21},"end":{"line":33,"column":45}},"3":{"start":{"line":36,"column":4},"end":{"line":49,"column":5}},"4":{"start":{"line":37,"column":26},"end":{"line":37,"column":63}},"5":{"start":{"line":39,"column":6},"end":{"line":48,"column":9}},"6":{"start":{"line":51,"column":4},"end":{"line":51,"column":11}},"7":{"start":{"line":66,"column":26},"end":{"line":123,"column":1}},"8":{"start":{"line":67,"column":2},"end":{"line":122,"column":4}},"9":{"start":{"line":69,"column":4},"end":{"line":71,"column":5}},"10":{"start":{"line":70,"column":6},"end":{"line":70,"column":20}},"11":{"start":{"line":73,"column":21},"end":{"line":73,"column":45}},"12":{"start":{"line":74,"column":19},"end":{"line":74,"column":31}},"13":{"start":{"line":75,"column":27},"end":{"line":75,"column":51}},"14":{"start":{"line":78,"column":18},"end":{"line":78,"column":58}},"15":{"start":{"line":81,"column":21},"end":{"line":81,"column":66}},"16":{"start":{"line":84,"column":23},"end":{"line":88,"column":6}},"17":{"start":{"line":90,"column":4},"end":{"line":113,"column":5}},"18":{"start":{"line":91,"column":25},"end":{"line":91,"column":50}},"19":{"start":{"line":92,"column":26},"end":{"line":92,"column":72}},"20":{"start":{"line":94,"column":6},"end":{"line":112,"column":9}},"21":{"start":{"line":116,"column":4},"end":{"line":119,"column":6}},"22":{"start":{"line":121,"column":4},"end":{"line":121,"column":11}},"23":{"start":{"line":137,"column":27},"end":{"line":157,"column":1}},"24":{"start":{"line":138,"column":20},"end":{"line":138,"column":57}},"25":{"start":{"line":140,"column":2},"end":{"line":156,"column":4}},"26":{"start":{"line":141,"column":21},"end":{"line":141,"column":45}},"27":{"start":{"line":142,"column":26},"end":{"line":142,"column":53}},"28":{"start":{"line":143,"column":29},"end":{"line":143,"column":59}},"29":{"start":{"line":145,"column":4},"end":{"line":153,"column":5}},"30":{"start":{"line":146,"column":6},"end":{"line":152,"column":9}},"31":{"start":{"line":155,"column":4},"end":{"line":155,"column":11}},"32":{"start":{"line":167,"column":30},"end":{"line":190,"column":1}},"33":{"start":{"line":168,"column":2},"end":{"line":189,"column":4}},"34":{"start":{"line":169,"column":21},"end":{"line":169,"column":45}},"35":{"start":{"line":170,"column":19},"end":{"line":170,"column":31}},"36":{"start":{"line":171,"column":27},"end":{"line":171,"column":51}},"37":{"start":{"line":172,"column":18},"end":{"line":172,"column":58}},"38":{"start":{"line":173,"column":23},"end":{"line":173,"column":48}},"39":{"start":{"line":176,"column":4},"end":{"line":186,"column":7}},"40":{"start":{"line":188,"column":4},"end":{"line":188,"column":11}},"41":{"start":{"line":202,"column":2},"end":{"line":202,"column":59}},"42":{"start":{"line":213,"column":36},"end":{"line":248,"column":1}},"43":{"start":{"line":214,"column":19},"end":{"line":214,"column":40}},"44":{"start":{"line":216,"column":2},"end":{"line":247,"column":4}}},"fnMap":{"0":{"name":"(anonymous_0)","decl":{"start":{"line":29,"column":30},"end":{"line":29,"column":31}},"loc":{"start":{"line":29,"column":47},"end":{"line":53,"column":1}},"line":29},"1":{"name":"(anonymous_1)","decl":{"start":{"line":30,"column":9},"end":{"line":30,"column":10}},"loc":{"start":{"line":30,"column":29},"end":{"line":52,"column":3}},"line":30},"2":{"name":"(anonymous_2)","decl":{"start":{"line":66,"column":26},"end":{"line":66,"column":27}},"loc":{"start":{"line":66,"column":32},"end":{"line":123,"column":1}},"line":66},"3":{"name":"(anonymous_3)","decl":{"start":{"line":67,"column":9},"end":{"line":67,"column":10}},"loc":{"start":{"line":67,"column":35},"end":{"line":122,"column":3}},"line":67},"4":{"name":"(anonymous_4)","decl":{"start":{"line":137,"column":27},"end":{"line":137,"column":28}},"loc":{"start":{"line":137,"column":44},"end":{"line":157,"column":1}},"line":137},"5":{"name":"(anonymous_5)","decl":{"start":{"line":140,"column":9},"end":{"line":140,"column":10}},"loc":{"start":{"line":140,"column":29},"end":{"line":156,"column":3}},"line":140},"6":{"name":"(anonymous_6)","decl":{"start":{"line":167,"column":30},"end":{"line":167,"column":31}},"loc":{"start":{"line":167,"column":36},"end":{"line":190,"column":1}},"line":167},"7":{"name":"(anonymous_7)","decl":{"start":{"line":168,"column":9},"end":{"line":168,"column":10}},"loc":{"start":{"line":168,"column":35},"end":{"line":189,"column":3}},"line":168},"8":{"name":"incrementUsage","decl":{"start":{"line":201,"column":22},"end":{"line":201,"column":36}},"loc":{"start":{"line":201,"column":64},"end":{"line":203,"column":1}},"line":201},"9":{"name":"(anonymous_9)","decl":{"start":{"line":213,"column":36},"end":{"line":213,"column":37}},"loc":{"start":{"line":213,"column":55},"end":{"line":248,"column":1}},"line":213}},"branchMap":{"0":{"loc":{"start":{"line":33,"column":21},"end":{"line":33,"column":45}},"type":"binary-expr","locations":[{"start":{"line":33,"column":21},"end":{"line":33,"column":35}},{"start":{"line":33,"column":39},"end":{"line":33,"column":45}}],"line":33},"1":{"loc":{"start":{"line":36,"column":4},"end":{"line":49,"column":5}},"type":"if","locations":[{"start":{"line":36,"column":4},"end":{"line":49,"column":5}},{"start":{},"end":{}}],"line":36},"2":{"loc":{"start":{"line":69,"column":4},"end":{"line":71,"column":5}},"type":"if","locations":[{"start":{"line":69,"column":4},"end":{"line":71,"column":5}},{"start":{},"end":{}}],"line":69},"3":{"loc":{"start":{"line":69,"column":8},"end":{"line":69,"column":54}},"type":"binary-expr","locations":[{"start":{"line":69,"column":8},"end":{"line":69,"column":16}},{"start":{"line":69,"column":20},"end":{"line":69,"column":54}}],"line":69},"4":{"loc":{"start":{"line":73,"column":21},"end":{"line":73,"column":45}},"type":"binary-expr","locations":[{"start":{"line":73,"column":21},"end":{"line":73,"column":35}},{"start":{"line":73,"column":39},"end":{"line":73,"column":45}}],"line":73},"5":{"loc":{"start":{"line":75,"column":27},"end":{"line":75,"column":51}},"type":"binary-expr","locations":[{"start":{"line":75,"column":27},"end":{"line":75,"column":33}},{"start":{"line":75,"column":37},"end":{"line":75,"column":51}}],"line":75},"6":{"loc":{"start":{"line":81,"column":21},"end":{"line":81,"column":66}},"type":"binary-expr","locations":[{"start":{"line":81,"column":21},"end":{"line":81,"column":35}},{"start":{"line":81,"column":39},"end":{"line":81,"column":61}},{"start":{"line":81,"column":65},"end":{"line":81,"column":66}}],"line":81},"7":{"loc":{"start":{"line":86,"column":24},"end":{"line":86,"column":51}},"type":"binary-expr","locations":[{"start":{"line":86,"column":24},"end":{"line":86,"column":46}},{"start":{"line":86,"column":50},"end":{"line":86,"column":51}}],"line":86},"8":{"loc":{"start":{"line":87,"column":26},"end":{"line":87,"column":55}},"type":"binary-expr","locations":[{"start":{"line":87,"column":26},"end":{"line":87,"column":50}},{"start":{"line":87,"column":54},"end":{"line":87,"column":55}}],"line":87},"9":{"loc":{"start":{"line":90,"column":4},"end":{"line":113,"column":5}},"type":"if","locations":[{"start":{"line":90,"column":4},"end":{"line":113,"column":5}},{"start":{},"end":{}}],"line":90},"10":{"loc":{"start":{"line":141,"column":21},"end":{"line":141,"column":45}},"type":"binary-expr","locations":[{"start":{"line":141,"column":21},"end":{"line":141,"column":35}},{"start":{"line":141,"column":39},"end":{"line":141,"column":45}}],"line":141},"11":{"loc":{"start":{"line":145,"column":4},"end":{"line":153,"column":5}},"type":"if","locations":[{"start":{"line":145,"column":4},"end":{"line":153,"column":5}},{"start":{},"end":{}}],"line":145},"12":{"loc":{"start":{"line":169,"column":21},"end":{"line":169,"column":45}},"type":"binary-expr","locations":[{"start":{"line":169,"column":21},"end":{"line":169,"column":35}},{"start":{"line":169,"column":39},"end":{"line":169,"column":45}}],"line":169},"13":{"loc":{"start":{"line":171,"column":27},"end":{"line":171,"column":51}},"type":"binary-expr","locations":[{"start":{"line":171,"column":27},"end":{"line":171,"column":33}},{"start":{"line":171,"column":37},"end":{"line":171,"column":51}}],"line":171},"14":{"loc":{"start":{"line":179,"column":38},"end":{"line":181,"column":62}},"type":"cond-expr","locations":[{"start":{"line":180,"column":10},"end":{"line":180,"column":21}},{"start":{"line":181,"column":10},"end":{"line":181,"column":62}}],"line":179},"15":{"loc":{"start":{"line":183,"column":40},"end":{"line":185,"column":66}},"type":"cond-expr","locations":[{"start":{"line":184,"column":10},"end":{"line":184,"column":21}},{"start":{"line":185,"column":10},"end":{"line":185,"column":66}}],"line":183},"16":{"loc":{"start":{"line":201,"column":53},"end":{"line":201,"column":62}},"type":"default-arg","locations":[{"start":{"line":201,"column":61},"end":{"line":201,"column":62}}],"line":201},"17":{"loc":{"start":{"line":213,"column":37},"end":{"line":213,"column":50}},"type":"default-arg","locations":[{"start":{"line":213,"column":44},"end":{"line":213,"column":50}}],"line":213}},"s":{"0":1,"1":3,"2":3,"3":3,"4":1,"5":1,"6":2,"7":1,"8":5,"9":5,"10":0,"11":5,"12":5,"13":5,"14":5,"15":5,"16":5,"17":5,"18":1,"19":1,"20":1,"21":4,"22":4,"23":1,"24":4,"25":4,"26":4,"27":4,"28":4,"29":4,"30":2,"31":2,"32":1,"33":3,"34":3,"35":3,"36":3,"37":3,"38":3,"39":3,"40":3,"41":3,"42":1,"43":2,"44":2},"f":{"0":3,"1":3,"2":5,"3":5,"4":4,"5":4,"6":3,"7":3,"8":3,"9":2},"b":{"0":[3,1],"1":[1,2],"2":[0,5],"3":[5,4],"4":[5,1],"5":[5,1],"6":[5,4,3],"7":[5,2],"8":[5,2],"9":[1,4],"10":[4,1],"11":[2,2],"12":[3,1],"13":[3,1],"14":[1,2],"15":[1,2],"16":[2],"17":[1]},"_coverageSchema":"1a1c01bbd47fc00a2c39e90264f33305004495a9","hash":"17228e8c5768ca6c45b06ca1df29fa59efbe74a8"}
}
