TN:
SF:src/__tests__/helpers/cleanup.js
FN:13,cleanupTestUsers
FN:24,(anonymous_1)
FN:74,cleanupAllTestData
FN:89,wrapCleanup
FN:90,(anonymous_4)
FNF:5
FNH:0
FNDA:0,cleanupTestUsers
FNDA:0,(anonymous_1)
FNDA:0,cleanupAllTestData
FNDA:0,wrapCleanup
FNDA:0,(anonymous_4)
DA:14,0
DA:16,0
DA:18,0
DA:20,0
DA:21,0
DA:24,0
DA:28,0
DA:30,0
DA:31,0
DA:41,0
DA:45,0
DA:49,0
DA:53,0
DA:57,0
DA:64,0
DA:65,0
DA:75,0
DA:82,0
DA:90,0
DA:91,0
DA:92,0
DA:95,0
LF:22
LH:0
BRDA:14,0,0,0
BRDA:14,0,1,0
BRDA:30,1,0,0
BRDA:30,1,1,0
BRF:4
BRH:0
end_of_record
TN:
SF:src/config/llm.config.js
FN:64,getLLMConfig
FN:112,getProviderCapabilities
FN:132,logConfig
FNF:3
FNH:3
FNDA:35,getLLMConfig
FNDA:5,getProviderCapabilities
FNDA:24,logConfig
DA:11,23
DA:17,23
DA:65,35
DA:66,35
DA:68,35
DA:69,1
DA:75,34
DA:76,1
DA:82,33
DA:100,33
DA:101,0
DA:104,33
DA:113,5
DA:114,5
DA:116,5
DA:117,1
DA:123,4
LF:17
LH:16
BRDA:21,0,0,23
BRDA:21,0,1,1
BRDA:26,1,0,23
BRDA:26,1,1,22
BRDA:27,2,0,23
BRDA:27,2,1,22
BRDA:28,3,0,23
BRDA:28,3,1,22
BRDA:29,4,0,23
BRDA:29,4,1,22
BRDA:38,5,0,23
BRDA:38,5,1,6
BRDA:39,6,0,23
BRDA:39,6,1,15
BRDA:39,6,2,14
BRDA:45,7,0,23
BRDA:45,7,1,13
BRDA:46,8,0,23
BRDA:46,8,1,16
BRDA:46,8,2,14
BRDA:52,9,0,23
BRDA:52,9,1,0
BRDA:53,10,0,23
BRDA:53,10,1,0
BRDA:53,10,2,0
BRDA:68,11,0,1
BRDA:68,11,1,34
BRDA:75,12,0,1
BRDA:75,12,1,33
BRDA:100,13,0,0
BRDA:100,13,1,33
BRDA:112,14,0,1
BRDA:113,15,0,5
BRDA:113,15,1,1
BRDA:116,16,0,1
BRDA:116,16,1,4
BRF:36
BRH:32
end_of_record
TN:
SF:src/config/stripe.js
FN:19,(anonymous_0)
FN:79,getTierFromPriceId
FN:94,getBillingPeriod
FN:109,isValidPriceForTier
FN:122,getTierValue
FNF:5
FNH:0
FNDA:0,(anonymous_0)
FNDA:0,getTierFromPriceId
FNDA:0,getBillingPeriod
FNDA:0,isValidPriceForTier
FNDA:0,getTierValue
DA:13,0
DA:19,0
DA:21,0
DA:22,0
DA:25,0
DA:29,0
DA:44,0
DA:62,0
DA:67,0
DA:80,0
DA:81,0
DA:82,0
DA:85,0
DA:95,0
DA:96,0
DA:97,0
DA:99,0
DA:110,0
DA:111,0
DA:112,0
DA:123,0
DA:124,0
DA:129,0
LF:23
LH:0
BRDA:21,0,0,0
BRDA:21,0,1,0
BRDA:29,1,0,0
BRDA:29,1,1,0
BRDA:68,2,0,0
BRDA:68,2,1,0
BRDA:69,3,0,0
BRDA:69,3,1,0
BRDA:81,4,0,0
BRDA:81,4,1,0
BRDA:81,5,0,0
BRDA:81,5,1,0
BRDA:96,6,0,0
BRDA:96,6,1,0
BRDA:97,7,0,0
BRDA:97,7,1,0
BRDA:111,8,0,0
BRDA:111,8,1,0
BRDA:112,9,0,0
BRDA:112,9,1,0
BRDA:129,10,0,0
BRDA:129,10,1,0
BRF:22
BRH:0
end_of_record
TN:
SF:src/config/tiers.js
FN:256,(anonymous_0)
FN:263,(anonymous_1)
FN:271,(anonymous_2)
FN:272,(anonymous_3)
FN:280,(anonymous_4)
FN:286,(anonymous_5)
FN:300,(anonymous_6)
FNF:7
FNH:2
FNDA:4,(anonymous_0)
FNDA:2,(anonymous_1)
FNDA:0,(anonymous_2)
FNDA:0,(anonymous_3)
FNDA:0,(anonymous_4)
FNDA:0,(anonymous_5)
FNDA:0,(anonymous_6)
DA:13,12
DA:221,12
DA:256,12
DA:257,4
DA:263,12
DA:264,2
DA:265,2
DA:271,12
DA:272,0
DA:273,0
DA:280,12
DA:281,0
DA:282,0
DA:283,0
DA:286,0
DA:287,0
DA:290,0
DA:300,12
DA:301,0
DA:302,0
DA:310,0
LF:21
LH:10
BRDA:256,0,0,0
BRDA:257,1,0,4
BRDA:257,1,1,0
BRDA:263,2,0,0
BRDA:265,3,0,2
BRDA:265,3,1,0
BRDA:293,4,0,0
BRDA:293,4,1,0
BRDA:304,5,0,0
BRDA:304,5,1,0
BRDA:306,6,0,0
BRDA:306,6,1,0
BRDA:311,7,0,0
BRDA:311,7,1,0
BRDA:311,7,2,0
BRDA:314,8,0,0
BRDA:314,8,1,0
BRDA:316,9,0,0
BRDA:316,9,1,0
BRF:19
BRH:2
end_of_record
TN:
SF:src/constants/legalVersions.js
FN:48,hasAcceptedCurrentTerms
FN:57,hasAcceptedCurrentPrivacy
FN:66,needsLegalReacceptance
FNF:3
FNH:3
FNDA:89,hasAcceptedCurrentTerms
FNDA:61,hasAcceptedCurrentPrivacy
FNDA:42,needsLegalReacceptance
DA:18,3
DA:22,3
DA:49,89
DA:58,61
DA:67,42
LF:5
LH:5
BRDA:70,0,0,42
BRDA:70,0,1,14
BRF:2
BRH:2
end_of_record
TN:
SF:src/db/migrate.js
FN:33,calculateChecksum
FN:42,parseMigrationFilename
FN:52,(anonymous_2)
FN:61,getMigrationFiles
FN:64,(anonymous_4)
FN:67,(anonymous_5)
FN:98,ensureMigrationTableExists
FN:128,getAppliedMigrations
FN:148,runMigrationInTransaction
FN:185,validateMigrationIntegrity
FN:192,(anonymous_10)
FN:215,showStatus
FN:220,(anonymous_12)
FN:222,(anonymous_13)
FN:235,(anonymous_14)
FN:247,(anonymous_15)
FN:259,(anonymous_16)
FN:267,migrate
FN:283,(anonymous_18)
FN:289,(anonymous_19)
FN:294,(anonymous_20)
FN:302,(anonymous_21)
FN:327,main
FN:344,(anonymous_23)
FNF:24
FNH:0
FNDA:0,calculateChecksum
FNDA:0,parseMigrationFilename
FNDA:0,(anonymous_2)
FNDA:0,getMigrationFiles
FNDA:0,(anonymous_4)
FNDA:0,(anonymous_5)
FNDA:0,ensureMigrationTableExists
FNDA:0,getAppliedMigrations
FNDA:0,runMigrationInTransaction
FNDA:0,validateMigrationIntegrity
FNDA:0,(anonymous_10)
FNDA:0,showStatus
FNDA:0,(anonymous_12)
FNDA:0,(anonymous_13)
FNDA:0,(anonymous_14)
FNDA:0,(anonymous_15)
FNDA:0,(anonymous_16)
FNDA:0,migrate
FNDA:0,(anonymous_18)
FNDA:0,(anonymous_19)
FNDA:0,(anonymous_20)
FNDA:0,(anonymous_21)
FNDA:0,main
FNDA:0,(anonymous_23)
DA:26,0
DA:27,0
DA:28,0
DA:34,0
DA:43,0
DA:44,0
DA:45,0
DA:48,0
DA:49,0
DA:50,0
DA:52,0
DA:55,0
DA:62,0
DA:63,0
DA:64,0
DA:66,0
DA:68,0
DA:69,0
DA:70,0
DA:71,0
DA:73,0
DA:85,0
DA:87,0
DA:88,0
DA:89,0
DA:91,0
DA:100,0
DA:102,0
DA:103,0
DA:104,0
DA:107,0
DA:108,0
DA:118,0
DA:120,0
DA:129,0
DA:130,0
DA:135,0
DA:138,0
DA:139,0
DA:141,0
DA:149,0
DA:151,0
DA:152,0
DA:154,0
DA:157,0
DA:159,0
DA:162,0
DA:168,0
DA:170,0
DA:172,0
DA:175,0
DA:176,0
DA:178,0
DA:186,0
DA:187,0
DA:189,0
DA:191,0
DA:192,0
DA:194,0
DA:195,0
DA:196,0
DA:199,0
DA:200,0
DA:209,0
DA:216,0
DA:218,0
DA:219,0
DA:220,0
DA:222,0
DA:224,0
DA:227,0
DA:228,0
DA:229,0
DA:230,0
DA:233,0
DA:234,0
DA:235,0
DA:236,0
DA:237,0
DA:239,0
DA:241,0
DA:245,0
DA:246,0
DA:247,0
DA:248,0
DA:250,0
DA:252,0
DA:256,0
DA:257,0
DA:258,0
DA:259,0
DA:260,0
DA:268,0
DA:271,0
DA:274,0
DA:276,0
DA:277,0
DA:278,0
DA:282,0
DA:283,0
DA:286,0
DA:287,0
DA:288,0
DA:289,0
DA:290,0
DA:294,0
DA:296,0
DA:297,0
DA:298,0
DA:301,0
DA:302,0
DA:303,0
DA:306,0
DA:307,0
DA:309,0
DA:310,0
DA:311,0
DA:312,0
DA:313,0
DA:315,0
DA:316,0
DA:317,0
DA:321,0
DA:328,0
DA:330,0
DA:331,0
DA:333,0
DA:334,0
DA:337,0
DA:338,0
DA:339,0
DA:340,0
DA:341,0
DA:343,0
DA:344,0
DA:345,0
DA:347,0
DA:350,0
DA:351,0
DA:354,0
DA:356,0
DA:357,0
DA:358,0
DA:360,0
DA:365,0
DA:366,0
LF:146
LH:0
BRDA:44,0,0,0
BRDA:44,0,1,0
BRDA:87,1,0,0
BRDA:87,1,1,0
BRDA:107,2,0,0
BRDA:107,2,1,0
BRDA:138,3,0,0
BRDA:138,3,1,0
BRDA:194,4,0,0
BRDA:194,4,1,0
BRDA:199,5,0,0
BRDA:199,5,1,0
BRDA:228,6,0,0
BRDA:228,6,1,0
BRDA:230,7,0,0
BRDA:230,7,1,0
BRDA:230,7,2,0
BRDA:233,8,0,0
BRDA:233,8,1,0
BRDA:245,9,0,0
BRDA:245,9,1,0
BRDA:257,10,0,0
BRDA:257,10,1,0
BRDA:276,11,0,0
BRDA:276,11,1,0
BRDA:287,12,0,0
BRDA:287,12,1,0
BRDA:296,13,0,0
BRDA:296,13,1,0
BRDA:331,14,0,0
BRDA:331,14,1,0
BRDA:331,14,2,0
BRDA:340,15,0,0
BRDA:340,15,1,0
BRDA:357,16,0,0
BRDA:357,16,1,0
BRDA:365,17,0,0
BRDA:365,17,1,0
BRF:38
BRH:0
end_of_record
TN:
SF:src/db/runMigration.js
FN:19,runMigration
FNF:1
FNH:0
FNDA:0,runMigration
DA:13,0
DA:15,0
DA:16,0
DA:17,0
DA:20,0
DA:25,0
DA:26,0
DA:29,0
DA:30,0
DA:33,0
DA:35,0
DA:38,0
DA:39,0
DA:40,0
DA:44,0
DA:45,0
DA:46,0
DA:48,0
DA:53,0
DA:56,0
DA:57,0
DA:58,0
DA:59,0
DA:62,0
LF:24
LH:0
BRDA:38,0,0,0
BRDA:38,0,1,0
BRDA:38,1,0,0
BRDA:38,1,1,0
BRDA:53,2,0,0
BRDA:53,2,1,0
BRDA:56,3,0,0
BRDA:56,3,1,0
BRF:8
BRH:0
end_of_record
TN:
SF:src/db/__tests__/helpers/jest-setup.js
FN:9,(anonymous_0)
FN:27,(anonymous_1)
FNF:2
FNH:0
FNDA:0,(anonymous_0)
FNDA:0,(anonymous_1)
DA:6,0
DA:9,0
DA:10,0
DA:12,0
DA:14,0
DA:17,0
DA:19,0
DA:21,0
DA:22,0
DA:27,0
DA:28,0
DA:29,0
LF:12
LH:0
BRF:0
BRH:0
end_of_record
TN:
SF:src/db/__tests__/helpers/load-env.js
FNF:0
FNH:0
DA:6,0
DA:7,0
DA:10,0
DA:11,0
DA:13,0
DA:14,0
LF:6
LH:0
BRDA:14,0,0,0
BRDA:14,0,1,0
BRF:2
BRH:0
end_of_record
TN:
SF:src/db/__tests__/helpers/setup.js
FN:23,query
FN:35,sql
FN:40,(anonymous_2)
FN:53,waitForPostgres
FN:63,(anonymous_4)
FN:71,startTestDatabase
FN:103,stopTestDatabase
FN:118,resetTestDatabase
FN:145,runTestMigrations
FN:169,(anonymous_9)
FN:174,(anonymous_10)
FN:204,(anonymous_11)
FN:225,createTestUser
FN:241,createTestQuota
FN:257,deleteTestUser
FN:264,cleanupTestData
FNF:16
FNH:0
FNDA:0,query
FNDA:0,sql
FNDA:0,(anonymous_2)
FNDA:0,waitForPostgres
FNDA:0,(anonymous_4)
FNDA:0,startTestDatabase
FNDA:0,stopTestDatabase
FNDA:0,resetTestDatabase
FNDA:0,runTestMigrations
FNDA:0,(anonymous_9)
FNDA:0,(anonymous_10)
FNDA:0,(anonymous_11)
FNDA:0,createTestUser
FNDA:0,createTestQuota
FNDA:0,deleteTestUser
FNDA:0,cleanupTestData
DA:8,0
DA:9,0
DA:10,0
DA:12,0
DA:15,0
DA:24,0
DA:25,0
DA:26,0
DA:27,0
DA:29,0
DA:37,0
DA:38,0
DA:40,0
DA:41,0
DA:42,0
DA:43,0
DA:44,0
DA:49,0
DA:54,0
DA:55,0
DA:56,0
DA:57,0
DA:58,0
DA:60,0
DA:61,0
DA:63,0
DA:72,0
DA:74,0
DA:76,0
DA:80,0
DA:81,0
DA:82,0
DA:83,0
DA:87,0
DA:88,0
DA:91,0
DA:93,0
DA:95,0
DA:96,0
DA:104,0
DA:106,0
DA:107,0
DA:108,0
DA:110,0
DA:111,0
DA:119,0
DA:121,0
DA:123,0
DA:131,0
DA:132,0
DA:135,0
DA:137,0
DA:138,0
DA:146,0
DA:148,0
DA:149,0
DA:150,0
DA:151,0
DA:154,0
DA:166,0
DA:167,0
DA:168,0
DA:169,0
DA:173,0
DA:174,0
DA:177,0
DA:178,0
DA:180,0
DA:181,0
DA:184,0
DA:185,0
DA:188,0
DA:189,0
DA:192,0
DA:195,0
DA:198,0
DA:199,0
DA:204,0
DA:207,0
DA:212,0
DA:215,0
DA:217,0
DA:218,0
DA:226,0
DA:227,0
DA:228,0
DA:230,0
DA:235,0
DA:242,0
DA:243,0
DA:244,0
DA:246,0
DA:251,0
DA:258,0
DA:266,0
DA:270,0
LF:96
LH:0
BRDA:42,0,0,0
BRDA:42,0,1,0
BRDA:53,1,0,0
BRDA:53,2,0,0
BRDA:60,3,0,0
BRDA:60,3,1,0
BRDA:80,4,0,0
BRDA:80,4,1,0
BRDA:169,5,0,0
BRDA:169,5,1,0
BRDA:180,6,0,0
BRDA:180,6,1,0
BRDA:225,7,0,0
BRDA:226,8,0,0
BRDA:226,8,1,0
BRDA:227,9,0,0
BRDA:227,9,1,0
BRDA:228,10,0,0
BRDA:228,10,1,0
BRDA:241,11,0,0
BRDA:242,12,0,0
BRDA:242,12,1,0
BRDA:243,13,0,0
BRDA:243,13,1,0
BRDA:244,14,0,0
BRDA:244,14,1,0
BRF:26
BRH:0
end_of_record
TN:
SF:src/jobs/permanentDeletionJob.js
FN:24,processPermanentDeletions
FN:79,startPermanentDeletionJob
FN:85,(anonymous_2)
FN:91,(anonymous_3)
FN:113,stopPermanentDeletionJob
FNF:5
FNH:5
FNDA:13,processPermanentDeletions
FNDA:9,startPermanentDeletionJob
FNDA:1,(anonymous_2)
FNDA:3,(anonymous_3)
FNDA:5,stopPermanentDeletionJob
DA:25,13
DA:26,13
DA:33,13
DA:35,13
DA:36,10
DA:38,10
DA:41,10
DA:42,115
DA:43,115
DA:46,115
DA:48,110
DA:49,110
DA:51,5
DA:52,5
DA:57,5
DA:61,10
DA:62,10
DA:64,10
DA:66,3
DA:67,3
DA:80,9
DA:83,9
DA:84,2
DA:85,2
DA:86,1
DA:91,9
DA:92,3
DA:93,3
DA:94,3
DA:96,1
DA:103,9
DA:105,9
DA:114,5
DA:115,2
DA:116,2
LF:35
LH:35
BRDA:79,0,0,7
BRDA:80,1,0,7
BRDA:83,2,0,2
BRDA:83,2,1,7
BRDA:114,3,0,2
BRDA:114,3,1,3
BRDA:114,4,0,5
BRDA:114,4,1,3
BRF:8
BRH:8
end_of_record
TN:
SF:src/middleware/auth.js
FN:17,(anonymous_0)
FN:71,(anonymous_1)
FN:112,(anonymous_2)
FN:120,(anonymous_3)
FN:152,(anonymous_4)
FN:153,(anonymous_5)
FN:255,extractTokenFromHeader
FN:278,generateToken
FN:291,(anonymous_8)
FN:332,sanitizeUser
FNF:10
FNH:10
FNDA:40,(anonymous_0)
FNDA:4,(anonymous_1)
FNDA:40,(anonymous_2)
FNDA:39,(anonymous_3)
FNDA:57,(anonymous_4)
FNDA:99,(anonymous_5)
FNDA:44,extractTokenFromHeader
FNDA:29,generateToken
FNDA:2,(anonymous_8)
FNDA:27,sanitizeUser
DA:17,9
DA:18,40
DA:20,40
DA:21,7
DA:27,33
DA:29,33
DA:32,27
DA:34,27
DA:35,1
DA:43,26
DA:48,26
DA:51,6
DA:52,6
DA:58,0
DA:59,0
DA:71,9
DA:72,4
DA:74,4
DA:76,1
DA:79,3
DA:81,3
DA:83,1
DA:85,1
DA:87,1
DA:89,1
DA:97,2
DA:98,0
DA:102,3
DA:112,9
DA:113,40
DA:114,40
DA:116,40
DA:117,1
DA:120,39
DA:121,39
DA:122,3
DA:129,36
DA:130,36
DA:132,36
DA:133,12
DA:142,24
DA:152,9
DA:153,57
DA:154,99
DA:156,99
DA:157,146
DA:160,146
DA:162,146
DA:163,11
DA:164,11
DA:168,135
DA:169,2
DA:173,133
DA:174,7
DA:175,2
DA:176,2
DA:178,5
DA:179,1
DA:181,5
DA:182,1
DA:187,131
DA:188,3
DA:189,1
DA:190,1
DA:193,2
DA:194,1
DA:199,130
DA:200,49
DA:201,49
DA:202,5
DA:207,130
DA:208,37
DA:209,4
DA:214,130
DA:215,3
DA:216,1
DA:221,130
DA:222,9
DA:226,130
DA:227,1
DA:231,130
DA:232,2
DA:233,2
DA:234,1
DA:239,99
DA:240,32
DA:247,67
DA:256,44
DA:258,44
DA:259,8
DA:263,36
DA:264,34
DA:268,2
DA:279,29
DA:291,9
DA:292,2
DA:293,2
DA:300,0
DA:301,0
DA:303,0
DA:304,0
DA:310,0
DA:311,0
DA:320,0
DA:321,0
DA:333,27
DA:335,25
DA:338,25
DA:340,25
LF:109
LH:98
BRDA:20,0,0,7
BRDA:20,0,1,33
BRDA:32,1,0,27
BRDA:32,1,1,1
BRDA:34,2,0,1
BRDA:34,2,1,26
BRDA:51,3,0,6
BRDA:51,3,1,0
BRDA:51,4,0,6
BRDA:51,4,1,2
BRDA:74,5,0,1
BRDA:74,5,1,3
BRDA:83,6,0,1
BRDA:83,6,1,0
BRDA:87,7,0,1
BRDA:87,7,1,0
BRDA:97,8,0,0
BRDA:97,8,1,2
BRDA:116,9,0,1
BRDA:116,9,1,39
BRDA:121,10,0,3
BRDA:121,10,1,36
BRDA:121,11,0,39
BRDA:121,11,1,37
BRDA:132,12,0,12
BRDA:132,12,1,24
BRDA:160,13,0,146
BRDA:160,13,1,136
BRDA:160,13,2,134
BRDA:160,13,3,125
BRDA:162,14,0,11
BRDA:162,14,1,135
BRDA:162,15,0,146
BRDA:162,15,1,143
BRDA:168,16,0,2
BRDA:168,16,1,133
BRDA:168,17,0,135
BRDA:168,17,1,3
BRDA:173,18,0,7
BRDA:173,18,1,126
BRDA:174,19,0,2
BRDA:174,19,1,5
BRDA:174,20,0,7
BRDA:174,20,1,6
BRDA:178,21,0,1
BRDA:178,21,1,4
BRDA:178,22,0,5
BRDA:178,22,1,3
BRDA:181,23,0,1
BRDA:181,23,1,4
BRDA:181,24,0,5
BRDA:181,24,1,2
BRDA:187,25,0,3
BRDA:187,25,1,128
BRDA:188,26,0,1
BRDA:188,26,1,2
BRDA:193,27,0,1
BRDA:193,27,1,1
BRDA:193,28,0,2
BRDA:193,28,1,2
BRDA:199,29,0,49
BRDA:199,29,1,81
BRDA:201,30,0,5
BRDA:201,30,1,44
BRDA:207,31,0,37
BRDA:207,31,1,93
BRDA:208,32,0,4
BRDA:208,32,1,33
BRDA:208,33,0,37
BRDA:208,33,1,0
BRDA:209,34,0,4
BRDA:209,34,1,0
BRDA:214,35,0,3
BRDA:214,35,1,127
BRDA:215,36,0,1
BRDA:215,36,1,2
BRDA:221,37,0,9
BRDA:221,37,1,121
BRDA:221,38,0,130
BRDA:221,38,1,63
BRDA:221,38,2,63
BRDA:226,39,0,1
BRDA:226,39,1,129
BRDA:226,40,0,130
BRDA:226,40,1,1
BRDA:226,40,2,1
BRDA:231,41,0,2
BRDA:231,41,1,128
BRDA:233,42,0,1
BRDA:233,42,1,1
BRDA:239,43,0,32
BRDA:239,43,1,67
BRDA:258,44,0,8
BRDA:258,44,1,36
BRDA:263,45,0,34
BRDA:263,45,1,2
BRDA:278,46,0,28
BRDA:292,47,0,2
BRDA:292,47,1,0
BRDA:292,48,0,2
BRDA:292,48,1,1
BRDA:303,49,0,0
BRDA:303,49,1,0
BRDA:310,50,0,0
BRDA:310,50,1,0
BRDA:333,51,0,2
BRDA:333,51,1,25
BRF:107
BRH:96
end_of_record
TN:
SF:src/middleware/errorHandler.js
FN:1,errorHandler
FNF:1
FNH:1
FNDA:20,errorHandler
DA:2,20
DA:5,20
DA:6,1
DA:13,19
DA:14,3
DA:22,16
DA:23,3
DA:31,13
DA:32,4
DA:39,9
DA:40,4
DA:47,5
LF:12
LH:12
BRDA:5,0,0,1
BRDA:5,0,1,19
BRDA:13,1,0,3
BRDA:13,1,1,16
BRDA:22,2,0,3
BRDA:22,2,1,13
BRDA:31,3,0,4
BRDA:31,3,1,9
BRDA:39,4,0,4
BRDA:39,4,1,5
BRF:10
BRH:10
end_of_record
TN:
SF:src/middleware/rateLimitBypass.js
FN:26,(anonymous_0)
FNF:1
FNH:1
FNDA:12,(anonymous_0)
DA:26,2
DA:28,12
DA:30,5
DA:34,7
LF:4
LH:4
BRDA:28,0,0,5
BRDA:28,0,1,7
BRDA:28,1,0,12
BRDA:28,1,1,10
BRF:4
BRH:4
end_of_record
TN:
SF:src/middleware/rateLimiter.js
FN:10,(anonymous_0)
FN:26,(anonymous_1)
FN:47,(anonymous_2)
FNF:3
FNH:0
FNDA:0,(anonymous_0)
FNDA:0,(anonymous_1)
FNDA:0,(anonymous_2)
DA:10,1
DA:11,0
DA:15,1
DA:27,0
DA:36,1
DA:48,0
LF:6
LH:3
BRDA:11,0,0,0
BRDA:11,0,1,0
BRDA:16,1,0,1
BRDA:16,1,1,0
BRDA:17,2,0,1
BRDA:17,2,1,0
BRDA:38,3,0,1
BRDA:38,3,1,0
BRF:8
BRH:3
end_of_record
TN:
SF:src/middleware/requireTermsAcceptance.js
FN:28,requireTermsAcceptance
FN:65,warnTermsAcceptance
FNF:2
FNH:2
FNDA:16,requireTermsAcceptance
FNDA:6,warnTermsAcceptance
DA:30,16
DA:31,2
DA:34,14
DA:37,14
DA:38,13
DA:54,1
DA:66,6
DA:67,1
DA:70,5
DA:72,5
DA:74,4
DA:75,4
DA:81,5
LF:13
LH:13
BRDA:30,0,0,2
BRDA:30,0,1,14
BRDA:37,1,0,13
BRDA:37,1,1,1
BRDA:42,2,0,10
BRDA:42,2,1,3
BRDA:43,3,0,10
BRDA:43,3,1,3
BRDA:66,4,0,1
BRDA:66,4,1,5
BRDA:72,5,0,4
BRDA:72,5,1,1
BRF:12
BRH:12
end_of_record
TN:
SF:src/middleware/securityHeaders.js
FN:24,securityHeaders
FN:62,strictSecurityHeaders
FNF:2
FNH:2
FNDA:19,securityHeaders
FNDA:3,strictSecurityHeaders
DA:27,19
DA:30,19
DA:34,19
DA:38,19
DA:42,19
DA:47,19
DA:64,3
LF:7
LH:7
BRF:0
BRH:0
end_of_record
TN:
SF:src/middleware/tierGate.js
FN:29,(anonymous_0)
FN:30,(anonymous_1)
FN:68,(anonymous_2)
FN:69,(anonymous_3)
FN:139,(anonymous_4)
FN:142,(anonymous_5)
FN:169,(anonymous_6)
FN:170,(anonymous_7)
FN:203,incrementUsage
FN:215,(anonymous_9)
FNF:10
FNH:10
FNDA:3,(anonymous_0)
FNDA:3,(anonymous_1)
FNDA:5,(anonymous_2)
FNDA:5,(anonymous_3)
FNDA:4,(anonymous_4)
FNDA:4,(anonymous_5)
FNDA:3,(anonymous_6)
FNDA:3,(anonymous_7)
FNDA:3,incrementUsage
FNDA:2,(anonymous_9)
DA:29,1
DA:30,3
DA:32,3
DA:35,3
DA:37,3
DA:38,1
DA:40,1
DA:53,2
DA:68,1
DA:69,5
DA:71,5
DA:72,0
DA:75,5
DA:76,5
DA:77,5
DA:80,5
DA:83,5
DA:86,5
DA:92,5
DA:93,1
DA:94,1
DA:96,1
DA:118,4
DA:123,4
DA:139,1
DA:140,4
DA:142,4
DA:143,4
DA:144,4
DA:145,4
DA:147,4
DA:148,2
DA:157,2
DA:169,1
DA:170,3
DA:171,3
DA:172,3
DA:173,3
DA:174,3
DA:175,3
DA:178,3
DA:190,3
DA:204,3
DA:215,1
DA:216,2
DA:218,2
LF:46
LH:45
BRDA:32,0,0,3
BRDA:32,0,1,1
BRDA:37,1,0,1
BRDA:37,1,1,2
BRDA:44,2,0,1
BRDA:44,2,1,0
BRDA:71,3,0,0
BRDA:71,3,1,5
BRDA:71,4,0,5
BRDA:71,4,1,4
BRDA:75,5,0,5
BRDA:75,5,1,1
BRDA:77,6,0,5
BRDA:77,6,1,1
BRDA:83,7,0,5
BRDA:83,7,1,4
BRDA:83,7,2,3
BRDA:88,8,0,5
BRDA:88,8,1,2
BRDA:89,9,0,5
BRDA:89,9,1,2
BRDA:92,10,0,1
BRDA:92,10,1,4
BRDA:143,11,0,4
BRDA:143,11,1,1
BRDA:147,12,0,2
BRDA:147,12,1,2
BRDA:151,13,0,2
BRDA:151,13,1,1
BRDA:171,14,0,3
BRDA:171,14,1,1
BRDA:173,15,0,3
BRDA:173,15,1,1
BRDA:181,16,0,1
BRDA:181,16,1,2
BRDA:185,17,0,1
BRDA:185,17,1,2
BRDA:203,18,0,2
BRDA:215,19,0,1
BRF:39
BRH:37
end_of_record
TN:
SF:src/models/Subscription.js
FN:35,(anonymous_0)
FN:89,(anonymous_1)
FN:104,(anonymous_2)
FN:119,(anonymous_3)
FN:137,(anonymous_4)
FN:154,(anonymous_5)
FN:232,(anonymous_6)
FN:252,(anonymous_7)
FN:271,(anonymous_8)
FN:295,(anonymous_9)
FNF:10
FNH:0
FNDA:0,(anonymous_0)
FNDA:0,(anonymous_1)
FNDA:0,(anonymous_2)
FNDA:0,(anonymous_3)
FNDA:0,(anonymous_4)
FNDA:0,(anonymous_5)
FNDA:0,(anonymous_6)
FNDA:0,(anonymous_7)
FNDA:0,(anonymous_8)
FNDA:0,(anonymous_9)
DA:49,0
DA:80,0
DA:90,0
DA:95,0
DA:105,0
DA:110,0
DA:120,0
DA:128,0
DA:138,0
DA:144,0
DA:156,0
DA:157,0
DA:159,0
DA:160,0
DA:161,0
DA:163,0
DA:164,0
DA:165,0
DA:167,0
DA:168,0
DA:169,0
DA:171,0
DA:172,0
DA:173,0
DA:175,0
DA:176,0
DA:177,0
DA:179,0
DA:180,0
DA:181,0
DA:183,0
DA:184,0
DA:185,0
DA:187,0
DA:188,0
DA:189,0
DA:191,0
DA:192,0
DA:193,0
DA:195,0
DA:196,0
DA:197,0
DA:199,0
DA:200,0
DA:201,0
DA:204,0
DA:205,0
DA:209,0
DA:212,0
DA:219,0
DA:221,0
DA:222,0
DA:233,0
DA:239,0
DA:240,0
DA:243,0
DA:253,0
DA:263,0
DA:272,0
DA:286,0
DA:296,0
DA:301,0
LF:62
LH:0
BRDA:43,0,0,0
BRDA:44,1,0,0
BRDA:45,2,0,0
BRDA:46,3,0,0
BRDA:47,4,0,0
BRDA:95,5,0,0
BRDA:95,5,1,0
BRDA:110,6,0,0
BRDA:110,6,1,0
BRDA:128,7,0,0
BRDA:128,7,1,0
BRDA:159,8,0,0
BRDA:159,8,1,0
BRDA:163,9,0,0
BRDA:163,9,1,0
BRDA:167,10,0,0
BRDA:167,10,1,0
BRDA:167,11,0,0
BRDA:167,11,1,0
BRDA:169,12,0,0
BRDA:169,12,1,0
BRDA:171,13,0,0
BRDA:171,13,1,0
BRDA:171,14,0,0
BRDA:171,14,1,0
BRDA:173,15,0,0
BRDA:173,15,1,0
BRDA:175,16,0,0
BRDA:175,16,1,0
BRDA:175,17,0,0
BRDA:175,17,1,0
BRDA:177,18,0,0
BRDA:177,18,1,0
BRDA:179,19,0,0
BRDA:179,19,1,0
BRDA:179,20,0,0
BRDA:179,20,1,0
BRDA:181,21,0,0
BRDA:181,21,1,0
BRDA:183,22,0,0
BRDA:183,22,1,0
BRDA:183,23,0,0
BRDA:183,23,1,0
BRDA:185,24,0,0
BRDA:185,24,1,0
BRDA:187,25,0,0
BRDA:187,25,1,0
BRDA:187,26,0,0
BRDA:187,26,1,0
BRDA:189,27,0,0
BRDA:189,27,1,0
BRDA:191,28,0,0
BRDA:191,28,1,0
BRDA:191,29,0,0
BRDA:191,29,1,0
BRDA:193,30,0,0
BRDA:193,30,1,0
BRDA:195,31,0,0
BRDA:195,31,1,0
BRDA:195,32,0,0
BRDA:195,32,1,0
BRDA:197,33,0,0
BRDA:197,33,1,0
BRDA:199,34,0,0
BRDA:199,34,1,0
BRDA:204,35,0,0
BRDA:204,35,1,0
BRDA:222,36,0,0
BRDA:222,36,1,0
BRDA:232,37,0,0
BRDA:234,38,0,0
BRDA:234,38,1,0
BRDA:239,39,0,0
BRDA:239,39,1,0
BRDA:252,40,0,0
BRF:75
BRH:0
end_of_record
TN:
SF:src/models/Usage.js
FN:61,(anonymous_0)
FN:147,(anonymous_1)
FN:237,(anonymous_2)
FN:314,(anonymous_3)
FN:406,(anonymous_4)
FN:423,(anonymous_5)
FN:442,(anonymous_6)
FN:458,(anonymous_7)
FN:492,(anonymous_8)
FNF:9
FNH:1
FNDA:0,(anonymous_0)
FNDA:0,(anonymous_1)
FNDA:0,(anonymous_2)
FNDA:0,(anonymous_3)
FNDA:0,(anonymous_4)
FNDA:0,(anonymous_5)
FNDA:0,(anonymous_6)
FNDA:0,(anonymous_7)
FNDA:9,(anonymous_8)
DA:62,0
DA:63,0
DA:64,0
DA:67,0
DA:70,0
DA:72,0
DA:73,0
DA:87,0
DA:100,0
DA:102,0
DA:110,0
DA:113,0
DA:114,0
DA:117,0
DA:119,0
DA:120,0
DA:128,0
DA:148,0
DA:149,0
DA:150,0
DA:153,0
DA:156,0
DA:158,0
DA:159,0
DA:188,0
DA:217,0
DA:219,0
DA:238,0
DA:239,0
DA:240,0
DA:243,0
DA:246,0
DA:248,0
DA:249,0
DA:266,0
DA:283,0
DA:285,0
DA:293,0
DA:295,0
DA:315,0
DA:316,0
DA:317,0
DA:320,0
DA:323,0
DA:325,0
DA:326,0
DA:356,0
DA:386,0
DA:388,0
DA:407,0
DA:423,0
DA:443,0
DA:448,0
DA:459,0
DA:470,0
DA:472,0
DA:493,9
DA:494,9
DA:495,9
DA:498,9
DA:509,9
DA:511,9
DA:517,0
DA:520,0
DA:550,0
DA:556,0
DA:558,0
LF:67
LH:6
BRDA:67,0,0,0
BRDA:67,0,1,0
BRDA:70,1,0,0
BRDA:70,1,1,0
BRDA:100,2,0,0
BRDA:100,2,1,0
BRDA:117,3,0,0
BRDA:117,3,1,0
BRDA:147,4,0,0
BRDA:153,5,0,0
BRDA:153,5,1,0
BRDA:156,6,0,0
BRDA:156,6,1,0
BRDA:243,7,0,0
BRDA:243,7,1,0
BRDA:246,8,0,0
BRDA:246,8,1,0
BRDA:283,9,0,0
BRDA:283,9,1,0
BRDA:320,10,0,0
BRDA:320,10,1,0
BRDA:323,11,0,0
BRDA:323,11,1,0
BRDA:473,12,0,0
BRDA:473,12,1,0
BRDA:474,13,0,0
BRDA:474,13,1,0
BRDA:475,14,0,0
BRDA:475,14,1,0
BRDA:476,15,0,0
BRDA:476,15,1,0
BRDA:477,16,0,0
BRDA:477,16,1,0
BRDA:509,17,0,9
BRDA:509,17,1,0
BRF:35
BRH:1
end_of_record
TN:
SF:src/models/User.js
FN:33,(anonymous_0)
FN:67,(anonymous_1)
FN:88,(anonymous_2)
FN:164,(anonymous_3)
FN:199,(anonymous_4)
FN:218,(anonymous_5)
FN:229,(anonymous_6)
FN:246,(anonymous_7)
FN:268,(anonymous_8)
FN:286,(anonymous_9)
FN:303,(anonymous_10)
FN:322,(anonymous_11)
FN:342,(anonymous_12)
FN:375,(anonymous_13)
FN:394,(anonymous_14)
FN:414,(anonymous_15)
FN:433,(anonymous_16)
FN:453,(anonymous_17)
FN:469,(anonymous_18)
FN:489,(anonymous_19)
FN:508,(anonymous_20)
FN:528,(anonymous_21)
FN:551,(anonymous_22)
FN:571,(anonymous_23)
FN:584,(anonymous_24)
FN:617,(anonymous_25)
FN:636,(anonymous_26)
FN:663,(anonymous_27)
FN:681,(anonymous_28)
FN:717,(anonymous_29)
FN:802,(anonymous_30)
FN:888,(anonymous_31)
FN:938,(anonymous_32)
FN:952,(anonymous_33)
FN:987,(anonymous_34)
FN:998,(anonymous_35)
FN:1028,(anonymous_36)
FN:1065,(anonymous_37)
FN:1090,(anonymous_38)
FN:1128,(anonymous_39)
FNF:40
FNH:7
FNDA:0,(anonymous_0)
FNDA:0,(anonymous_1)
FNDA:0,(anonymous_2)
FNDA:0,(anonymous_3)
FNDA:0,(anonymous_4)
FNDA:0,(anonymous_5)
FNDA:0,(anonymous_6)
FNDA:0,(anonymous_7)
FNDA:0,(anonymous_8)
FNDA:0,(anonymous_9)
FNDA:0,(anonymous_10)
FNDA:0,(anonymous_11)
FNDA:0,(anonymous_12)
FNDA:0,(anonymous_13)
FNDA:0,(anonymous_14)
FNDA:0,(anonymous_15)
FNDA:0,(anonymous_16)
FNDA:0,(anonymous_17)
FNDA:0,(anonymous_18)
FNDA:0,(anonymous_19)
FNDA:0,(anonymous_20)
FNDA:0,(anonymous_21)
FNDA:0,(anonymous_22)
FNDA:0,(anonymous_23)
FNDA:5,(anonymous_24)
FNDA:4,(anonymous_25)
FNDA:3,(anonymous_26)
FNDA:0,(anonymous_27)
FNDA:3,(anonymous_28)
FNDA:4,(anonymous_29)
FNDA:5,(anonymous_30)
FNDA:0,(anonymous_31)
FNDA:22,(anonymous_32)
FNDA:0,(anonymous_33)
FNDA:0,(anonymous_34)
FNDA:0,(anonymous_35)
FNDA:0,(anonymous_36)
FNDA:0,(anonymous_37)
FNDA:0,(anonymous_38)
FNDA:0,(anonymous_39)
DA:10,20
DA:34,0
DA:52,0
DA:53,0
DA:54,0
DA:55,0
DA:68,0
DA:70,0
DA:76,0
DA:90,0
DA:98,0
DA:99,0
DA:102,0
DA:103,0
DA:104,0
DA:106,0
DA:108,0
DA:111,0
DA:115,0
DA:123,0
DA:124,0
DA:127,0
DA:128,0
DA:129,0
DA:131,0
DA:136,0
DA:143,0
DA:148,0
DA:155,0
DA:165,0
DA:166,0
DA:176,0
DA:179,0
DA:180,0
DA:183,0
DA:185,0
DA:190,0
DA:200,0
DA:209,0
DA:219,0
DA:220,0
DA:230,0
DA:237,0
DA:248,0
DA:253,0
DA:258,0
DA:269,0
DA:278,0
DA:287,0
DA:294,0
DA:304,0
DA:306,0
DA:314,0
DA:323,0
DA:332,0
DA:345,0
DA:347,0
DA:355,0
DA:358,0
DA:365,0
DA:376,0
DA:385,0
DA:395,0
DA:404,0
DA:415,0
DA:425,0
DA:434,0
DA:435,0
DA:437,0
DA:445,0
DA:454,0
DA:461,0
DA:470,0
DA:480,0
DA:490,0
DA:499,0
DA:509,0
DA:518,0
DA:529,0
DA:541,0
DA:552,0
DA:563,0
DA:572,0
DA:586,5
DA:589,5
DA:590,5
DA:592,5
DA:603,5
DA:604,2
DA:607,3
DA:618,4
DA:626,4
DA:637,3
DA:649,3
DA:650,2
DA:653,1
DA:664,0
DA:672,0
DA:682,3
DA:697,3
DA:719,4
DA:725,4
DA:752,4
DA:758,4
DA:788,4
DA:789,2
DA:792,2
DA:804,5
DA:817,5
DA:818,1
DA:821,4
DA:824,4
DA:832,4
DA:844,4
DA:889,0
DA:892,0
DA:893,0
DA:895,0
DA:896,0
DA:897,0
DA:900,0
DA:901,0
DA:902,0
DA:905,0
DA:906,0
DA:907,0
DA:910,0
DA:912,0
DA:913,0
DA:915,0
DA:916,0
DA:920,0
DA:922,0
DA:929,0
DA:939,22
DA:940,14
DA:953,0
DA:956,0
DA:957,0
DA:967,0
DA:977,0
DA:978,0
DA:988,0
DA:999,0
DA:1000,0
DA:1001,0
DA:1004,0
DA:1012,0
DA:1013,0
DA:1016,0
DA:1029,0
DA:1030,0
DA:1031,0
DA:1034,0
DA:1035,0
DA:1038,0
DA:1039,0
DA:1041,0
DA:1052,0
DA:1053,0
DA:1056,0
DA:1066,0
DA:1077,0
DA:1078,0
DA:1081,0
DA:1091,0
DA:1099,0
DA:1100,0
DA:1103,0
DA:1104,0
DA:1105,0
DA:1106,0
DA:1107,0
DA:1108,0
DA:1110,0
DA:1129,0
DA:1137,0
LF:177
LH:32
BRDA:67,0,0,0
BRDA:72,1,0,0
BRDA:72,1,1,0
BRDA:72,2,0,0
BRDA:72,2,1,0
BRDA:98,3,0,0
BRDA:98,3,1,0
BRDA:102,4,0,0
BRDA:102,4,1,0
BRDA:102,5,0,0
BRDA:102,5,1,0
BRDA:103,6,0,0
BRDA:103,6,1,0
BRDA:123,7,0,0
BRDA:123,7,1,0
BRDA:127,8,0,0
BRDA:127,8,1,0
BRDA:127,9,0,0
BRDA:127,9,1,0
BRDA:128,10,0,0
BRDA:128,10,1,0
BRDA:176,11,0,0
BRDA:176,11,1,0
BRDA:179,12,0,0
BRDA:179,12,1,0
BRDA:179,13,0,0
BRDA:179,13,1,0
BRDA:209,14,0,0
BRDA:209,14,1,0
BRDA:219,15,0,0
BRDA:219,15,1,0
BRDA:294,16,0,0
BRDA:294,16,1,0
BRDA:342,17,0,0
BRDA:345,18,0,0
BRDA:345,18,1,0
BRDA:461,19,0,0
BRDA:461,19,1,0
BRDA:584,20,0,4
BRDA:603,21,0,2
BRDA:603,21,1,3
BRDA:626,22,0,4
BRDA:626,22,1,3
BRDA:649,23,0,2
BRDA:649,23,1,1
BRDA:788,24,0,2
BRDA:788,24,1,2
BRDA:817,25,0,1
BRDA:817,25,1,4
BRDA:895,26,0,0
BRDA:895,26,1,0
BRDA:900,27,0,0
BRDA:900,27,1,0
BRDA:905,28,0,0
BRDA:905,28,1,0
BRDA:910,29,0,0
BRDA:910,29,1,0
BRDA:912,30,0,0
BRDA:912,30,1,0
BRDA:939,31,0,8
BRDA:939,31,1,14
BRDA:939,32,0,22
BRDA:939,32,1,22
BRDA:952,33,0,0
BRDA:953,34,0,0
BRDA:956,35,0,0
BRDA:956,35,1,0
BRDA:1000,36,0,0
BRDA:1000,36,1,0
BRDA:1012,37,0,0
BRDA:1012,37,1,0
BRDA:1028,38,0,0
BRDA:1030,39,0,0
BRDA:1030,39,1,0
BRDA:1034,40,0,0
BRDA:1034,40,1,0
BRDA:1034,41,0,0
BRDA:1034,41,1,0
BRDA:1052,42,0,0
BRDA:1052,42,1,0
BRDA:1077,43,0,0
BRDA:1077,43,1,0
BRDA:1099,44,0,0
BRDA:1099,44,1,0
BRF:84
BRH:15
end_of_record
TN:
SF:src/prompts/docTypeConfig.js
FN:103,getDocTypeConfig
FN:129,getSupportedDocTypes
FN:137,getActiveDocTypes
FN:139,(anonymous_3)
FN:148,getDocTypeOptions
FN:152,(anonymous_5)
FN:156,(anonymous_6)
FNF:7
FNH:7
FNDA:63,getDocTypeConfig
FNDA:129,getSupportedDocTypes
FNDA:7,getActiveDocTypes
FNDA:35,(anonymous_3)
FNDA:5,getDocTypeOptions
FNDA:25,(anonymous_5)
FNDA:35,(anonymous_6)
DA:27,8
DA:104,63
DA:106,63
DA:107,3
DA:108,3
DA:117,60
DA:130,129
DA:138,7
DA:139,35
DA:149,5
DA:151,5
DA:152,25
DA:156,35
LF:13
LH:13
BRDA:106,0,0,3
BRDA:106,0,1,60
BRDA:148,1,0,4
BRDA:149,2,0,4
BRDA:149,2,1,1
BRF:5
BRH:5
end_of_record
TN:
SF:src/prompts/promptLoader.js
FN:17,loadCommonPrompt
FN:34,getCommonPrompt
FN:47,loadPrompt
FN:82,loadSystemPrompts
FN:96,loadUserMessageTemplates
FN:112,processTemplate
FN:128,getPromptVersion
FNF:7
FNH:7
FNDA:5,loadCommonPrompt
FNDA:455,getCommonPrompt
FNDA:895,loadPrompt
FNDA:91,loadSystemPrompts
FNDA:88,loadUserMessageTemplates
FNDA:131,processTemplate
FNDA:87,getPromptVersion
DA:8,5
DA:9,5
DA:18,5
DA:19,5
DA:20,5
DA:23,0
DA:28,5
DA:35,455
DA:36,5
DA:38,455
DA:48,895
DA:49,895
DA:51,895
DA:52,0
DA:55,895
DA:56,0
DA:59,895
DA:61,895
DA:62,895
DA:65,895
DA:66,455
DA:67,455
DA:68,455
DA:72,440
DA:74,0
DA:83,91
DA:97,88
DA:113,131
DA:116,131
DA:117,502
DA:118,502
DA:121,131
DA:129,87
LF:33
LH:29
BRDA:9,0,0,0
BRDA:9,0,1,5
BRDA:35,1,0,5
BRDA:35,1,1,450
BRDA:51,2,0,0
BRDA:51,2,1,895
BRDA:55,3,0,0
BRDA:55,3,1,895
BRDA:65,4,0,455
BRDA:65,4,1,440
BRDA:67,5,0,455
BRDA:67,5,1,0
BRF:12
BRH:8
end_of_record
TN:
SF:src/prompts/version.js
FN:21,getPromptMetadata
FNF:1
FNH:0
FNDA:0,getPromptMetadata
DA:14,5
DA:22,0
LF:2
LH:1
BRF:0
BRH:0
end_of_record
TN:
SF:src/routes/admin.js
FN:31,(anonymous_0)
FN:83,(anonymous_1)
FN:238,(anonymous_2)
FN:244,(anonymous_3)
FN:252,(anonymous_4)
FN:260,(anonymous_5)
FN:299,(anonymous_6)
FN:327,(anonymous_7)
FN:344,(anonymous_8)
FN:382,(anonymous_9)
FN:456,(anonymous_10)
FN:521,(anonymous_11)
FN:564,(anonymous_12)
FN:581,(anonymous_13)
FNF:14
FNH:0
FNDA:0,(anonymous_0)
FNDA:0,(anonymous_1)
FNDA:0,(anonymous_2)
FNDA:0,(anonymous_3)
FNDA:0,(anonymous_4)
FNDA:0,(anonymous_5)
FNDA:0,(anonymous_6)
FNDA:0,(anonymous_7)
FNDA:0,(anonymous_8)
FNDA:0,(anonymous_9)
FNDA:0,(anonymous_10)
FNDA:0,(anonymous_11)
FNDA:0,(anonymous_12)
FNDA:0,(anonymous_13)
DA:20,0
DA:25,0
DA:31,0
DA:32,0
DA:34,0
DA:35,0
DA:42,0
DA:44,0
DA:45,0
DA:52,0
DA:53,0
DA:61,0
DA:62,0
DA:64,0
DA:65,0
DA:83,0
DA:84,0
DA:86,0
DA:108,0
DA:127,0
DA:140,0
DA:172,0
DA:208,0
DA:209,0
DA:210,0
DA:212,0
DA:215,0
DA:220,0
DA:238,0
DA:244,0
DA:252,0
DA:260,0
DA:272,0
DA:279,0
DA:280,0
DA:285,0
DA:299,0
DA:300,0
DA:301,0
DA:304,0
DA:318,0
DA:319,0
DA:327,0
DA:328,0
DA:330,0
DA:331,0
DA:332,0
DA:334,0
DA:344,0
DA:357,0
DA:358,0
DA:363,0
DA:382,0
DA:383,0
DA:384,0
DA:387,0
DA:390,0
DA:393,0
DA:417,0
DA:431,0
DA:434,0
DA:435,0
DA:442,0
DA:456,0
DA:457,0
DA:459,0
DA:460,0
DA:468,0
DA:474,0
DA:477,0
DA:497,0
DA:506,0
DA:507,0
DA:521,0
DA:522,0
DA:523,0
DA:525,0
DA:526,0
DA:536,0
DA:547,0
DA:548,0
DA:564,0
DA:565,0
DA:566,0
DA:581,0
DA:590,0
DA:599,0
DA:600,0
LF:88
LH:0
BRDA:34,0,0,0
BRDA:34,0,1,0
BRDA:34,1,0,0
BRDA:34,1,1,0
BRDA:44,2,0,0
BRDA:44,2,1,0
BRDA:52,3,0,0
BRDA:52,3,1,0
BRDA:128,4,0,0
BRDA:128,4,1,0
BRDA:129,5,0,0
BRDA:129,5,1,0
BRDA:130,6,0,0
BRDA:130,6,1,0
BRDA:131,7,0,0
BRDA:131,7,1,0
BRDA:208,8,0,0
BRDA:208,8,1,0
BRDA:209,9,0,0
BRDA:209,9,1,0
BRDA:212,10,0,0
BRDA:212,10,1,0
BRDA:215,11,0,0
BRDA:215,11,1,0
BRDA:222,12,0,0
BRDA:222,12,1,0
BRDA:223,13,0,0
BRDA:223,13,1,0
BRDA:318,14,0,0
BRDA:318,14,1,0
BRDA:384,15,0,0
BRDA:434,16,0,0
BRDA:434,16,1,0
BRDA:434,17,0,0
BRDA:434,17,1,0
BRDA:434,17,2,0
BRDA:459,18,0,0
BRDA:459,18,1,0
BRDA:525,19,0,0
BRDA:525,19,1,0
BRDA:584,20,0,0
BRDA:584,20,1,0
BRF:42
BRH:0
end_of_record
TN:
SF:src/routes/api.js
FN:19,formatBytes
FN:28,(anonymous_1)
FN:114,(anonymous_2)
FN:161,(anonymous_3)
FN:196,(anonymous_4)
FN:245,(anonymous_5)
FN:273,(anonymous_6)
FN:274,(anonymous_7)
FN:361,(anonymous_8)
FN:431,(anonymous_9)
FN:491,(anonymous_10)
FN:493,(anonymous_11)
FN:557,(anonymous_12)
FN:586,(anonymous_13)
FN:622,(anonymous_14)
FN:678,(anonymous_15)
FN:728,(anonymous_16)
FN:798,(anonymous_17)
FN:861,(anonymous_18)
FN:930,(anonymous_19)
FN:956,(anonymous_20)
FN:996,(anonymous_21)
FN:1015,(anonymous_22)
FN:1029,(anonymous_23)
FN:1030,(anonymous_24)
FN:1076,(anonymous_25)
FN:1098,(anonymous_26)
FNF:27
FNH:4
FNDA:0,formatBytes
FNDA:0,(anonymous_1)
FNDA:0,(anonymous_2)
FNDA:0,(anonymous_3)
FNDA:0,(anonymous_4)
FNDA:0,(anonymous_5)
FNDA:0,(anonymous_6)
FNDA:0,(anonymous_7)
FNDA:3,(anonymous_8)
FNDA:2,(anonymous_9)
FNDA:4,(anonymous_10)
FNDA:20,(anonymous_11)
FNDA:0,(anonymous_12)
FNDA:0,(anonymous_13)
FNDA:0,(anonymous_14)
FNDA:0,(anonymous_15)
FNDA:0,(anonymous_16)
FNDA:0,(anonymous_17)
FNDA:0,(anonymous_18)
FNDA:0,(anonymous_19)
FNDA:0,(anonymous_20)
FNDA:0,(anonymous_21)
FNDA:0,(anonymous_22)
FNDA:0,(anonymous_23)
FNDA:0,(anonymous_24)
FNDA:0,(anonymous_25)
FNDA:0,(anonymous_26)
DA:16,1
DA:20,0
DA:21,0
DA:22,0
DA:23,0
DA:24,0
DA:28,1
DA:29,0
DA:31,0
DA:114,1
DA:115,0
DA:116,0
DA:118,0
DA:119,0
DA:125,0
DA:126,0
DA:132,0
DA:142,0
DA:143,0
DA:144,0
DA:147,0
DA:150,0
DA:152,0
DA:153,0
DA:161,1
DA:162,0
DA:163,0
DA:165,0
DA:166,0
DA:172,0
DA:173,0
DA:180,0
DA:181,0
DA:182,0
DA:183,0
DA:185,0
DA:187,0
DA:189,0
DA:197,0
DA:206,0
DA:207,0
DA:208,0
DA:215,0
DA:216,0
DA:217,0
DA:220,0
DA:223,0
DA:229,0
DA:231,0
DA:232,0
DA:236,0
DA:240,1
DA:246,0
DA:263,0
DA:265,0
DA:266,0
DA:268,0
DA:273,1
DA:274,0
DA:275,0
DA:277,0
DA:278,0
DA:279,0
DA:280,0
DA:286,0
DA:293,0
DA:300,0
DA:301,0
DA:309,0
DA:310,0
DA:318,0
DA:321,0
DA:322,0
DA:330,0
DA:331,0
DA:338,0
DA:350,0
DA:361,1
DA:362,3
DA:364,3
DA:365,3
DA:366,3
DA:369,3
DA:370,3
DA:373,3
DA:376,3
DA:378,3
DA:379,0
DA:382,3
DA:383,3
DA:386,3
DA:387,3
DA:388,3
DA:389,3
DA:391,3
DA:394,3
DA:396,3
DA:415,3
DA:417,0
DA:423,0
DA:431,1
DA:432,2
DA:434,2
DA:435,2
DA:436,2
DA:438,2
DA:439,2
DA:442,2
DA:467,2
DA:474,2
DA:482,0
DA:483,0
DA:491,1
DA:492,4
DA:493,4
DA:494,20
DA:495,20
DA:497,20
DA:546,4
DA:548,0
DA:549,0
DA:557,1
DA:558,0
DA:559,0
DA:561,0
DA:564,0
DA:567,0
DA:568,0
DA:570,0
DA:571,0
DA:572,0
DA:574,0
DA:575,0
DA:577,0
DA:578,0
DA:586,1
DA:587,0
DA:588,0
DA:589,0
DA:591,0
DA:594,0
DA:597,0
DA:598,0
DA:605,0
DA:607,0
DA:613,0
DA:614,0
DA:622,1
DA:623,0
DA:624,0
DA:626,0
DA:627,0
DA:632,0
DA:635,0
DA:637,0
DA:638,0
DA:644,0
DA:647,0
DA:648,0
DA:653,0
DA:655,0
DA:660,0
DA:661,0
DA:678,1
DA:679,0
DA:680,0
DA:682,0
DA:684,0
DA:685,0
DA:691,0
DA:693,0
DA:694,0
DA:695,0
DA:707,0
DA:709,0
DA:714,0
DA:715,0
DA:728,1
DA:729,0
DA:730,0
DA:733,0
DA:734,0
DA:740,0
DA:741,0
DA:747,0
DA:749,0
DA:754,0
DA:757,0
DA:758,0
DA:764,0
DA:765,0
DA:771,0
DA:772,0
DA:778,0
DA:779,0
DA:785,0
DA:798,1
DA:799,0
DA:800,0
DA:803,0
DA:804,0
DA:810,0
DA:811,0
DA:817,0
DA:819,0
DA:824,0
DA:827,0
DA:828,0
DA:834,0
DA:835,0
DA:841,0
DA:842,0
DA:848,0
DA:861,1
DA:862,0
DA:863,0
DA:866,0
DA:867,0
DA:873,0
DA:874,0
DA:880,0
DA:882,0
DA:887,0
DA:890,0
DA:891,0
DA:897,0
DA:898,0
DA:904,0
DA:905,0
DA:911,0
DA:930,1
DA:931,0
DA:932,0
DA:935,0
DA:936,0
DA:942,0
DA:943,0
DA:949,0
DA:950,0
DA:956,0
DA:957,0
DA:964,0
DA:966,0
DA:974,0
DA:976,0
DA:977,0
DA:988,0
DA:989,0
DA:991,0
DA:992,0
DA:995,0
DA:997,0
DA:998,0
DA:999,0
DA:1005,0
DA:1015,0
DA:1016,0
DA:1017,0
DA:1019,0
DA:1029,0
DA:1030,0
DA:1032,0
DA:1041,0
DA:1044,0
DA:1045,0
DA:1051,0
DA:1052,0
DA:1058,0
DA:1059,0
DA:1065,0
DA:1076,1
DA:1077,0
DA:1078,0
DA:1079,0
DA:1085,0
DA:1086,0
DA:1098,1
DA:1099,0
LF:278
LH:53
BRDA:20,0,0,0
BRDA:20,0,1,0
BRDA:61,1,0,0
BRDA:61,1,1,0
BRDA:118,2,0,0
BRDA:118,2,1,0
BRDA:118,3,0,0
BRDA:118,3,1,0
BRDA:125,4,0,0
BRDA:125,4,1,0
BRDA:133,5,0,0
BRDA:133,5,1,0
BRDA:134,6,0,0
BRDA:134,6,1,0
BRDA:137,7,0,0
BRDA:137,7,1,0
BRDA:138,8,0,0
BRDA:138,8,1,0
BRDA:142,9,0,0
BRDA:142,9,1,0
BRDA:142,10,0,0
BRDA:142,10,1,0
BRDA:142,10,2,0
BRDA:165,11,0,0
BRDA:165,11,1,0
BRDA:165,12,0,0
BRDA:165,12,1,0
BRDA:172,13,0,0
BRDA:172,13,1,0
BRDA:187,14,0,0
BRDA:187,14,1,0
BRDA:190,15,0,0
BRDA:190,15,1,0
BRDA:191,16,0,0
BRDA:191,16,1,0
BRDA:195,17,0,0
BRDA:195,17,1,0
BRDA:207,18,0,0
BRDA:207,18,1,0
BRDA:215,19,0,0
BRDA:215,19,1,0
BRDA:215,20,0,0
BRDA:215,20,1,0
BRDA:215,20,2,0
BRDA:265,21,0,0
BRDA:265,21,1,0
BRDA:277,22,0,0
BRDA:277,22,1,0
BRDA:278,23,0,0
BRDA:278,23,1,0
BRDA:279,24,0,0
BRDA:279,24,1,0
BRDA:300,25,0,0
BRDA:300,25,1,0
BRDA:309,26,0,0
BRDA:309,26,1,0
BRDA:321,27,0,0
BRDA:321,27,1,0
BRDA:330,28,0,0
BRDA:330,28,1,0
BRDA:369,29,0,3
BRDA:369,29,1,1
BRDA:369,30,0,1
BRDA:369,30,1,0
BRDA:369,30,2,0
BRDA:370,31,0,3
BRDA:370,31,1,1
BRDA:378,32,0,0
BRDA:378,32,1,3
BRDA:394,33,0,3
BRDA:394,33,1,2
BRDA:401,34,0,1
BRDA:401,34,1,2
BRDA:406,35,0,1
BRDA:406,35,1,2
BRDA:438,36,0,2
BRDA:438,36,1,0
BRDA:458,37,0,2
BRDA:458,37,1,2
BRDA:459,38,0,2
BRDA:459,38,1,2
BRDA:471,39,0,2
BRDA:471,39,1,2
BRDA:509,40,0,20
BRDA:509,40,1,12
BRDA:530,41,0,20
BRDA:530,41,1,12
BRDA:531,42,0,20
BRDA:531,42,1,12
BRDA:532,43,0,20
BRDA:532,43,1,12
BRDA:533,44,0,20
BRDA:533,44,1,12
BRDA:536,45,0,20
BRDA:536,45,1,16
BRDA:537,46,0,20
BRDA:537,46,1,16
BRDA:538,47,0,20
BRDA:538,47,1,16
BRDA:539,48,0,20
BRDA:539,48,1,16
BRDA:594,49,0,0
BRDA:594,49,1,0
BRDA:597,50,0,0
BRDA:597,50,1,0
BRDA:597,51,0,0
BRDA:597,51,1,0
BRDA:626,52,0,0
BRDA:626,52,1,0
BRDA:637,53,0,0
BRDA:637,53,1,0
BRDA:647,54,0,0
BRDA:647,54,1,0
BRDA:647,55,0,0
BRDA:647,55,1,0
BRDA:684,56,0,0
BRDA:684,56,1,0
BRDA:684,57,0,0
BRDA:684,57,1,0
BRDA:693,58,0,0
BRDA:693,58,1,0
BRDA:733,59,0,0
BRDA:733,59,1,0
BRDA:733,60,0,0
BRDA:733,60,1,0
BRDA:733,60,2,0
BRDA:740,61,0,0
BRDA:740,61,1,0
BRDA:740,62,0,0
BRDA:740,62,1,0
BRDA:740,62,2,0
BRDA:757,63,0,0
BRDA:757,63,1,0
BRDA:764,64,0,0
BRDA:764,64,1,0
BRDA:771,65,0,0
BRDA:771,65,1,0
BRDA:778,66,0,0
BRDA:778,66,1,0
BRDA:778,67,0,0
BRDA:778,67,1,0
BRDA:803,68,0,0
BRDA:803,68,1,0
BRDA:803,69,0,0
BRDA:803,69,1,0
BRDA:810,70,0,0
BRDA:810,70,1,0
BRDA:810,71,0,0
BRDA:810,71,1,0
BRDA:827,72,0,0
BRDA:827,72,1,0
BRDA:834,73,0,0
BRDA:834,73,1,0
BRDA:841,74,0,0
BRDA:841,74,1,0
BRDA:841,75,0,0
BRDA:841,75,1,0
BRDA:866,76,0,0
BRDA:866,76,1,0
BRDA:866,77,0,0
BRDA:866,77,1,0
BRDA:873,78,0,0
BRDA:873,78,1,0
BRDA:873,79,0,0
BRDA:873,79,1,0
BRDA:890,80,0,0
BRDA:890,80,1,0
BRDA:897,81,0,0
BRDA:897,81,1,0
BRDA:904,82,0,0
BRDA:904,82,1,0
BRDA:904,83,0,0
BRDA:904,83,1,0
BRDA:932,84,0,0
BRDA:935,85,0,0
BRDA:935,85,1,0
BRDA:935,86,0,0
BRDA:935,86,1,0
BRDA:935,86,2,0
BRDA:942,87,0,0
BRDA:942,87,1,0
BRDA:942,88,0,0
BRDA:942,88,1,0
BRDA:949,89,0,0
BRDA:949,89,1,0
BRDA:949,90,0,0
BRDA:949,90,1,0
BRDA:956,91,0,0
BRDA:956,91,1,0
BRDA:964,92,0,0
BRDA:964,92,1,0
BRDA:974,93,0,0
BRDA:974,93,1,0
BRDA:976,94,0,0
BRDA:976,94,1,0
BRDA:1016,95,0,0
BRDA:1016,95,1,0
BRDA:1022,96,0,0
BRDA:1022,96,1,0
BRDA:1044,97,0,0
BRDA:1044,97,1,0
BRDA:1051,98,0,0
BRDA:1051,98,1,0
BRDA:1058,99,0,0
BRDA:1058,99,1,0
BRDA:1058,100,0,0
BRDA:1058,100,1,0
BRDA:1104,101,0,0
BRDA:1104,101,1,0
BRF:209
BRH:37
end_of_record
TN:
SF:src/routes/auth.js
FN:46,checkEmailRateLimit
FN:62,updateEmailRateLimit
FN:75,(anonymous_2)
FN:134,(anonymous_3)
FN:194,(anonymous_4)
FN:226,(anonymous_5)
FN:228,(anonymous_6)
FN:273,(anonymous_7)
FN:280,(anonymous_8)
FN:290,(anonymous_9)
FN:309,(anonymous_10)
FN:334,(anonymous_11)
FN:457,(anonymous_12)
FN:529,(anonymous_13)
FN:577,(anonymous_14)
FN:600,(anonymous_15)
FN:685,(anonymous_16)
FN:686,(anonymous_17)
FN:741,checkPasswordResetRateLimit
FN:768,resetPasswordResetRateLimit
FN:784,resetEmailCooldown
FN:797,(anonymous_21)
FN:890,(anonymous_22)
FN:946,(anonymous_23)
FN:986,(anonymous_24)
FNF:25
FNH:17
FNDA:26,checkEmailRateLimit
FNDA:16,updateEmailRateLimit
FNDA:9,(anonymous_2)
FNDA:0,(anonymous_3)
FNDA:7,(anonymous_4)
FNDA:4,(anonymous_5)
FNDA:4,(anonymous_6)
FNDA:1,(anonymous_7)
FNDA:0,(anonymous_8)
FNDA:1,(anonymous_9)
FNDA:3,(anonymous_10)
FNDA:0,(anonymous_11)
FNDA:5,(anonymous_12)
FNDA:5,(anonymous_13)
FNDA:0,(anonymous_14)
FNDA:4,(anonymous_15)
FNDA:0,(anonymous_16)
FNDA:0,(anonymous_17)
FNDA:26,checkPasswordResetRateLimit
FNDA:42,resetPasswordResetRateLimit
FNDA:3,resetEmailCooldown
FNDA:26,(anonymous_21)
FNDA:18,(anonymous_22)
FNDA:0,(anonymous_23)
FNDA:0,(anonymous_24)
DA:24,6
DA:31,6
DA:34,6
DA:35,6
DA:36,6
DA:37,6
DA:38,6
DA:47,26
DA:48,26
DA:50,26
DA:51,0
DA:52,0
DA:55,26
DA:63,16
DA:69,6
DA:76,9
DA:77,9
DA:80,9
DA:82,8
DA:84,1
DA:85,0
DA:86,0
DA:90,0
DA:93,0
DA:94,0
DA:101,0
DA:104,0
DA:105,0
DA:106,0
DA:107,0
DA:108,0
DA:109,0
DA:112,0
DA:117,0
DA:118,0
DA:119,0
DA:123,0
DA:124,0
DA:127,0
DA:131,0
DA:134,0
DA:135,0
DA:136,0
DA:139,0
DA:147,0
DA:152,1
DA:159,7
DA:162,7
DA:163,7
DA:164,7
DA:165,7
DA:166,7
DA:167,0
DA:171,0
DA:176,7
DA:177,7
DA:178,7
DA:182,7
DA:183,0
DA:187,0
DA:191,7
DA:194,7
DA:195,7
DA:196,7
DA:200,7
DA:208,1
DA:209,1
DA:220,6
DA:228,4
DA:229,4
DA:230,0
DA:231,0
DA:237,4
DA:238,2
DA:245,2
DA:246,2
DA:247,2
DA:248,2
DA:249,2
DA:252,0
DA:257,2
DA:260,2
DA:273,6
DA:279,1
DA:280,0
DA:281,0
DA:282,0
DA:289,1
DA:290,1
DA:291,1
DA:293,1
DA:294,0
DA:300,1
DA:309,6
DA:310,3
DA:312,3
DA:313,3
DA:314,3
DA:318,3
DA:323,0
DA:324,0
DA:334,6
DA:335,0
DA:336,0
DA:337,0
DA:340,0
DA:341,0
DA:348,0
DA:349,0
DA:356,0
DA:357,0
DA:358,0
DA:359,0
DA:366,0
DA:367,0
DA:368,0
DA:376,0
DA:377,0
DA:378,0
DA:379,0
DA:384,0
DA:385,0
DA:393,0
DA:394,0
DA:395,0
DA:396,0
DA:401,0
DA:402,0
DA:410,0
DA:413,0
DA:414,0
DA:415,0
DA:419,0
DA:420,0
DA:424,0
DA:425,0
DA:426,0
DA:427,0
DA:428,0
DA:429,0
DA:432,0
DA:433,0
DA:436,0
DA:440,0
DA:446,0
DA:447,0
DA:457,6
DA:458,5
DA:459,5
DA:460,5
DA:463,5
DA:468,5
DA:470,5
DA:471,0
DA:479,5
DA:480,1
DA:487,4
DA:488,1
DA:494,3
DA:495,1
DA:502,2
DA:503,2
DA:504,1
DA:511,1
DA:513,1
DA:518,0
DA:519,0
DA:529,6
DA:530,5
DA:531,5
DA:532,5
DA:535,5
DA:536,1
DA:543,4
DA:545,4
DA:546,0
DA:553,4
DA:554,3
DA:556,3
DA:562,3
DA:563,2
DA:564,1
DA:567,1
DA:573,4
DA:576,4
DA:577,0
DA:578,0
DA:579,0
DA:584,4
DA:589,0
DA:590,0
DA:600,6
DA:601,4
DA:602,4
DA:603,4
DA:606,4
DA:607,1
DA:613,3
DA:616,3
DA:617,3
DA:618,1
DA:623,2
DA:627,2
DA:628,0
DA:629,0
DA:634,0
DA:638,2
DA:639,0
DA:643,2
DA:644,0
DA:645,0
DA:650,0
DA:654,2
DA:656,2
DA:662,0
DA:663,0
DA:673,6
DA:683,6
DA:686,0
DA:687,0
DA:688,0
DA:689,0
DA:696,0
DA:697,0
DA:698,0
DA:703,0
DA:704,0
DA:705,0
DA:706,0
DA:707,0
DA:710,0
DA:715,0
DA:719,0
DA:720,0
DA:730,6
DA:733,6
DA:734,6
DA:742,26
DA:743,26
DA:746,26
DA:747,23
DA:751,23
DA:755,3
DA:756,2
DA:757,2
DA:761,1
DA:769,42
DA:770,1
DA:772,1
DA:773,1
DA:775,41
DA:776,41
DA:785,3
DA:786,3
DA:792,6
DA:798,26
DA:799,26
DA:802,26
DA:803,26
DA:805,26
DA:806,0
DA:813,26
DA:814,1
DA:821,25
DA:825,23
DA:828,23
DA:829,5
DA:837,18
DA:838,3
DA:842,18
DA:845,18
DA:848,18
DA:851,18
DA:852,18
DA:858,16
DA:860,16
DA:862,2
DA:866,18
DA:871,2
DA:873,2
DA:884,6
DA:891,18
DA:892,18
DA:895,18
DA:897,16
DA:898,5
DA:907,11
DA:908,2
DA:910,9
DA:914,11
DA:917,10
DA:920,10
DA:922,10
DA:924,10
DA:931,3
DA:932,3
DA:943,6
DA:947,0
DA:948,0
DA:951,0
DA:953,0
DA:954,0
DA:961,0
DA:963,0
DA:965,0
DA:971,0
DA:972,0
DA:983,6
DA:987,0
DA:988,0
DA:989,0
DA:991,0
DA:992,0
DA:998,0
DA:999,0
DA:1006,0
DA:1007,0
DA:1009,0
DA:1011,0
DA:1012,0
DA:1013,0
DA:1017,0
DA:1024,0
DA:1027,0
DA:1033,0
DA:1035,0
DA:1037,0
DA:1042,0
DA:1045,0
DA:1046,0
DA:1053,0
LF:331
LH:179
BRDA:50,0,0,0
BRDA:50,0,1,26
BRDA:50,1,0,26
BRDA:50,1,1,0
BRDA:82,2,0,1
BRDA:82,2,1,7
BRDA:84,3,0,0
BRDA:84,3,1,1
BRDA:84,4,0,1
BRDA:84,4,1,0
BRDA:85,5,0,0
BRDA:85,5,1,0
BRDA:104,6,0,0
BRDA:104,6,1,0
BRDA:104,6,2,0
BRDA:105,7,0,0
BRDA:105,7,1,0
BRDA:105,8,0,0
BRDA:105,8,1,0
BRDA:108,9,0,0
BRDA:108,9,1,0
BRDA:123,10,0,0
BRDA:123,10,1,0
BRDA:135,11,0,0
BRDA:135,11,1,0
BRDA:162,12,0,7
BRDA:162,12,1,0
BRDA:162,12,2,0
BRDA:163,13,0,7
BRDA:163,13,1,0
BRDA:163,14,0,7
BRDA:163,14,1,7
BRDA:166,15,0,0
BRDA:166,15,1,7
BRDA:182,16,0,0
BRDA:182,16,1,7
BRDA:195,17,0,7
BRDA:195,17,1,0
BRDA:229,18,0,0
BRDA:229,18,1,4
BRDA:237,19,0,2
BRDA:237,19,1,2
BRDA:240,20,0,2
BRDA:240,20,1,0
BRDA:245,21,0,2
BRDA:245,21,1,0
BRDA:245,21,2,0
BRDA:246,22,0,2
BRDA:246,22,1,0
BRDA:246,23,0,2
BRDA:246,23,1,2
BRDA:279,24,0,0
BRDA:279,24,1,1
BRDA:281,25,0,0
BRDA:281,25,1,0
BRDA:289,26,0,1
BRDA:289,26,1,0
BRDA:289,27,0,1
BRDA:289,27,1,1
BRDA:289,27,2,1
BRDA:291,28,0,1
BRDA:291,28,1,0
BRDA:293,29,0,0
BRDA:293,29,1,1
BRDA:340,30,0,0
BRDA:340,30,1,0
BRDA:340,31,0,0
BRDA:340,31,1,0
BRDA:340,31,2,0
BRDA:348,32,0,0
BRDA:348,32,1,0
BRDA:348,33,0,0
BRDA:348,33,1,0
BRDA:348,33,2,0
BRDA:348,33,3,0
BRDA:356,34,0,0
BRDA:356,34,1,0
BRDA:358,35,0,0
BRDA:358,35,1,0
BRDA:367,36,0,0
BRDA:367,36,1,0
BRDA:367,37,0,0
BRDA:367,37,1,0
BRDA:376,38,0,0
BRDA:376,38,1,0
BRDA:378,39,0,0
BRDA:378,39,1,0
BRDA:384,40,0,0
BRDA:384,40,1,0
BRDA:393,41,0,0
BRDA:393,41,1,0
BRDA:395,42,0,0
BRDA:395,42,1,0
BRDA:401,43,0,0
BRDA:401,43,1,0
BRDA:414,44,0,0
BRDA:414,44,1,0
BRDA:419,45,0,0
BRDA:419,45,1,0
BRDA:419,46,0,0
BRDA:419,46,1,0
BRDA:424,47,0,0
BRDA:424,47,1,0
BRDA:427,48,0,0
BRDA:427,48,1,0
BRDA:428,49,0,0
BRDA:428,49,1,0
BRDA:428,50,0,0
BRDA:428,50,1,0
BRDA:470,51,0,0
BRDA:470,51,1,5
BRDA:479,52,0,1
BRDA:479,52,1,4
BRDA:487,53,0,1
BRDA:487,53,1,3
BRDA:487,54,0,4
BRDA:487,54,1,4
BRDA:494,55,0,1
BRDA:494,55,1,2
BRDA:503,56,0,1
BRDA:503,56,1,1
BRDA:535,57,0,1
BRDA:535,57,1,4
BRDA:545,58,0,0
BRDA:545,58,1,4
BRDA:553,59,0,3
BRDA:553,59,1,1
BRDA:553,60,0,4
BRDA:553,60,1,3
BRDA:562,61,0,2
BRDA:562,61,1,1
BRDA:576,62,0,0
BRDA:576,62,1,4
BRDA:578,63,0,0
BRDA:578,63,1,0
BRDA:606,64,0,1
BRDA:606,64,1,3
BRDA:606,65,0,4
BRDA:606,65,1,1
BRDA:606,65,2,1
BRDA:606,65,3,1
BRDA:616,66,0,3
BRDA:616,66,1,0
BRDA:617,67,0,1
BRDA:617,67,1,2
BRDA:627,68,0,0
BRDA:627,68,1,2
BRDA:628,69,0,0
BRDA:628,69,1,0
BRDA:638,70,0,0
BRDA:638,70,1,2
BRDA:643,71,0,0
BRDA:643,71,1,2
BRDA:644,72,0,0
BRDA:644,72,1,0
BRDA:687,73,0,0
BRDA:687,73,1,0
BRDA:692,74,0,0
BRDA:692,74,1,0
BRDA:696,75,0,0
BRDA:696,75,1,0
BRDA:703,76,0,0
BRDA:703,76,1,0
BRDA:703,76,2,0
BRDA:704,77,0,0
BRDA:704,77,1,0
BRDA:704,78,0,0
BRDA:704,78,1,0
BRDA:719,79,0,0
BRDA:719,79,1,0
BRDA:746,80,0,23
BRDA:746,80,1,3
BRDA:746,81,0,26
BRDA:746,81,1,3
BRDA:755,82,0,2
BRDA:755,82,1,1
BRDA:769,83,0,1
BRDA:769,83,1,41
BRDA:805,84,0,0
BRDA:805,84,1,26
BRDA:813,85,0,1
BRDA:813,85,1,25
BRDA:828,86,0,5
BRDA:828,86,1,18
BRDA:837,87,0,3
BRDA:837,87,1,15
BRDA:897,88,0,5
BRDA:897,88,1,11
BRDA:907,89,0,2
BRDA:907,89,1,9
BRDA:953,90,0,0
BRDA:953,90,1,0
BRDA:991,91,0,0
BRDA:991,91,1,0
BRDA:998,92,0,0
BRDA:998,92,1,0
BRDA:1009,93,0,0
BRDA:1009,93,1,0
BRDA:1013,94,0,0
BRDA:1013,94,1,0
BRDA:1014,95,0,0
BRDA:1014,95,1,0
BRDA:1014,96,0,0
BRDA:1014,96,1,0
BRDA:1015,97,0,0
BRDA:1015,97,1,0
BRDA:1045,98,0,0
BRDA:1045,98,1,0
BRDA:1048,99,0,0
BRDA:1048,99,1,0
BRF:210
BRH:80
end_of_record
TN:
SF:src/routes/batches.js
FN:28,(anonymous_0)
FN:76,(anonymous_1)
FN:102,(anonymous_2)
FN:123,(anonymous_3)
FN:138,(anonymous_4)
FN:161,(anonymous_5)
FN:184,(anonymous_6)
FN:216,(anonymous_7)
FN:237,(anonymous_8)
FN:269,(anonymous_9)
FN:285,(anonymous_10)
FNF:11
FNH:9
FNDA:1,(anonymous_0)
FNDA:1,(anonymous_1)
FNDA:2,(anonymous_2)
FNDA:1,(anonymous_3)
FNDA:2,(anonymous_4)
FNDA:2,(anonymous_5)
FNDA:3,(anonymous_6)
FNDA:0,(anonymous_7)
FNDA:3,(anonymous_8)
FNDA:0,(anonymous_9)
FNDA:2,(anonymous_10)
DA:14,1
DA:19,1
DA:29,1
DA:30,1
DA:42,1
DA:44,1
DA:56,1
DA:61,0
DA:62,0
DA:70,1
DA:77,1
DA:78,1
DA:79,1
DA:80,1
DA:82,1
DA:88,1
DA:93,0
DA:94,0
DA:102,1
DA:103,2
DA:104,2
DA:105,2
DA:107,2
DA:113,2
DA:115,0
DA:116,0
DA:123,1
DA:124,1
DA:125,1
DA:126,1
DA:128,1
DA:130,0
DA:131,0
DA:138,1
DA:139,2
DA:140,2
DA:141,2
DA:143,2
DA:145,2
DA:146,1
DA:151,1
DA:153,0
DA:154,0
DA:161,1
DA:162,2
DA:163,2
DA:164,2
DA:166,2
DA:168,2
DA:169,1
DA:174,1
DA:176,0
DA:177,0
DA:184,1
DA:185,3
DA:186,3
DA:187,3
DA:190,3
DA:192,3
DA:193,1
DA:198,2
DA:199,1
DA:205,1
DA:208,1
DA:209,1
DA:210,1
DA:213,1
DA:216,1
DA:217,0
DA:218,0
DA:219,0
DA:223,0
DA:224,0
DA:231,1
DA:238,3
DA:239,3
DA:240,3
DA:242,3
DA:243,1
DA:249,2
DA:251,2
DA:252,1
DA:258,1
DA:261,1
DA:262,1
DA:263,1
DA:266,1
DA:269,1
DA:270,0
DA:271,0
DA:272,0
DA:276,0
DA:277,0
DA:285,1
DA:286,2
DA:287,2
DA:288,2
DA:290,2
DA:292,2
DA:293,1
DA:298,1
DA:302,0
DA:303,0
LF:103
LH:79
BRDA:108,0,0,1
BRDA:108,0,1,1
BRDA:109,1,0,1
BRDA:109,1,1,1
BRDA:110,2,0,2
BRDA:110,2,1,2
BRDA:145,3,0,1
BRDA:145,3,1,1
BRDA:168,4,0,1
BRDA:168,4,1,1
BRDA:192,5,0,1
BRDA:192,5,1,2
BRDA:198,6,0,1
BRDA:198,6,1,1
BRDA:218,7,0,0
BRDA:218,7,1,0
BRDA:242,8,0,1
BRDA:242,8,1,2
BRDA:251,9,0,1
BRDA:251,9,1,1
BRDA:271,10,0,0
BRDA:271,10,1,0
BRDA:292,11,0,1
BRDA:292,11,1,1
BRF:24
BRH:20
end_of_record
TN:
SF:src/routes/contact.js
FN:22,(anonymous_0)
FN:68,(anonymous_1)
FN:153,(anonymous_2)
FN:194,(anonymous_3)
FNF:4
FNH:4
FNDA:7,(anonymous_0)
FNDA:26,(anonymous_1)
FNDA:21,(anonymous_2)
FNDA:6,(anonymous_3)
DA:13,1
DA:16,1
DA:24,7
DA:45,7
DA:46,6
DA:48,1
DA:58,1
DA:69,26
DA:70,26
DA:73,26
DA:74,26
DA:75,0
DA:82,26
DA:83,2
DA:90,24
DA:91,24
DA:93,8
DA:94,16
DA:96,2
DA:99,14
DA:103,24
DA:113,20
DA:115,20
DA:120,4
DA:123,4
DA:124,1
DA:130,3
DA:144,1
DA:154,21
DA:155,21
DA:156,21
DA:157,21
DA:159,21
DA:160,21
DA:163,21
DA:164,21
DA:165,0
DA:171,21
DA:172,21
DA:175,21
DA:176,21
DA:177,1
DA:178,1
DA:185,20
DA:188,20
DA:189,20
DA:190,20
DA:194,20
DA:201,20
DA:212,16
DA:214,16
DA:219,4
DA:222,4
DA:223,0
DA:224,0
DA:229,0
DA:230,0
DA:235,0
DA:242,4
DA:243,0
DA:250,4
DA:251,1
DA:257,3
LF:63
LH:55
BRDA:45,0,0,6
BRDA:45,0,1,1
BRDA:74,1,0,0
BRDA:74,1,1,26
BRDA:82,2,0,2
BRDA:82,2,1,24
BRDA:91,3,0,8
BRDA:91,3,1,16
BRDA:91,4,0,24
BRDA:91,4,1,9
BRDA:94,5,0,2
BRDA:94,5,1,14
BRDA:94,6,0,16
BRDA:94,6,1,3
BRDA:99,7,0,14
BRDA:99,7,1,13
BRDA:99,7,2,12
BRDA:107,8,0,24
BRDA:107,8,1,1
BRDA:109,9,0,24
BRDA:109,9,1,23
BRDA:110,10,0,24
BRDA:110,10,1,4
BRDA:123,11,0,1
BRDA:123,11,1,3
BRDA:157,12,0,21
BRDA:157,12,1,18
BRDA:164,13,0,0
BRDA:164,13,1,21
BRDA:176,14,0,1
BRDA:176,14,1,20
BRDA:185,15,0,19
BRDA:185,15,1,1
BRDA:185,16,0,20
BRDA:185,16,1,20
BRDA:187,17,0,1
BRDA:187,17,1,0
BRDA:187,17,2,0
BRDA:190,18,0,20
BRDA:190,18,1,1
BRDA:194,19,0,4
BRDA:194,19,1,16
BRDA:207,20,0,20
BRDA:207,20,1,20
BRDA:212,21,0,0
BRDA:212,21,1,16
BRDA:212,22,0,3
BRDA:212,22,1,13
BRDA:212,23,0,2
BRDA:212,23,1,1
BRDA:222,24,0,0
BRDA:222,24,1,4
BRDA:223,25,0,0
BRDA:223,25,1,0
BRDA:229,26,0,0
BRDA:229,26,1,0
BRDA:242,27,0,0
BRDA:242,27,1,4
BRDA:242,28,0,4
BRDA:242,28,1,4
BRDA:250,29,0,1
BRDA:250,29,1,3
BRF:62
BRH:51
end_of_record
TN:
SF:src/routes/cron.js
FN:20,verifyCronAuth
FN:51,(anonymous_1)
FNF:2
FNH:2
FNDA:18,verifyCronAuth
FNDA:14,(anonymous_1)
DA:14,1
DA:21,18
DA:22,18
DA:24,18
DA:25,1
DA:26,1
DA:32,17
DA:33,3
DA:34,3
DA:40,14
DA:51,1
DA:52,14
DA:54,14
DA:55,14
DA:57,14
DA:59,9
DA:61,9
DA:63,9
DA:70,5
DA:72,5
DA:74,5
LF:21
LH:21
BRDA:24,0,0,1
BRDA:24,0,1,17
BRDA:32,1,0,3
BRDA:32,1,1,14
BRF:4
BRH:4
end_of_record
TN:
SF:src/routes/documents.js
FN:31,(anonymous_0)
FN:95,(anonymous_1)
FN:122,(anonymous_2)
FN:137,(anonymous_3)
FN:161,(anonymous_4)
FN:181,(anonymous_5)
FN:207,(anonymous_6)
FN:233,(anonymous_7)
FNF:8
FNH:8
FNDA:4,(anonymous_0)
FNDA:4,(anonymous_1)
FNDA:2,(anonymous_2)
FNDA:3,(anonymous_3)
FNDA:3,(anonymous_4)
FNDA:3,(anonymous_5)
FNDA:4,(anonymous_6)
FNDA:3,(anonymous_7)
DA:13,1
DA:18,1
DA:32,4
DA:33,4
DA:56,4
DA:59,4
DA:81,3
DA:86,1
DA:87,1
DA:95,1
DA:96,4
DA:97,4
DA:103,4
DA:105,4
DA:112,4
DA:114,0
DA:115,0
DA:122,1
DA:123,2
DA:124,2
DA:125,2
DA:127,2
DA:129,0
DA:130,0
DA:137,1
DA:138,3
DA:139,3
DA:140,3
DA:142,3
DA:144,3
DA:145,1
DA:150,2
DA:152,0
DA:153,0
DA:161,1
DA:162,3
DA:163,3
DA:166,3
DA:168,3
DA:173,0
DA:174,0
DA:181,1
DA:182,3
DA:183,3
DA:184,3
DA:186,3
DA:188,3
DA:189,2
DA:194,1
DA:199,0
DA:200,0
DA:207,1
DA:208,4
DA:209,4
DA:210,4
DA:212,4
DA:213,2
DA:218,2
DA:220,2
DA:225,0
DA:226,0
DA:233,1
DA:234,3
DA:235,3
DA:236,3
DA:238,3
DA:240,3
DA:241,2
DA:246,1
DA:251,0
DA:252,0
LF:71
LH:57
BRDA:106,0,0,1
BRDA:106,0,1,3
BRDA:107,1,0,1
BRDA:107,1,1,3
BRDA:108,2,0,4
BRDA:108,2,1,3
BRDA:144,3,0,1
BRDA:144,3,1,2
BRDA:188,4,0,2
BRDA:188,4,1,1
BRDA:212,5,0,2
BRDA:212,5,1,2
BRDA:212,6,0,4
BRDA:212,6,1,3
BRDA:240,7,0,2
BRDA:240,7,1,1
BRF:16
BRH:16
end_of_record
TN:
SF:src/routes/legal.js
FN:22,(anonymous_0)
FN:42,(anonymous_1)
FN:100,(anonymous_2)
FNF:3
FNH:3
FNDA:4,(anonymous_0)
FNDA:10,(anonymous_1)
FNDA:12,(anonymous_2)
DA:15,1
DA:22,1
DA:23,4
DA:42,1
DA:43,10
DA:45,10
DA:46,10
DA:47,10
DA:50,10
DA:52,9
DA:53,1
DA:59,8
DA:61,8
DA:79,1
DA:80,1
DA:100,1
DA:101,12
DA:102,12
DA:105,12
DA:106,7
DA:116,5
DA:122,4
DA:137,1
DA:138,1
LF:24
LH:24
BRDA:52,0,0,1
BRDA:52,0,1,8
BRDA:67,1,0,8
BRDA:67,1,1,3
BRDA:68,2,0,8
BRDA:68,2,1,5
BRDA:73,3,0,8
BRDA:73,3,1,3
BRDA:74,4,0,8
BRDA:74,4,1,5
BRDA:83,5,0,0
BRDA:83,5,1,1
BRDA:105,6,0,7
BRDA:105,6,1,5
BRDA:105,7,0,12
BRDA:105,7,1,7
BRDA:140,8,0,0
BRDA:140,8,1,1
BRF:18
BRH:16
end_of_record
TN:
SF:src/routes/migrate.js
FN:9,requireMigrationSecret
FN:46,(anonymous_1)
FN:60,(anonymous_2)
FN:61,(anonymous_3)
FN:63,(anonymous_4)
FN:64,(anonymous_5)
FN:104,(anonymous_6)
FN:117,(anonymous_7)
FN:118,(anonymous_8)
FN:120,(anonymous_9)
FN:121,(anonymous_10)
FN:150,(anonymous_11)
FN:151,(anonymous_12)
FN:169,(anonymous_13)
FN:177,(anonymous_14)
FNF:15
FNH:0
FNDA:0,requireMigrationSecret
FNDA:0,(anonymous_1)
FNDA:0,(anonymous_2)
FNDA:0,(anonymous_3)
FNDA:0,(anonymous_4)
FNDA:0,(anonymous_5)
FNDA:0,(anonymous_6)
FNDA:0,(anonymous_7)
FNDA:0,(anonymous_8)
FNDA:0,(anonymous_9)
FNDA:0,(anonymous_10)
FNDA:0,(anonymous_11)
FNDA:0,(anonymous_12)
FNDA:0,(anonymous_13)
FNDA:0,(anonymous_14)
DA:3,1
DA:10,0
DA:11,0
DA:13,0
DA:14,0
DA:21,0
DA:22,0
DA:29,0
DA:31,0
DA:32,0
DA:39,0
DA:46,1
DA:47,0
DA:48,0
DA:49,0
DA:52,0
DA:53,0
DA:56,0
DA:57,0
DA:60,0
DA:61,0
DA:63,0
DA:64,0
DA:65,0
DA:74,0
DA:89,0
DA:90,0
DA:104,1
DA:105,0
DA:106,0
DA:107,0
DA:108,0
DA:111,0
DA:112,0
DA:113,0
DA:114,0
DA:115,0
DA:117,0
DA:118,0
DA:120,0
DA:121,0
DA:122,0
DA:132,0
DA:145,0
DA:148,0
DA:149,0
DA:150,0
DA:151,0
DA:153,0
DA:154,0
DA:164,0
DA:167,0
DA:168,0
DA:169,0
DA:172,0
DA:177,0
DA:184,0
DA:185,0
LF:58
LH:3
BRDA:13,0,0,0
BRDA:13,0,1,0
BRDA:21,1,0,0
BRDA:21,1,1,0
BRDA:21,2,0,0
BRDA:21,2,1,0
BRDA:31,3,0,0
BRDA:31,3,1,0
BRDA:68,4,0,0
BRDA:68,4,1,0
BRDA:69,5,0,0
BRDA:69,5,1,0
BRDA:76,6,0,0
BRDA:76,6,1,0
BRDA:81,7,0,0
BRDA:81,7,1,0
BRDA:93,8,0,0
BRDA:93,8,1,0
BRDA:108,9,0,0
BRDA:108,9,1,0
BRDA:111,10,0,0
BRDA:111,10,1,0
BRDA:125,11,0,0
BRDA:125,11,1,0
BRDA:126,12,0,0
BRDA:126,12,1,0
BRDA:127,13,0,0
BRDA:127,13,1,0
BRDA:135,14,0,0
BRDA:135,14,1,0
BRDA:153,15,0,0
BRDA:153,15,1,0
BRDA:188,16,0,0
BRDA:188,16,1,0
BRF:34
BRH:0
end_of_record
TN:
SF:src/routes/payments.js
FN:27,(anonymous_0)
FN:202,(anonymous_1)
FNF:2
FNH:0
FNDA:0,(anonymous_0)
FNDA:0,(anonymous_1)
DA:15,1
DA:27,1
DA:28,0
DA:29,0
DA:30,0
DA:33,0
DA:34,0
DA:35,0
DA:42,0
DA:43,0
DA:50,0
DA:51,0
DA:52,0
DA:59,0
DA:60,0
DA:62,0
DA:64,0
DA:73,0
DA:74,0
DA:77,0
DA:79,0
DA:82,0
DA:86,0
DA:92,0
DA:94,0
DA:95,0
DA:98,0
DA:99,0
DA:106,0
DA:107,0
DA:108,0
DA:113,0
DA:128,0
DA:129,0
DA:132,0
DA:134,0
DA:135,0
DA:137,0
DA:141,0
DA:150,0
DA:183,0
DA:188,0
DA:189,0
DA:202,1
DA:203,0
DA:204,0
DA:207,0
DA:208,0
DA:210,0
DA:211,0
DA:218,0
DA:223,0
DA:227,0
DA:228,0
LF:54
LH:3
BRDA:34,0,0,0
BRDA:34,0,1,0
BRDA:42,1,0,0
BRDA:42,1,1,0
BRDA:51,2,0,0
BRDA:51,2,1,0
BRDA:62,3,0,0
BRDA:62,3,1,0
BRDA:68,4,0,0
BRDA:68,4,1,0
BRDA:73,5,0,0
BRDA:73,5,1,0
BRDA:73,6,0,0
BRDA:73,6,1,0
BRDA:92,7,0,0
BRDA:92,7,1,0
BRDA:98,8,0,0
BRDA:98,8,1,0
BRDA:120,9,0,0
BRDA:120,9,1,0
BRDA:128,10,0,0
BRDA:128,10,1,0
BRDA:134,11,0,0
BRDA:134,11,1,0
BRDA:142,12,0,0
BRDA:142,12,1,0
BRDA:143,13,0,0
BRDA:143,13,1,0
BRDA:210,14,0,0
BRDA:210,14,1,0
BRF:30
BRH:0
end_of_record
TN:
SF:src/routes/webhooks.js
FN:32,(anonymous_0)
FN:108,handleCheckoutCompleted
FN:130,handleSubscriptionCreated
FN:164,handleSubscriptionUpdated
FN:180,handleSubscriptionDeleted
FN:205,handleCustomerCreated
FN:280,handleCustomerDeleted
FN:316,handleCustomerUpdated
FN:368,handlePaymentSucceeded
FN:389,handlePaymentFailed
FN:410,createOrUpdateSubscription
FNF:11
FNH:0
FNDA:0,(anonymous_0)
FNDA:0,handleCheckoutCompleted
FNDA:0,handleSubscriptionCreated
FNDA:0,handleSubscriptionUpdated
FNDA:0,handleSubscriptionDeleted
FNDA:0,handleCustomerCreated
FNDA:0,handleCustomerDeleted
FNDA:0,handleCustomerUpdated
FNDA:0,handlePaymentSucceeded
FNDA:0,handlePaymentFailed
FNDA:0,createOrUpdateSubscription
DA:21,1
DA:29,1
DA:33,0
DA:37,0
DA:39,0
DA:45,0
DA:46,0
DA:50,0
DA:52,0
DA:54,0
DA:56,0
DA:57,0
DA:60,0
DA:61,0
DA:64,0
DA:65,0
DA:68,0
DA:69,0
DA:72,0
DA:73,0
DA:76,0
DA:77,0
DA:80,0
DA:81,0
DA:84,0
DA:85,0
DA:88,0
DA:89,0
DA:92,0
DA:96,0
DA:98,0
DA:99,0
DA:109,0
DA:111,0
DA:112,0
DA:114,0
DA:115,0
DA:116,0
DA:120,0
DA:123,0
DA:131,0
DA:134,0
DA:138,0
DA:141,0
DA:143,0
DA:144,0
DA:146,0
DA:147,0
DA:149,0
DA:150,0
DA:151,0
DA:154,0
DA:157,0
DA:165,0
DA:167,0
DA:168,0
DA:169,0
DA:170,0
DA:173,0
DA:181,0
DA:183,0
DA:184,0
DA:185,0
DA:186,0
DA:190,0
DA:196,0
DA:198,0
DA:206,0
DA:208,0
DA:209,0
DA:210,0
DA:211,0
DA:214,0
DA:215,0
DA:216,0
DA:217,0
DA:223,0
DA:224,0
DA:226,0
DA:230,0
DA:232,0
DA:233,0
DA:234,0
DA:236,0
DA:237,0
DA:240,0
DA:243,0
DA:246,0
DA:247,0
DA:248,0
DA:249,0
DA:253,0
DA:254,0
DA:255,0
DA:256,0
DA:258,0
DA:262,0
DA:263,0
DA:264,0
DA:265,0
DA:269,0
DA:270,0
DA:272,0
DA:281,0
DA:283,0
DA:284,0
DA:285,0
DA:286,0
DA:291,0
DA:299,0
DA:300,0
DA:304,0
DA:309,0
DA:317,0
DA:319,0
DA:320,0
DA:321,0
DA:322,0
DA:325,0
DA:326,0
DA:327,0
DA:328,0
DA:331,0
DA:334,0
DA:335,0
DA:336,0
DA:337,0
DA:341,0
DA:344,0
DA:345,0
DA:346,0
DA:348,0
DA:352,0
DA:353,0
DA:354,0
DA:355,0
DA:359,0
DA:360,0
DA:369,0
DA:371,0
DA:372,0
DA:373,0
DA:377,0
DA:378,0
DA:380,0
DA:381,0
DA:390,0
DA:392,0
DA:393,0
DA:394,0
DA:398,0
DA:403,0
DA:411,0
DA:412,0
DA:414,0
DA:415,0
DA:416,0
DA:419,0
DA:442,0
DA:444,0
DA:446,0
DA:447,0
DA:448,0
DA:451,0
DA:452,0
DA:457,0
DA:458,0
DA:460,0
DA:461,0
DA:464,0
DA:465,0
LF:171
LH:2
BRDA:54,0,0,0
BRDA:54,0,1,0
BRDA:54,0,2,0
BRDA:54,0,3,0
BRDA:54,0,4,0
BRDA:54,0,5,0
BRDA:54,0,6,0
BRDA:54,0,7,0
BRDA:54,0,8,0
BRDA:54,0,9,0
BRDA:114,1,0,0
BRDA:114,1,1,0
BRDA:114,2,0,0
BRDA:114,2,1,0
BRDA:138,3,0,0
BRDA:138,3,1,0
BRDA:143,4,0,0
BRDA:143,4,1,0
BRDA:149,5,0,0
BRDA:149,5,1,0
BRDA:168,6,0,0
BRDA:168,6,1,0
BRDA:184,7,0,0
BRDA:184,7,1,0
BRDA:209,8,0,0
BRDA:209,8,1,0
BRDA:215,9,0,0
BRDA:215,9,1,0
BRDA:224,10,0,0
BRDA:224,10,1,0
BRDA:230,11,0,0
BRDA:230,11,1,0
BRDA:234,12,0,0
BRDA:234,12,1,0
BRDA:246,13,0,0
BRDA:246,13,1,0
BRDA:246,14,0,0
BRDA:246,14,1,0
BRDA:253,15,0,0
BRDA:253,15,1,0
BRDA:256,16,0,0
BRDA:256,16,1,0
BRDA:258,17,0,0
BRDA:258,17,1,0
BRDA:258,18,0,0
BRDA:258,18,1,0
BRDA:262,19,0,0
BRDA:262,19,1,0
BRDA:263,20,0,0
BRDA:263,20,1,0
BRDA:269,21,0,0
BRDA:269,21,1,0
BRDA:284,22,0,0
BRDA:284,22,1,0
BRDA:299,23,0,0
BRDA:299,23,1,0
BRDA:320,24,0,0
BRDA:320,24,1,0
BRDA:326,25,0,0
BRDA:326,25,1,0
BRDA:334,26,0,0
BRDA:334,26,1,0
BRDA:341,27,0,0
BRDA:341,27,1,0
BRDA:346,28,0,0
BRDA:346,28,1,0
BRDA:348,29,0,0
BRDA:348,29,1,0
BRDA:348,30,0,0
BRDA:348,30,1,0
BRDA:352,31,0,0
BRDA:352,31,1,0
BRDA:353,32,0,0
BRDA:353,32,1,0
BRDA:359,33,0,0
BRDA:359,33,1,0
BRDA:372,34,0,0
BRDA:372,34,1,0
BRDA:380,35,0,0
BRDA:380,35,1,0
BRDA:393,36,0,0
BRDA:393,36,1,0
BRDA:410,37,0,0
BRDA:414,38,0,0
BRDA:414,38,1,0
BRDA:429,39,0,0
BRDA:429,39,1,0
BRDA:432,40,0,0
BRDA:432,40,1,0
BRDA:435,41,0,0
BRDA:435,41,1,0
BRDA:444,42,0,0
BRDA:444,42,1,0
BRDA:457,43,0,0
BRDA:457,43,1,0
BRDA:458,44,0,0
BRDA:458,44,1,0
BRF:97
BRH:0
end_of_record
TN:
SF:src/routes/workspace.js
FN:26,(anonymous_0)
FN:80,(anonymous_1)
FN:142,(anonymous_2)
FN:226,(anonymous_3)
FN:261,(anonymous_4)
FNF:5
FNH:0
FNDA:0,(anonymous_0)
FNDA:0,(anonymous_1)
FNDA:0,(anonymous_2)
FNDA:0,(anonymous_3)
FNDA:0,(anonymous_4)
DA:20,0
DA:26,0
DA:27,0
DA:28,0
DA:30,0
DA:53,0
DA:59,0
DA:60,0
DA:80,0
DA:81,0
DA:82,0
DA:90,0
DA:93,0
DA:94,0
DA:100,0
DA:110,0
DA:115,0
DA:118,0
DA:119,0
DA:125,0
DA:142,0
DA:143,0
DA:144,0
DA:145,0
DA:146,0
DA:149,0
DA:154,0
DA:155,0
DA:162,0
DA:163,0
DA:164,0
DA:166,0
DA:167,0
DA:168,0
DA:170,0
DA:171,0
DA:172,0
DA:175,0
DA:176,0
DA:184,0
DA:185,0
DA:191,0
DA:192,0
DA:198,0
DA:199,0
DA:207,0
DA:209,0
DA:214,0
DA:215,0
DA:226,0
DA:227,0
DA:228,0
DA:229,0
DA:231,0
DA:237,0
DA:238,0
DA:244,0
DA:249,0
DA:250,0
DA:261,0
DA:262,0
DA:263,0
DA:265,0
DA:271,0
DA:276,0
DA:277,0
LF:66
LH:0
BRDA:87,0,0,0
BRDA:88,1,0,0
BRDA:93,2,0,0
BRDA:93,2,1,0
BRDA:93,3,0,0
BRDA:93,3,1,0
BRDA:93,3,2,0
BRDA:106,4,0,0
BRDA:106,4,1,0
BRDA:106,5,0,0
BRDA:106,5,1,0
BRDA:106,6,0,0
BRDA:106,6,1,0
BRDA:106,7,0,0
BRDA:106,7,1,0
BRDA:118,8,0,0
BRDA:118,8,1,0
BRDA:154,9,0,0
BRDA:154,9,1,0
BRDA:166,10,0,0
BRDA:166,10,1,0
BRDA:170,11,0,0
BRDA:170,11,1,0
BRDA:175,12,0,0
BRDA:175,12,1,0
BRDA:184,13,0,0
BRDA:184,13,1,0
BRDA:184,14,0,0
BRDA:184,14,1,0
BRDA:191,15,0,0
BRDA:191,15,1,0
BRDA:198,16,0,0
BRDA:198,16,1,0
BRDA:237,17,0,0
BRDA:237,17,1,0
BRF:35
BRH:0
end_of_record
TN:
SF:src/services/batchService.js
FN:21,(anonymous_0)
FN:86,(anonymous_1)
FN:129,(anonymous_2)
FN:205,(anonymous_3)
FN:230,(anonymous_4)
FN:278,(anonymous_5)
FN:303,(anonymous_6)
FN:337,(anonymous_7)
FNF:8
FNH:8
FNDA:5,(anonymous_0)
FNDA:3,(anonymous_1)
FNDA:2,(anonymous_2)
FNDA:2,(anonymous_3)
FNDA:2,(anonymous_4)
FNDA:2,(anonymous_5)
FNDA:1,(anonymous_6)
FNDA:2,(anonymous_7)
DA:22,5
DA:23,1
DA:36,4
DA:39,4
DA:40,1
DA:43,3
DA:44,0
DA:47,3
DA:48,0
DA:51,3
DA:52,1
DA:55,2
DA:56,2
DA:69,2
DA:74,0
DA:75,0
DA:87,3
DA:88,0
DA:91,3
DA:92,1
DA:95,2
DA:97,2
DA:102,2
DA:103,1
DA:107,1
DA:116,1
DA:118,1
DA:119,1
DA:130,2
DA:131,0
DA:138,2
DA:140,2
DA:145,2
DA:146,1
DA:159,1
DA:166,1
DA:178,1
DA:185,2
DA:186,2
DA:188,2
DA:194,0
DA:195,0
DA:206,2
DA:207,0
DA:210,2
DA:211,2
DA:217,2
DA:219,0
DA:220,0
DA:231,2
DA:232,0
DA:235,2
DA:237,2
DA:243,2
DA:244,1
DA:248,1
DA:262,1
DA:267,0
DA:268,0
DA:279,2
DA:280,0
DA:283,2
DA:284,2
DA:291,2
DA:293,0
DA:294,0
DA:304,1
DA:305,0
DA:308,1
DA:309,1
DA:324,1
DA:326,0
DA:327,0
DA:338,2
DA:339,0
DA:342,2
DA:343,1
DA:346,1
DA:347,1
DA:360,1
DA:362,0
DA:363,0
LF:82
LH:59
BRDA:22,0,0,1
BRDA:22,0,1,4
BRDA:31,1,0,3
BRDA:32,2,0,3
BRDA:33,3,0,3
BRDA:34,4,0,3
BRDA:35,5,0,3
BRDA:39,6,0,1
BRDA:39,6,1,3
BRDA:39,7,0,4
BRDA:39,7,1,4
BRDA:43,8,0,0
BRDA:43,8,1,3
BRDA:43,9,0,3
BRDA:43,9,1,3
BRDA:47,10,0,0
BRDA:47,10,1,3
BRDA:47,11,0,3
BRDA:47,11,1,3
BRDA:51,12,0,1
BRDA:51,12,1,2
BRDA:63,13,0,0
BRDA:63,13,1,2
BRDA:64,14,0,1
BRDA:64,14,1,1
BRDA:87,15,0,0
BRDA:87,15,1,3
BRDA:87,16,0,3
BRDA:87,16,1,3
BRDA:91,17,0,1
BRDA:91,17,1,2
BRDA:91,18,0,3
BRDA:91,18,1,3
BRDA:102,19,0,1
BRDA:102,19,1,1
BRDA:129,20,0,0
BRDA:130,21,0,0
BRDA:130,21,1,2
BRDA:135,22,0,1
BRDA:136,23,0,1
BRDA:137,24,0,1
BRDA:145,25,0,1
BRDA:145,25,1,1
BRDA:206,26,0,0
BRDA:206,26,1,2
BRDA:206,27,0,2
BRDA:206,27,1,2
BRDA:217,28,0,2
BRDA:217,28,1,1
BRDA:231,29,0,0
BRDA:231,29,1,2
BRDA:231,30,0,2
BRDA:231,30,1,2
BRDA:243,31,0,1
BRDA:243,31,1,1
BRDA:279,32,0,0
BRDA:279,32,1,2
BRDA:279,33,0,2
BRDA:279,33,1,2
BRDA:304,34,0,0
BRDA:304,34,1,1
BRDA:338,35,0,0
BRDA:338,35,1,2
BRDA:342,36,0,1
BRDA:342,36,1,1
BRDA:342,37,0,2
BRDA:342,37,1,2
BRF:67
BRH:56
end_of_record
TN:
SF:src/services/claudeClient.js
FN:4,(anonymous_0)
FN:17,(anonymous_1)
FN:69,(anonymous_2)
FN:130,(anonymous_3)
FN:185,(anonymous_4)
FN:186,(anonymous_5)
FNF:6
FNH:6
FNDA:24,(anonymous_0)
FNDA:5,(anonymous_1)
FNDA:14,(anonymous_2)
FNDA:6,(anonymous_3)
FNDA:4,(anonymous_4)
FNDA:4,(anonymous_5)
DA:5,24
DA:8,24
DA:9,24
DA:19,5
DA:20,5
DA:23,5
DA:24,5
DA:25,0
DA:28,0
DA:29,0
DA:36,0
DA:37,0
DA:47,5
DA:51,0
DA:52,0
DA:58,0
DA:70,14
DA:71,14
DA:73,14
DA:74,25
DA:76,25
DA:88,25
DA:89,0
DA:98,25
DA:100,13
DA:102,15
DA:103,15
DA:105,4
DA:108,4
DA:109,4
DA:111,4
DA:112,4
DA:116,11
DA:131,6
DA:133,6
DA:135,6
DA:148,6
DA:149,0
DA:158,6
DA:160,6
DA:162,6
DA:163,21
DA:165,18
DA:166,18
DA:167,18
DA:171,5
DA:174,1
DA:177,1
DA:178,1
DA:180,1
DA:181,1
DA:186,4
LF:52
LH:42
BRDA:19,0,0,5
BRDA:19,0,1,0
BRDA:24,1,0,0
BRDA:24,1,1,5
BRDA:28,2,0,0
BRDA:28,2,1,0
BRDA:28,3,0,0
BRDA:28,3,1,0
BRDA:28,3,2,0
BRDA:30,4,0,0
BRDA:30,4,1,0
BRDA:36,5,0,0
BRDA:36,5,1,0
BRDA:38,6,0,0
BRDA:38,6,1,0
BRDA:51,7,0,0
BRDA:51,7,1,0
BRDA:51,8,0,0
BRDA:51,8,1,0
BRDA:53,9,0,0
BRDA:53,9,1,0
BRDA:54,10,0,0
BRDA:54,10,1,0
BRDA:69,11,0,14
BRDA:70,12,0,14
BRDA:81,13,0,0
BRDA:81,13,1,25
BRDA:88,14,0,0
BRDA:88,14,1,25
BRDA:103,15,0,4
BRDA:103,15,1,11
BRDA:130,16,0,6
BRDA:131,17,0,6
BRDA:140,18,0,0
BRDA:140,18,1,6
BRDA:148,19,0,0
BRDA:148,19,1,6
BRDA:163,20,0,18
BRDA:163,20,1,3
BRDA:163,21,0,21
BRDA:163,21,1,18
BRF:41
BRH:16
end_of_record
TN:
SF:src/services/codeParser.js
FN:13,parseCode
FN:107,walkAST
FN:116,(anonymous_2)
FN:146,(anonymous_3)
FN:178,(anonymous_4)
FN:216,(anonymous_5)
FN:253,(anonymous_6)
FN:266,(anonymous_7)
FN:285,extractParamName
FN:310,extractVariableNames
FN:318,(anonymous_10)
FN:328,(anonymous_11)
FN:344,extractClassMethods
FN:348,(anonymous_13)
FN:356,(anonymous_14)
FN:386,calculateComplexity
FN:405,calculateCyclomaticComplexity
FN:408,countComplexity
FN:445,(anonymous_18)
FN:463,calculateMetrics
FN:467,(anonymous_20)
FN:475,(anonymous_21)
FN:482,(anonymous_22)
FN:489,(anonymous_23)
FN:511,(anonymous_24)
FN:557,calculateMaxNestingDepth
FN:560,traverse
FN:592,(anonymous_27)
FN:610,basicAnalysis
FN:645,detectFunctions
FN:668,(anonymous_30)
FN:673,(anonymous_31)
FN:686,(anonymous_32)
FN:703,detectClasses
FN:731,extractBasicExports
FN:742,(anonymous_35)
FN:747,(anonymous_36)
FN:765,extractBasicImports
FN:775,(anonymous_38)
FN:785,(anonymous_39)
FN:790,(anonymous_40)
FNF:41
FNH:38
FNDA:61,parseCode
FNDA:7061,walkAST
FNDA:147,(anonymous_2)
FNDA:164,(anonymous_3)
FNDA:10,(anonymous_4)
FNDA:39,(anonymous_5)
FNDA:133,(anonymous_6)
FNDA:2196,(anonymous_7)
FNDA:465,extractParamName
FNDA:201,extractVariableNames
FNDA:47,(anonymous_10)
FNDA:5,(anonymous_11)
FNDA:20,extractClassMethods
FNDA:116,(anonymous_13)
FNDA:124,(anonymous_14)
FNDA:55,calculateComplexity
FNDA:55,calculateCyclomaticComplexity
FNDA:7061,countComplexity
FNDA:2196,(anonymous_18)
FNDA:55,calculateMetrics
FNDA:2175,(anonymous_20)
FNDA:2175,(anonymous_21)
FNDA:2175,(anonymous_22)
FNDA:221,(anonymous_23)
FNDA:221,(anonymous_24)
FNDA:55,calculateMaxNestingDepth
FNDA:7061,traverse
FNDA:2196,(anonymous_27)
FNDA:6,basicAnalysis
FNDA:6,detectFunctions
FNDA:30,(anonymous_30)
FNDA:1,(anonymous_31)
FNDA:4,(anonymous_32)
FNDA:6,detectClasses
FNDA:6,extractBasicExports
FNDA:6,(anonymous_35)
FNDA:0,(anonymous_36)
FNDA:6,extractBasicImports
FNDA:0,(anonymous_38)
FNDA:4,(anonymous_39)
FNDA:0,(anonymous_40)
DA:5,6
DA:15,61
DA:16,4
DA:19,57
DA:21,57
DA:32,55
DA:45,55
DA:48,55
DA:51,55
DA:54,55
DA:56,55
DA:60,2
DA:69,2
DA:70,2
DA:71,2
DA:72,2
DA:73,2
DA:75,2
DA:76,2
DA:77,6
DA:78,6
DA:79,6
DA:83,2
DA:84,2
DA:85,2
DA:89,2
DA:93,2
DA:94,2
DA:98,2
DA:108,7061
DA:111,7061
DA:114,79
DA:116,147
DA:121,79
DA:127,142
DA:129,142
DA:131,8
DA:132,134
DA:134,4
DA:135,130
DA:137,1
DA:138,1
DA:139,0
DA:140,0
DA:144,142
DA:146,164
DA:151,142
DA:155,20
DA:160,20
DA:164,46
DA:166,41
DA:168,41
DA:169,41
DA:176,46
DA:178,46
DA:179,10
DA:187,46
DA:191,13
DA:194,13
DA:198,13
DA:202,2
DA:207,2
DA:211,39
DA:216,39
DA:217,39
DA:219,31
DA:224,8
DA:226,1
DA:231,7
DA:233,7
DA:242,39
DA:243,3
DA:248,39
DA:249,39
DA:253,133
DA:254,133
DA:256,133
DA:260,7061
DA:261,49840
DA:262,35829
DA:264,35829
DA:266,1531
DA:267,2196
DA:268,2196
DA:269,2196
DA:272,34298
DA:274,4810
DA:275,4810
DA:286,465
DA:287,430
DA:288,35
DA:290,28
DA:291,7
DA:293,2
DA:294,5
DA:296,3
DA:297,2
DA:299,2
DA:301,0
DA:311,201
DA:313,201
DA:315,167
DA:316,34
DA:318,15
DA:319,47
DA:320,45
DA:321,2
DA:323,2
DA:326,19
DA:328,2
DA:329,5
DA:330,5
DA:333,17
DA:335,16
DA:345,20
DA:346,20
DA:348,20
DA:349,116
DA:350,104
DA:356,124
DA:361,104
DA:362,2
DA:365,104
DA:366,12
DA:368,12
DA:378,20
DA:388,55
DA:394,55
DA:395,33
DA:396,2
DA:406,55
DA:409,7061
DA:412,7061
DA:421,147
DA:422,147
DA:426,7
DA:427,5
DA:429,7
DA:433,21
DA:434,21
DA:436,21
DA:440,7061
DA:441,49840
DA:442,35829
DA:444,35829
DA:445,2196
DA:446,34298
DA:447,4810
DA:452,55
DA:453,55
DA:464,55
DA:467,55
DA:468,2175
DA:469,2175
DA:475,55
DA:476,2175
DA:477,2175
DA:482,2175
DA:485,55
DA:486,55
DA:487,55
DA:489,55
DA:490,221
DA:493,221
DA:494,221
DA:495,221
DA:499,55
DA:503,55
DA:508,55
DA:511,55
DA:512,221
DA:513,55
DA:519,55
DA:520,55
DA:521,55
DA:525,55
DA:558,55
DA:561,7061
DA:564,7061
DA:565,155
DA:569,7061
DA:584,7061
DA:587,7061
DA:588,49840
DA:589,35829
DA:591,35829
DA:592,2196
DA:593,34298
DA:594,4810
DA:599,55
DA:600,55
DA:611,6
DA:613,6
DA:646,6
DA:648,6
DA:650,2
DA:668,2
DA:670,30
DA:671,3
DA:673,3
DA:674,2
DA:679,4
DA:681,2
DA:686,2
DA:688,4
DA:689,2
DA:694,6
DA:704,6
DA:706,6
DA:708,2
DA:710,2
DA:711,0
DA:713,4
DA:715,2
DA:717,2
DA:718,1
DA:722,6
DA:732,6
DA:734,6
DA:736,2
DA:742,2
DA:744,6
DA:745,0
DA:747,0
DA:748,0
DA:750,0
DA:756,6
DA:766,6
DA:768,6
DA:770,2
DA:772,2
DA:773,0
DA:775,0
DA:778,4
DA:780,2
DA:785,2
DA:787,4
DA:788,0
DA:790,0
DA:796,6
LF:240
LH:228
BRDA:15,0,0,4
BRDA:15,0,1,57
BRDA:15,1,0,61
BRDA:15,1,1,5
BRDA:69,2,0,2
BRDA:69,2,1,0
BRDA:78,3,0,2
BRDA:78,3,1,4
BRDA:83,4,0,2
BRDA:83,4,1,0
BRDA:93,5,0,2
BRDA:93,5,1,0
BRDA:108,6,0,0
BRDA:108,6,1,7061
BRDA:108,7,0,7061
BRDA:108,7,1,7061
BRDA:111,8,0,79
BRDA:111,8,1,30
BRDA:111,8,2,142
BRDA:111,8,3,20
BRDA:111,8,4,46
BRDA:111,8,5,13
BRDA:111,8,6,2
BRDA:111,8,7,39
BRDA:111,8,8,133
BRDA:115,9,0,79
BRDA:115,9,1,0
BRDA:129,10,0,8
BRDA:129,10,1,134
BRDA:132,11,0,4
BRDA:132,11,1,130
BRDA:134,12,0,4
BRDA:134,12,1,0
BRDA:135,13,0,1
BRDA:135,13,1,129
BRDA:137,14,0,1
BRDA:137,14,1,0
BRDA:139,15,0,0
BRDA:139,15,1,0
BRDA:148,16,0,30
BRDA:148,16,1,112
BRDA:156,17,0,20
BRDA:156,17,1,0
BRDA:164,18,0,41
BRDA:164,18,1,5
BRDA:166,19,0,41
BRDA:166,19,1,3
BRDA:168,20,0,41
BRDA:168,20,1,0
BRDA:172,21,0,41
BRDA:172,21,1,41
BRDA:176,22,0,46
BRDA:176,22,1,0
BRDA:182,23,0,1
BRDA:182,23,1,9
BRDA:183,24,0,10
BRDA:183,24,1,10
BRDA:191,25,0,13
BRDA:191,25,1,12
BRDA:191,25,2,0
BRDA:203,26,0,2
BRDA:203,26,1,1
BRDA:217,27,0,31
BRDA:217,27,1,8
BRDA:224,28,0,1
BRDA:224,28,1,7
BRDA:231,29,0,7
BRDA:231,29,1,0
BRDA:236,30,0,1
BRDA:236,30,1,6
BRDA:242,31,0,3
BRDA:242,31,1,36
BRDA:261,32,0,14011
BRDA:261,32,1,35829
BRDA:261,33,0,49840
BRDA:261,33,1,42834
BRDA:264,34,0,1531
BRDA:264,34,1,34298
BRDA:267,35,0,2196
BRDA:267,35,1,0
BRDA:267,36,0,2196
BRDA:267,36,1,2196
BRDA:272,37,0,4810
BRDA:272,37,1,29488
BRDA:272,38,0,34298
BRDA:272,38,1,30484
BRDA:286,39,0,430
BRDA:286,39,1,35
BRDA:288,40,0,28
BRDA:288,40,1,7
BRDA:291,41,0,2
BRDA:291,41,1,5
BRDA:294,42,0,3
BRDA:294,42,1,2
BRDA:297,43,0,2
BRDA:297,43,1,0
BRDA:311,44,0,0
BRDA:311,44,1,201
BRDA:313,45,0,167
BRDA:313,45,1,34
BRDA:316,46,0,15
BRDA:316,46,1,19
BRDA:319,47,0,45
BRDA:319,47,1,2
BRDA:321,48,0,2
BRDA:321,48,1,0
BRDA:326,49,0,2
BRDA:326,49,1,17
BRDA:329,50,0,5
BRDA:329,50,1,0
BRDA:333,51,0,16
BRDA:333,51,1,1
BRDA:349,52,0,104
BRDA:349,52,1,12
BRDA:351,53,0,3
BRDA:351,53,1,101
BRDA:351,54,0,101
BRDA:351,54,1,0
BRDA:361,55,0,2
BRDA:361,55,1,102
BRDA:361,56,0,104
BRDA:361,56,1,3
BRDA:366,57,0,12
BRDA:366,57,1,0
BRDA:369,58,0,0
BRDA:369,58,1,12
BRDA:369,59,0,12
BRDA:369,59,1,0
BRDA:394,60,0,22
BRDA:394,60,1,33
BRDA:395,61,0,31
BRDA:395,61,1,2
BRDA:409,62,0,0
BRDA:409,62,1,7061
BRDA:409,63,0,7061
BRDA:409,63,1,7061
BRDA:412,64,0,112
BRDA:412,64,1,119
BRDA:412,64,2,121
BRDA:412,64,3,121
BRDA:412,64,4,121
BRDA:412,64,5,123
BRDA:412,64,6,123
BRDA:412,64,7,147
BRDA:412,64,8,7
BRDA:412,64,9,21
BRDA:426,65,0,5
BRDA:426,65,1,2
BRDA:433,66,0,21
BRDA:433,66,1,0
BRDA:433,67,0,21
BRDA:433,67,1,16
BRDA:441,68,0,14011
BRDA:441,68,1,35829
BRDA:441,69,0,49840
BRDA:441,69,1,42834
BRDA:444,70,0,1531
BRDA:444,70,1,34298
BRDA:446,71,0,4810
BRDA:446,71,1,29488
BRDA:446,72,0,34298
BRDA:446,72,1,30484
BRDA:469,73,0,2175
BRDA:469,73,1,1707
BRDA:469,73,2,1639
BRDA:469,73,3,1601
BRDA:477,74,0,2175
BRDA:477,74,1,2107
BRDA:477,74,2,2069
BRDA:490,75,0,221
BRDA:490,75,1,0
BRDA:499,76,0,48
BRDA:499,76,1,7
BRDA:503,77,0,48
BRDA:503,77,1,7
BRDA:512,78,0,221
BRDA:512,78,1,42
BRDA:513,79,0,48
BRDA:513,79,1,7
BRDA:519,80,0,55
BRDA:519,80,1,4
BRDA:531,81,0,55
BRDA:531,81,1,0
BRDA:560,82,0,55
BRDA:561,83,0,0
BRDA:561,83,1,7061
BRDA:561,84,0,7061
BRDA:561,84,1,7061
BRDA:564,85,0,155
BRDA:564,85,1,6906
BRDA:584,86,0,706
BRDA:584,86,1,6355
BRDA:588,87,0,14011
BRDA:588,87,1,35829
BRDA:588,88,0,49840
BRDA:588,88,1,42834
BRDA:591,89,0,1531
BRDA:591,89,1,34298
BRDA:593,90,0,4810
BRDA:593,90,1,29488
BRDA:593,91,0,34298
BRDA:593,91,1,30484
BRDA:634,92,0,0
BRDA:634,92,1,6
BRDA:635,93,0,0
BRDA:635,93,1,6
BRDA:648,94,0,2
BRDA:648,94,1,4
BRDA:648,95,0,6
BRDA:648,95,1,4
BRDA:673,96,0,2
BRDA:673,96,1,1
BRDA:673,97,0,3
BRDA:673,97,1,3
BRDA:679,98,0,2
BRDA:679,98,1,2
BRDA:706,99,0,2
BRDA:706,99,1,4
BRDA:706,100,0,6
BRDA:706,100,1,4
BRDA:713,101,0,2
BRDA:713,101,1,2
BRDA:734,102,0,2
BRDA:734,102,1,4
BRDA:734,103,0,6
BRDA:734,103,1,4
BRDA:745,104,0,0
BRDA:745,104,1,0
BRDA:768,105,0,2
BRDA:768,105,1,4
BRDA:768,106,0,6
BRDA:768,106,1,4
BRDA:775,107,0,0
BRDA:775,107,1,0
BRDA:778,108,0,2
BRDA:778,108,1,2
BRDA:790,109,0,0
BRDA:790,109,1,0
BRF:238
BRH:202
end_of_record
TN:
SF:src/services/docGenerator.js
FN:17,fixMermaidSyntax
FN:19,(anonymous_1)
FN:27,(anonymous_2)
FN:52,fixMermaidDiagrams
FN:54,(anonymous_4)
FN:61,(anonymous_5)
FN:77,(anonymous_6)
FN:162,(anonymous_7)
FN:185,(anonymous_8)
FN:237,(anonymous_9)
FN:244,(anonymous_10)
FNF:11
FNH:11
FNDA:9,fixMermaidSyntax
FNDA:86,(anonymous_1)
FNDA:110,(anonymous_2)
FNDA:46,fixMermaidDiagrams
FNDA:9,(anonymous_4)
FNDA:84,(anonymous_5)
FNDA:48,(anonymous_6)
FNDA:46,(anonymous_7)
FNDA:46,(anonymous_8)
FNDA:122,(anonymous_9)
FNDA:196,(anonymous_10)
DA:18,9
DA:19,9
DA:21,86
DA:22,9
DA:27,77
DA:29,110
DA:30,0
DA:35,110
DA:36,0
DA:39,110
DA:43,9
DA:54,46
DA:55,9
DA:56,9
DA:63,84
DA:66,84
DA:67,84
DA:68,84
DA:86,48
DA:89,48
DA:92,47
DA:95,47
DA:98,47
DA:101,47
DA:112,47
DA:113,5
DA:119,42
DA:122,46
DA:125,46
DA:128,46
DA:130,46
DA:133,46
DA:135,45
DA:163,46
DA:175,46
DA:187,46
DA:188,0
DA:192,46
DA:193,46
DA:194,46
DA:197,46
DA:198,0
DA:202,46
DA:204,1
DA:205,1
DA:207,0
DA:208,0
DA:210,0
DA:211,0
DA:212,0
DA:214,0
DA:216,0
DA:219,0
DA:224,46
DA:239,122
DA:240,122
DA:243,122
DA:244,196
DA:248,122
DA:257,122
DA:260,122
DA:261,122
DA:268,122
LF:63
LH:51
BRDA:21,0,0,9
BRDA:21,0,1,77
BRDA:29,1,0,0
BRDA:29,1,1,110
BRDA:29,2,0,110
BRDA:29,2,1,0
BRDA:35,3,0,0
BRDA:35,3,1,110
BRDA:77,4,0,15
BRDA:79,5,0,19
BRDA:80,6,0,30
BRDA:81,7,0,42
BRDA:82,8,0,43
BRDA:83,9,0,47
BRDA:84,10,0,48
BRDA:85,11,0,48
BRDA:112,12,0,5
BRDA:112,12,1,42
BRDA:112,13,0,47
BRDA:112,13,1,6
BRDA:175,14,0,46
BRDA:175,14,1,0
BRDA:187,15,0,0
BRDA:187,15,1,46
BRDA:192,16,0,46
BRDA:192,16,1,37
BRDA:197,17,0,0
BRDA:197,17,1,46
BRDA:202,18,0,1
BRDA:202,18,1,45
BRDA:205,19,0,0
BRDA:205,19,1,1
BRDA:208,20,0,0
BRDA:208,20,1,0
BRDA:212,21,0,0
BRDA:212,21,1,0
BRDA:237,22,0,75
BRDA:240,23,0,119
BRDA:240,23,1,3
BRDA:243,24,0,112
BRDA:243,24,1,10
BRDA:244,25,0,145
BRDA:244,25,1,51
BRDA:253,26,0,122
BRDA:253,26,1,2
BRF:45
BRH:34
end_of_record
TN:
SF:src/services/emailService.js
FN:35,shouldMockEmails
FN:55,getResendClient
FN:66,__resetResendClient
FN:76,mockEmailSend
FN:111,(anonymous_4)
FN:130,sendPasswordResetEmail
FN:195,sendVerificationEmail
FN:264,sendContactSalesEmail
FN:356,sendSupportEmail
FN:504,sendDeletionScheduledEmail
FN:566,sendAccountRestoredEmail
FN:614,sendFinalDeletionWarningEmail
FNF:12
FNH:11
FNDA:154,shouldMockEmails
FNDA:141,getResendClient
FNDA:140,__resetResendClient
FNDA:13,mockEmailSend
FNDA:0,(anonymous_4)
FNDA:26,sendPasswordResetEmail
FNDA:21,sendVerificationEmail
FNDA:27,sendContactSalesEmail
FNDA:42,sendSupportEmail
FNDA:13,sendDeletionScheduledEmail
FNDA:12,sendAccountRestoredEmail
FNDA:13,sendFinalDeletionWarningEmail
DA:23,8
DA:36,154
DA:37,154
DA:38,154
DA:41,154
DA:42,150
DA:44,150
DA:45,9
DA:46,9
DA:48,141
DA:52,0
DA:56,141
DA:57,0
DA:59,141
DA:60,126
DA:62,141
DA:67,140
DA:77,13
DA:78,13
DA:79,13
DA:80,13
DA:81,13
DA:82,1
DA:84,13
DA:86,13
DA:87,13
DA:88,13
DA:91,13
DA:94,13
DA:103,8
DA:104,8
DA:111,8
DA:131,26
DA:133,26
DA:148,26
DA:149,4
DA:153,22
DA:154,22
DA:155,0
DA:158,22
DA:159,22
DA:160,17
DA:161,17
DA:162,17
DA:163,17
DA:164,17
DA:165,17
DA:166,17
DA:168,5
DA:169,5
DA:177,5
DA:178,3
DA:179,3
DA:180,3
DA:181,3
DA:184,2
DA:196,21
DA:198,21
DA:213,21
DA:214,8
DA:218,13
DA:219,13
DA:220,0
DA:223,13
DA:224,13
DA:225,8
DA:226,8
DA:227,8
DA:228,8
DA:229,8
DA:230,8
DA:231,8
DA:233,5
DA:234,5
DA:242,5
DA:243,3
DA:244,3
DA:245,3
DA:246,3
DA:249,2
DA:266,27
DA:273,27
DA:276,27
DA:290,27
DA:294,27
DA:303,27
DA:304,1
DA:308,26
DA:309,26
DA:310,0
DA:313,26
DA:314,26
DA:315,21
DA:316,21
DA:317,21
DA:318,21
DA:319,21
DA:320,21
DA:321,21
DA:322,21
DA:324,5
DA:325,5
DA:333,5
DA:334,3
DA:335,3
DA:336,3
DA:337,3
DA:340,2
DA:357,42
DA:366,42
DA:370,42
DA:371,42
DA:377,42
DA:382,42
DA:385,42
DA:391,42
DA:398,42
DA:401,42
DA:421,42
DA:429,42
DA:430,42
DA:432,42
DA:448,42
DA:449,2
DA:453,42
DA:454,0
DA:458,42
DA:459,42
DA:460,0
DA:463,42
DA:464,42
DA:465,37
DA:466,37
DA:467,37
DA:468,37
DA:469,37
DA:470,37
DA:471,37
DA:472,37
DA:474,5
DA:475,5
DA:483,5
DA:484,3
DA:485,3
DA:486,3
DA:487,3
DA:490,2
DA:505,13
DA:506,13
DA:509,13
DA:519,13
DA:535,13
DA:536,0
DA:540,13
DA:541,13
DA:542,0
DA:545,13
DA:546,13
DA:547,12
DA:548,12
DA:549,12
DA:550,12
DA:551,12
DA:553,1
DA:554,1
DA:567,12
DA:569,12
DA:583,12
DA:584,0
DA:588,12
DA:589,12
DA:590,0
DA:593,12
DA:594,12
DA:595,11
DA:596,11
DA:597,11
DA:598,11
DA:600,1
DA:601,1
DA:615,13
DA:616,13
DA:618,13
DA:633,13
DA:634,0
DA:638,13
DA:639,13
DA:640,0
DA:643,13
DA:644,13
DA:645,12
DA:646,12
DA:647,12
DA:648,12
DA:650,1
DA:651,1
LF:196
LH:183
BRDA:41,0,0,4
BRDA:41,0,1,150
BRDA:42,1,0,150
BRDA:42,1,1,0
BRDA:44,2,0,9
BRDA:44,2,1,141
BRDA:56,3,0,0
BRDA:56,3,1,141
BRDA:59,4,0,126
BRDA:59,4,1,15
BRDA:81,5,0,1
BRDA:81,5,1,12
BRDA:84,6,0,13
BRDA:84,6,1,0
BRDA:87,7,0,13
BRDA:87,7,1,0
BRDA:87,8,0,13
BRDA:87,8,1,13
BRDA:103,9,0,8
BRDA:103,9,1,0
BRDA:104,10,0,8
BRDA:104,10,1,0
BRDA:148,11,0,4
BRDA:148,11,1,22
BRDA:154,12,0,0
BRDA:154,12,1,22
BRDA:177,13,0,3
BRDA:177,13,1,2
BRDA:177,14,0,5
BRDA:177,14,1,3
BRDA:213,15,0,8
BRDA:213,15,1,13
BRDA:219,16,0,0
BRDA:219,16,1,13
BRDA:242,17,0,3
BRDA:242,17,1,2
BRDA:242,18,0,5
BRDA:242,18,1,3
BRDA:266,19,0,3
BRDA:266,19,1,24
BRDA:268,20,0,24
BRDA:268,20,1,3
BRDA:273,21,0,27
BRDA:273,21,1,0
BRDA:290,22,0,24
BRDA:290,22,1,3
BRDA:303,23,0,1
BRDA:303,23,1,26
BRDA:309,24,0,0
BRDA:309,24,1,26
BRDA:333,25,0,3
BRDA:333,25,1,2
BRDA:333,26,0,5
BRDA:333,26,1,3
BRDA:356,27,0,39
BRDA:366,28,0,42
BRDA:366,28,1,1
BRDA:385,29,0,0
BRDA:385,29,1,42
BRDA:387,30,0,42
BRDA:387,30,1,3
BRDA:391,31,0,39
BRDA:391,31,1,3
BRDA:398,32,0,42
BRDA:398,32,1,0
BRDA:429,33,0,42
BRDA:429,33,1,2
BRDA:430,34,0,42
BRDA:430,34,1,0
BRDA:440,35,0,0
BRDA:440,35,1,42
BRDA:440,36,0,40
BRDA:440,36,1,2
BRDA:441,37,0,0
BRDA:441,37,1,42
BRDA:441,38,0,40
BRDA:441,38,1,2
BRDA:448,39,0,2
BRDA:448,39,1,40
BRDA:453,40,0,0
BRDA:453,40,1,42
BRDA:459,41,0,0
BRDA:459,41,1,42
BRDA:483,42,0,3
BRDA:483,42,1,2
BRDA:483,43,0,5
BRDA:483,43,1,3
BRDA:506,44,0,13
BRDA:506,44,1,1
BRDA:535,45,0,0
BRDA:535,45,1,13
BRDA:541,46,0,0
BRDA:541,46,1,13
BRDA:567,47,0,12
BRDA:567,47,1,1
BRDA:583,48,0,0
BRDA:583,48,1,12
BRDA:589,49,0,0
BRDA:589,49,1,12
BRDA:616,50,0,13
BRDA:616,50,1,1
BRDA:633,51,0,0
BRDA:633,51,1,13
BRDA:639,52,0,0
BRDA:639,52,1,13
BRF:105
BRH:82
end_of_record
TN:
SF:src/services/exportService.js
FN:24,(anonymous_0)
FN:53,(anonymous_1)
FN:97,(anonymous_2)
FN:115,(anonymous_3)
FN:134,(anonymous_4)
FN:144,(anonymous_5)
FN:165,(anonymous_6)
FN:224,(anonymous_7)
FN:226,(anonymous_8)
FNF:9
FNH:8
FNDA:5,(anonymous_0)
FNDA:0,(anonymous_1)
FNDA:3,(anonymous_2)
FNDA:20,(anonymous_3)
FNDA:5,(anonymous_4)
FNDA:6,(anonymous_5)
FNDA:5,(anonymous_6)
FNDA:2,(anonymous_7)
FNDA:4,(anonymous_8)
DA:25,5
DA:26,2
DA:33,3
DA:36,3
DA:37,3
DA:42,3
DA:45,3
DA:50,3
DA:53,3
DA:54,0
DA:55,0
DA:59,3
DA:60,4
DA:61,4
DA:65,3
DA:66,2
DA:70,3
DA:71,3
DA:75,3
DA:79,3
DA:80,3
DA:83,3
DA:85,3
DA:98,3
DA:100,3
DA:101,2
DA:104,1
DA:117,20
DA:120,20
DA:125,20
DA:127,20
DA:135,5
DA:137,5
DA:144,6
DA:166,5
DA:167,5
DA:169,5
DA:180,5
DA:181,5
DA:182,7
DA:183,7
DA:184,7
DA:185,7
DA:188,5
DA:189,5
DA:190,5
DA:191,3
DA:194,5
DA:216,5
DA:226,2
DA:227,4
DA:231,2
DA:233,2
LF:53
LH:51
BRDA:24,0,0,3
BRDA:25,1,0,2
BRDA:25,1,1,3
BRDA:25,2,0,5
BRDA:25,2,1,4
BRDA:30,3,0,1
BRDA:31,4,0,1
BRDA:32,5,0,2
BRDA:37,6,0,2
BRDA:37,6,1,1
BRDA:65,7,0,2
BRDA:65,7,1,1
BRDA:70,8,0,3
BRDA:70,8,1,0
BRDA:100,9,0,2
BRDA:100,9,1,1
BRDA:100,10,0,3
BRDA:100,10,1,2
BRDA:134,11,0,0
BRDA:141,12,0,5
BRDA:141,12,1,2
BRDA:153,13,0,2
BRDA:153,13,1,4
BRDA:165,14,0,0
BRDA:173,15,0,3
BRDA:173,15,1,2
BRDA:183,16,0,7
BRDA:183,16,1,1
BRDA:184,17,0,7
BRDA:184,17,1,1
BRDA:190,18,0,3
BRDA:190,18,1,2
BRDA:227,19,0,4
BRDA:227,19,1,2
BRF:34
BRH:31
end_of_record
TN:
SF:src/services/qualityScorer.js
FN:42,calculateQualityScore
FN:82,scoreREADME
FN:242,scoreJSDoc
FN:346,scoreAPI
FN:481,scoreOpenAPI
FN:625,scoreArchitecture
FN:784,hasSection
FN:786,(anonymous_7)
FN:797,countCodeBlocks
FN:805,countHeaders
FN:813,countFunctionDocs
FN:820,(anonymous_11)
FN:833,(anonymous_12)
FN:835,(anonymous_13)
FN:856,countExpectedParams
FN:860,(anonymous_15)
FN:868,(anonymous_16)
FN:870,(anonymous_17)
FN:885,countFunctionsWithReturns
FN:890,(anonymous_19)
FN:894,(anonymous_20)
FN:897,(anonymous_21)
FN:908,getGrade
FN:919,generateSummary
FN:941,getTopSuggestion
FN:943,(anonymous_25)
FN:944,(anonymous_26)
FN:952,assessInputCodeQuality
FN:958,(anonymous_28)
FN:1008,countComments
FN:1020,assessNamingQuality
FN:1024,(anonymous_31)
FN:1032,(anonymous_32)
FN:1042,(anonymous_33)
FN:1048,(anonymous_34)
FN:1057,(anonymous_35)
FN:1080,assessExistingDocs
FN:1123,assessCodeStructure
FN:1128,(anonymous_38)
FN:1159,(anonymous_39)
FNF:40
FNH:35
FNDA:147,calculateQualityScore
FNDA:68,scoreREADME
FNDA:23,scoreJSDoc
FNDA:19,scoreAPI
FNDA:17,scoreOpenAPI
FNDA:20,scoreArchitecture
FNDA:313,hasSection
FNDA:1332,(anonymous_7)
FNDA:87,countCodeBlocks
FNDA:68,countHeaders
FNDA:91,countFunctionDocs
FNDA:120,(anonymous_11)
FNDA:3,(anonymous_12)
FNDA:14,(anonymous_13)
FNDA:23,countExpectedParams
FNDA:48,(anonymous_15)
FNDA:0,(anonymous_16)
FNDA:0,(anonymous_17)
FNDA:23,countFunctionsWithReturns
FNDA:48,(anonymous_19)
FNDA:0,(anonymous_20)
FNDA:0,(anonymous_21)
FNDA:164,getGrade
FNDA:147,generateSummary
FNDA:147,getTopSuggestion
FNDA:735,(anonymous_25)
FNDA:713,(anonymous_26)
FNDA:17,assessInputCodeQuality
FNDA:163,(anonymous_28)
FNDA:17,countComments
FNDA:17,assessNamingQuality
FNDA:7,(anonymous_31)
FNDA:0,(anonymous_32)
FNDA:7,(anonymous_33)
FNDA:7,(anonymous_34)
FNDA:7,(anonymous_35)
FNDA:17,assessExistingDocs
FNDA:17,assessCodeStructure
FNDA:163,(anonymous_38)
FNDA:163,(anonymous_39)
DA:44,147
DA:48,147
DA:50,23
DA:51,23
DA:53,19
DA:54,19
DA:56,17
DA:57,17
DA:59,20
DA:60,20
DA:63,68
DA:64,68
DA:68,147
DA:70,147
DA:83,68
DA:84,68
DA:87,68
DA:90,68
DA:91,68
DA:93,68
DA:94,20
DA:95,20
DA:102,48
DA:112,68
DA:116,68
DA:117,17
DA:118,17
DA:125,51
DA:135,68
DA:136,68
DA:137,68
DA:138,68
DA:140,68
DA:141,9
DA:142,9
DA:143,9
DA:144,59
DA:145,3
DA:146,3
DA:147,3
DA:148,56
DA:149,6
DA:150,6
DA:151,6
DA:154,68
DA:155,68
DA:165,68
DA:166,68
DA:167,68
DA:168,68
DA:170,68
DA:171,68
DA:173,68
DA:174,12
DA:175,12
DA:176,56
DA:177,7
DA:178,7
DA:181,68
DA:192,68
DA:193,68
DA:194,68
DA:196,68
DA:197,68
DA:198,68
DA:200,68
DA:201,8
DA:202,8
DA:203,8
DA:204,60
DA:205,12
DA:206,12
DA:207,12
DA:208,48
[...]
DA:388,19
DA:400,19
DA:401,19
DA:402,19
DA:404,19
DA:405,19
DA:406,2
DA:407,17
DA:408,3
DA:410,19
DA:412,19
DA:423,19
DA:424,19
DA:425,19
DA:427,19
DA:428,19
DA:429,2
DA:430,17
DA:431,3
DA:433,19
DA:435,19
DA:447,19
DA:448,19
DA:449,19
DA:451,19
DA:452,19
DA:453,2
DA:454,17
DA:455,2
DA:457,19
DA:459,19
DA:469,19
DA:482,17
DA:483,17
DA:484,17
DA:487,17
DA:488,17
DA:489,17
DA:491,17
DA:492,17
DA:493,3
DA:494,14
DA:495,1
DA:496,13
DA:497,9
DA:499,17
DA:501,17
DA:513,17
DA:514,17
DA:516,17
DA:517,17
DA:518,1
DA:519,16
DA:520,11
DA:521,5
DA:522,0
DA:524,17
DA:526,17
DA:537,17
DA:538,17
DA:539,17
DA:541,17
DA:542,17
DA:543,2
DA:544,15
DA:545,2
DA:546,13
DA:547,0
DA:549,17
DA:551,17
DA:562,17
DA:563,17
DA:564,17
DA:566,17
DA:567,17
DA:568,2
DA:569,15
DA:570,1
DA:571,14
DA:572,0
DA:574,17
DA:576,17
DA:588,17
DA:589,17
DA:590,17
DA:592,17
DA:593,17
DA:594,2
DA:595,15
DA:596,2
DA:597,13
DA:598,5
DA:600,17
DA:602,17
DA:613,17
DA:626,20
DA:627,20
DA:628,20
DA:631,20
DA:634,20
DA:636,20
DA:638,20
DA:639,20
DA:640,2
DA:641,18
DA:642,3
DA:643,15
DA:644,1
DA:646,20
DA:648,20
DA:660,20
DA:663,20
DA:664,20
DA:666,20
DA:667,20
DA:668,1
DA:669,19
DA:670,7
DA:671,12
DA:672,0
DA:674,20
DA:676,20
DA:687,20
DA:690,20
DA:692,20
DA:695,20
DA:696,20
DA:697,2
DA:698,18
DA:699,2
DA:700,16
DA:701,4
DA:703,20
DA:705,20
DA:717,20
DA:718,20
DA:719,20
DA:721,20
DA:722,20
DA:723,2
DA:724,18
DA:725,2
DA:727,20
DA:729,20
DA:740,20
DA:743,20
DA:745,20
DA:748,20
DA:749,20
DA:750,2
DA:751,18
DA:752,1
DA:753,17
DA:754,2
DA:756,20
DA:758,20
DA:769,20
DA:785,313
DA:786,313
DA:787,1332
DA:788,1332
DA:798,87
DA:799,87
DA:806,68
DA:807,68
DA:814,91
DA:815,91
DA:816,91
DA:819,91
DA:820,45
DA:821,120
DA:822,120
DA:823,105
DA:824,105
DA:825,41
DA:832,91
DA:833,3
DA:834,3
DA:835,3
DA:836,14
DA:837,14
DA:838,14
DA:839,9
DA:846,91
DA:847,46
DA:850,45
DA:857,23
DA:859,23
DA:860,22
DA:861,48
DA:862,48
DA:867,23
DA:868,22
DA:869,0
DA:870,0
DA:871,0
DA:872,0
DA:879,23
DA:886,23
DA:888,23
DA:890,48
DA:893,23
DA:894,22
DA:895,0
DA:897,0
DA:902,23
DA:909,164
DA:910,154
DA:911,148
DA:912,143
DA:913,133
DA:920,147
DA:921,147
DA:923,147
DA:924,735
DA:925,179
DA:926,556
DA:927,409
DA:931,147
DA:942,147
DA:943,735
DA:944,713
DA:946,147
DA:953,17
DA:954,17
DA:957,17
DA:958,163
DA:959,17
DA:961,17
DA:962,17
DA:963,2
DA:964,15
DA:965,4
DA:966,11
DA:967,1
DA:970,17
DA:971,17
DA:981,17
DA:982,17
DA:983,17
DA:986,17
DA:987,17
DA:988,17
DA:991,17
DA:992,17
DA:993,17
DA:995,17
DA:997,17
DA:1009,17
DA:1010,17
DA:1011,17
DA:1012,17
DA:1014,17
DA:1021,17
DA:1023,17
DA:1024,17
DA:1025,7
DA:1026,7
DA:1031,17
DA:1032,0
DA:1033,0
DA:1034,0
DA:1039,17
DA:1040,17
DA:1042,17
DA:1043,17
DA:1044,0
DA:1045,0
DA:1048,17
DA:1049,7
DA:1052,17
DA:1053,2
DA:1054,2
DA:1057,17
DA:1058,17
DA:1060,17
DA:1061,15
DA:1062,15
DA:1065,17
DA:1067,17
DA:1081,17
DA:1082,17
DA:1084,17
DA:1085,17
DA:1086,3
DA:1087,3
DA:1090,17
DA:1091,17
DA:1092,1
DA:1093,1
DA:1096,17
DA:1097,17
DA:1098,17
DA:1099,2
DA:1100,2
DA:1101,15
DA:1102,2
DA:1103,2
DA:1106,17
DA:1107,17
DA:1108,0
DA:1109,0
DA:1112,17
DA:1124,17
DA:1125,17
DA:1127,17
DA:1128,163
DA:1129,17
DA:1131,17
DA:1132,7
DA:1133,7
DA:1136,17
DA:1137,17
DA:1138,0
DA:1139,0
DA:1142,17
DA:1143,17
DA:1144,0
DA:1145,0
DA:1148,17
DA:1149,17
DA:1151,17
DA:1152,7
DA:1153,7
DA:1154,10
DA:1155,0
DA:1156,0
DA:1159,163
DA:1160,17
DA:1161,1
DA:1162,1
DA:1165,17
DA:1167,17
LF:472
LH:449
BRDA:42,0,0,46
BRDA:42,1,0,129
BRDA:44,2,0,17
BRDA:44,2,1,130
BRDA:48,3,0,23
BRDA:48,3,1,19
BRDA:48,3,2,17
BRDA:48,3,3,20
BRDA:48,3,4,68
BRDA:48,3,5,68
BRDA:68,4,0,17
BRDA:68,4,1,130
BRDA:91,5,0,68
BRDA:91,5,1,55
BRDA:93,6,0,20
BRDA:93,6,1,48
BRDA:116,7,0,17
BRDA:116,7,1,51
BRDA:140,8,0,9
BRDA:140,8,1,59
BRDA:144,9,0,3
BRDA:144,9,1,56
BRDA:148,10,0,6
BRDA:148,10,1,50
BRDA:166,11,0,68
BRDA:166,11,1,0
BRDA:173,12,0,12
BRDA:173,12,1,56
BRDA:176,13,0,7
BRDA:176,13,1,49
BRDA:194,14,0,68
BRDA:194,14,1,57
BRDA:200,15,0,8
BRDA:200,15,1,60
BRDA:200,16,0,68
BRDA:200,16,1,19
BRDA:200,16,2,14
BRDA:204,17,0,12
BRDA:204,17,1,48
BRDA:208,18,0,40
BRDA:208,18,1,8
BRDA:248,19,0,23
BRDA:248,19,1,0
BRDA:258,20,0,10
BRDA:258,20,1,13
BRDA:258,21,0,1
BRDA:258,21,1,12
BRDA:259,22,0,13
BRDA:259,22,1,10
BRDA:263,23,0,23
BRDA:263,23,1,14
BRDA:265,24,0,16
BRDA:265,24,1,7
BRDA:275,25,0,10
BRDA:275,25,1,13
BRDA:275,26,0,3
BRDA:275,26,1,10
BRDA:276,27,0,13
BRDA:276,27,1,10
BRDA:280,28,0,23
BRDA:280,28,1,15
BRDA:282,29,0,23
BRDA:282,29,1,0
BRDA:292,30,0,3
BRDA:292,30,1,20
BRDA:292,31,0,0
BRDA:292,31,1,20
BRDA:293,32,0,20
BRDA:293,32,1,3
BRDA:297,33,0,23
BRDA:297,33,1,20
BRDA:301,34,0,2
BRDA:301,34,1,21
BRDA:303,35,0,1
BRDA:303,35,1,20
BRDA:313,36,0,2
BRDA:313,36,1,21
BRDA:313,37,0,1
BRDA:313,37,1,20
BRDA:314,38,0,20
BRDA:314,38,1,3
BRDA:318,39,0,23
BRDA:318,39,1,16
BRDA:319,40,0,23
BRDA:319,40,1,16
BRDA:320,41,0,9
BRDA:320,41,1,14
BRDA:320,42,0,3
BRDA:320,42,1,11
BRDA:325,43,0,23
BRDA:325,43,1,16
BRDA:330,44,0,21
BRDA:330,44,1,2
BRDA:330,45,0,0
BRDA:330,45,1,2
BRDA:331,46,0,2
BRDA:331,46,1,21
BRDA:353,47,0,19
BRDA:353,47,1,8
BRDA:357,48,0,3
BRDA:357,48,1,16
BRDA:357,49,0,19
BRDA:357,49,1,17
BRDA:359,50,0,9
BRDA:359,50,1,7
BRDA:365,51,0,19
BRDA:365,51,1,8
BRDA:369,52,0,3
BRDA:369,52,1,16
BRDA:369,53,0,9
BRDA:369,53,1,7
BRDA:370,54,0,16
BRDA:370,54,1,3
BRDA:374,55,0,19
BRDA:374,55,1,15
BRDA:374,55,2,15
BRDA:375,56,0,19
BRDA:375,56,1,16
BRDA:375,56,2,15
BRDA:376,57,0,19
BRDA:376,57,1,17
BRDA:376,57,2,17
BRDA:379,58,0,2
BRDA:379,58,1,17
BRDA:379,59,0,19
BRDA:379,59,1,4
BRDA:379,59,2,2
BRDA:381,60,0,2
BRDA:381,60,1,15
BRDA:381,61,0,17
BRDA:381,61,1,15
BRDA:383,62,0,2
BRDA:383,62,1,13
BRDA:389,63,0,19
BRDA:389,63,1,15
BRDA:389,63,2,13
BRDA:395,64,0,2
BRDA:395,64,1,17
BRDA:395,65,0,4
BRDA:395,65,1,13
BRDA:396,66,0,17
BRDA:396,66,1,2
BRDA:400,67,0,19
BRDA:400,67,1,15
BRDA:402,68,0,19
BRDA:402,68,1,18
BRDA:402,68,2,18
BRDA:405,69,0,2
BRDA:405,69,1,17
BRDA:405,70,0,19
BRDA:405,70,1,3
BRDA:405,70,2,1
BRDA:407,71,0,3
BRDA:407,71,1,14
BRDA:407,72,0,17
BRDA:407,72,1,15
BRDA:413,73,0,19
BRDA:413,73,1,15
BRDA:418,74,0,2
BRDA:418,74,1,17
BRDA:418,75,0,3
BRDA:418,75,1,14
BRDA:419,76,0,17
BRDA:419,76,1,2
BRDA:424,77,0,19
BRDA:424,77,1,17
BRDA:425,78,0,19
BRDA:425,78,1,17
BRDA:425,78,2,0
BRDA:428,79,0,2
BRDA:428,79,1,17
BRDA:428,80,0,19
BRDA:428,80,1,17
BRDA:428,80,2,0
BRDA:430,81,0,3
BRDA:430,81,1,14
BRDA:442,82,0,2
BRDA:442,82,1,17
BRDA:442,83,0,3
BRDA:442,83,1,14
BRDA:443,84,0,17
BRDA:443,84,1,2
BRDA:448,85,0,19
BRDA:448,85,1,16
BRDA:449,86,0,19
BRDA:449,86,1,19
BRDA:452,87,0,2
BRDA:452,87,1,17
BRDA:452,88,0,19
BRDA:452,88,1,3
BRDA:454,89,0,2
BRDA:454,89,1,15
BRDA:454,90,0,17
BRDA:454,90,1,16
BRDA:460,91,0,19
BRDA:460,91,1,16
BRDA:465,92,0,2
BRDA:465,92,1,17
BRDA:465,93,0,2
BRDA:465,93,1,15
BRDA:466,94,0,17
BRDA:466,94,1,2
BRDA:487,95,0,17
BRDA:487,95,1,14
BRDA:488,96,0,17
BRDA:488,96,1,3
BRDA:492,97,0,3
BRDA:492,97,1,14
BRDA:492,98,0,17
BRDA:492,98,1,4
BRDA:492,98,2,3
BRDA:494,99,0,1
BRDA:494,99,1,13
BRDA:494,100,0,14
BRDA:494,100,1,10
BRDA:494,100,2,10
BRDA:496,101,0,9
BRDA:496,101,1,4
BRDA:508,102,0,3
BRDA:508,102,1,14
BRDA:508,103,0,10
BRDA:508,103,1,4
BRDA:509,104,0,14
BRDA:509,104,1,3
BRDA:513,105,0,17
BRDA:513,105,1,5
BRDA:514,106,0,17
BRDA:514,106,1,5
BRDA:517,107,0,1
BRDA:517,107,1,16
BRDA:517,108,0,17
BRDA:517,108,1,1
BRDA:519,109,0,11
BRDA:519,109,1,5
BRDA:519,110,0,16
BRDA:519,110,1,11
BRDA:521,111,0,0
BRDA:521,111,1,5
BRDA:521,112,0,5
BRDA:521,112,1,5
BRDA:532,113,0,1
BRDA:532,113,1,16
BRDA:532,114,0,11
BRDA:532,114,1,5
BRDA:533,115,0,16
BRDA:533,115,1,1
BRDA:537,116,0,17
BRDA:537,116,1,15
BRDA:538,117,0,17
BRDA:538,117,1,15
BRDA:539,118,0,17
BRDA:539,118,1,13
BRDA:542,119,0,2
BRDA:542,119,1,15
BRDA:542,120,0,17
BRDA:542,120,1,2
BRDA:544,121,0,2
BRDA:544,121,1,13
BRDA:544,122,0,15
BRDA:544,122,1,2
BRDA:546,123,0,0
BRDA:546,123,1,13
BRDA:552,124,0,17
BRDA:552,124,1,13
BRDA:557,125,0,2
BRDA:557,125,1,15
BRDA:557,126,0,2
BRDA:557,126,1,13
BRDA:558,127,0,15
BRDA:558,127,1,2
BRDA:563,128,0,17
BRDA:563,128,1,14
BRDA:567,129,0,2
BRDA:567,129,1,15
BRDA:567,130,0,17
BRDA:567,130,1,3
BRDA:567,130,2,2
BRDA:569,131,0,1
BRDA:569,131,1,14
BRDA:569,132,0,15
BRDA:569,132,1,1
BRDA:571,133,0,0
BRDA:571,133,1,14
BRDA:577,134,0,17
BRDA:577,134,1,14
BRDA:583,135,0,2
BRDA:583,135,1,15
BRDA:583,136,0,1
BRDA:583,136,1,14
BRDA:584,137,0,15
BRDA:584,137,1,2
BRDA:588,138,0,17
BRDA:588,138,1,15
BRDA:589,139,0,17
BRDA:589,139,1,8
BRDA:590,140,0,17
BRDA:590,140,1,15
BRDA:593,141,0,2
BRDA:593,141,1,15
BRDA:593,142,0,17
BRDA:593,142,1,2
BRDA:595,143,0,2
BRDA:595,143,1,13
BRDA:595,144,0,15
BRDA:595,144,1,15
BRDA:597,145,0,5
BRDA:597,145,1,8
BRDA:597,146,0,13
BRDA:597,146,1,13
BRDA:603,147,0,17
BRDA:603,147,1,15
BRDA:609,148,0,2
BRDA:609,148,1,15
BRDA:609,149,0,7
BRDA:609,149,1,8
BRDA:610,150,0,15
BRDA:610,150,1,2
BRDA:634,151,0,20
BRDA:634,151,1,18
BRDA:634,151,2,18
BRDA:634,151,3,18
BRDA:639,152,0,2
BRDA:639,152,1,18
BRDA:639,153,0,20
BRDA:639,153,1,5
BRDA:639,153,2,3
BRDA:641,154,0,3
BRDA:641,154,1,15
BRDA:643,155,0,1
BRDA:643,155,1,14
BRDA:649,156,0,20
BRDA:649,156,1,15
BRDA:655,157,0,2
BRDA:655,157,1,18
BRDA:655,158,0,4
BRDA:655,158,1,14
BRDA:656,159,0,18
BRDA:656,159,1,2
BRDA:663,160,0,20
BRDA:663,160,1,17
BRDA:664,161,0,20
BRDA:664,161,1,20
BRDA:664,161,2,19
BRDA:667,162,0,1
BRDA:667,162,1,19
BRDA:667,163,0,20
BRDA:667,163,1,8
BRDA:669,164,0,7
BRDA:669,164,1,12
BRDA:669,165,0,19
BRDA:669,165,1,12
BRDA:671,166,0,0
BRDA:671,166,1,12
BRDA:682,167,0,1
BRDA:682,167,1,19
BRDA:682,168,0,7
BRDA:682,168,1,12
BRDA:683,169,0,19
BRDA:683,169,1,1
BRDA:690,170,0,20
BRDA:690,170,1,17
BRDA:690,170,2,17
BRDA:690,170,3,17
BRDA:692,171,0,20
BRDA:692,171,1,18
BRDA:692,172,0,20
BRDA:692,172,1,18
BRDA:693,173,0,18
BRDA:693,173,1,14
BRDA:696,174,0,2
BRDA:696,174,1,18
BRDA:696,175,0,20
BRDA:696,175,1,3
BRDA:696,175,2,1
BRDA:698,176,0,2
BRDA:698,176,1,16
BRDA:698,177,0,18
BRDA:698,177,1,17
BRDA:700,178,0,4
BRDA:700,178,1,12
BRDA:706,179,0,20
BRDA:706,179,1,17
BRDA:712,180,0,2
BRDA:712,180,1,18
BRDA:712,181,0,6
BRDA:712,181,1,12
BRDA:713,182,0,18
BRDA:713,182,1,2
BRDA:722,183,0,2
BRDA:722,183,1,18
BRDA:724,184,0,2
BRDA:724,184,1,16
BRDA:724,185,0,18
BRDA:724,185,1,17
BRDA:730,186,0,20
BRDA:730,186,1,18
BRDA:730,186,2,17
BRDA:735,187,0,2
BRDA:735,187,1,18
BRDA:735,188,0,2
BRDA:735,188,1,16
BRDA:736,189,0,18
BRDA:736,189,1,2
BRDA:743,190,0,20
BRDA:743,190,1,16
BRDA:743,190,2,16
BRDA:745,191,0,20
BRDA:745,191,1,18
BRDA:745,191,2,18
BRDA:749,192,0,2
BRDA:749,192,1,18
BRDA:749,193,0,20
BRDA:749,193,1,3
BRDA:749,193,2,1
BRDA:751,194,0,1
BRDA:751,194,1,17
BRDA:753,195,0,2
BRDA:753,195,1,15
BRDA:753,196,0,17
BRDA:753,196,1,15
BRDA:759,197,0,20
BRDA:759,197,1,17
BRDA:765,198,0,2
BRDA:765,198,1,18
BRDA:765,199,0,3
BRDA:765,199,1,15
BRDA:766,200,0,18
BRDA:766,200,1,2
BRDA:788,201,0,1332
BRDA:788,201,1,1266
BRDA:788,201,2,1266
BRDA:799,202,0,23
BRDA:799,202,1,64
BRDA:807,203,0,60
BRDA:807,203,1,8
BRDA:819,204,0,45
BRDA:819,204,1,46
BRDA:819,205,0,91
BRDA:819,205,1,88
BRDA:822,206,0,105
BRDA:822,206,1,15
BRDA:822,207,0,120
BRDA:822,207,1,105
BRDA:824,208,0,41
BRDA:824,208,1,64
BRDA:832,209,0,3
BRDA:832,209,1,88
BRDA:832,210,0,91
BRDA:832,210,1,36
BRDA:834,211,0,3
BRDA:834,211,1,0
BRDA:834,212,0,3
BRDA:834,212,1,3
BRDA:838,213,0,9
BRDA:838,213,1,5
BRDA:846,214,0,46
BRDA:846,214,1,45
BRDA:859,215,0,22
BRDA:859,215,1,1
BRDA:861,216,0,48
BRDA:861,216,1,0
BRDA:867,217,0,22
BRDA:867,217,1,1
BRDA:869,218,0,0
BRDA:869,218,1,0
BRDA:871,219,0,0
BRDA:871,219,1,0
BRDA:888,220,0,22
BRDA:888,220,1,1
BRDA:893,221,0,22
BRDA:893,221,1,1
BRDA:895,222,0,0
BRDA:895,222,1,0
BRDA:909,223,0,10
BRDA:909,223,1,154
BRDA:910,224,0,6
BRDA:910,224,1,148
BRDA:911,225,0,5
BRDA:911,225,1,143
BRDA:912,226,0,10
BRDA:912,226,1,133
BRDA:924,227,0,179
BRDA:924,227,1,556
BRDA:926,228,0,409
BRDA:926,228,1,147
BRDA:946,229,0,147
BRDA:946,229,1,7
BRDA:959,230,0,17
BRDA:959,230,1,0
BRDA:962,231,0,2
BRDA:962,231,1,15
BRDA:964,232,0,4
BRDA:964,232,1,11
BRDA:966,233,0,1
BRDA:966,233,1,10
BRDA:977,234,0,6
BRDA:977,234,1,11
BRDA:977,235,0,1
BRDA:977,235,1,10
BRDA:1009,236,0,17
BRDA:1009,236,1,13
BRDA:1010,237,0,17
BRDA:1010,237,1,14
BRDA:1011,238,0,17
BRDA:1011,238,1,17
BRDA:1012,239,0,17
BRDA:1012,239,1,16
BRDA:1012,240,0,17
BRDA:1012,240,1,17
BRDA:1023,241,0,17
BRDA:1023,241,1,0
BRDA:1025,242,0,7
BRDA:1025,242,1,0
BRDA:1025,243,0,7
BRDA:1025,243,1,7
BRDA:1031,244,0,0
BRDA:1031,244,1,17
BRDA:1033,245,0,0
BRDA:1033,245,1,0
BRDA:1043,246,0,0
BRDA:1043,246,1,17
BRDA:1049,247,0,7
BRDA:1049,247,1,2
BRDA:1052,248,0,2
BRDA:1052,248,1,15
BRDA:1058,249,0,4
BRDA:1058,249,1,13
BRDA:1060,250,0,15
BRDA:1060,250,1,2
BRDA:1073,251,0,15
BRDA:1073,251,1,2
BRDA:1073,252,0,2
BRDA:1073,252,1,0
BRDA:1084,253,0,17
BRDA:1084,253,1,14
BRDA:1085,254,0,3
BRDA:1085,254,1,14
BRDA:1090,255,0,17
BRDA:1090,255,1,16
BRDA:1090,256,0,17
BRDA:1090,256,1,17
BRDA:1091,257,0,1
BRDA:1091,257,1,16
BRDA:1096,258,0,17
BRDA:1096,258,1,13
BRDA:1097,259,0,17
BRDA:1097,259,1,14
BRDA:1098,260,0,2
BRDA:1098,260,1,15
BRDA:1101,261,0,2
BRDA:1101,261,1,13
BRDA:1106,262,0,17
BRDA:1106,262,1,17
BRDA:1107,263,0,0
BRDA:1107,263,1,17
BRDA:1116,264,0,2
BRDA:1116,264,1,15
BRDA:1116,265,0,2
BRDA:1116,265,1,13
BRDA:1131,266,0,7
BRDA:1131,266,1,10
BRDA:1136,267,0,17
BRDA:1136,267,1,17
BRDA:1137,268,0,0
BRDA:1137,268,1,17
BRDA:1142,269,0,17
BRDA:1142,269,1,17
BRDA:1143,270,0,0
BRDA:1143,270,1,17
BRDA:1148,271,0,17
BRDA:1148,271,1,16
BRDA:1151,272,0,7
BRDA:1151,272,1,10
BRDA:1154,273,0,0
BRDA:1154,273,1,10
BRDA:1160,274,0,1
BRDA:1160,274,1,16
BRDA:1171,275,0,9
BRDA:1171,275,1,8
BRDA:1171,276,0,8
BRDA:1171,276,1,0
BRF:581
BRH:549
end_of_record
TN:
SF:src/services/emailTemplates/accountDeletion.js
FN:29,deletionScheduledTemplate
FN:100,accountRestoredTemplate
FN:160,finalDeletionWarningTemplate
FNF:3
FNH:3
FNDA:13,deletionScheduledTemplate
FNDA:12,accountRestoredTemplate
FNDA:13,finalDeletionWarningTemplate
DA:38,13
DA:86,13
DA:107,12
DA:145,12
DA:168,13
DA:216,13
LF:6
LH:6
BRDA:49,0,0,13
BRDA:49,0,1,0
BRDA:118,1,0,12
BRDA:118,1,1,0
BRDA:179,2,0,13
BRDA:179,2,1,0
BRF:6
BRH:3
end_of_record
TN:
SF:src/services/emailTemplates/base.js
FN:12,emailHeader
FN:25,emailFooter
FN:44,tierBadge
FN:66,environmentBadge
FN:82,sectionHeading
FN:92,contentBox
FN:105,primaryButton
FN:116,baseHTML
FNF:8
FNH:8
FNDA:154,emailHeader
FNDA:154,emailFooter
FNDA:154,tierBadge
FNDA:154,environmentBadge
FNDA:138,sectionHeading
FNDA:69,contentBox
FNDA:85,primaryButton
FNDA:154,baseHTML
DA:13,154
DA:26,154
DA:45,154
DA:53,154
DA:55,154
DA:67,154
DA:69,154
DA:71,154
DA:83,138
DA:93,69
DA:106,85
DA:117,154
LF:12
LH:12
BRDA:12,0,0,112
BRDA:15,1,0,42
BRDA:15,1,1,112
BRDA:16,2,0,42
BRDA:16,2,1,112
BRDA:53,3,0,154
BRDA:53,3,1,87
BRDA:67,4,0,0
BRDA:67,4,1,154
BRDA:69,5,0,154
BRDA:69,5,1,0
BRF:11
BRH:9
end_of_record
TN:
SF:src/services/emailTemplates/contactSales.js
FN:32,contactSalesTemplate
FNF:1
FNH:1
FNDA:27,contactSalesTemplate
DA:43,27
DA:48,27
DA:50,27
DA:109,27
LF:4
LH:4
BRDA:48,0,0,27
BRDA:48,0,1,0
BRDA:63,1,0,3
BRDA:63,1,1,24
BRDA:74,2,0,27
BRDA:74,2,1,3
BRDA:89,3,0,25
BRDA:89,3,1,2
BRF:8
BRH:7
end_of_record
TN:
SF:src/services/emailTemplates/emailVerification.js
FN:28,emailVerificationTemplate
FNF:1
FNH:1
FNDA:21,emailVerificationTemplate
DA:36,21
DA:79,21
LF:2
LH:2
BRDA:31,0,0,0
BRF:1
BRH:0
end_of_record
TN:
SF:src/services/emailTemplates/passwordReset.js
FN:29,passwordResetTemplate
FNF:1
FNH:1
FNDA:26,passwordResetTemplate
DA:37,26
DA:76,26
LF:2
LH:2
BRDA:32,0,0,0
BRF:1
BRH:0
end_of_record
TN:
SF:src/services/emailTemplates/supportRequest.js
FN:35,supportRequestTemplate
FN:101,(anonymous_1)
FNF:2
FNH:2
FNDA:42,supportRequestTemplate
FNDA:4,(anonymous_1)
DA:49,42
DA:101,4
DA:118,42
LF:3
LH:3
BRDA:43,0,0,0
BRDA:62,1,0,0
BRDA:62,1,1,42
BRDA:73,2,0,42
BRDA:73,2,1,3
BRDA:96,3,0,2
BRDA:96,3,1,40
BRF:7
BRH:5
end_of_record
TN:
SF:src/services/llm/llmService.js
FN:17,(anonymous_0)
FN:50,(anonymous_1)
FN:86,(anonymous_2)
FN:156,(anonymous_3)
FN:194,(anonymous_4)
FN:202,(anonymous_5)
FN:210,(anonymous_6)
FN:218,(anonymous_7)
FN:226,(anonymous_8)
FNF:9
FNH:7
FNDA:39,(anonymous_0)
FNDA:20,(anonymous_1)
FNDA:31,(anonymous_2)
FNDA:7,(anonymous_3)
FNDA:3,(anonymous_4)
FNDA:3,(anonymous_5)
FNDA:4,(anonymous_6)
FNDA:0,(anonymous_7)
FNDA:0,(anonymous_8)
DA:19,39
DA:22,38
DA:23,38
DA:52,20
DA:55,20
DA:56,20
DA:59,20
DA:61,18
DA:63,7
DA:66,10
DA:69,1
DA:72,0
DA:87,31
DA:90,31
DA:91,2
DA:96,29
DA:99,29
DA:100,0
DA:105,0
DA:106,0
DA:113,29
DA:114,6
DA:118,29
DA:119,11
DA:123,29
DA:124,6
DA:127,29
DA:158,7
DA:161,7
DA:162,7
DA:165,7
DA:166,0
DA:170,7
DA:172,7
DA:174,3
DA:177,4
DA:180,0
DA:183,0
DA:195,3
DA:203,3
DA:211,4
DA:219,0
DA:227,0
LF:43
LH:34
BRDA:22,0,0,38
BRDA:22,0,1,0
BRDA:50,1,0,4
BRDA:52,2,0,20
BRDA:52,2,1,7
BRDA:56,3,0,20
BRDA:56,3,1,15
BRDA:61,4,0,7
BRDA:61,4,1,10
BRDA:61,4,2,1
BRDA:61,4,3,0
BRDA:90,5,0,2
BRDA:90,5,1,29
BRDA:99,6,0,0
BRDA:99,6,1,29
BRDA:105,7,0,0
BRDA:105,7,1,0
BRDA:113,8,0,6
BRDA:113,8,1,23
BRDA:118,9,0,11
BRDA:118,9,1,18
BRDA:123,10,0,6
BRDA:123,10,1,23
BRDA:156,11,0,2
BRDA:158,12,0,7
BRDA:158,12,1,4
BRDA:162,13,0,7
BRDA:162,13,1,6
BRDA:165,14,0,0
BRDA:165,14,1,7
BRDA:172,15,0,3
BRDA:172,15,1,4
BRDA:172,15,2,0
BRDA:172,15,3,0
BRF:34
BRH:26
end_of_record
TN:
SF:src/services/llm/utils.js
FN:12,sleep
FN:13,(anonymous_1)
FN:25,retryWithBackoff
FN:87,shouldNotRetry
FN:110,standardizeError
FN:177,estimateTokens
FNF:6
FNH:6
FNDA:9,sleep
FNDA:9,(anonymous_1)
FNDA:10,retryWithBackoff
FNDA:22,shouldNotRetry
FNDA:10,standardizeError
FNDA:6,estimateTokens
DA:13,9
DA:28,10
DA:29,18
DA:30,18
DA:32,14
DA:35,14
DA:37,0
DA:41,0
DA:46,0
DA:47,0
DA:51,14
DA:52,4
DA:56,10
DA:57,2
DA:61,8
DA:63,8
DA:68,8
DA:73,2
DA:74,2
DA:88,22
DA:90,22
DA:91,6
DA:95,16
DA:96,2
DA:99,14
DA:111,10
DA:112,10
DA:113,10
DA:116,10
DA:117,1
DA:118,1
DA:119,9
DA:120,2
DA:121,2
DA:122,7
DA:123,3
DA:124,3
DA:125,4
DA:126,4
DA:127,4
DA:131,10
DA:133,9
DA:134,9
DA:135,1
DA:136,1
DA:137,1
DA:138,1
DA:142,0
DA:145,8
DA:150,10
DA:151,1
DA:155,10
DA:156,10
DA:157,10
DA:158,10
DA:159,10
DA:160,10
DA:163,10
DA:164,1
DA:167,10
DA:178,6
DA:179,3
LF:62
LH:57
BRDA:25,0,0,0
BRDA:25,1,0,9
BRDA:35,2,0,0
BRDA:35,2,1,14
BRDA:35,3,0,14
BRDA:35,3,1,0
BRDA:37,4,0,0
BRDA:37,4,1,0
BRDA:51,5,0,4
BRDA:51,5,1,10
BRDA:56,6,0,2
BRDA:56,6,1,8
BRDA:90,7,0,6
BRDA:90,7,1,16
BRDA:90,8,0,22
BRDA:90,8,1,10
BRDA:95,9,0,2
BRDA:95,9,1,14
BRDA:112,10,0,10
BRDA:112,10,1,1
BRDA:116,11,0,1
BRDA:116,11,1,9
BRDA:119,12,0,2
BRDA:119,12,1,7
BRDA:122,13,0,3
BRDA:122,13,1,4
BRDA:125,14,0,4
BRDA:125,14,1,0
BRDA:131,15,0,9
BRDA:131,15,1,1
BRDA:134,16,0,1
BRDA:134,16,1,8
BRDA:137,17,0,1
BRDA:137,17,1,0
BRDA:150,18,0,1
BRDA:150,18,1,9
BRDA:163,19,0,1
BRDA:163,19,1,9
BRDA:163,20,0,10
BRDA:163,20,1,1
BRDA:178,21,0,3
BRDA:178,21,1,3
BRF:42
BRH:35
end_of_record
TN:
SF:src/utils/tierOverride.js
FN:28,(anonymous_0)
FN:64,(anonymous_1)
FN:78,(anonymous_2)
FN:110,(anonymous_3)
FN:128,(anonymous_4)
FN:145,(anonymous_5)
FN:176,(anonymous_6)
FNF:7
FNH:6
FNDA:35,(anonymous_0)
FNDA:2,(anonymous_1)
FNDA:17,(anonymous_2)
FNDA:0,(anonymous_3)
FNDA:15,(anonymous_4)
FNDA:8,(anonymous_5)
FNDA:2,(anonymous_6)
DA:28,10
DA:29,35
DA:32,34
DA:33,26
DA:37,8
DA:38,1
DA:42,7
DA:43,7
DA:46,7
DA:47,0
DA:50,7
DA:51,1
DA:54,6
DA:64,10
DA:65,2
DA:66,2
DA:78,10
DA:80,17
DA:81,2
DA:85,15
DA:86,15
DA:87,2
DA:91,13
DA:92,2
DA:95,11
DA:96,2
DA:99,9
DA:110,10
DA:111,0
DA:112,0
DA:114,0
DA:128,10
DA:129,15
DA:130,5
DA:133,10
DA:134,10
DA:136,10
DA:145,10
DA:146,8
DA:147,3
DA:150,5
DA:151,5
DA:152,5
DA:154,5
DA:155,5
DA:157,5
DA:176,10
DA:177,2
DA:178,2
LF:49
LH:45
BRDA:29,0,0,1
BRDA:29,0,1,34
BRDA:32,1,0,26
BRDA:32,1,1,8
BRDA:33,2,0,26
BRDA:33,2,1,1
BRDA:37,3,0,1
BRDA:37,3,1,7
BRDA:37,4,0,8
BRDA:37,4,1,8
BRDA:38,5,0,1
BRDA:38,5,1,0
BRDA:46,6,0,0
BRDA:46,6,1,7
BRDA:47,7,0,0
BRDA:47,7,1,0
BRDA:50,8,0,1
BRDA:50,8,1,6
BRDA:51,9,0,1
BRDA:51,9,1,0
BRDA:80,10,0,2
BRDA:80,10,1,15
BRDA:86,11,0,2
BRDA:86,11,1,13
BRDA:91,12,0,2
BRDA:91,12,1,11
BRDA:91,13,0,13
BRDA:91,13,1,11
BRDA:95,14,0,2
BRDA:95,14,1,9
BRDA:110,15,0,0
BRDA:129,16,0,5
BRDA:129,16,1,10
BRDA:129,17,0,15
BRDA:129,17,1,14
BRDA:129,17,2,10
BRDA:146,18,0,3
BRDA:146,18,1,5
BRF:38
BRH:32
end_of_record
