TN:
SF:src/config/stripe.js
FN:19,(anonymous_0)
FN:79,getTierFromPriceId
FN:94,getBillingPeriod
FN:109,isValidPriceForTier
FN:122,getTierValue
FNF:5
FNH:0
FNDA:0,(anonymous_0)
FNDA:0,getTierFromPriceId
FNDA:0,getBillingPeriod
FNDA:0,isValidPriceForTier
FNDA:0,getTierValue
DA:13,0
DA:19,0
DA:21,0
DA:22,0
DA:25,0
DA:29,0
DA:44,0
DA:62,0
DA:67,0
DA:80,0
DA:81,0
DA:82,0
DA:85,0
DA:95,0
DA:96,0
DA:97,0
DA:99,0
DA:110,0
DA:111,0
DA:112,0
DA:123,0
DA:124,0
DA:129,0
LF:23
LH:0
BRDA:21,0,0,0
BRDA:21,0,1,0
BRDA:29,1,0,0
BRDA:29,1,1,0
BRDA:68,2,0,0
BRDA:68,2,1,0
BRDA:69,3,0,0
BRDA:69,3,1,0
BRDA:81,4,0,0
BRDA:81,4,1,0
BRDA:81,5,0,0
BRDA:81,5,1,0
BRDA:96,6,0,0
BRDA:96,6,1,0
BRDA:97,7,0,0
BRDA:97,7,1,0
BRDA:111,8,0,0
BRDA:111,8,1,0
BRDA:112,9,0,0
BRDA:112,9,1,0
BRDA:129,10,0,0
BRDA:129,10,1,0
BRF:22
BRH:0
end_of_record
TN:
SF:src/config/tiers.js
FN:256,(anonymous_0)
FN:263,(anonymous_1)
FN:271,(anonymous_2)
FN:272,(anonymous_3)
FN:280,(anonymous_4)
FN:286,(anonymous_5)
FN:300,(anonymous_6)
FNF:7
FNH:0
FNDA:0,(anonymous_0)
FNDA:0,(anonymous_1)
FNDA:0,(anonymous_2)
FNDA:0,(anonymous_3)
FNDA:0,(anonymous_4)
FNDA:0,(anonymous_5)
FNDA:0,(anonymous_6)
DA:13,2
DA:221,2
DA:256,2
DA:257,0
DA:263,2
DA:264,0
DA:265,0
DA:271,2
DA:272,0
DA:273,0
DA:280,2
DA:281,0
DA:282,0
DA:283,0
DA:286,0
DA:287,0
DA:290,0
DA:300,2
DA:301,0
DA:302,0
DA:310,0
LF:21
LH:7
BRDA:256,0,0,0
BRDA:257,1,0,0
BRDA:257,1,1,0
BRDA:263,2,0,0
BRDA:265,3,0,0
BRDA:265,3,1,0
BRDA:293,4,0,0
BRDA:293,4,1,0
BRDA:304,5,0,0
BRDA:304,5,1,0
BRDA:306,6,0,0
BRDA:306,6,1,0
BRDA:311,7,0,0
BRDA:311,7,1,0
BRDA:311,7,2,0
BRDA:314,8,0,0
BRDA:314,8,1,0
BRDA:316,9,0,0
BRDA:316,9,1,0
BRF:19
BRH:0
end_of_record
TN:
SF:src/constants/legalVersions.js
FN:48,hasAcceptedCurrentTerms
FN:57,hasAcceptedCurrentPrivacy
FN:66,needsLegalReacceptance
FNF:3
FNH:3
FNDA:89,hasAcceptedCurrentTerms
FNDA:61,hasAcceptedCurrentPrivacy
FNDA:42,needsLegalReacceptance
DA:18,3
DA:22,3
DA:49,89
DA:58,61
DA:67,42
LF:5
LH:5
BRDA:70,0,0,42
BRDA:70,0,1,14
BRF:2
BRH:2
end_of_record
TN:
SF:src/db/migrate.js
FN:33,calculateChecksum
FN:42,parseMigrationFilename
FN:52,(anonymous_2)
FN:61,getMigrationFiles
FN:64,(anonymous_4)
FN:67,(anonymous_5)
FN:98,ensureMigrationTableExists
FN:128,getAppliedMigrations
FN:148,runMigrationInTransaction
FN:185,validateMigrationIntegrity
FN:192,(anonymous_10)
FN:215,showStatus
FN:220,(anonymous_12)
FN:222,(anonymous_13)
FN:235,(anonymous_14)
FN:247,(anonymous_15)
FN:259,(anonymous_16)
FN:267,migrate
FN:283,(anonymous_18)
FN:289,(anonymous_19)
FN:294,(anonymous_20)
FN:302,(anonymous_21)
FN:327,main
FN:344,(anonymous_23)
FNF:24
FNH:0
FNDA:0,calculateChecksum
FNDA:0,parseMigrationFilename
FNDA:0,(anonymous_2)
FNDA:0,getMigrationFiles
FNDA:0,(anonymous_4)
FNDA:0,(anonymous_5)
FNDA:0,ensureMigrationTableExists
FNDA:0,getAppliedMigrations
FNDA:0,runMigrationInTransaction
FNDA:0,validateMigrationIntegrity
FNDA:0,(anonymous_10)
FNDA:0,showStatus
FNDA:0,(anonymous_12)
FNDA:0,(anonymous_13)
FNDA:0,(anonymous_14)
FNDA:0,(anonymous_15)
FNDA:0,(anonymous_16)
FNDA:0,migrate
FNDA:0,(anonymous_18)
FNDA:0,(anonymous_19)
FNDA:0,(anonymous_20)
FNDA:0,(anonymous_21)
FNDA:0,main
FNDA:0,(anonymous_23)
DA:26,0
DA:27,0
DA:28,0
DA:34,0
DA:43,0
DA:44,0
DA:45,0
DA:48,0
DA:49,0
DA:50,0
DA:52,0
DA:55,0
DA:62,0
DA:63,0
DA:64,0
DA:66,0
DA:68,0
DA:69,0
DA:70,0
DA:71,0
DA:73,0
DA:85,0
DA:87,0
DA:88,0
DA:89,0
DA:91,0
DA:100,0
DA:102,0
DA:103,0
DA:104,0
DA:107,0
DA:108,0
DA:118,0
DA:120,0
DA:129,0
DA:130,0
DA:135,0
DA:138,0
DA:139,0
DA:141,0
DA:149,0
DA:151,0
DA:152,0
DA:154,0
DA:157,0
DA:159,0
DA:162,0
DA:168,0
DA:170,0
DA:172,0
DA:175,0
DA:176,0
DA:178,0
DA:186,0
DA:187,0
DA:189,0
DA:191,0
DA:192,0
DA:194,0
DA:195,0
DA:196,0
DA:199,0
DA:200,0
DA:209,0
DA:216,0
DA:218,0
DA:219,0
DA:220,0
DA:222,0
DA:224,0
DA:227,0
DA:228,0
DA:229,0
DA:230,0
DA:233,0
DA:234,0
DA:235,0
DA:236,0
DA:237,0
DA:239,0
DA:241,0
DA:245,0
DA:246,0
DA:247,0
DA:248,0
DA:250,0
DA:252,0
DA:256,0
DA:257,0
DA:258,0
DA:259,0
DA:260,0
DA:268,0
DA:271,0
DA:274,0
DA:276,0
DA:277,0
DA:278,0
DA:282,0
DA:283,0
DA:286,0
DA:287,0
DA:288,0
DA:289,0
DA:290,0
DA:294,0
DA:296,0
DA:297,0
DA:298,0
DA:301,0
DA:302,0
DA:303,0
DA:306,0
DA:307,0
DA:309,0
DA:310,0
DA:311,0
DA:312,0
DA:313,0
DA:315,0
DA:316,0
DA:317,0
DA:321,0
DA:328,0
DA:330,0
DA:331,0
DA:333,0
DA:334,0
DA:337,0
DA:338,0
DA:339,0
DA:340,0
DA:341,0
DA:343,0
DA:344,0
DA:345,0
DA:347,0
DA:350,0
DA:351,0
DA:354,0
DA:356,0
DA:357,0
DA:358,0
DA:360,0
DA:365,0
DA:366,0
LF:146
LH:0
BRDA:44,0,0,0
BRDA:44,0,1,0
BRDA:87,1,0,0
BRDA:87,1,1,0
BRDA:107,2,0,0
BRDA:107,2,1,0
BRDA:138,3,0,0
BRDA:138,3,1,0
BRDA:194,4,0,0
BRDA:194,4,1,0
BRDA:199,5,0,0
BRDA:199,5,1,0
BRDA:228,6,0,0
BRDA:228,6,1,0
BRDA:230,7,0,0
BRDA:230,7,1,0
BRDA:230,7,2,0
BRDA:233,8,0,0
BRDA:233,8,1,0
BRDA:245,9,0,0
BRDA:245,9,1,0
BRDA:257,10,0,0
BRDA:257,10,1,0
BRDA:276,11,0,0
BRDA:276,11,1,0
BRDA:287,12,0,0
BRDA:287,12,1,0
BRDA:296,13,0,0
BRDA:296,13,1,0
BRDA:331,14,0,0
BRDA:331,14,1,0
BRDA:331,14,2,0
BRDA:340,15,0,0
BRDA:340,15,1,0
BRDA:357,16,0,0
BRDA:357,16,1,0
BRDA:365,17,0,0
BRDA:365,17,1,0
BRF:38
BRH:0
end_of_record
TN:
SF:src/db/runMigration.js
FN:19,runMigration
FNF:1
FNH:0
FNDA:0,runMigration
DA:13,0
DA:15,0
DA:16,0
DA:17,0
DA:20,0
DA:25,0
DA:26,0
DA:29,0
DA:30,0
DA:33,0
DA:35,0
DA:38,0
DA:39,0
DA:40,0
DA:44,0
DA:45,0
DA:46,0
DA:48,0
DA:53,0
DA:56,0
DA:57,0
DA:58,0
DA:59,0
DA:62,0
LF:24
LH:0
BRDA:38,0,0,0
BRDA:38,0,1,0
BRDA:38,1,0,0
BRDA:38,1,1,0
BRDA:53,2,0,0
BRDA:53,2,1,0
BRDA:56,3,0,0
BRDA:56,3,1,0
BRF:8
BRH:0
end_of_record
TN:
SF:src/db/__tests__/helpers/jest-setup.js
FN:9,(anonymous_0)
FN:27,(anonymous_1)
FNF:2
FNH:0
FNDA:0,(anonymous_0)
FNDA:0,(anonymous_1)
DA:6,0
DA:9,0
DA:10,0
DA:12,0
DA:14,0
DA:17,0
DA:19,0
DA:21,0
DA:22,0
DA:27,0
DA:28,0
DA:29,0
LF:12
LH:0
BRF:0
BRH:0
end_of_record
TN:
SF:src/db/__tests__/helpers/load-env.js
FNF:0
FNH:0
DA:6,0
DA:7,0
DA:10,0
DA:11,0
DA:13,0
DA:14,0
LF:6
LH:0
BRDA:14,0,0,0
BRDA:14,0,1,0
BRF:2
BRH:0
end_of_record
TN:
SF:src/db/__tests__/helpers/setup.js
FN:23,query
FN:35,sql
FN:40,(anonymous_2)
FN:53,waitForPostgres
FN:63,(anonymous_4)
FN:71,startTestDatabase
FN:103,stopTestDatabase
FN:118,resetTestDatabase
FN:145,runTestMigrations
FN:169,(anonymous_9)
FN:174,(anonymous_10)
FN:204,(anonymous_11)
FN:225,createTestUser
FN:241,createTestQuota
FN:257,deleteTestUser
FN:264,cleanupTestData
FNF:16
FNH:0
FNDA:0,query
FNDA:0,sql
FNDA:0,(anonymous_2)
FNDA:0,waitForPostgres
FNDA:0,(anonymous_4)
FNDA:0,startTestDatabase
FNDA:0,stopTestDatabase
FNDA:0,resetTestDatabase
FNDA:0,runTestMigrations
FNDA:0,(anonymous_9)
FNDA:0,(anonymous_10)
FNDA:0,(anonymous_11)
FNDA:0,createTestUser
FNDA:0,createTestQuota
FNDA:0,deleteTestUser
FNDA:0,cleanupTestData
DA:8,0
DA:9,0
DA:10,0
DA:12,0
DA:15,0
DA:24,0
DA:25,0
DA:26,0
DA:27,0
DA:29,0
DA:37,0
DA:38,0
DA:40,0
DA:41,0
DA:42,0
DA:43,0
DA:44,0
DA:49,0
DA:54,0
DA:55,0
DA:56,0
DA:57,0
DA:58,0
DA:60,0
DA:61,0
DA:63,0
DA:72,0
DA:74,0
DA:76,0
DA:80,0
DA:81,0
DA:82,0
DA:83,0
DA:87,0
DA:88,0
DA:91,0
DA:93,0
DA:95,0
DA:96,0
DA:104,0
DA:106,0
DA:107,0
DA:108,0
DA:110,0
DA:111,0
DA:119,0
DA:121,0
DA:123,0
DA:131,0
DA:132,0
DA:135,0
DA:137,0
DA:138,0
DA:146,0
DA:148,0
DA:149,0
DA:150,0
DA:151,0
DA:154,0
DA:166,0
DA:167,0
DA:168,0
DA:169,0
DA:173,0
DA:174,0
DA:177,0
DA:178,0
DA:180,0
DA:181,0
DA:184,0
DA:185,0
DA:188,0
DA:189,0
DA:192,0
DA:195,0
DA:198,0
DA:199,0
DA:204,0
DA:207,0
DA:212,0
DA:215,0
DA:217,0
DA:218,0
DA:226,0
DA:227,0
DA:228,0
DA:230,0
DA:235,0
DA:242,0
DA:243,0
DA:244,0
DA:246,0
DA:251,0
DA:258,0
DA:266,0
DA:270,0
LF:96
LH:0
BRDA:42,0,0,0
BRDA:42,0,1,0
BRDA:53,1,0,0
BRDA:53,2,0,0
BRDA:60,3,0,0
BRDA:60,3,1,0
BRDA:80,4,0,0
BRDA:80,4,1,0
BRDA:169,5,0,0
BRDA:169,5,1,0
BRDA:180,6,0,0
BRDA:180,6,1,0
BRDA:225,7,0,0
BRDA:226,8,0,0
BRDA:226,8,1,0
BRDA:227,9,0,0
BRDA:227,9,1,0
BRDA:228,10,0,0
BRDA:228,10,1,0
BRDA:241,11,0,0
BRDA:242,12,0,0
BRDA:242,12,1,0
BRDA:243,13,0,0
BRDA:243,13,1,0
BRDA:244,14,0,0
BRDA:244,14,1,0
BRF:26
BRH:0
end_of_record
TN:
SF:src/middleware/auth.js
FN:16,(anonymous_0)
FN:21,(anonymous_1)
FN:52,(anonymous_2)
FN:56,(anonymous_3)
FN:77,(anonymous_4)
FN:85,(anonymous_5)
FN:114,(anonymous_6)
FN:115,(anonymous_7)
FN:182,extractTokenFromHeader
FN:205,generateToken
FN:218,(anonymous_10)
FN:258,sanitizeUser
FNF:12
FNH:12
FNDA:47,(anonymous_0)
FNDA:38,(anonymous_1)
FNDA:5,(anonymous_2)
FNDA:3,(anonymous_3)
FNDA:21,(anonymous_4)
FNDA:20,(anonymous_5)
FNDA:36,(anonymous_6)
FNDA:104,(anonymous_7)
FNDA:52,extractTokenFromHeader
FNDA:23,generateToken
FNDA:15,(anonymous_10)
FNDA:33,sanitizeUser
DA:16,7
DA:18,47
DA:20,47
DA:21,38
DA:22,38
DA:23,6
DA:30,32
DA:31,32
DA:35,9
DA:36,1
DA:40,8
DA:52,7
DA:53,5
DA:55,5
DA:56,3
DA:57,3
DA:58,1
DA:60,3
DA:62,2
DA:64,1
DA:67,1
DA:77,7
DA:78,21
DA:79,21
DA:81,21
DA:82,1
DA:85,20
DA:86,20
DA:87,1
DA:93,19
DA:95,19
DA:96,7
DA:104,12
DA:114,7
DA:115,36
DA:116,104
DA:118,104
DA:119,151
DA:122,151
DA:123,9
DA:124,9
DA:128,142
DA:129,22
DA:133,120
DA:134,49
DA:135,49
DA:136,5
DA:141,120
DA:142,37
DA:143,4
DA:148,120
DA:149,9
DA:153,120
DA:154,1
DA:158,120
DA:159,2
DA:160,2
DA:161,1
DA:166,104
DA:167,23
DA:174,81
DA:183,52
DA:185,52
DA:186,11
DA:190,41
DA:191,39
DA:195,2
DA:206,23
DA:218,7
DA:219,15
DA:220,0
DA:227,15
DA:228,15
DA:230,15
DA:231,0
DA:237,15
DA:238,0
DA:247,15
DA:248,15
DA:259,33
DA:261,31
DA:262,31
LF:82
LH:79
BRDA:20,0,0,38
BRDA:20,0,1,9
BRDA:22,1,0,6
BRDA:22,1,1,32
BRDA:35,2,0,1
BRDA:35,2,1,8
BRDA:35,3,0,9
BRDA:35,3,1,4
BRDA:55,4,0,3
BRDA:55,4,1,2
BRDA:57,5,0,1
BRDA:57,5,1,2
BRDA:57,6,0,3
BRDA:57,6,1,1
BRDA:62,7,0,1
BRDA:62,7,1,1
BRDA:62,8,0,2
BRDA:62,8,1,2
BRDA:81,9,0,1
BRDA:81,9,1,20
BRDA:86,10,0,1
BRDA:86,10,1,19
BRDA:86,11,0,20
BRDA:86,11,1,19
BRDA:95,12,0,7
BRDA:95,12,1,12
BRDA:122,13,0,9
BRDA:122,13,1,142
BRDA:122,14,0,151
BRDA:122,14,1,128
BRDA:122,14,2,120
BRDA:128,15,0,22
BRDA:128,15,1,120
BRDA:128,16,0,142
BRDA:128,16,1,23
BRDA:133,17,0,49
BRDA:133,17,1,71
BRDA:135,18,0,5
BRDA:135,18,1,44
BRDA:141,19,0,37
BRDA:141,19,1,83
BRDA:142,20,0,4
BRDA:142,20,1,33
BRDA:142,21,0,37
BRDA:142,21,1,0
BRDA:143,22,0,4
BRDA:143,22,1,0
BRDA:148,23,0,9
BRDA:148,23,1,111
BRDA:148,24,0,120
BRDA:148,24,1,63
BRDA:153,25,0,1
BRDA:153,25,1,119
BRDA:153,26,0,120
BRDA:153,26,1,1
BRDA:158,27,0,2
BRDA:158,27,1,118
BRDA:160,28,0,1
BRDA:160,28,1,1
BRDA:166,29,0,23
BRDA:166,29,1,81
BRDA:185,30,0,11
BRDA:185,30,1,41
BRDA:190,31,0,39
BRDA:190,31,1,2
BRDA:205,32,0,22
BRDA:219,33,0,0
BRDA:219,33,1,15
BRDA:219,34,0,15
BRDA:219,34,1,15
BRDA:230,35,0,0
BRDA:230,35,1,15
BRDA:237,36,0,0
BRDA:237,36,1,15
BRDA:259,37,0,2
BRDA:259,37,1,31
BRF:76
BRH:71
end_of_record
TN:
SF:src/middleware/requireTermsAcceptance.js
FN:28,requireTermsAcceptance
FN:65,warnTermsAcceptance
FNF:2
FNH:2
FNDA:16,requireTermsAcceptance
FNDA:6,warnTermsAcceptance
DA:30,16
DA:31,2
DA:34,14
DA:37,14
DA:38,13
DA:54,1
DA:66,6
DA:67,1
DA:70,5
DA:72,5
DA:74,4
DA:75,4
DA:81,5
LF:13
LH:13
BRDA:30,0,0,2
BRDA:30,0,1,14
BRDA:37,1,0,13
BRDA:37,1,1,1
BRDA:42,2,0,10
BRDA:42,2,1,3
BRDA:43,3,0,10
BRDA:43,3,1,3
BRDA:66,4,0,1
BRDA:66,4,1,5
BRDA:72,5,0,4
BRDA:72,5,1,1
BRF:12
BRH:12
end_of_record
TN:
SF:src/middleware/tierGate.js
FN:28,(anonymous_0)
FN:29,(anonymous_1)
FN:65,(anonymous_2)
FN:66,(anonymous_3)
FN:131,(anonymous_4)
FN:134,(anonymous_5)
FN:161,(anonymous_6)
FN:162,(anonymous_7)
FN:195,incrementUsage
FN:207,(anonymous_9)
FNF:10
FNH:10
FNDA:3,(anonymous_0)
FNDA:3,(anonymous_1)
FNDA:5,(anonymous_2)
FNDA:5,(anonymous_3)
FNDA:4,(anonymous_4)
FNDA:4,(anonymous_5)
FNDA:3,(anonymous_6)
FNDA:3,(anonymous_7)
FNDA:3,incrementUsage
FNDA:2,(anonymous_9)
DA:28,1
DA:29,3
DA:32,3
DA:35,3
DA:36,1
DA:38,1
DA:50,2
DA:65,1
DA:66,5
DA:67,5
DA:68,5
DA:69,5
DA:72,5
DA:75,5
DA:78,5
DA:84,5
DA:85,1
DA:86,1
DA:88,1
DA:110,4
DA:115,4
DA:131,1
DA:132,4
DA:134,4
DA:135,4
DA:136,4
DA:137,4
DA:139,4
DA:140,2
DA:149,2
DA:161,1
DA:162,3
DA:163,3
DA:164,3
DA:165,3
DA:166,3
DA:167,3
DA:170,3
DA:182,3
DA:196,3
DA:207,1
DA:208,2
DA:210,2
LF:43
LH:43
BRDA:32,0,0,3
BRDA:32,0,1,1
BRDA:35,1,0,1
BRDA:35,1,1,2
BRDA:67,2,0,5
BRDA:67,2,1,1
BRDA:69,3,0,5
BRDA:69,3,1,1
BRDA:75,4,0,5
BRDA:75,4,1,4
BRDA:75,4,2,3
BRDA:80,5,0,5
BRDA:80,5,1,2
BRDA:81,6,0,5
BRDA:81,6,1,2
BRDA:84,7,0,1
BRDA:84,7,1,4
BRDA:135,8,0,4
BRDA:135,8,1,1
BRDA:139,9,0,2
BRDA:139,9,1,2
BRDA:163,10,0,3
BRDA:163,10,1,1
BRDA:165,11,0,3
BRDA:165,11,1,1
BRDA:173,12,0,1
BRDA:173,12,1,2
BRDA:177,13,0,1
BRDA:177,13,1,2
BRDA:195,14,0,2
BRDA:207,15,0,1
BRF:31
BRH:31
end_of_record
TN:
SF:src/models/Subscription.js
FN:35,(anonymous_0)
FN:89,(anonymous_1)
FN:104,(anonymous_2)
FN:119,(anonymous_3)
FN:137,(anonymous_4)
FN:154,(anonymous_5)
FN:232,(anonymous_6)
FN:252,(anonymous_7)
FN:271,(anonymous_8)
FN:295,(anonymous_9)
FNF:10
FNH:6
FNDA:20,(anonymous_0)
FNDA:9,(anonymous_1)
FNDA:0,(anonymous_2)
FNDA:4,(anonymous_3)
FNDA:0,(anonymous_4)
FNDA:8,(anonymous_5)
FNDA:2,(anonymous_6)
FNDA:0,(anonymous_7)
FNDA:1,(anonymous_8)
FNDA:0,(anonymous_9)
DA:49,20
DA:80,18
DA:90,9
DA:95,9
DA:105,0
DA:110,0
DA:120,4
DA:128,4
DA:138,0
DA:144,0
DA:156,8
DA:157,8
DA:159,8
DA:160,7
DA:161,7
DA:163,8
DA:164,2
DA:165,2
DA:167,8
DA:168,2
DA:169,2
DA:171,8
DA:172,1
DA:173,1
DA:175,8
DA:176,2
DA:177,2
DA:179,8
DA:180,3
DA:181,3
DA:183,8
DA:184,3
DA:185,3
DA:187,8
DA:188,2
DA:189,2
DA:191,8
DA:192,1
DA:193,1
DA:195,8
DA:196,1
DA:197,1
DA:199,8
DA:200,1
DA:201,1
DA:204,8
DA:205,0
DA:209,8
DA:212,8
DA:219,8
DA:221,8
DA:222,8
DA:233,2
DA:239,2
DA:240,1
DA:243,2
DA:253,0
DA:263,0
DA:272,1
DA:286,1
DA:296,0
DA:301,0
LF:62
LH:53
BRDA:43,0,0,19
BRDA:44,1,0,16
BRDA:45,2,0,16
BRDA:46,3,0,16
BRDA:47,4,0,18
BRDA:95,5,0,9
BRDA:95,5,1,3
BRDA:110,6,0,0
BRDA:110,6,1,0
BRDA:128,7,0,4
BRDA:128,7,1,1
BRDA:159,8,0,7
BRDA:159,8,1,1
BRDA:163,9,0,2
BRDA:163,9,1,6
BRDA:167,10,0,2
BRDA:167,10,1,6
BRDA:167,11,0,8
BRDA:167,11,1,6
BRDA:169,12,0,2
BRDA:169,12,1,0
BRDA:171,13,0,1
BRDA:171,13,1,7
BRDA:171,14,0,8
BRDA:171,14,1,7
BRDA:173,15,0,1
BRDA:173,15,1,0
BRDA:175,16,0,2
BRDA:175,16,1,6
BRDA:175,17,0,8
BRDA:175,17,1,6
BRDA:177,18,0,2
BRDA:177,18,1,0
BRDA:179,19,0,3
BRDA:179,19,1,5
BRDA:179,20,0,8
BRDA:179,20,1,7
BRDA:181,21,0,3
BRDA:181,21,1,2
BRDA:183,22,0,3
BRDA:183,22,1,5
BRDA:183,23,0,8
BRDA:183,23,1,7
BRDA:185,24,0,3
BRDA:185,24,1,3
BRDA:187,25,0,2
BRDA:187,25,1,6
BRDA:187,26,0,8
BRDA:187,26,1,8
BRDA:189,27,0,2
BRDA:189,27,1,2
BRDA:191,28,0,1
BRDA:191,28,1,7
BRDA:191,29,0,8
BRDA:191,29,1,7
BRDA:193,30,0,1
BRDA:193,30,1,1
BRDA:195,31,0,1
BRDA:195,31,1,7
BRDA:195,32,0,8
BRDA:195,32,1,7
BRDA:197,33,0,1
BRDA:197,33,1,1
BRDA:199,34,0,1
BRDA:199,34,1,7
BRDA:204,35,0,0
BRDA:204,35,1,8
BRDA:222,36,0,8
BRDA:222,36,1,1
BRDA:232,37,0,0
BRDA:234,38,0,1
BRDA:234,38,1,1
BRDA:239,39,0,1
BRDA:239,39,1,1
BRDA:252,40,0,0
BRF:75
BRH:67
end_of_record
TN:
SF:src/models/Usage.js
FN:61,(anonymous_0)
FN:144,(anonymous_1)
FN:234,(anonymous_2)
FN:311,(anonymous_3)
FN:403,(anonymous_4)
FN:420,(anonymous_5)
FN:439,(anonymous_6)
FN:455,(anonymous_7)
FN:489,(anonymous_8)
FNF:9
FNH:9
FNDA:8,(anonymous_0)
FNDA:6,(anonymous_1)
FNDA:5,(anonymous_2)
FNDA:3,(anonymous_3)
FNDA:2,(anonymous_4)
FNDA:2,(anonymous_5)
FNDA:2,(anonymous_6)
FNDA:2,(anonymous_7)
FNDA:13,(anonymous_8)
DA:62,8
DA:63,8
DA:64,8
DA:67,8
DA:70,8
DA:72,2
DA:73,2
DA:86,6
DA:99,7
DA:101,1
DA:109,6
DA:110,6
DA:111,6
DA:114,6
DA:116,2
DA:117,2
DA:125,4
DA:145,6
DA:146,6
DA:147,6
DA:150,6
DA:153,6
DA:155,2
DA:156,2
DA:185,4
DA:214,6
DA:216,6
DA:235,5
DA:236,5
DA:237,5
DA:240,5
DA:243,5
DA:245,1
DA:246,1
DA:263,4
DA:280,5
DA:282,1
DA:290,4
DA:292,4
DA:312,3
DA:313,3
DA:314,3
DA:317,3
DA:320,3
DA:322,1
DA:323,1
DA:353,2
DA:383,3
DA:385,3
DA:404,2
DA:420,2
DA:440,2
DA:445,2
DA:456,2
DA:467,2
DA:469,2
DA:490,13
DA:491,13
DA:492,13
DA:495,13
DA:506,13
DA:508,10
DA:514,3
DA:517,3
DA:546,3
DA:552,3
DA:554,3
LF:67
LH:67
BRDA:67,0,0,8
BRDA:67,0,1,2
BRDA:70,1,0,2
BRDA:70,1,1,6
BRDA:99,2,0,1
BRDA:99,2,1,6
BRDA:114,3,0,2
BRDA:114,3,1,4
BRDA:144,4,0,5
BRDA:150,5,0,6
BRDA:150,5,1,2
BRDA:153,6,0,2
BRDA:153,6,1,4
BRDA:240,7,0,5
BRDA:240,7,1,1
BRDA:243,8,0,1
BRDA:243,8,1,4
BRDA:280,9,0,1
BRDA:280,9,1,4
BRDA:317,10,0,3
BRDA:317,10,1,1
BRDA:320,11,0,1
BRDA:320,11,1,2
BRDA:470,12,0,2
BRDA:470,12,1,1
BRDA:471,13,0,2
BRDA:471,13,1,1
BRDA:472,14,0,2
BRDA:472,14,1,1
BRDA:473,15,0,2
BRDA:473,15,1,1
BRDA:474,16,0,2
BRDA:474,16,1,1
BRDA:506,17,0,10
BRDA:506,17,1,3
BRF:35
BRH:35
end_of_record
TN:
SF:src/models/User.js
FN:32,(anonymous_0)
FN:66,(anonymous_1)
FN:87,(anonymous_2)
FN:138,(anonymous_3)
FN:154,(anonymous_4)
FN:171,(anonymous_5)
FN:182,(anonymous_6)
FN:198,(anonymous_7)
FN:214,(anonymous_8)
FN:232,(anonymous_9)
FN:249,(anonymous_10)
FN:268,(anonymous_11)
FN:288,(anonymous_12)
FN:321,(anonymous_13)
FN:340,(anonymous_14)
FN:359,(anonymous_15)
FN:377,(anonymous_16)
FN:397,(anonymous_17)
FN:413,(anonymous_18)
FN:433,(anonymous_19)
FN:452,(anonymous_20)
FN:472,(anonymous_21)
FN:495,(anonymous_22)
FNF:23
FNH:16
FNDA:0,(anonymous_0)
FNDA:60,(anonymous_1)
FNDA:5,(anonymous_2)
FNDA:48,(anonymous_3)
FNDA:6,(anonymous_4)
FNDA:7,(anonymous_5)
FNDA:0,(anonymous_6)
FNDA:4,(anonymous_7)
FNDA:3,(anonymous_8)
FNDA:4,(anonymous_9)
FNDA:4,(anonymous_10)
FNDA:4,(anonymous_11)
FNDA:16,(anonymous_12)
FNDA:10,(anonymous_13)
FNDA:0,(anonymous_14)
FNDA:4,(anonymous_15)
FNDA:10,(anonymous_16)
FNDA:7,(anonymous_17)
FNDA:6,(anonymous_18)
FNDA:0,(anonymous_19)
FNDA:0,(anonymous_20)
FNDA:0,(anonymous_21)
FNDA:0,(anonymous_22)
DA:10,10
DA:33,0
DA:51,0
DA:52,0
DA:53,0
DA:54,0
DA:67,60
DA:69,60
DA:75,59
DA:89,5
DA:96,5
DA:97,2
DA:101,3
DA:108,3
DA:111,1
DA:118,1
DA:123,2
DA:130,2
DA:139,48
DA:146,48
DA:155,6
DA:162,5
DA:172,7
DA:173,5
DA:183,0
DA:190,0
DA:199,4
DA:204,3
DA:215,3
DA:224,3
DA:233,4
DA:240,4
DA:250,4
DA:252,4
DA:260,3
DA:269,4
DA:278,3
DA:291,16
DA:293,7
DA:301,7
DA:304,9
DA:311,9
DA:322,10
DA:331,10
DA:341,0
DA:349,0
DA:360,4
DA:369,4
DA:378,10
DA:379,10
DA:381,10
DA:389,9
DA:398,7
DA:405,6
DA:414,6
DA:424,5
DA:434,0
DA:443,0
DA:453,0
DA:462,0
DA:473,0
DA:485,0
DA:496,0
DA:507,0
LF:64
LH:47
BRDA:66,0,0,59
BRDA:71,1,0,60
BRDA:71,1,1,56
BRDA:71,2,0,60
BRDA:71,2,1,56
BRDA:96,3,0,2
BRDA:96,3,1,3
BRDA:108,4,0,1
BRDA:108,4,1,2
BRDA:146,5,0,48
BRDA:146,5,1,2
BRDA:162,6,0,5
BRDA:162,6,1,2
BRDA:172,7,0,2
BRDA:172,7,1,5
BRDA:240,8,0,4
BRDA:240,8,1,2
BRDA:288,9,0,9
BRDA:291,10,0,7
BRDA:291,10,1,9
BRDA:405,11,0,6
BRDA:405,11,1,4
BRF:22
BRH:22
end_of_record
TN:
SF:src/routes/api.js
FN:14,formatBytes
FN:23,(anonymous_1)
FN:69,(anonymous_2)
FN:100,(anonymous_3)
FN:140,(anonymous_4)
FN:163,(anonymous_5)
FN:164,(anonymous_6)
FN:251,(anonymous_7)
FN:300,(anonymous_8)
FN:355,(anonymous_9)
FN:357,(anonymous_10)
FN:420,(anonymous_11)
FNF:12
FNH:4
FNDA:0,formatBytes
FNDA:0,(anonymous_1)
FNDA:0,(anonymous_2)
FNDA:0,(anonymous_3)
FNDA:0,(anonymous_4)
FNDA:0,(anonymous_5)
FNDA:0,(anonymous_6)
FNDA:3,(anonymous_7)
FNDA:2,(anonymous_8)
FNDA:4,(anonymous_9)
FNDA:20,(anonymous_10)
FNDA:0,(anonymous_11)
DA:11,1
DA:15,0
DA:16,0
DA:17,0
DA:18,0
DA:19,0
DA:23,1
DA:24,0
DA:25,0
DA:27,0
DA:28,0
DA:34,0
DA:35,0
DA:41,0
DA:49,0
DA:50,0
DA:51,0
DA:52,0
DA:55,0
DA:58,0
DA:60,0
DA:61,0
DA:69,1
DA:70,0
DA:71,0
DA:73,0
DA:74,0
DA:80,0
DA:81,0
DA:88,0
DA:89,0
DA:90,0
DA:91,0
DA:93,0
DA:95,0
DA:101,0
DA:109,0
DA:110,0
DA:111,0
DA:112,0
DA:115,0
DA:118,0
DA:124,0
DA:126,0
DA:127,0
DA:131,0
DA:135,1
DA:141,0
DA:153,0
DA:155,0
DA:156,0
DA:158,0
DA:163,1
DA:164,0
DA:165,0
DA:167,0
DA:168,0
DA:169,0
DA:170,0
DA:176,0
DA:183,0
DA:190,0
DA:191,0
DA:199,0
DA:200,0
DA:208,0
DA:211,0
DA:212,0
DA:220,0
DA:221,0
DA:228,0
DA:240,0
DA:251,1
DA:252,3
DA:254,3
DA:255,3
DA:258,3
DA:261,3
DA:262,3
DA:263,3
DA:266,3
DA:267,3
DA:268,3
DA:269,3
DA:271,3
DA:273,3
DA:291,0
DA:292,0
DA:300,1
DA:301,2
DA:302,2
DA:303,2
DA:306,2
DA:331,2
DA:338,2
DA:346,0
DA:347,0
DA:355,1
DA:356,4
DA:357,4
DA:358,20
DA:359,20
DA:361,20
DA:410,4
DA:412,0
DA:413,0
DA:420,1
DA:421,0
LF:108
LH:34
BRDA:15,0,0,0
BRDA:15,0,1,0
BRDA:27,1,0,0
BRDA:27,1,1,0
BRDA:27,2,0,0
BRDA:27,2,1,0
BRDA:34,3,0,0
BRDA:34,3,1,0
BRDA:42,4,0,0
BRDA:42,4,1,0
BRDA:43,5,0,0
BRDA:43,5,1,0
BRDA:49,6,0,0
BRDA:49,6,1,0
BRDA:49,7,0,0
BRDA:49,7,1,0
BRDA:49,7,2,0
BRDA:52,8,0,0
BRDA:52,8,1,0
BRDA:73,9,0,0
BRDA:73,9,1,0
BRDA:73,10,0,0
BRDA:73,10,1,0
BRDA:80,11,0,0
BRDA:80,11,1,0
BRDA:96,12,0,0
BRDA:96,12,1,0
BRDA:97,13,0,0
BRDA:97,13,1,0
BRDA:109,14,0,0
BRDA:109,14,1,0
BRDA:109,15,0,0
BRDA:109,15,1,0
BRDA:109,15,2,0
BRDA:112,16,0,0
BRDA:112,16,1,0
BRDA:155,17,0,0
BRDA:155,17,1,0
BRDA:167,18,0,0
BRDA:167,18,1,0
BRDA:168,19,0,0
BRDA:168,19,1,0
BRDA:169,20,0,0
BRDA:169,20,1,0
BRDA:190,21,0,0
BRDA:190,21,1,0
BRDA:199,22,0,0
BRDA:199,22,1,0
BRDA:211,23,0,0
BRDA:211,23,1,0
BRDA:220,24,0,0
BRDA:220,24,1,0
BRDA:254,25,0,3
BRDA:254,25,1,1
BRDA:254,26,0,1
BRDA:254,26,1,0
BRDA:254,26,2,0
BRDA:255,27,0,3
BRDA:255,27,1,1
BRDA:278,28,0,1
BRDA:278,28,1,2
BRDA:283,29,0,1
BRDA:283,29,1,2
BRDA:302,30,0,2
BRDA:302,30,1,0
BRDA:322,31,0,2
BRDA:322,31,1,2
BRDA:323,32,0,2
BRDA:323,32,1,2
BRDA:335,33,0,2
BRDA:335,33,1,2
BRDA:373,34,0,20
BRDA:373,34,1,12
BRDA:394,35,0,20
BRDA:394,35,1,12
BRDA:395,36,0,20
BRDA:395,36,1,12
BRDA:396,37,0,20
BRDA:396,37,1,12
BRDA:397,38,0,20
BRDA:397,38,1,12
BRDA:400,39,0,20
BRDA:400,39,1,16
BRDA:401,40,0,20
BRDA:401,40,1,16
BRDA:402,41,0,20
BRDA:402,41,1,16
BRDA:403,42,0,20
BRDA:403,42,1,16
BRDA:426,43,0,0
BRDA:426,43,1,0
BRF:91
BRH:34
end_of_record
TN:
SF:src/routes/auth.js
FN:44,checkEmailRateLimit
FN:60,updateEmailRateLimit
FN:73,(anonymous_2)
FN:118,(anonymous_3)
FN:150,(anonymous_4)
FN:152,(anonymous_5)
FN:184,(anonymous_6)
FN:204,(anonymous_7)
FN:211,(anonymous_8)
FN:221,(anonymous_9)
FN:240,(anonymous_10)
FN:268,(anonymous_11)
FN:406,(anonymous_12)
FN:457,checkPasswordResetRateLimit
FN:484,resetPasswordResetRateLimit
FN:500,resetEmailCooldown
FN:513,(anonymous_16)
FN:606,(anonymous_17)
FN:662,(anonymous_18)
FN:702,(anonymous_19)
FNF:20
FNH:18
FNDA:32,checkEmailRateLimit
FNDA:19,updateEmailRateLimit
FNDA:9,(anonymous_2)
FNDA:7,(anonymous_3)
FNDA:4,(anonymous_4)
FNDA:4,(anonymous_5)
FNDA:2,(anonymous_6)
FNDA:1,(anonymous_7)
FNDA:1,(anonymous_8)
FNDA:1,(anonymous_9)
FNDA:4,(anonymous_10)
FNDA:0,(anonymous_11)
FNDA:0,(anonymous_12)
FNDA:26,checkPasswordResetRateLimit
FNDA:69,resetPasswordResetRateLimit
FNDA:3,resetEmailCooldown
FNDA:26,(anonymous_16)
FNDA:18,(anonymous_17)
FNDA:21,(anonymous_18)
FNDA:9,(anonymous_19)
DA:22,5
DA:29,5
DA:32,5
DA:33,5
DA:34,5
DA:35,5
DA:36,5
DA:45,32
DA:46,32
DA:48,32
DA:49,0
DA:50,0
DA:53,32
DA:61,19
DA:67,5
DA:74,9
DA:75,9
DA:78,9
DA:79,8
DA:80,1
DA:87,7
DA:90,7
DA:91,7
DA:92,7
DA:93,7
DA:94,7
DA:97,0
DA:102,7
DA:103,7
DA:104,7
DA:108,7
DA:111,0
DA:115,7
DA:118,7
DA:119,7
DA:120,0
DA:124,7
DA:132,1
DA:133,1
DA:144,5
DA:152,4
DA:153,4
DA:154,0
DA:155,0
DA:161,4
DA:162,2
DA:169,2
DA:170,2
DA:171,2
DA:172,2
DA:173,2
DA:176,0
DA:181,2
DA:184,2
DA:185,2
DA:186,0
DA:190,2
DA:204,5
DA:210,1
DA:211,1
DA:212,1
DA:213,0
DA:220,1
DA:221,1
DA:222,1
DA:224,1
DA:225,0
DA:231,1
DA:240,5
DA:241,4
DA:243,4
DA:245,4
DA:246,1
DA:252,3
DA:257,0
DA:258,0
DA:268,5
DA:269,0
DA:270,0
DA:271,0
DA:274,0
DA:275,0
DA:282,0
DA:283,0
DA:290,0
DA:291,0
DA:292,0
DA:293,0
DA:300,0
DA:301,0
DA:302,0
DA:310,0
DA:311,0
DA:312,0
DA:313,0
DA:318,0
DA:319,0
DA:327,0
DA:328,0
DA:329,0
DA:330,0
DA:335,0
DA:336,0
DA:344,0
DA:347,0
DA:348,0
DA:349,0
DA:353,0
DA:354,0
DA:358,0
DA:359,0
DA:360,0
DA:361,0
DA:362,0
DA:363,0
DA:366,0
DA:367,0
DA:370,0
DA:374,0
DA:380,0
DA:381,0
DA:391,5
DA:401,5
DA:407,0
DA:409,0
DA:411,0
DA:412,0
DA:416,0
DA:417,0
DA:418,0
DA:419,0
DA:420,0
DA:423,0
DA:428,0
DA:432,0
DA:433,0
DA:435,0
DA:436,0
DA:446,5
DA:449,5
DA:450,5
DA:458,26
DA:459,26
DA:462,26
DA:463,23
DA:467,23
DA:471,3
DA:472,2
DA:473,2
DA:477,1
DA:485,69
DA:486,1
DA:488,1
DA:489,1
DA:491,68
DA:492,68
DA:501,3
DA:502,3
DA:508,5
DA:514,26
DA:515,26
DA:518,26
DA:519,26
DA:521,26
DA:522,0
DA:529,26
DA:530,1
DA:537,25
DA:541,23
DA:544,23
DA:545,5
DA:553,18
DA:554,3
DA:558,18
DA:561,18
DA:564,18
DA:567,18
DA:568,18
DA:574,16
DA:576,16
DA:578,2
DA:582,18
DA:587,2
DA:589,2
DA:600,5
DA:607,18
DA:608,18
DA:611,18
DA:613,16
DA:614,5
DA:623,11
DA:624,2
DA:626,9
DA:630,11
DA:633,10
DA:636,10
DA:638,10
DA:640,10
DA:647,3
DA:648,3
DA:659,5
DA:663,21
DA:664,21
DA:667,21
DA:669,19
DA:670,12
DA:677,7
DA:679,6
DA:681,6
DA:687,3
DA:688,3
DA:699,5
DA:703,9
DA:704,9
DA:705,9
DA:707,9
DA:708,1
DA:714,8
DA:715,2
DA:722,6
DA:723,6
DA:725,6
DA:727,0
DA:728,0
DA:729,0
DA:733,0
DA:740,6
DA:743,5
DA:749,3
DA:751,3
DA:753,3
DA:758,3
DA:761,3
DA:762,0
DA:769,3
LF:235
LH:157
BRDA:48,0,0,0
BRDA:48,0,1,32
BRDA:48,1,0,32
BRDA:48,1,1,0
BRDA:79,2,0,1
BRDA:79,2,1,7
BRDA:90,3,0,7
BRDA:90,3,1,0
BRDA:90,3,2,0
BRDA:91,4,0,7
BRDA:91,4,1,0
BRDA:91,5,0,7
BRDA:91,5,1,7
BRDA:119,6,0,0
BRDA:119,6,1,7
BRDA:153,7,0,0
BRDA:153,7,1,4
BRDA:161,8,0,2
BRDA:161,8,1,2
BRDA:164,9,0,2
BRDA:164,9,1,0
BRDA:169,10,0,2
BRDA:169,10,1,0
BRDA:169,10,2,0
BRDA:170,11,0,2
BRDA:170,11,1,0
BRDA:170,12,0,2
BRDA:170,12,1,2
BRDA:185,13,0,0
BRDA:185,13,1,2
BRDA:210,14,0,1
BRDA:210,14,1,0
BRDA:212,15,0,0
BRDA:212,15,1,1
BRDA:220,16,0,1
BRDA:220,16,1,0
BRDA:220,17,0,1
BRDA:220,17,1,1
BRDA:220,17,2,1
BRDA:222,18,0,1
BRDA:222,18,1,0
BRDA:224,19,0,0
BRDA:224,19,1,1
BRDA:245,20,0,1
BRDA:245,20,1,3
BRDA:274,21,0,0
BRDA:274,21,1,0
BRDA:274,22,0,0
BRDA:274,22,1,0
BRDA:274,22,2,0
BRDA:282,23,0,0
BRDA:282,23,1,0
BRDA:282,24,0,0
BRDA:282,24,1,0
BRDA:282,24,2,0
BRDA:282,24,3,0
BRDA:290,25,0,0
BRDA:290,25,1,0
BRDA:292,26,0,0
BRDA:292,26,1,0
BRDA:301,27,0,0
BRDA:301,27,1,0
BRDA:301,28,0,0
BRDA:301,28,1,0
BRDA:310,29,0,0
BRDA:310,29,1,0
BRDA:312,30,0,0
BRDA:312,30,1,0
BRDA:318,31,0,0
BRDA:318,31,1,0
BRDA:327,32,0,0
BRDA:327,32,1,0
BRDA:329,33,0,0
BRDA:329,33,1,0
BRDA:335,34,0,0
BRDA:335,34,1,0
BRDA:348,35,0,0
BRDA:348,35,1,0
BRDA:353,36,0,0
BRDA:353,36,1,0
BRDA:353,37,0,0
BRDA:353,37,1,0
BRDA:358,38,0,0
BRDA:358,38,1,0
BRDA:361,39,0,0
BRDA:361,39,1,0
BRDA:362,40,0,0
BRDA:362,40,1,0
BRDA:362,41,0,0
BRDA:362,41,1,0
BRDA:411,42,0,0
BRDA:411,42,1,0
BRDA:416,43,0,0
BRDA:416,43,1,0
BRDA:416,43,2,0
BRDA:417,44,0,0
BRDA:417,44,1,0
BRDA:417,45,0,0
BRDA:417,45,1,0
BRDA:432,46,0,0
BRDA:432,46,1,0
BRDA:462,47,0,23
BRDA:462,47,1,3
BRDA:462,48,0,26
BRDA:462,48,1,3
BRDA:471,49,0,2
BRDA:471,49,1,1
BRDA:485,50,0,1
BRDA:485,50,1,68
BRDA:521,51,0,0
BRDA:521,51,1,26
BRDA:529,52,0,1
BRDA:529,52,1,25
BRDA:544,53,0,5
BRDA:544,53,1,18
BRDA:553,54,0,3
BRDA:553,54,1,15
BRDA:613,55,0,5
BRDA:613,55,1,11
BRDA:623,56,0,2
BRDA:623,56,1,9
BRDA:669,57,0,12
BRDA:669,57,1,7
BRDA:707,58,0,1
BRDA:707,58,1,8
BRDA:714,59,0,2
BRDA:714,59,1,6
BRDA:725,60,0,0
BRDA:725,60,1,6
BRDA:729,61,0,0
BRDA:729,61,1,0
BRDA:730,62,0,0
BRDA:730,62,1,0
BRDA:730,63,0,0
BRDA:730,63,1,0
BRDA:731,64,0,0
BRDA:731,64,1,0
BRDA:761,65,0,0
BRDA:761,65,1,3
BRDA:764,66,0,0
BRDA:764,66,1,0
BRF:141
BRH:55
end_of_record
TN:
SF:src/routes/contact.js
FN:27,(anonymous_0)
FN:104,(anonymous_1)
FNF:2
FNH:2
FNDA:26,(anonymous_0)
FNDA:20,(anonymous_1)
DA:11,1
DA:18,1
DA:28,26
DA:29,26
DA:30,26
DA:33,26
DA:34,2
DA:41,24
DA:42,24
DA:44,8
DA:45,16
DA:47,2
DA:50,14
DA:54,24
DA:63,20
DA:65,20
DA:70,4
DA:73,4
DA:74,1
DA:80,3
DA:94,1
DA:105,20
DA:106,20
DA:107,20
DA:110,20
DA:111,20
DA:112,1
DA:119,19
DA:120,4
DA:121,3
DA:129,16
DA:130,16
DA:131,16
DA:132,16
DA:134,16
DA:136,15
DA:137,14
DA:138,1
DA:139,1
DA:141,0
DA:143,15
DA:144,15
DA:145,15
DA:148,1
DA:149,1
DA:153,16
DA:162,12
DA:164,12
DA:169,4
DA:172,4
DA:173,1
DA:179,3
LF:52
LH:51
BRDA:33,0,0,2
BRDA:33,0,1,24
BRDA:42,1,0,8
BRDA:42,1,1,16
BRDA:42,2,0,24
BRDA:42,2,1,9
BRDA:45,3,0,2
BRDA:45,3,1,14
BRDA:45,4,0,16
BRDA:45,4,1,3
BRDA:50,5,0,14
BRDA:50,5,1,13
BRDA:50,5,2,12
BRDA:58,6,0,24
BRDA:58,6,1,1
BRDA:60,7,0,24
BRDA:60,7,1,4
BRDA:73,8,0,1
BRDA:73,8,1,3
BRDA:111,9,0,1
BRDA:111,9,1,19
BRDA:119,10,0,4
BRDA:119,10,1,15
BRDA:120,11,0,3
BRDA:120,11,1,1
BRDA:120,12,0,4
BRDA:120,12,1,3
BRDA:120,12,2,2
BRDA:134,13,0,15
BRDA:134,13,1,1
BRDA:136,14,0,14
BRDA:136,14,1,1
BRDA:136,15,0,15
BRDA:136,15,1,14
BRDA:138,16,0,1
BRDA:138,16,1,0
BRDA:138,17,0,1
BRDA:138,17,1,1
BRDA:141,18,0,0
BRDA:141,18,1,0
BRDA:141,18,2,0
BRDA:145,19,0,15
BRDA:145,19,1,1
BRDA:172,20,0,1
BRDA:172,20,1,3
BRF:45
BRH:41
end_of_record
TN:
SF:src/routes/legal.js
FN:22,(anonymous_0)
FN:42,(anonymous_1)
FN:95,(anonymous_2)
FNF:3
FNH:3
FNDA:4,(anonymous_0)
FNDA:10,(anonymous_1)
FNDA:12,(anonymous_2)
DA:15,1
DA:22,1
DA:23,4
DA:42,1
DA:43,10
DA:45,10
DA:47,9
DA:48,1
DA:54,8
DA:56,8
DA:74,1
DA:75,1
DA:95,1
DA:96,12
DA:97,12
DA:100,12
DA:101,7
DA:111,5
DA:117,4
DA:132,1
DA:133,1
LF:21
LH:21
BRDA:47,0,0,1
BRDA:47,0,1,8
BRDA:62,1,0,8
BRDA:62,1,1,3
BRDA:63,2,0,8
BRDA:63,2,1,5
BRDA:68,3,0,8
BRDA:68,3,1,3
BRDA:69,4,0,8
BRDA:69,4,1,5
BRDA:78,5,0,0
BRDA:78,5,1,1
BRDA:100,6,0,7
BRDA:100,6,1,5
BRDA:100,7,0,12
BRDA:100,7,1,7
BRDA:135,8,0,0
BRDA:135,8,1,1
BRF:18
BRH:16
end_of_record
TN:
SF:src/routes/migrate.js
FN:9,requireMigrationSecret
FN:46,(anonymous_1)
FN:60,(anonymous_2)
FN:61,(anonymous_3)
FN:63,(anonymous_4)
FN:64,(anonymous_5)
FN:104,(anonymous_6)
FN:117,(anonymous_7)
FN:118,(anonymous_8)
FN:120,(anonymous_9)
FN:121,(anonymous_10)
FN:150,(anonymous_11)
FN:151,(anonymous_12)
FN:169,(anonymous_13)
FN:177,(anonymous_14)
FNF:15
FNH:15
FNDA:18,requireMigrationSecret
FNDA:11,(anonymous_1)
FNDA:15,(anonymous_2)
FNDA:21,(anonymous_3)
FNDA:21,(anonymous_4)
FNDA:36,(anonymous_5)
FNDA:13,(anonymous_6)
FNDA:8,(anonymous_7)
FNDA:12,(anonymous_8)
FNDA:12,(anonymous_9)
FNDA:20,(anonymous_10)
FNDA:13,(anonymous_11)
FNDA:21,(anonymous_12)
FNDA:13,(anonymous_13)
FNDA:5,(anonymous_14)
DA:3,1
DA:10,18
DA:11,18
DA:13,18
DA:14,1
DA:21,17
DA:22,3
DA:29,14
DA:31,14
DA:32,1
DA:39,13
DA:46,1
DA:47,11
DA:48,11
DA:49,11
DA:52,11
DA:53,8
DA:56,8
DA:57,8
DA:60,15
DA:61,21
DA:63,8
DA:64,36
DA:65,21
DA:74,8
DA:89,3
DA:90,3
DA:104,1
DA:105,13
DA:106,13
DA:107,13
DA:108,13
DA:111,13
DA:112,4
DA:113,4
DA:114,4
DA:115,4
DA:117,8
DA:118,12
DA:120,4
DA:121,20
DA:122,12
DA:132,4
DA:145,9
DA:148,9
DA:149,9
DA:150,13
DA:151,21
DA:153,7
DA:154,1
DA:164,6
DA:167,5
DA:168,5
DA:169,13
DA:172,5
DA:177,5
DA:184,3
DA:185,3
LF:58
LH:58
BRDA:13,0,0,1
BRDA:13,0,1,17
BRDA:21,1,0,3
BRDA:21,1,1,14
BRDA:21,2,0,17
BRDA:21,2,1,16
BRDA:31,3,0,1
BRDA:31,3,1,13
BRDA:68,4,0,15
BRDA:68,4,1,6
BRDA:69,5,0,21
BRDA:69,5,1,6
BRDA:76,6,0,8
BRDA:76,6,1,0
BRDA:81,7,0,7
BRDA:81,7,1,1
BRDA:93,8,0,1
BRDA:93,8,1,2
BRDA:108,9,0,13
BRDA:108,9,1,0
BRDA:111,10,0,4
BRDA:111,10,1,9
BRDA:125,11,0,8
BRDA:125,11,1,4
BRDA:126,12,0,12
BRDA:126,12,1,4
BRDA:127,13,0,12
BRDA:127,13,1,4
BRDA:135,14,0,4
BRDA:135,14,1,0
BRDA:153,15,0,1
BRDA:153,15,1,6
BRDA:188,16,0,1
BRDA:188,16,1,2
BRF:34
BRH:31
end_of_record
TN:
SF:src/routes/payments.js
FN:27,(anonymous_0)
FN:202,(anonymous_1)
FNF:2
FNH:2
FNDA:12,(anonymous_0)
FNDA:3,(anonymous_1)
DA:15,1
DA:27,1
DA:28,12
DA:29,12
DA:30,12
DA:33,12
DA:34,12
DA:35,1
DA:42,11
DA:43,1
DA:50,10
DA:51,10
DA:52,0
DA:59,10
DA:60,10
DA:62,10
DA:64,8
DA:73,8
DA:74,3
DA:77,8
DA:79,7
DA:82,7
DA:86,9
DA:92,9
DA:94,0
DA:95,0
DA:98,0
DA:99,0
DA:106,0
DA:107,0
DA:108,0
DA:113,0
DA:128,0
DA:129,0
DA:132,0
DA:134,0
DA:135,0
DA:137,0
DA:141,0
DA:150,9
DA:183,9
DA:188,1
DA:189,1
DA:202,1
DA:203,3
DA:204,3
DA:207,3
DA:208,3
DA:210,3
DA:211,1
DA:218,2
DA:223,1
DA:227,1
DA:228,1
LF:54
LH:38
BRDA:34,0,0,1
BRDA:34,0,1,11
BRDA:42,1,0,1
BRDA:42,1,1,10
BRDA:51,2,0,0
BRDA:51,2,1,10
BRDA:62,3,0,8
BRDA:62,3,1,2
BRDA:68,4,0,8
BRDA:68,4,1,8
BRDA:73,5,0,3
BRDA:73,5,1,5
BRDA:73,6,0,8
BRDA:73,6,1,4
BRDA:92,7,0,0
BRDA:92,7,1,9
BRDA:98,8,0,0
BRDA:98,8,1,0
BRDA:120,9,0,0
BRDA:120,9,1,0
BRDA:128,10,0,0
BRDA:128,10,1,0
BRDA:134,11,0,0
BRDA:134,11,1,0
BRDA:142,12,0,0
BRDA:142,12,1,0
BRDA:143,13,0,0
BRDA:143,13,1,0
BRDA:210,14,0,1
BRDA:210,14,1,2
BRF:30
BRH:16
end_of_record
TN:
SF:src/routes/webhooks.js
FN:32,(anonymous_0)
FN:108,handleCheckoutCompleted
FN:130,handleSubscriptionCreated
FN:164,handleSubscriptionUpdated
FN:180,handleSubscriptionDeleted
FN:205,handleCustomerCreated
FN:280,handleCustomerDeleted
FN:316,handleCustomerUpdated
FN:368,handlePaymentSucceeded
FN:389,handlePaymentFailed
FN:410,createOrUpdateSubscription
FNF:11
FNH:8
FNDA:14,(anonymous_0)
FNDA:2,handleCheckoutCompleted
FNDA:0,handleSubscriptionCreated
FNDA:1,handleSubscriptionUpdated
FNDA:1,handleSubscriptionDeleted
FNDA:0,handleCustomerCreated
FNDA:0,handleCustomerDeleted
FNDA:6,handleCustomerUpdated
FNDA:1,handlePaymentSucceeded
FNDA:1,handlePaymentFailed
FNDA:3,createOrUpdateSubscription
DA:21,1
DA:29,1
DA:33,14
DA:37,14
DA:39,14
DA:45,1
DA:46,1
DA:50,13
DA:52,13
DA:54,13
DA:56,2
DA:57,2
DA:60,0
DA:61,0
DA:64,1
DA:65,1
DA:68,1
DA:69,1
DA:72,0
DA:73,0
DA:76,0
DA:77,0
DA:80,6
DA:81,6
DA:84,1
DA:85,1
DA:88,1
DA:89,1
DA:92,1
DA:96,13
DA:98,0
DA:99,0
DA:109,2
DA:111,2
DA:112,2
DA:114,2
DA:115,1
DA:116,1
DA:120,1
DA:123,1
DA:131,0
DA:134,0
DA:138,0
DA:141,0
DA:143,0
DA:144,0
DA:146,0
DA:147,0
DA:149,0
DA:150,0
DA:151,0
DA:154,0
DA:157,0
DA:165,1
DA:167,1
DA:168,1
DA:169,0
DA:170,0
DA:173,1
DA:181,1
DA:183,1
DA:184,1
DA:185,0
DA:186,0
DA:190,1
DA:196,1
DA:198,1
DA:206,0
DA:208,0
DA:209,0
DA:210,0
DA:211,0
DA:214,0
DA:215,0
DA:216,0
DA:217,0
DA:223,0
DA:224,0
DA:226,0
DA:230,0
DA:232,0
DA:233,0
DA:234,0
DA:236,0
DA:237,0
DA:240,0
DA:243,0
DA:246,0
DA:247,0
DA:248,0
DA:249,0
DA:253,0
DA:254,0
DA:255,0
DA:256,0
DA:258,0
DA:262,0
DA:263,0
DA:264,0
DA:265,0
DA:269,0
DA:270,0
DA:272,0
DA:281,0
DA:283,0
DA:284,0
DA:285,0
DA:286,0
DA:291,0
DA:299,0
DA:300,0
DA:304,0
DA:309,0
DA:317,6
DA:319,6
DA:320,6
DA:321,0
DA:322,0
DA:325,6
DA:326,6
DA:327,0
DA:328,0
DA:331,6
DA:334,6
DA:335,0
DA:336,0
DA:337,0
DA:341,6
DA:344,5
DA:345,5
DA:346,5
DA:348,5
DA:352,5
DA:353,4
DA:354,4
DA:355,4
DA:359,6
DA:360,4
DA:369,1
DA:371,1
DA:372,1
DA:373,0
DA:377,1
DA:378,1
DA:380,1
DA:381,1
DA:390,1
DA:392,1
DA:393,1
DA:394,0
DA:398,1
DA:403,1
DA:411,3
DA:412,3
DA:414,3
DA:415,0
DA:416,0
DA:419,3
DA:442,3
DA:444,3
DA:446,1
DA:447,1
DA:448,1
DA:451,2
DA:452,2
DA:457,3
DA:458,3
DA:460,2
DA:461,2
DA:464,1
DA:465,1
LF:171
LH:89
BRDA:54,0,0,2
BRDA:54,0,1,0
BRDA:54,0,2,1
BRDA:54,0,3,1
BRDA:54,0,4,0
BRDA:54,0,5,0
BRDA:54,0,6,6
BRDA:54,0,7,1
BRDA:54,0,8,1
BRDA:54,0,9,1
BRDA:114,1,0,1
BRDA:114,1,1,1
BRDA:114,2,0,2
BRDA:114,2,1,1
BRDA:138,3,0,0
BRDA:138,3,1,0
BRDA:143,4,0,0
BRDA:143,4,1,0
BRDA:149,5,0,0
BRDA:149,5,1,0
BRDA:168,6,0,0
BRDA:168,6,1,1
BRDA:184,7,0,0
BRDA:184,7,1,1
BRDA:209,8,0,0
BRDA:209,8,1,0
BRDA:215,9,0,0
BRDA:215,9,1,0
BRDA:224,10,0,0
BRDA:224,10,1,0
BRDA:230,11,0,0
BRDA:230,11,1,0
BRDA:234,12,0,0
BRDA:234,12,1,0
BRDA:246,13,0,0
BRDA:246,13,1,0
BRDA:246,14,0,0
BRDA:246,14,1,0
BRDA:253,15,0,0
BRDA:253,15,1,0
BRDA:256,16,0,0
BRDA:256,16,1,0
BRDA:258,17,0,0
BRDA:258,17,1,0
BRDA:258,18,0,0
BRDA:258,18,1,0
BRDA:262,19,0,0
BRDA:262,19,1,0
BRDA:263,20,0,0
BRDA:263,20,1,0
BRDA:269,21,0,0
BRDA:269,21,1,0
BRDA:284,22,0,0
BRDA:284,22,1,0
BRDA:299,23,0,0
BRDA:299,23,1,0
BRDA:320,24,0,0
BRDA:320,24,1,6
BRDA:326,25,0,0
BRDA:326,25,1,6
BRDA:334,26,0,0
BRDA:334,26,1,6
BRDA:341,27,0,5
BRDA:341,27,1,1
BRDA:346,28,0,5
BRDA:346,28,1,1
BRDA:348,29,0,1
BRDA:348,29,1,4
BRDA:348,30,0,5
BRDA:348,30,1,1
BRDA:352,31,0,4
BRDA:352,31,1,1
BRDA:353,32,0,4
BRDA:353,32,1,4
BRDA:359,33,0,4
BRDA:359,33,1,2
BRDA:372,34,0,0
BRDA:372,34,1,1
BRDA:380,35,0,1
BRDA:380,35,1,0
BRDA:393,36,0,0
BRDA:393,36,1,1
BRDA:410,37,0,3
BRDA:414,38,0,0
BRDA:414,38,1,3
BRDA:429,39,0,0
BRDA:429,39,1,3
BRDA:432,40,0,0
BRDA:432,40,1,3
BRDA:435,41,0,0
BRDA:435,41,1,3
BRDA:444,42,0,1
BRDA:444,42,1,2
BRDA:457,43,0,3
BRDA:457,43,1,0
BRDA:458,44,0,2
BRDA:458,44,1,1
BRF:97
BRH:43
end_of_record
TN:
SF:src/services/claudeClient.js
FN:4,(anonymous_0)
FN:17,(anonymous_1)
FN:69,(anonymous_2)
FN:142,(anonymous_3)
FN:216,(anonymous_4)
FN:217,(anonymous_5)
FNF:6
FNH:6
FNDA:27,(anonymous_0)
FNDA:5,(anonymous_1)
FNDA:14,(anonymous_2)
FNDA:6,(anonymous_3)
FNDA:4,(anonymous_4)
FNDA:4,(anonymous_5)
DA:5,27
DA:8,27
DA:9,27
DA:19,5
DA:20,5
DA:23,5
DA:24,5
DA:25,0
DA:28,0
DA:29,0
DA:36,0
DA:37,0
DA:47,5
DA:51,0
DA:52,0
DA:58,0
DA:70,14
DA:71,14
DA:73,14
DA:74,25
DA:76,25
DA:88,25
DA:89,0
DA:98,25
DA:101,13
DA:102,0
DA:107,0
DA:108,0
DA:112,13
DA:114,15
DA:115,15
DA:117,4
DA:120,4
DA:121,4
DA:123,4
DA:124,4
DA:128,11
DA:143,6
DA:145,6
DA:147,6
DA:160,6
DA:161,0
DA:170,6
DA:172,6
DA:173,6
DA:179,6
DA:180,21
DA:182,18
DA:183,18
DA:184,18
DA:188,21
DA:189,0
DA:198,5
DA:199,0
DA:202,5
DA:205,1
DA:208,1
DA:209,1
DA:211,1
DA:212,1
DA:217,4
LF:61
LH:46
BRDA:19,0,0,5
BRDA:19,0,1,0
BRDA:24,1,0,0
BRDA:24,1,1,5
BRDA:28,2,0,0
BRDA:28,2,1,0
BRDA:28,3,0,0
BRDA:28,3,1,0
BRDA:28,3,2,0
BRDA:30,4,0,0
BRDA:30,4,1,0
BRDA:36,5,0,0
BRDA:36,5,1,0
BRDA:38,6,0,0
BRDA:38,6,1,0
BRDA:51,7,0,0
BRDA:51,7,1,0
BRDA:51,8,0,0
BRDA:51,8,1,0
BRDA:53,9,0,0
BRDA:53,9,1,0
BRDA:54,10,0,0
BRDA:54,10,1,0
BRDA:69,11,0,14
BRDA:70,12,0,14
BRDA:81,13,0,0
BRDA:81,13,1,25
BRDA:88,14,0,0
BRDA:88,14,1,25
BRDA:101,15,0,0
BRDA:101,15,1,13
BRDA:103,16,0,0
BRDA:103,16,1,0
BRDA:104,17,0,0
BRDA:104,17,1,0
BRDA:105,18,0,0
BRDA:105,18,1,0
BRDA:107,19,0,0
BRDA:107,19,1,0
BRDA:107,20,0,0
BRDA:107,20,1,0
BRDA:115,21,0,4
BRDA:115,21,1,11
BRDA:142,22,0,6
BRDA:143,23,0,6
BRDA:152,24,0,0
BRDA:152,24,1,6
BRDA:160,25,0,0
BRDA:160,25,1,6
BRDA:180,26,0,18
BRDA:180,26,1,3
BRDA:180,27,0,21
BRDA:180,27,1,18
BRDA:188,28,0,0
BRDA:188,28,1,21
BRDA:188,29,0,21
BRDA:188,29,1,1
BRDA:190,30,0,0
BRDA:190,30,1,0
BRDA:191,31,0,0
BRDA:191,31,1,0
BRDA:192,32,0,0
BRDA:192,32,1,0
BRDA:198,33,0,0
BRDA:198,33,1,5
BRDA:198,34,0,5
BRDA:198,34,1,5
BRF:67
BRH:23
end_of_record
TN:
SF:src/services/codeParser.js
FN:9,parseCode
FN:103,walkAST
FN:112,(anonymous_2)
FN:142,(anonymous_3)
FN:174,(anonymous_4)
FN:212,(anonymous_5)
FN:249,(anonymous_6)
FN:262,(anonymous_7)
FN:281,extractParamName
FN:306,extractVariableNames
FN:314,(anonymous_10)
FN:324,(anonymous_11)
FN:340,extractClassMethods
FN:344,(anonymous_13)
FN:352,(anonymous_14)
FN:382,calculateComplexity
FN:401,calculateCyclomaticComplexity
FN:404,countComplexity
FN:441,(anonymous_18)
FN:459,calculateMetrics
FN:463,(anonymous_20)
FN:471,(anonymous_21)
FN:478,(anonymous_22)
FN:485,(anonymous_23)
FN:507,(anonymous_24)
FN:553,calculateMaxNestingDepth
FN:556,traverse
FN:588,(anonymous_27)
FN:606,basicAnalysis
FN:641,detectFunctions
FN:664,(anonymous_30)
FN:669,(anonymous_31)
FN:682,(anonymous_32)
FN:699,detectClasses
FN:727,extractBasicExports
FN:738,(anonymous_35)
FN:743,(anonymous_36)
FN:761,extractBasicImports
FN:771,(anonymous_38)
FN:781,(anonymous_39)
FN:786,(anonymous_40)
FNF:41
FNH:38
FNDA:61,parseCode
FNDA:7061,walkAST
FNDA:147,(anonymous_2)
FNDA:164,(anonymous_3)
FNDA:10,(anonymous_4)
FNDA:39,(anonymous_5)
FNDA:133,(anonymous_6)
FNDA:2196,(anonymous_7)
FNDA:465,extractParamName
FNDA:201,extractVariableNames
FNDA:47,(anonymous_10)
FNDA:5,(anonymous_11)
FNDA:20,extractClassMethods
FNDA:116,(anonymous_13)
FNDA:124,(anonymous_14)
FNDA:55,calculateComplexity
FNDA:55,calculateCyclomaticComplexity
FNDA:7061,countComplexity
FNDA:2196,(anonymous_18)
FNDA:55,calculateMetrics
FNDA:2175,(anonymous_20)
FNDA:2175,(anonymous_21)
FNDA:2175,(anonymous_22)
FNDA:221,(anonymous_23)
FNDA:221,(anonymous_24)
FNDA:55,calculateMaxNestingDepth
FNDA:7061,traverse
FNDA:2196,(anonymous_27)
FNDA:6,basicAnalysis
FNDA:6,detectFunctions
FNDA:30,(anonymous_30)
FNDA:1,(anonymous_31)
FNDA:4,(anonymous_32)
FNDA:6,detectClasses
FNDA:6,extractBasicExports
FNDA:6,(anonymous_35)
FNDA:0,(anonymous_36)
FNDA:6,extractBasicImports
FNDA:0,(anonymous_38)
FNDA:4,(anonymous_39)
FNDA:0,(anonymous_40)
DA:11,61
DA:12,4
DA:15,57
DA:17,57
DA:28,55
DA:41,55
DA:44,55
DA:47,55
DA:50,55
DA:52,55
DA:56,2
DA:65,2
DA:66,2
DA:67,2
DA:68,2
DA:69,2
DA:71,2
DA:72,2
DA:73,6
DA:74,6
DA:75,6
DA:79,2
DA:80,2
DA:81,2
DA:85,2
DA:89,2
DA:90,2
DA:94,2
DA:104,7061
DA:107,7061
DA:110,79
DA:112,147
DA:117,79
DA:123,142
DA:125,142
DA:127,8
DA:128,134
DA:130,4
DA:131,130
DA:133,1
DA:134,1
DA:135,0
DA:136,0
DA:140,142
DA:142,164
DA:147,142
DA:151,20
DA:156,20
DA:160,46
DA:162,41
DA:164,41
DA:165,41
DA:172,46
DA:174,46
DA:175,10
DA:183,46
DA:187,13
DA:190,13
DA:194,13
DA:198,2
DA:203,2
DA:207,39
DA:212,39
DA:213,39
DA:215,31
DA:220,8
DA:222,1
DA:227,7
DA:229,7
DA:238,39
DA:239,3
DA:244,39
DA:245,39
DA:249,133
DA:250,133
DA:252,133
DA:256,7061
DA:257,49840
DA:258,35829
DA:260,35829
DA:262,1531
DA:263,2196
DA:264,2196
DA:265,2196
DA:268,34298
DA:270,4810
DA:271,4810
DA:282,465
DA:283,430
DA:284,35
DA:286,28
DA:287,7
DA:289,2
DA:290,5
DA:292,3
DA:293,2
DA:295,2
DA:297,0
DA:307,201
DA:309,201
DA:311,167
DA:312,34
DA:314,15
DA:315,47
DA:316,45
DA:317,2
DA:319,2
DA:322,19
DA:324,2
DA:325,5
DA:326,5
DA:329,17
DA:331,16
DA:341,20
DA:342,20
DA:344,20
DA:345,116
DA:346,104
DA:352,124
DA:357,104
DA:358,2
DA:361,104
DA:362,12
DA:364,12
DA:374,20
DA:384,55
DA:390,55
DA:391,33
DA:392,2
DA:402,55
DA:405,7061
DA:408,7061
DA:417,147
DA:418,147
DA:422,7
DA:423,5
DA:425,7
DA:429,21
DA:430,21
DA:432,21
DA:436,7061
DA:437,49840
DA:438,35829
DA:440,35829
DA:441,2196
DA:442,34298
DA:443,4810
DA:448,55
DA:449,55
DA:460,55
DA:463,55
DA:464,2175
DA:465,2175
DA:471,55
DA:472,2175
DA:473,2175
DA:478,2175
DA:481,55
DA:482,55
DA:483,55
DA:485,55
DA:486,221
DA:489,221
DA:490,221
DA:491,221
DA:495,55
DA:499,55
DA:504,55
DA:507,55
DA:508,221
DA:509,55
DA:515,55
DA:516,55
DA:517,55
DA:521,55
DA:554,55
DA:557,7061
DA:560,7061
DA:561,155
DA:565,7061
DA:580,7061
DA:583,7061
DA:584,49840
DA:585,35829
DA:587,35829
DA:588,2196
DA:589,34298
DA:590,4810
DA:595,55
DA:596,55
DA:607,6
DA:609,6
DA:642,6
DA:644,6
DA:646,2
DA:664,2
DA:666,30
DA:667,3
DA:669,3
DA:670,2
DA:675,4
DA:677,2
DA:682,2
DA:684,4
DA:685,2
DA:690,6
DA:700,6
DA:702,6
DA:704,2
DA:706,2
DA:707,0
DA:709,4
DA:711,2
DA:713,2
DA:714,1
DA:718,6
DA:728,6
DA:730,6
DA:732,2
DA:738,2
DA:740,6
DA:741,0
DA:743,0
DA:744,0
DA:746,0
DA:752,6
DA:762,6
DA:764,6
DA:766,2
DA:768,2
DA:769,0
DA:771,0
DA:774,4
DA:776,2
DA:781,2
DA:783,4
DA:784,0
DA:786,0
DA:792,6
LF:239
LH:227
BRDA:11,0,0,4
BRDA:11,0,1,57
BRDA:11,1,0,61
BRDA:11,1,1,5
BRDA:65,2,0,2
BRDA:65,2,1,0
BRDA:74,3,0,2
BRDA:74,3,1,4
BRDA:79,4,0,2
BRDA:79,4,1,0
BRDA:89,5,0,2
BRDA:89,5,1,0
BRDA:104,6,0,0
BRDA:104,6,1,7061
BRDA:104,7,0,7061
BRDA:104,7,1,7061
BRDA:107,8,0,79
BRDA:107,8,1,30
BRDA:107,8,2,142
BRDA:107,8,3,20
BRDA:107,8,4,46
BRDA:107,8,5,13
BRDA:107,8,6,2
BRDA:107,8,7,39
BRDA:107,8,8,133
BRDA:111,9,0,79
BRDA:111,9,1,0
BRDA:125,10,0,8
BRDA:125,10,1,134
BRDA:128,11,0,4
BRDA:128,11,1,130
BRDA:130,12,0,4
BRDA:130,12,1,0
BRDA:131,13,0,1
BRDA:131,13,1,129
BRDA:133,14,0,1
BRDA:133,14,1,0
BRDA:135,15,0,0
BRDA:135,15,1,0
BRDA:144,16,0,30
BRDA:144,16,1,112
BRDA:152,17,0,20
BRDA:152,17,1,0
BRDA:160,18,0,41
BRDA:160,18,1,5
BRDA:162,19,0,41
BRDA:162,19,1,3
BRDA:164,20,0,41
BRDA:164,20,1,0
BRDA:168,21,0,41
BRDA:168,21,1,41
BRDA:172,22,0,46
BRDA:172,22,1,0
BRDA:178,23,0,1
BRDA:178,23,1,9
BRDA:179,24,0,10
BRDA:179,24,1,10
BRDA:187,25,0,13
BRDA:187,25,1,12
BRDA:187,25,2,0
BRDA:199,26,0,2
BRDA:199,26,1,1
BRDA:213,27,0,31
BRDA:213,27,1,8
BRDA:220,28,0,1
BRDA:220,28,1,7
BRDA:227,29,0,7
BRDA:227,29,1,0
BRDA:232,30,0,1
BRDA:232,30,1,6
BRDA:238,31,0,3
BRDA:238,31,1,36
BRDA:257,32,0,14011
BRDA:257,32,1,35829
BRDA:257,33,0,49840
BRDA:257,33,1,42834
BRDA:260,34,0,1531
BRDA:260,34,1,34298
BRDA:263,35,0,2196
BRDA:263,35,1,0
BRDA:263,36,0,2196
BRDA:263,36,1,2196
BRDA:268,37,0,4810
BRDA:268,37,1,29488
BRDA:268,38,0,34298
BRDA:268,38,1,30484
BRDA:282,39,0,430
BRDA:282,39,1,35
BRDA:284,40,0,28
BRDA:284,40,1,7
BRDA:287,41,0,2
BRDA:287,41,1,5
BRDA:290,42,0,3
BRDA:290,42,1,2
BRDA:293,43,0,2
BRDA:293,43,1,0
BRDA:307,44,0,0
BRDA:307,44,1,201
BRDA:309,45,0,167
BRDA:309,45,1,34
BRDA:312,46,0,15
BRDA:312,46,1,19
BRDA:315,47,0,45
BRDA:315,47,1,2
BRDA:317,48,0,2
BRDA:317,48,1,0
BRDA:322,49,0,2
BRDA:322,49,1,17
BRDA:325,50,0,5
BRDA:325,50,1,0
BRDA:329,51,0,16
BRDA:329,51,1,1
BRDA:345,52,0,104
BRDA:345,52,1,12
BRDA:347,53,0,3
BRDA:347,53,1,101
BRDA:347,54,0,101
BRDA:347,54,1,0
BRDA:357,55,0,2
BRDA:357,55,1,102
BRDA:357,56,0,104
BRDA:357,56,1,3
BRDA:362,57,0,12
BRDA:362,57,1,0
BRDA:365,58,0,0
BRDA:365,58,1,12
BRDA:365,59,0,12
BRDA:365,59,1,0
BRDA:390,60,0,22
BRDA:390,60,1,33
BRDA:391,61,0,31
BRDA:391,61,1,2
BRDA:405,62,0,0
BRDA:405,62,1,7061
BRDA:405,63,0,7061
BRDA:405,63,1,7061
BRDA:408,64,0,112
BRDA:408,64,1,119
BRDA:408,64,2,121
BRDA:408,64,3,121
BRDA:408,64,4,121
BRDA:408,64,5,123
BRDA:408,64,6,123
BRDA:408,64,7,147
BRDA:408,64,8,7
BRDA:408,64,9,21
BRDA:422,65,0,5
BRDA:422,65,1,2
BRDA:429,66,0,21
BRDA:429,66,1,0
BRDA:429,67,0,21
BRDA:429,67,1,16
BRDA:437,68,0,14011
BRDA:437,68,1,35829
BRDA:437,69,0,49840
BRDA:437,69,1,42834
BRDA:440,70,0,1531
BRDA:440,70,1,34298
BRDA:442,71,0,4810
BRDA:442,71,1,29488
BRDA:442,72,0,34298
BRDA:442,72,1,30484
BRDA:465,73,0,2175
BRDA:465,73,1,1707
BRDA:465,73,2,1639
BRDA:465,73,3,1601
BRDA:473,74,0,2175
BRDA:473,74,1,2107
BRDA:473,74,2,2069
BRDA:486,75,0,221
BRDA:486,75,1,0
BRDA:495,76,0,48
BRDA:495,76,1,7
BRDA:499,77,0,48
BRDA:499,77,1,7
BRDA:508,78,0,221
BRDA:508,78,1,42
BRDA:509,79,0,48
BRDA:509,79,1,7
BRDA:515,80,0,55
BRDA:515,80,1,4
BRDA:527,81,0,55
BRDA:527,81,1,0
BRDA:556,82,0,55
BRDA:557,83,0,0
BRDA:557,83,1,7061
BRDA:557,84,0,7061
BRDA:557,84,1,7061
BRDA:560,85,0,155
BRDA:560,85,1,6906
BRDA:580,86,0,706
BRDA:580,86,1,6355
BRDA:584,87,0,14011
BRDA:584,87,1,35829
BRDA:584,88,0,49840
BRDA:584,88,1,42834
BRDA:587,89,0,1531
BRDA:587,89,1,34298
BRDA:589,90,0,4810
BRDA:589,90,1,29488
BRDA:589,91,0,34298
BRDA:589,91,1,30484
BRDA:630,92,0,0
BRDA:630,92,1,6
BRDA:631,93,0,0
BRDA:631,93,1,6
BRDA:644,94,0,2
BRDA:644,94,1,4
BRDA:644,95,0,6
BRDA:644,95,1,4
BRDA:669,96,0,2
BRDA:669,96,1,1
BRDA:669,97,0,3
BRDA:669,97,1,3
BRDA:675,98,0,2
BRDA:675,98,1,2
BRDA:702,99,0,2
BRDA:702,99,1,4
BRDA:702,100,0,6
BRDA:702,100,1,4
BRDA:709,101,0,2
BRDA:709,101,1,2
BRDA:730,102,0,2
BRDA:730,102,1,4
BRDA:730,103,0,6
BRDA:730,103,1,4
BRDA:741,104,0,0
BRDA:741,104,1,0
BRDA:764,105,0,2
BRDA:764,105,1,4
BRDA:764,106,0,6
BRDA:764,106,1,4
BRDA:771,107,0,0
BRDA:771,107,1,0
BRDA:774,108,0,2
BRDA:774,108,1,2
BRDA:786,109,0,0
BRDA:786,109,1,0
BRF:238
BRH:202
end_of_record
TN:
SF:src/services/docGenerator.js
FN:12,(anonymous_0)
FN:70,(anonymous_1)
FN:73,(anonymous_2)
FN:344,(anonymous_3)
FN:347,(anonymous_4)
FNF:5
FNH:5
FNDA:31,(anonymous_0)
FNDA:75,(anonymous_1)
FNDA:144,(anonymous_2)
FNDA:30,(anonymous_3)
FNDA:35,(anonymous_4)
DA:19,31
DA:22,31
DA:25,30
DA:29,30
DA:34,30
DA:35,4
DA:41,26
DA:45,29
DA:47,28
DA:72,75
DA:73,144
DA:76,75
DA:84,75
DA:333,75
DA:346,30
DA:347,35
DA:350,30
DA:359,30
DA:581,30
DA:619,30
LF:20
LH:20
BRDA:12,0,0,13
BRDA:14,1,0,17
BRDA:15,2,0,28
BRDA:16,3,0,26
BRDA:17,4,0,27
BRDA:18,5,0,31
BRDA:34,6,0,4
BRDA:34,6,1,26
BRDA:34,7,0,30
BRDA:34,7,1,5
BRDA:72,8,0,69
BRDA:72,8,1,6
BRDA:73,9,0,93
BRDA:73,9,1,51
BRDA:81,10,0,75
BRDA:81,10,1,1
BRDA:333,11,0,75
BRDA:333,11,1,1
BRDA:346,12,0,26
BRDA:346,12,1,4
BRDA:347,13,0,35
BRDA:347,13,1,0
BRDA:355,14,0,30
BRDA:355,14,1,1
BRDA:620,15,0,30
BRDA:620,15,1,1
BRDA:621,16,0,30
BRDA:621,16,1,1
BRF:28
BRH:27
end_of_record
TN:
SF:src/services/emailService.js
FN:18,shouldMockEmails
FN:26,getResendClient
FN:37,__resetResendClient
FN:47,mockEmailSend
FN:82,(anonymous_4)
FN:101,sendPasswordResetEmail
FN:213,sendVerificationEmail
FN:329,sendContactSalesEmail
FN:456,sendSupportEmail
FNF:9
FNH:9
FNDA:99,shouldMockEmails
FNDA:91,getResendClient
FNDA:79,__resetResendClient
FNDA:8,mockEmailSend
FNDA:99,(anonymous_4)
FNDA:18,sendPasswordResetEmail
FNDA:17,sendVerificationEmail
FNDA:25,sendContactSalesEmail
FNDA:39,sendSupportEmail
DA:14,6
DA:19,99
DA:20,99
DA:21,99
DA:23,99
DA:27,91
DA:28,0
DA:30,91
DA:31,79
DA:33,91
DA:38,79
DA:48,8
DA:49,8
DA:50,8
DA:51,8
DA:52,8
DA:53,0
DA:55,8
DA:57,8
DA:58,8
DA:59,8
DA:62,8
DA:65,8
DA:74,6
DA:75,6
DA:82,99
DA:102,18
DA:104,18
DA:166,18
DA:167,1
DA:171,17
DA:172,17
DA:173,0
DA:176,17
DA:177,17
DA:178,15
DA:179,15
DA:180,15
DA:181,15
DA:182,15
DA:183,15
DA:184,15
DA:186,2
DA:187,2
DA:195,2
DA:196,0
DA:197,0
DA:198,0
DA:199,0
DA:202,2
DA:214,17
DA:216,17
DA:278,17
DA:279,7
DA:283,10
DA:284,10
DA:285,0
DA:288,10
DA:289,10
DA:290,8
DA:291,8
DA:292,8
DA:293,8
DA:294,8
DA:295,8
DA:296,8
DA:298,2
DA:299,2
DA:307,2
DA:308,0
DA:309,0
DA:310,0
DA:311,0
DA:314,2
DA:330,25
DA:332,25
DA:404,25
DA:405,0
DA:409,25
DA:410,25
DA:411,0
DA:414,25
DA:415,25
DA:416,20
DA:417,20
DA:418,20
DA:419,20
DA:420,20
DA:421,20
DA:422,20
DA:423,20
DA:425,5
DA:426,5
DA:434,5
DA:435,3
DA:436,3
DA:437,3
DA:438,3
DA:441,2
DA:457,39
DA:466,39
DA:467,39
DA:471,39
DA:475,39
DA:551,39
DA:552,0
DA:556,39
DA:557,39
DA:558,0
DA:561,39
DA:562,39
DA:563,34
DA:564,34
DA:565,34
DA:566,34
DA:567,34
DA:568,34
DA:569,34
DA:570,34
DA:572,5
DA:573,5
DA:581,5
DA:582,3
DA:583,3
DA:584,3
DA:585,3
DA:588,2
LF:127
LH:111
BRDA:23,0,0,99
BRDA:23,0,1,99
BRDA:23,0,2,91
BRDA:27,1,0,0
BRDA:27,1,1,91
BRDA:30,2,0,79
BRDA:30,2,1,12
BRDA:52,3,0,0
BRDA:52,3,1,8
BRDA:55,4,0,8
BRDA:55,4,1,0
BRDA:58,5,0,8
BRDA:58,5,1,0
BRDA:58,6,0,8
BRDA:58,6,1,8
BRDA:74,7,0,6
BRDA:74,7,1,0
BRDA:75,8,0,6
BRDA:75,8,1,0
BRDA:166,9,0,1
BRDA:166,9,1,17
BRDA:172,10,0,0
BRDA:172,10,1,17
BRDA:195,11,0,0
BRDA:195,11,1,2
BRDA:195,12,0,2
BRDA:195,12,1,2
BRDA:278,13,0,7
BRDA:278,13,1,10
BRDA:284,14,0,0
BRDA:284,14,1,10
BRDA:307,15,0,0
BRDA:307,15,1,2
BRDA:307,16,0,2
BRDA:307,16,1,2
BRDA:330,17,0,25
BRDA:330,17,1,2
BRDA:360,18,0,25
BRDA:360,18,1,2
BRDA:381,19,0,23
BRDA:381,19,1,2
BRDA:404,20,0,0
BRDA:404,20,1,25
BRDA:410,21,0,0
BRDA:410,21,1,25
BRDA:434,22,0,3
BRDA:434,22,1,2
BRDA:434,23,0,5
BRDA:434,23,1,3
BRDA:466,24,0,39
BRDA:466,24,1,1
BRDA:467,25,0,39
BRDA:467,25,1,3
BRDA:471,26,0,36
BRDA:471,26,1,3
BRDA:505,27,0,39
BRDA:505,27,1,3
BRDA:511,28,0,37
BRDA:511,28,1,2
BRDA:517,29,0,37
BRDA:517,29,1,2
BRDA:551,30,0,0
BRDA:551,30,1,39
BRDA:557,31,0,0
BRDA:557,31,1,39
BRDA:581,32,0,3
BRDA:581,32,1,2
BRDA:581,33,0,5
BRDA:581,33,1,3
BRF:69
BRH:55
end_of_record
TN:
SF:src/services/qualityScorer.js
FN:1,calculateQualityScore
FN:167,hasSection
FN:169,(anonymous_2)
FN:180,countCodeBlocks
FN:188,countHeaders
FN:196,countFunctionDocs
FN:203,(anonymous_6)
FN:217,(anonymous_7)
FN:219,(anonymous_8)
FN:243,getGrade
FN:254,generateSummary
FN:276,getTopSuggestion
FN:278,(anonymous_12)
FN:279,(anonymous_13)
FNF:14
FNH:14
FNDA:45,calculateQualityScore
FNDA:90,hasSection
FNDA:342,(anonymous_2)
FNDA:45,countCodeBlocks
FNDA:45,countHeaders
FNDA:45,countFunctionDocs
FNDA:65,(anonymous_6)
FNDA:3,(anonymous_7)
FNDA:14,(anonymous_8)
FNDA:45,getGrade
FNDA:45,generateSummary
FNDA:45,getTopSuggestion
FNDA:225,(anonymous_12)
FNDA:177,(anonymous_13)
DA:2,45
DA:3,45
DA:7,45
DA:12,45
DA:13,45
DA:15,45
DA:16,18
DA:17,18
DA:24,27
DA:34,45
DA:38,45
DA:39,16
DA:40,16
DA:47,29
DA:57,45
DA:58,45
DA:59,45
DA:60,45
DA:62,45
DA:63,9
DA:64,9
DA:65,9
DA:66,36
DA:67,2
DA:68,2
DA:69,2
DA:70,34
DA:71,6
DA:72,6
DA:73,6
DA:76,45
DA:77,45
DA:87,45
DA:89,45
DA:93,45
DA:94,45
DA:96,45
DA:97,45
DA:99,45
DA:100,9
DA:101,9
DA:102,36
DA:103,7
DA:104,7
DA:107,45
DA:118,45
DA:119,45
DA:120,45
DA:122,45
DA:123,45
DA:124,45
DA:126,45
DA:127,8
DA:128,8
DA:129,8
DA:130,37
DA:131,11
DA:132,11
DA:133,11
DA:134,26
DA:135,19
DA:136,19
DA:137,19
DA:140,45
DA:141,45
DA:153,45
DA:155,45
DA:168,90
DA:169,90
DA:170,342
DA:171,342
DA:181,45
DA:182,45
DA:189,45
DA:190,45
DA:197,45
DA:198,45
DA:199,45
DA:202,45
DA:203,25
DA:204,65
DA:206,65
DA:207,50
DA:208,50
DA:209,26
DA:216,45
DA:217,3
DA:218,3
DA:219,3
DA:220,14
DA:223,14
DA:224,14
DA:225,9
DA:233,45
DA:234,20
DA:237,25
DA:244,45
DA:245,39
DA:246,37
DA:247,34
DA:248,32
DA:255,45
DA:256,45
DA:258,45
DA:259,225
DA:260,80
DA:261,145
DA:262,100
DA:266,45
DA:277,45
DA:278,225
DA:279,177
DA:281,45
LF:113
LH:113
BRDA:1,0,0,45
BRDA:13,1,0,45
BRDA:13,1,1,33
BRDA:15,2,0,18
BRDA:15,2,1,27
BRDA:38,3,0,16
BRDA:38,3,1,29
BRDA:62,4,0,9
BRDA:62,4,1,36
BRDA:66,5,0,2
BRDA:66,5,1,34
BRDA:70,6,0,6
BRDA:70,6,1,28
BRDA:89,7,0,45
BRDA:89,7,1,0
BRDA:99,8,0,9
BRDA:99,8,1,36
BRDA:102,9,0,7
BRDA:102,9,1,29
BRDA:120,10,0,45
BRDA:120,10,1,34
BRDA:126,11,0,8
BRDA:126,11,1,37
BRDA:126,12,0,45
BRDA:126,12,1,18
BRDA:126,12,2,13
BRDA:130,13,0,11
BRDA:130,13,1,26
BRDA:134,14,0,19
BRDA:134,14,1,7
BRDA:171,15,0,342
BRDA:171,15,1,314
BRDA:171,15,2,314
BRDA:182,16,0,17
BRDA:182,16,1,28
BRDA:190,17,0,38
BRDA:190,17,1,7
BRDA:202,18,0,25
BRDA:202,18,1,20
BRDA:202,19,0,45
BRDA:202,19,1,43
BRDA:206,20,0,50
BRDA:206,20,1,15
BRDA:206,21,0,65
BRDA:206,21,1,50
BRDA:208,22,0,26
BRDA:208,22,1,24
BRDA:216,23,0,3
BRDA:216,23,1,42
BRDA:216,24,0,45
BRDA:216,24,1,10
BRDA:218,25,0,3
BRDA:218,25,1,0
BRDA:218,26,0,3
BRDA:218,26,1,3
BRDA:224,27,0,9
BRDA:224,27,1,5
BRDA:233,28,0,20
BRDA:233,28,1,25
BRDA:244,29,0,6
BRDA:244,29,1,39
BRDA:245,30,0,2
BRDA:245,30,1,37
BRDA:246,31,0,3
BRDA:246,31,1,34
BRDA:247,32,0,2
BRDA:247,32,1,32
BRDA:259,33,0,80
BRDA:259,33,1,145
BRDA:261,34,0,100
BRDA:261,34,1,45
BRDA:279,35,0,177
BRDA:279,35,1,156
BRDA:279,36,0,177
BRDA:279,36,1,66
BRDA:281,37,0,45
BRDA:281,37,1,5
BRF:77
BRH:75
end_of_record
